0.073426
0.063492
0.059875
0.066433
0.050082
0.052589
0.049589
0.051184
0.050339
0.050657
0.058037
0.064227
0.055436
0.059667
0.055216
0.051275
0.05592
0.052556
0.054291
0.04907
0.052746
0.054365
0.05249
0.047209
0.045808
0.040452
0.037559
0.050876
0.035758
0.063699
0.062993
0.0543
0.059775
0.058601
0.049495
0.049607
0.051282
0.048871
0.035097
0.046453
0.033867
0.030288
0.050893
0.054729
0.059658
0.055086
0.057006
0.049636
0.055955
0.057048
0.054801
0.049064
0.050824
0.058063
0.069156
0.064214
0.059509
0.061153
0.06347
0.061402
0.061698
0.062238
0.059989
0.062341
0.059754
0.054536
0.057899
0.063291
0.054286
0.05797
0.052966
0.049418
0.067668
0.057078
0.067675
0.069102
0.055965
0.065054
0.074407
0.063857
0.06806
0.06743
0.062457
0.062652
0.068303
0.069585
0.063914
0.061505
0.059668
0.071877
0.066586
0.065574
0.071317
0.069001
0.067898
0.074005
0.067025
0.06566
0.06219
0.065171
0.069162
0.059396
0.060048
0.056935
0.063972
0.044967
0.056571
0.05474
0.039871
0.052919
0.073009
0.052319
0.062647
0.052794
0.068792
0.071022
0.04087
0.042052
0.027836
0.022877
0.031712
0.030754
0.026237
0.054654
0.050328
0.047535
0.049415
0.05397
0.058238
0.053121
0.062398
0.067504
0.052216
0.056725
0.033986
0.032092
0.048864
0.057285
0.056325
0.041777
0.051671
0.05522
0.054932
0.046383
0.04183
0.048235
0.062709
0.04579
0.061477
0.054669
0.033375
0.03082
0.030459
0.028828
0.039725
0.03188
0.019766
0.041334
0.038533
0.027688
0.028571
0.03154
0.028529
0.030111
0.029398
0.03288
0.026964
0.031944
0.023487
0.030458
0.025702
0.025142
0.025762
0.026379
0.028017
0.027223
0.026358
0.03928
0.026306
0.038075
0.02803
0.032718
0.03494
0.048547
0.055654
0.058365
0.047533
0.055449
0.051813
0.056966
0.064287
0.055245
0.062752
0.059108
0.052869
0.055162
0.063475
0.060027
0.04898
0.06275
0.059273
0.064759
0.051655
0.060242
0.05629
0.056338
0.056506
0.05508
0.059995
0.064292
0.054047
0.060441
0.055219
0.060342
0.061191
0.054188
0.063123
0.059947
0.061972
0.071437
0.068062
0.069087
0.063399
0.063521
0.066943
0.063495
0.067489
0.065576
0.057755
0.064872
0.061562
0.054115
0.052638
0.063367
0.046163
0.067731
0.033565
0.055761
0.049441
0.050009
0.042286
0.06094
0.051151
0.028926
0.037797
0.069231
0.06914
0.051828
0.045061
0.032171
0.050355
0.04731
0.063591
0.053268
0.043854
0.038598
0.036189
0.034175
0.039981
0.033476
0.036836
0.03182
0.053787
0.037797
0.061785
0.062865
0.052121
0.029594
0.028301
0.039699
0.056957
0.02107
0.031212
0.044824
0.05811
0.036566
0.034637
0.052952
0.029451
0.049958
0.032496
0.04595
0.060149
0.041987
0.034432
0.030331
0.032774
0.049937
0.039773
0.039044
0.039407
0.048186
0.039405
0.044977
0.030984
0.038177
0.040354
0.036797
0.044105
0.03473
0.033409
0.035048
0.025926
0.031348
0.02672
0.021827
0.029524
0.027141
0.029536
0.017269
0.031223
0.039675
0.030103
0.029663
0.024214
0.030835
0.026546
0.041678
0.048443
0.022864
0.021286
0.028931
0.031585
0.028504
0.024409
0.034759
0.028557
0.032335
0.032486
0.038219
0.021419
0.022786
0.0328
0.063737
0.056886
0.049826
0.054401
0.052213
0.052795
0.048852
0.050821
0.047432
0.045853
0.046926
0.051524
0.062788
0.058636
0.052295
0.060545
0.043152
0.038898
0.041816
0.052447
0.031001
0.044813
0.038725
0.044401
0.051981
0.040967
0.041161
0.031355
0.028254
0.04408
0.038303
0.029798
0.035966
0.029125
0.027359
0.026825
0.021942
0.023966
0.024859
0.02312
0.025383
0.024283
0.026865
0.032032
0.023716
0.022304
0.031406
0.031934
0.028075
0.0265
0.038497
0.029331
0.051254
0.02109
0.029346
0.031059
0.029518
0.038517
0.02971
0.038319
0.032485
0.062211
0.064453
0.051962
0.066827
0.052799
0.02905
0.0324
0.022824
0.027041
0.03001
0.029147
0.028305
0.019805
0.024519
0.022097
0.025508
0.018466
0.042244
0.047724
0.050234
0.044211
0.041859
0.04549
0.048152
0.050726
0.049862
0.047502
0.049169
0.049776
0.050314
0.048798
0.048183
0.048417
0.047758
0.052425
0.042513
0.04599
0.044136
0.043372
0.041546
0.046918
0.043735
0.044504
0.051878
0.042119
0.03729
0.037457
0.038291
0.040653
0.043087
0.041002
0.03273
0.033835
0.024412
0.030858
0.037496
0.03393
0.02721
0.037604
0.03937
0.043242
0.024962
0.043913
0.028827
0.0377
0.042957
0.024497
0.028673
0.022403
0.030013
0.041076
0.02758
0.035686
0.03267
0.034949
0.037068
0.02854
0.021473
0.021561
0.03067
0.024246
0.021852
0.028081
0.026492
0.029335
0.024449
0.02346
0.013393
0.020841
0.028868
0.027201
0.019615
0.020528
0.023503
0.027084
0.023829
0.020711
0.01978
0.024024
0.022499
0.021737
0.032216
0.028948
0.034687
0.031039
0.029453
0.029905
0.034528
0.026188
0.027773
0.022908
0.019172
0.026246
0.023816
0.026126
0.030097
0.026371
0.029236
0.021645
0.021325
0.02306
0.031676
0.021852
0.034371
0.030571
0.033797
0.033259
0.030776
0.032317
0.033911
0.03245
0.032065
0.033301
0.022813
0.03412
0.019826
0.03272
0.038813
0.029701
0.033728
0.030426
0.033693
0.035254
0.024424
0.021416
0.029305
0.025901
0.025155
0.018645
0.022639
0.025832
0.028248
0.027853
0.026154
0.020177
0.020313
0.022194
0.018466
0.020539
0.024421
0.019637
0.024067
0.036976
0.029921
0.030298
0.030689
0.033818
0.032521
0.028013
0.027015
0.030145
0.030342
0.031561
0.02871
0.030169
0.023113
0.054416
0.047814
0.049898
0.051113
0.045391
0.048862
0.05235
0.047337
0.045363
0.047215
0.047666
0.049877
0.048018
0.048355
0.052184
0.044628
0.050193
0.046787
0.055532
0.0508
0.048822
0.047454
0.051072
0.053109
0.048712
0.046451
0.048152
0.045823
0.049891
0.050534
0.050657
0.047047
0.047568
0.048879
0.052973
0.050826
0.050021
0.040133
0.046014
0.046914
0.043074
0.039377
0.042669
0.047473
0.054597
0.039493
0.057349
0.042385
0.043447
0.04485
0.042408
0.048395
0.047201
0.040449
0.039369
0.043011
0.036612
0.020791
0.028816
0.041392
0.043244
0.029762
0.0331
0.024317
0.024634
0.034954
0.038652
0.032308
0.022195
0.034924
0.020224
0.044465
0.028954
0.031286
0.023311
0.030168
0.029201
0.025864
0.024535
0.030864
0.0361
0.023816
0.02071
0.024258
0.027388
0.02502
0.025834
0.030713
0.02226
0.027632
0.025509
0.024183
0.026151
0.020879
0.027155
0.023184
0.026286
0.025511
0.023697
0.022978
0.026147
0.026302
0.022368
0.024642
0.023373
0.024982
0.025674
0.025878
0.025242
0.024018
0.023604
0.030766
0.026879
0.026955
0.023534
0.021959
0.019472
0.023961
0.023916
0.021226
0.025823
0.019583
0.032698
0.023131
0.035698
0.028368
0.038143
0.030978
0.022121
0.029368
0.031627
0.027113
0.028158
0.025123
0.022637
0.020562
0.025165
0.030164
0.032411
0.033127
0.026337
0.02303
0.023093
0.02289
0.022091
0.025022
0.023531
0.024854
0.022859
0.028913
0.021199
0.023889
0.023841
0.022704
0.023773
0.025011
0.02249
0.024405
0.022075
0.024983
0.022568
0.027723
0.026851
0.023205
0.027275
0.021494
0.021434
0.03116
0.022286
0.024788
0.03072
0.032925
0.023375
0.027127
0.025015
0.032745
0.030794
0.04697
0.039212
0.050562
0.047009
0.04045
0.034763
0.037649
0.032541
0.041647
0.030385
0.028351
0.037041
0.025789
0.039327
0.035393
0.018805
0.038539
0.034895
0.036343
0.032496
0.036943
0.037385
0.029717
0.028159
0.034842
0.020812
0.026996
0.034732
0.018416
0.027012
0.028692
0.020948
0.018435
0.021982
0.027215
0.026834
0.031188
0.027126
0.026313
0.034658
0.024999
0.037994
0.02615
0.024859
0.028774
0.028771
0.017453
0.021929
0.025419
0.024512
0.022571
0.025452
0.019903
0.032247
0.032856
0.033379
0.030107
0.036656
0.033009
0.038322
0.032806
0.025484
0.028552
0.022822
0.024953
0.029879
0.031128
0.023848
0.029536
0.026283
0.026799
0.024845
0.033179
0.022968
0.023184
0.02202
0.024155
0.02214
0.021492
0.024402
0.037577
0.025428
0.028698
0.034432
0.027695
0.029891
0.025861
0.025685
0.020282
0.021868
0.021932
0.02567
0.026914
0.024583
0.023826
0.022812
0.032331
0.027105
0.022249
0.029231
0.028142
0.022912
0.024616
0.028318
0.025172
0.022011
0.022095
0.029627
0.029073
0.023535
0.023498
0.029218
0.030455
0.0258
0.020807
0.027502
0.025455
0.029191
0.024744
0.0276
0.023992
0.027727
0.028179
0.025171
0.023235
0.028555
0.027159
0.028437
0.027734
0.028115
0.030596
0.031789
0.02898
0.030354
0.030583
0.03216
0.026512
0.028185
0.029597
0.030587
0.030792
0.032076
0.027734
0.027356
0.02627
0.022897
0.027066
0.02334
0.028138
0.025955
0.021301
0.018251
0.020533
0.019589
0.019685
0.023034
0.037083
0.034202
0.020356
0.017367
0.027874
0.037573
0.028658
0.016962
0.01972
0.017356
0.021853
0.018751
0.025056
0.021702
0.024469
0.023454
0.01544
0.02123
0.030516
0.024911
0.01826
0.014712
0.031284
0.018492
0.025987
0.020188
0.018152
0.030444
0.019256
0.021535
0.02709
0.033948
0.02534
0.022071
0.017422
0.022065
0.020424
0.023702
0.016582
0.019951
0.019979
0.023073
0.021789
0.024595
0.021172
0.019738
0.02188
0.022306
0.021205
0.023338
0.036256
0.03782
0.034343
0.034631
0.025536
0.02558
0.029389
0.026696
0.026941
0.023741
0.029482
0.030705
0.033175
0.021362
0.022363
0.029814
0.027887
0.022236
0.021414
0.028802
0.020675
0.030228
0.025559
0.028406
0.026344
0.022055
0.030551
0.024083
0.032023
0.02734
0.030057
0.024452
0.028589
0.022863
0.035005
0.037753
0.027118
0.024908
0.028547
0.02476
0.019716
0.026535
0.026725
0.023354
0.022478
0.030175
0.023235
0.031901
0.022494
0.023523
0.032377
0.024381
0.025824
0.030382
0.025732
0.021586
0.024336
0.021608
0.022898
0.024501
0.025304
0.030153
0.026877
0.028056
0.02377
0.029989
0.025399
0.02161
0.026194
0.023753
0.023599
0.024165
0.024686
0.022718
0.025294
0.024587
0.02604
0.021043
0.023069
0.022459
0.023025
0.026228
0.023725
0.021019
0.02455
0.023361
0.0254
0.02647
0.023897
0.022706
0.024243
0.024433
0.024258
0.025033
0.024283
0.026822
0.02507
0.027777
0.02651
0.024424
0.024748
0.024821
0.02519
0.023762
0.023198
0.025145
0.029667
0.025907
0.030109
0.02572
0.022026
0.027785
0.028276
0.033583
0.026177
0.026108
0.024842
0.031547
0.027946
0.034933
0.030798
0.032256
0.029997
0.021398
0.024634
0.020506
0.028332
0.027246
0.022119
0.031223
0.02615
0.031522
0.024204
0.022278
0.024754
0.02912
0.025217
0.028858
0.030077
0.029624
0.03409
0.036568
0.03387
0.032571
0.038035
0.033034
0.031818
0.026754
0.022059
0.022533
0.021885
0.025716
0.023767
0.029312
0.025638
0.028076
0.032772
0.025929
0.031387
0.028067
0.033278
0.033496
0.03032
0.034753
0.020325
0.021468
0.023082
0.025535
0.022179
0.020033
0.026023
0.022961
0.032266
0.017638
0.029538
0.028103
0.029442
0.03186
0.03012
0.037113
0.032487
0.029492
0.032776
0.036402
0.030169
0.03517
0.027876
0.026081
0.022653
0.02583
0.024631
0.026915
0.025739
0.028814
0.025584
0.025594
0.023087
0.019442
0.022954
0.021971
0.023489
0.022076
0.024855
0.025259
0.020733
0.017847
0.022596
0.029974
0.025834
0.024975
0.018992
0.024805
0.024435
0.026722
0.025391
0.02945
0.024584
0.020733
0.021102
0.024445
0.022127
0.020625
0.02078
0.030484
0.022523
0.019587
0.021763
0.022783
0.021806
0.024287
0.018849
0.024232
0.023292
0.021493
0.020824
0.020957
0.027929
0.02202
0.021995
0.024411
0.023062
0.025341
0.023264
0.025598
0.023636
0.025475
0.025699
0.025086
0.026193
0.022644
0.022211
0.023393
0.025174
0.023438
0.023625
0.020865
0.025865
0.021274
0.021053
0.025423
0.021855
0.021234
0.025456
0.022398
0.031171
0.029884
0.032894
0.034958
0.03315
0.037971
0.033783
0.034121
0.031922
0.030348
0.029898
0.036388
0.030937
0.028813
0.03106
0.032115
0.030784
0.030947
0.035015
0.034817
0.031468
0.033558
0.039958
0.032129
0.02849
0.025963
0.027055
0.026986
0.032776
0.028914
0.026601
0.027877
0.030688
0.038979
0.036986
0.034209
0.034026
0.036776
0.044067
0.034591
0.03718
0.036896
0.034515
0.033412
0.033529
0.034925
0.035321
0.035028
0.034416
0.026786
0.029279
0.027894
0.024724
0.028988
0.030173
0.027309
0.026646
0.022111
0.030839
0.037561
0.027814
0.03169
0.028377
0.027976
0.027056
0.025816
0.031916
0.026672
0.036135
0.03823
0.036602
0.035395
0.041834
0.033046
0.03602
0.031096
0.035754
0.035378
0.036266
0.036248
0.033534
0.031502
0.027237
0.031789
0.026349
0.02928
0.025677
0.027526
0.030612
0.032171
0.031525
0.034503
0.031357
0.033274
0.036383
0.0375
0.034111
0.033715
0.030702
0.034952
0.035643
0.035212
0.032617
0.03036
0.034812
0.030124
0.036712
0.032636
0.032177
0.033301
0.029181
0.030224
0.03262
0.02533
0.02789
0.026585
0.028764
0.02723
0.031657
0.030376
0.028376
0.030627
0.027955
0.029074
0.02568
0.02567
0.025515
0.028516
0.026042
0.032651
0.024175
0.025065
0.031094
0.028571
0.028611
0.030822
0.027029
0.021479
0.028218
0.025567
0.024346
0.031453
0.02953
0.027628
0.030712
0.024668
0.023207
0.024086
0.028715
0.026508
0.030959
0.025033
0.027195
0.027104
0.025647
0.028922
0.021664
0.01855
0.023856
0.023683
0.022197
0.016209
0.02008
0.022455
0.021405
0.019936
0.021213
0.020397
0.024856
0.021447
0.025147
0.023868
0.021459
0.019835
0.022182
0.027212
0.025675
0.022737
0.02262
0.028443
0.023561
0.026795
0.023416
0.023854
0.021925
0.025081
0.020698
0.025039
0.027154
0.024275
0.023706
0.020237
0.024564
0.025429
0.020214
0.019932
0.024987
0.023928
0.027555
0.024572
0.03092
0.026567
0.029432
0.027213
0.027966
0.033046
0.028839
0.029464
0.028061
0.026606
0.023713
0.027497
0.025189
0.031056
0.031611
0.033081
0.032931
0.033034
0.031119
0.027285
0.030771
0.030107
0.031592
0.028786
0.033544
0.037102
0.033683
0.030601
0.025245
0.032103
0.027868
0.028993
0.024416
0.028767
0.038032
0.032094
0.036104
0.03293
0.031635
0.035366
0.036363
0.033288
0.031795
0.037018
0.031697
0.031232
0.031515
0.029314
0.035151
0.029534
0.03558
0.030116
0.030785
0.033891
0.033748
0.028892
0.027414
0.029844
0.028674
0.024363
0.02729
0.028662
0.032894
0.034065
0.03514
0.030648
0.031987
0.02949
0.028961
0.029708
0.032059
0.025505
0.032579
0.027418
0.023576
0.031175
0.026196
0.026078
0.026767
0.024385
0.032357
0.03322
0.031335
0.03359
0.029177
0.028156
0.030238
0.032061
0.0303
0.03
0.031959
0.026446
0.024868
0.027501
0.022947
0.024428
0.022843
0.025837
0.021308
0.037462
0.03637
0.033499
0.036495
0.032054
0.030554
0.03354
0.034415
0.03069
0.036601
0.03176
0.032446
0.033412
0.036028
0.027766
0.038075
0.033806
0.029453
0.02819
0.022908
0.03117
0.026825
0.028929
0.026454
0.025674
0.02347
0.029379
0.018433
0.023575
0.023895
0.025627
0.02742
0.023006
0.024832
0.022142
0.034261
0.035804
0.031585
0.032681
0.034145
0.032195
0.029486
0.029803
0.034851
0.023383
0.025137
0.030045
0.028859
0.027083
0.025626
0.025713
0.027131
0.028028
0.026723
0.030323
0.026447
0.028493
0.025846
0.026764
0.022085
0.02604
0.027979
0.028916
0.02663
0.030047
0.028405
0.028302
0.029294
0.028601
0.032374
0.030658
0.028126
0.030133
0.029404
0.028316
0.026919
0.029052
0.030477
0.031104
0.028662
0.029861
0.026115
0.027686
0.025964
0.026479
0.025028
0.026957
0.028227
0.028628
0.032923
0.029305
0.028118
0.029461
0.030255
0.030194
0.026499
0.025772
0.024405
0.027739
0.025984
0.026694
0.029693
0.026809
0.028386
0.027433
0.028916
0.033312
0.029798
0.027195
0.026835
0.028229
0.031028
0.030135
0.028004
0.03093
0.030237
0.029599
0.030934
0.028991
0.030629
0.026028
0.026641
0.029456
0.030459
0.030875
0.032087
0.026712
0.028953
0.028484
0.030444
0.027993
0.026529
0.026002
0.026338
0.028848
0.029061
0.028522
0.024146
0.028769
0.029429
0.026169
0.025694
0.026931
0.028894
0.026426
0.024685
0.028644
0.027086
0.029011
0.026204
0.025093
0.0263
0.025183
0.030237
0.029074
0.025113
0.030103
0.027395
0.027073
0.026785
0.024682
0.025638
0.028381
0.027445
0.030693
0.027861
0.026152
0.028742
0.024726
0.026352
0.025112
0.026647
0.023144
0.026589
0.027389
0.027526
0.026727
0.026281
0.028725
0.029973
0.028205
0.024927
0.030579
0.028822
0.024429
0.026934
0.026269
0.031528
0.024556
0.029099
0.033425
0.029149
0.029743
0.027721
0.033305
0.026954
0.029585
0.031162
0.025822
0.030024
0.021716
0.03062
0.029864
0.027372
0.031149
0.029756
0.028395
0.02545
0.027163
0.028373
0.026792
0.029018
0.029161
0.027111
0.030668
0.028846
0.030047
0.033902
0.029167
0.032193
0.0336
0.034502
0.035305
0.031968
0.036286
0.033432
0.032578
0.025951
0.028984
0.02894
0.026681
0.027094
0.022334
0.023687
0.023593
0.024961
0.034117
0.025796
0.034673
0.032245
0.030212
0.033343
0.036181
0.029358
0.020002
0.026869
0.022143
0.024941
0.027876
0.025724
0.024181
0.02112
0.021775
0.022085
0.02732
0.022733
0.02762
0.024479
0.031102
0.033179
0.026481
0.027305
0.03547
0.030799
0.030877
0.031827
0.025529
0.031158
0.032443
0.033208
0.031201
0.027944
0.031732
0.032617
0.034314
0.032668
0.02991
0.028138
0.03352
0.029287
0.028538
0.029451
0.029001
0.028845
0.034797
0.034776
0.032984
0.033488
0.029986
0.025173
0.02573
0.024049
0.025436
0.027175
0.028071
0.027086
0.025348
0.028474
0.027003
0.027514
0.028271
0.02891
0.02585
0.031755
0.030571
0.033095
0.031537
0.02691
0.02958
0.028785
0.028042
0.033234
0.029833
0.033073
0.03001
0.030641
0.030372
0.025915
0.031832
0.027334
0.027724
0.026662
0.03337
0.030292
0.026388
0.025805
0.027172
0.02883
0.026098
0.028813
0.027394
0.029167
0.028695
0.0314
0.028594
0.026712
0.021425
0.024063
0.026329
0.028261
0.024478
0.025922
0.025806
0.023195
0.028911
0.028559
0.025744
0.025959
0.024898
0.026159
0.027241
0.028999
0.027347
0.027535
0.027203
0.02759
0.025271
0.028417
0.031699
0.03017
0.033626
0.027318
0.028984
0.027402
0.027936
0.026296
0.028446
0.025506
0.026781
0.024997
0.027452
0.028249
0.029019
0.024541
0.027486
0.023908
0.023206
0.0295
0.026465
0.02818
0.024076
0.026591
0.032366
0.033195
0.030822
0.03123
0.03049
0.028976
0.02935
0.029421
0.024269
0.028429
0.022459
0.028659
0.027406
0.024457
0.025556
0.028675
0.026971
0.026997
0.029203
0.027388
0.027798
0.025697
0.029212
0.027571
0.028237
0.029427
0.028876
0.028857
0.030051
0.026602
0.025283
0.029474
0.02562
0.029499
0.026229
0.029179
0.029392
0.027366
0.027689
0.029607
0.030212
0.03164
0.029863
0.033426
0.029286
0.026706
0.033189
0.025808
0.029307
0.036282
0.021547
0.027171
0.02592
0.02662
0.032637
0.027695
0.025806
0.025955
0.022994
0.02738
0.030038
0.02591
0.021756
0.023396
0.026545
0.023499
0.025367
0.022872
0.020674
0.023161
0.027624
0.024147
0.022333
0.022428
0.017041
0.018268
0.0184
0.018025
0.019301
0.023848
0.019703
0.02623
0.024927
0.026123
0.022846
0.022733
0.024775
0.026144
0.031767
0.031284
0.030862
0.032426
0.027381
0.035212
0.028382
0.029603
0.023449
0.033037
0.022552
0.03381
0.028243
0.027766
0.027836
0.026677
0.026786
0.022696
0.024437
0.027635
0.02413
0.021626
0.029789
0.024696
0.025876
0.02454
0.025179
0.019521
0.017361
0.02856
0.022198
0.021075
0.027724
0.020073
0.022181
0.019445
0.027086
0.015954
0.025053
0.027695
0.029444
0.03195
0.032795
0.034635
0.032857
0.03398
0.039979
0.033532
0.032919
0.025813
0.024567
0.027397
0.027105
0.024911
0.026311
0.030296
0.027011
0.027232
0.026701
0.025033
0.02081
0.025843
0.023984
0.021563
0.029253
0.027847
0.026956
0.026541
0.028127
0.029213
0.026721
0.030166
0.027853
0.033485
0.031324
0.030961
0.032945
0.035068
0.030863
0.030804
0.032471
0.033151
0.036272
0.033171
0.032761
0.032854
0.034939
0.034377
0.032706
0.03522
0.035193
0.027959
0.030048
0.025135
0.026393
0.03381
0.033288
0.027295
0.023692
0.029355
0.03614
0.026826
0.028016
0.032252
0.027922
0.036943
0.036681
0.036402
0.039989
0.034463
0.036564
0.032624
0.0328
0.031785
0.035869
0.032419
0.035324
0.032274
0.03743
0.037485
0.033164
0.030268
0.034321
0.034493
0.035133
0.032936
0.036408
0.032734
0.035348
0.033178
0.036898
0.028701
0.03216
0.031093
0.030222
0.032907
0.033746
0.032104
0.035092
0.032427
0.032159
0.033003
0.038096
0.033127
0.032338
0.037761
0.036413
0.034982
0.035804
0.032551
0.032126
0.03427
0.035545
0.029744
0.034225
0.034912
0.038405
0.032789
0.033856
0.034271
0.034063
0.035705
0.037836
0.028164
0.029089
0.028411
0.030926
0.029007
0.028053
0.030263
0.028467
0.031651
0.029447
0.032614
0.031046
0.030781
0.026165
0.031973
0.031478
0.037099
0.027482
0.030398
0.028541
0.036573
0.047555
0.043896
0.031666
0.030365
0.024005
0.044266
0.034706
0.038769
0.045241
0.023124
0.023818
0.026909
0.044454
0.044583
0.048846
0.049576
0.040545
0.045563
0.04789
0.037416
0.049769
0.046146
0.025819
0.027181
0.025971
0.034197
0.032254
0.024945
0.021964
0.037943
0.030771
0.026967
0.02467
0.042511
0.038466
0.034295
0.032427
0.031201
0.037823
0.034465
0.046431
0.039452
0.041648
0.030161
0.046274
0.027826
0.035437
0.02689
0.018149
0.020423
0.024498
0.014767
0.020423
0.016401
0.028338
0.025881
0.026865
0.024456
0.025328
0.019144
0.021927
0.020881
0.025777
0.024803
0.020266
0.017296
0.029643
0.013636
0.022221
0.01636
0.019473
0.015133
0.021478
0.025066
0.018884
0.025237
0.026305
0.020703
0.023434
0.014971
0.018125
0.020785
0.0166
0.015823
0.01808
0.023793
0.025261
0.026163
0.023673
0.021025
0.01638
0.023346
0.021893
0.024479
0.02087
0.023945
0.019519
0.022404
0.025804
0.020612
0.018775
0.023638
0.023688
0.023023
0.025381
0.025055
0.023045
0.020695
0.021814
0.020357
0.024173
0.028079
0.024846
0.022602
0.022572
0.019269
0.020439
0.019439
0.01876
0.024242
0.015761
0.021233
0.020946
0.01985
0.020287
0.015793
0.025029
0.020577
0.021247
0.017502
0.016911
0.03148
0.034002
0.032878
0.031833
0.032151
0.023512
0.034956
0.02253
0.033905
0.03429
0.032668
0.033466
0.033323
0.028982
0.032818
0.035709
0.032462
0.030792
0.028491
0.029809
0.025423
0.028006
0.027977
0.031251
0.028612
0.028356
0.02903
0.023443
0.025533
0.024831
0.026202
0.021774
0.0268
0.025836
0.028836
0.024774
0.02728
0.027653
0.022408
0.030269
0.032391
0.028995
0.031114
0.032624
0.033009
0.03234
0.034697
0.028198
0.033912
0.029254
0.032651
0.031628
0.030942
0.030853
0.022659
0.026824
0.021363
0.029512
0.02021
0.018549
0.019533
0.035905
0.028332
0.033586
0.03196
0.030845
0.031492
0.028877
0.028444
0.029082
0.03085
0.029187
0.031249
0.028448
0.027394
0.028625
0.027081
0.028237
0.029964
0.029151
0.027172
0.025228
0.022738
0.025886
0.025881
0.024091
0.023894
0.025836
0.026433
0.031375
0.021242
0.024522
0.025411
0.023595
0.026493
0.028452
0.027338
0.024707
0.02673
0.028219
0.026143
0.028446
0.025205
0.025343
0.023399
0.023961
0.022749
0.018351
0.018766
0.01781
0.022616
0.020979
0.029544
0.033758
0.021964
0.019962
0.019929
0.01865
0.018611
0.021369
0.018018
0.014498
0.01738
0.019922
0.014131
0.016634
0.01504
0.01732
0.016762
0.016733
0.017739
0.01713
0.020507
0.016899
0.019511
0.017644
0.018828
0.019746
0.019462
0.020452
0.023628
0.026597
0.025046
0.031456
0.032826
0.027925
0.023297
0.020864
0.022034
0.018531
0.024014
0.031992
0.027527
0.029225
0.028404
0.023748
0.027703
0.026444
0.026158
0.030078
0.027216
0.022824
0.028921
0.027685
0.024092
0.026231
0.024202
0.023121
0.024956
0.031944
0.029396
0.030533
0.027075
0.030251
0.031184
0.02717
0.027146
0.027825
0.028068
0.027076
0.025807
0.026885
0.031839
0.027536
0.031018
0.027423
0.028518
0.023053
0.02665
0.031144
0.026969
0.0265
0.031074
0.026644
0.026557
0.029932
0.03431
0.027787
0.030234
0.0295
0.031814
0.031479
0.032663
0.030609
0.026303
0.031546
0.034164
0.026951
0.031978
0.027354
0.030944
0.021426
0.021725
0.017841
0.020179
0.022089
0.026907
0.020725
0.023675
0.026581
0.025371
0.024666
0.022999
0.019961
0.021948
0.027862
0.020472
0.021723
0.019894
0.020431
0.024459
0.020355
0.024563
0.021355
0.023643
0.023876
0.022785
0.0216
0.022494
0.019436
0.023188
0.017823
0.018222
0.021522
0.023936
0.021433
0.024256
0.025563
0.029533
0.03083
0.031183
0.027248
0.030616
0.02942
0.029156
0.032985
0.034191
0.028597
0.027484
0.030685
0.032597
0.031131
0.035559
0.0377
0.035286
0.03703
0.033028
0.03274
0.038129
0.029351
0.029624
0.031382
0.029647
0.036966
0.036673
0.031624
0.034166
0.034763
0.032308
0.0213
0.023555
0.020391
0.024941
0.023038
0.021234
0.019474
0.018758
0.020527
0.019521
0.020118
0.020818
0.021834
0.02039
0.020508
0.020752
0.019218
0.019139
0.022144
0.023008
0.019402
0.020444
0.020366
0.01787
0.019829
0.024837
0.022541
0.022827
0.021006
0.021077
0.023261
0.023863
0.032986
0.035631
0.030719
0.033549
0.03315
0.033008
0.034864
0.036601
0.024029
0.026516
0.022024
0.027888
0.021486
0.022233
0.02266
0.026867
0.025585
0.027751
0.021726
0.022601
0.020041
0.020543
0.01621
0.023649
0.021916
0.02467
0.021199
0.021667
0.019377
0.02196
0.021541
0.023707
0.02946
0.027689
0.027679
0.025191
0.027245
0.02725
0.024816
0.028195
0.023169
0.027757
0.02644
0.026942
0.02798
0.026846
0.024595
0.026801
0.024392
0.025021
0.027513
0.027532
0.025898
0.024446
0.027427
0.026841
0.025062
0.028808
0.018024
0.018036
0.021263
0.018295
0.019989
0.022842
0.023964
0.023976
0.025942
0.022707
0.022515
0.0207
0.02615
0.024203
0.024476
0.021888
0.0268
0.024937
0.026023
0.021001
0.024124
0.020173
0.018738
0.027196
0.019028
0.021458
0.01883
0.015401
0.017423
0.018626
0.016784
0.017697
0.020517
0.017553
0.015637
0.017826
0.02134
0.024668
0.018667
0.0166
0.019164
0.018225
0.015149
0.020422
0.018525
0.022145
0.021298
0.017129
0.016323
0.018294
0.017719
0.015178
0.020483
0.017169
0.020178
0.021689
0.019265
0.021154
0.023402
0.016183
0.019773
0.021081
0.023292
0.029984
0.02007
0.047168
0.049766
0.028698
0.050451
0.030684
0.040913
0.035418
0.018287
0.037821
0.029599
0.044735
0.033654
0.046028
0.042847
0.029913
0.043251
0.035097
0.037645
0.032009
0.03534
0.024796
0.033422
0.027803
0.026564
0.018717
0.027111
0.025334
0.022677
0.021794
0.034436
0.018228
0.03639
0.015875
0.029571
0.026101
0.01911
0.02015
0.024824
0.021344
0.017603
0.033369
0.026914
0.024285
0.015483
0.034449
0.031674
0.029701
0.027301
0.028475
0.027467
0.030092
0.02897
0.024097
0.022614
0.02746
0.024952
0.018735
0.025836
0.025723
0.028601
0.030164
0.029371
0.029085
0.029824
0.030152
0.035747
0.03013
0.030085
0.019732
0.033947
0.018005
0.033121
0.031162
0.027439
0.02063
0.031958
0.031897
0.032398
0.02987
0.026959
0.033659
0.029503
0.025013
0.030948
0.025157
0.029919
0.033318
0.029422
0.02636
0.023942
0.025886
0.034113
0.021213
0.026808
0.026156
0.020662
0.017581
0.028476
0.021899
0.027454
0.016791
0.023106
0.02179
0.021781
0.026381
0.020958
0.021674
0.025253
0.026874
0.029927
0.02693
0.023391
0.025191
0.025398
0.024174
0.023308
0.024803
0.02553
0.020579
0.01953
0.018863
0.020842
0.015801
0.019894
0.017914
0.021421
0.021115
0.023292
0.020181
0.024751
0.022994
0.02382
0.017927
0.016705
0.023803
0.023021
0.025022
0.021796
0.032648
0.027706
0.027489
0.023296
0.019273
0.021998
0.021336
0.024097
0.027658
0.022964
0.017639
0.015841
0.0249
0.018305
0.018904
0.019721
0.019566
0.02016
0.016041
0.020646
0.021467
0.02181
0.022688
0.020661
0.027314
0.024278
0.023708
0.03221
0.028754
0.028324
0.027122
0.028738
0.033776
0.031524
0.03059
0.026378
0.023245
0.021559
0.023572
0.022814
0.023332
0.026319
0.026159
0.02878
0.02429
0.024927
0.024488
0.02787
0.023972
0.029466
0.022317
0.025878
0.022843
0.026668
0.023861
0.026506
0.026812
0.024158
0.02975
0.028543
0.029386
0.02971
0.0307
0.029454
0.02832
0.030169
0.026919
0.028641
0.027984
0.032263
0.028727
0.029655
0.030061
0.030489
0.031133
0.028957
0.023778
0.027941
0.024294
0.025978
0.026874
0.020566
0.024424
0.022935
0.029959
0.02444
0.027571
0.025457
0.02634
0.027658
0.030054
0.026606
0.026816
0.028171
0.032531
0.028697
0.027542
0.024696
0.027656
0.024822
0.021125
0.025684
0.029077
0.027352
0.031523
0.029043
0.023949
0.026272
0.024282
0.029435
0.02912
0.028039
0.026583
0.029383
0.031263
0.027806
0.029115
0.028011
0.02863
0.025253
0.021856
0.023303
0.020113
0.027064
0.024501
0.025017
0.023165
0.022384
0.025349
0.022779
0.021856
0.024541
0.021223
0.022034
0.02516
0.019196
0.020885
0.021077
0.02242
0.020672
0.022224
0.023656
0.024451
0.023884
0.022277
0.017478
0.022379
0.021383
0.017384
0.020184
0.022789
0.021361
0.017864
0.01908
0.020491
0.016607
0.019341
0.017154
0.02171
0.024992
0.018783
0.020476
0.020266
0.01844
0.021078
0.025869
0.024969
0.025033
0.024621
0.021405
0.023561
0.022806
0.02156
0.026471
0.022482
0.024422
0.02502
0.024463
0.025007
0.021357
0.023299
0.023694
0.024017
0.027295
0.023946
0.026966
0.024863
0.026682
0.02346
0.02679
0.030258
0.020915
0.022434
0.024057
0.023682
0.026544
0.022824
0.023415
0.021746
0.023487
0.024448
0.022275
0.022667
0.028428
0.022963
0.023571
0.025026
0.023664
0.02846
0.027566
0.024961
0.022813
0.021328
0.024508
0.026042
0.026047
0.02271
0.019862
0.018752
0.017967
0.024045
0.021261
0.020176
0.028882
0.018346
0.022479
0.020572
0.019691
0.021309
0.022572
0.020802
0.029602
0.028371
0.022213
0.030765
0.023916
0.024518
0.020558
0.021077
0.019954
0.019844
0.019837
0.019616
0.021523
0.01762
0.018478
0.019023
0.021151
0.02334
0.020943
0.024878
0.026969
0.0296
0.029439
0.023748
0.02204
0.022751
0.023608
0.022021
0.021835
0.029485
0.024096
0.025926
0.019402
0.023784
0.01984
0.019958
0.021542
0.020922
0.02219
0.021444
0.019754
0.019296
0.021893
0.021593
0.02659
0.026085
0.029003
0.02755
0.029865
0.026539
0.029474
0.028971
0.024291
0.028639
0.025411
0.027824
0.026017
0.024326
0.026956
0.026035
0.027947
0.026762
0.02252
0.023303
0.023452
0.022298
0.02694
0.023474
0.021844
0.024679
0.023291
0.022868
0.022248
0.026968
0.025643
0.020368
0.025679
0.019261
0.02338
0.02039
0.024239
0.026836
0.020199
0.028474
0.017995
0.026513
0.029424
0.026465
0.028538
0.025579
0.028377
0.024674
0.023799
0.025763
0.02564
0.0265
0.022911
0.028105
0.026805
0.026567
0.022456
0.023398
0.022103
0.023641
0.021218
0.022555
0.016882
0.02427
0.019484
0.021741
0.0177
0.016041
0.023509
0.020745
0.019562
0.024201
0.020831
0.023844
0.023042
0.027536
0.020934
0.02552
0.024574
0.022676
0.0212
0.022957
0.024358
0.024922
0.025063
0.016871
0.019127
0.024762
0.017495
0.018241
0.023552
0.020512
0.019206
0.024211
0.024009
0.022376
0.021898
0.024258
0.017111
0.022121
0.026743
0.019649
0.02319
0.023815
0.030223
0.026755
0.02526
0.020952
0.033995
0.022853
0.020927
0.018216
0.021813
0.017521
0.019539
0.026818
0.023579
0.025668
0.020423
0.027638
0.020598
0.021417
0.027898
0.020891
0.026024
0.02119
0.027037
0.017151
0.025521
0.022958
0.026347
0.024025
0.032807
0.028562
0.028138
0.027353
0.024373
0.028631
0.026156
0.026323
0.026384
0.023119
0.024971
0.027885
0.029525
0.02477
0.023044
0.027345
0.020474
0.016258
0.026467
0.018058
0.015842
0.017664
0.01381
0.018558
0.018122
0.026695
0.01681
0.015977
0.02259
0.011081
0.014444
0.020737
0.01525
0.022668
0.015869
0.015864
0.025995
0.02477
0.025151
0.022438
0.02482
0.023874
0.024957
0.025145
0.027016
0.026541
0.030604
0.028613
0.033782
0.031281
0.035736
0.033357
0.02774
0.025009
0.034742
0.030336
0.031152
0.031313
0.02959
0.028936
0.028009
0.028575
0.035038
0.029443
0.025527
0.031551
0.029425
0.034394
0.037652
0.026953
0.028706
0.034344
0.030287
0.029698
0.027935
0.02534
0.027566
0.0251
0.02764
0.025852
0.029103
0.029178
0.023117
0.02405
0.029693
0.023557
0.027459
0.029858
0.031924
0.033124
0.034553
0.034886
0.029263
0.022999
0.022091
0.023678
0.022663
0.026623
0.029278
0.030452
0.029203
0.0266
0.02257
0.030865
0.02556
0.02769
0.027985
0.027608
0.027334
0.027616
0.02578
0.02837
0.027894
0.03062
0.027504
0.023713
0.023444
0.023431
0.019493
0.017885
0.022682
0.024885
0.023053
0.024226
0.024643
0.022877
0.030724
0.024517
0.025044
0.025694
0.024711
0.026023
0.024144
0.026168
0.028344
0.035543
0.033926
0.035427
0.035643
0.03283
0.034354
0.028327
0.030485
0.028387
0.027757
0.027147
0.03082
0.032782
0.032109
0.033619
0.037762
0.034844
0.037412
0.036499
0.037276
0.037921
0.031686
0.034577
0.022902
0.021306
0.023342
0.020278
0.024451
0.02054
0.024919
0.024728
0.029105
0.022543
0.023502
0.030457
0.024937
0.021194
0.025939
0.025867
0.031302
0.030784
0.026287
0.028901
0.025884
0.0306
0.029385
0.030078
0.039758
0.031668
0.023204
0.024607
0.029704
0.023765
0.023987
0.024151
0.026116
0.026619
0.025564
0.028955
0.024446
0.028089
0.027478
0.028817
0.026617
0.024434
0.028128
0.026016
0.028643
0.019817
0.023411
0.022532
0.022607
0.020671
0.025781
0.027563
0.025095
0.024837
0.025984
0.028648
0.024609
0.025732
0.026704
0.029049
0.029083
0.029316
0.02777
0.025058
0.022209
0.026393
0.027917
0.028198
0.026391
0.026708
0.025535
0.025304
0.022744
0.027293
0.022279
0.025319
0.024692
0.022018
0.026834
0.028246
0.025529
0.023388
0.023722
0.025355
0.022719
0.025603
0.026449
0.024131
0.023837
0.028569
0.022338
0.027252
0.026447
0.025195
0.018919
0.021093
0.020072
0.018748
0.025373
0.023659
0.025321
0.025342
0.024201
0.021977
0.020928
0.019732
0.018554
0.027069
0.020693
0.023854
0.021466
0.023513
0.023768
0.023974
0.022485
0.023752
0.025695
0.022263
0.027626
0.024874
0.022106
0.024977
0.021447
0.024655
0.023868
0.024536
0.02745
0.024625
0.027174
0.021484
0.024341
0.021857
0.029173
0.027296
0.027753
0.024977
0.023107
0.021538
0.024098
0.021034
0.025181
0.020216
0.024587
0.027935
0.022039
0.024919
0.023633
0.029426
0.028047
0.025506
0.025792
0.025261
0.028801
0.026943
0.02554
0.028156
0.029058
0.021821
0.030548
0.029598
0.026171
0.02046
0.026578
0.022528
0.021331
0.023821
0.0256
0.023502
0.02135
0.025892
0.024288
0.020904
0.026471
0.022959
0.030324
0.026345
0.030617
0.02678
0.027693
0.031525
0.02732
0.027447
0.024658
0.027571
0.026935
0.029554
0.020316
0.019862
0.022342
0.018695
0.020627
0.018698
0.02274
0.02004
0.020639
0.021004
0.020667
0.029026
0.029449
0.026301
0.027519
0.025671
0.02573
0.031293
0.029714
0.028979
0.026837
0.028444
0.026984
0.021757
0.019526
0.021846
0.025799
0.02339
0.023148
0.021595
0.025357
0.019351
0.019517
0.02293
0.02291
0.023989
0.027248
0.020378
0.021353
0.018132
0.019645
0.017464
0.023659
0.02578
0.022885
0.028547
0.025747
0.02825
0.021744
0.024766
0.021677
0.02042
0.022449
0.021383
0.01934
0.026463
0.021921
0.022794
0.021371
0.023572
0.025543
0.022633
0.022934
0.023041
0.021723
0.024114
0.020318
0.029393
0.026195
0.025612
0.021348
0.021206
0.022063
0.016869
0.025254
0.024053
0.021046
0.027654
0.022002
0.024112
0.016872
0.017369
0.019367
0.021323
0.01648
0.017855
0.024339
0.023784
0.026569
0.02249
0.02238
0.0202
0.017594
0.018103
0.019039
0.018979
0.018836
0.019575
0.026285
0.023829
0.024762
0.028298
0.023021
0.025752
0.026186
0.025001
0.023324
0.024728
0.027124
0.02344
0.020863
0.024953
0.030676
0.026618
0.023739
0.026939
0.024375
0.02611
0.02221
0.032545
0.025988
0.027071
0.02963
0.034394
0.022232
0.025068
0.020316
0.020685
0.022829
0.021703
0.019703
0.023816
0.021461
0.019523
0.022744
0.022713
0.026619
0.020104
0.027026
0.02774
0.026896
0.02431
0.030715
0.022831
0.042045
0.036835
0.036566
0.033773
0.037348
0.03399
0.026994
0.027786
0.033714
0.030609
0.029403
0.026911
0.035503
0.035853
0.041417
0.030489
0.037254
0.035697
0.031519
0.034595
0.026479
0.030428
0.038205
0.028672
0.027225
0.027193
0.024665
0.027714
0.02822
0.034812
0.032506
0.034352
0.028481
0.039928
0.033502
0.0219
0.031298
0.027163
0.02823
0.033027
0.026675
0.029433
0.03045
0.024969
0.028894
0.025317
0.027497
0.03232
0.028423
0.029628
0.030079
0.032728
0.023474
0.025496
0.023695
0.026479
0.019944
0.023047
0.02439
0.020482
0.020683
0.022869
0.026413
0.023044
0.025166
0.01957
0.025366
0.025279
0.024052
0.01896
0.021779
0.031485
0.023315
0.027283
0.02857
0.02913
0.030384
0.027696
0.022891
0.026464
0.032864
0.025471
0.028047
0.029517
0.030348
0.031723
0.032958
0.026562
0.021677
0.036047
0.028306
0.039148
0.041634
0.039628
0.03616
0.032248
0.039556
0.038366
0.03521
0.041409
0.040092
0.03607
0.038998
0.037332
0.038718
0.043918
0.040868
0.03809
0.035705
0.038614
0.038852
0.0369
0.0432
0.033807
0.033794
0.037991
0.031934
0.039308
0.039709
0.044188
0.039524
0.041373
0.024773
0.026022
0.026083
0.025777
0.028786
0.030388
0.027561
0.031926
0.032227
0.026767
0.031169
0.030043
0.037512
0.032312
0.035953
0.031333
0.029547
0.029938
0.027057
0.029203
0.034602
0.030794
0.030865
0.032966
0.034784
0.02858
0.031313
0.029186
0.026486
0.029942
0.028968
0.030153
0.032753
0.030142
0.028686
0.031881
0.032715
0.032481
0.031478
0.031181
0.033348
0.031521
0.032547
0.024536
0.028157
0.026787
0.025407
0.030222
0.030516
0.026706
0.027261
0.03074
0.028159
0.028355
0.033111
0.02765
0.026906
0.026409
0.026356
0.028422
0.025146
0.031099
0.029474
0.028708
0.031313
0.024904
0.026789
0.032352
0.032208
0.029058
0.027396
0.030118
0.031139
0.030298
0.022261
0.02341
0.02599
0.031232
0.026714
0.027047
0.024281
0.026888
0.024365
0.024461
0.027536
0.029702
0.027254
0.026781
0.024288
0.023856
0.02116
0.030906
0.023684
0.020522
0.020075
0.021954
0.022181
0.022931
0.022075
0.022715
0.027003
0.024613
0.026246
0.027646
0.026739
0.024426
0.024692
0.029073
0.032351
0.028873
0.027264
0.030318
0.029807
0.028692
0.0262
0.023574
0.022544
0.021158
0.022149
0.023949
0.021363
0.021345
0.025117
0.021064
0.021158
0.023745
0.019627
0.023784
0.024141
0.020457
0.019913
0.022228
0.026329
0.026196
0.031008
0.027197
0.024457
0.02899
0.025757
0.026646
0.026499
0.024915
0.032549
0.030027
0.027774
0.024844
0.023443
0.02028
0.026091
0.017882
0.027159
0.018399
0.024095
0.026483
0.026643
0.025715
0.028516
0.028392
0.022684
0.023811
0.028952
0.026004
0.024695
0.031494
0.027519
0.019346
0.028723
0.022367
0.025595
0.030709
0.027787
0.027666
0.029344
0.028332
0.026013
0.020934
0.023172
0.022073
0.02136
0.024629
0.018613
0.027704
0.023295
0.021695
0.028482
0.026933
0.023794
0.025333
0.024842
0.032104
0.026331
0.024992
0.024185
0.021748
0.024869
0.024573
0.029479
0.026347
0.030169
0.028795
0.031305
0.031224
0.031557
0.034377
0.017802
0.016845
0.02372
0.021717
0.022813
0.018884
0.019493
0.022171
0.025666
0.023048
0.021643
0.025933
0.026674
0.028028
0.0278
0.032523
0.03072
0.030068
0.027418
0.025009
0.022941
0.023991
0.026584
0.024308
0.02231
0.021362
0.021501
0.022932
0.018647
0.016954
0.026765
0.018882
0.020999
0.023438
0.026313
0.023473
0.023459
0.020209
0.018499
0.021271
0.019491
0.025912
0.02251
0.02336
0.025844
0.026062
0.025183
0.026701
0.026883
0.02784
0.029082
0.025257
0.028855
0.023291
0.025687
0.029633
0.034107
0.029413
0.028271
0.030483
0.019846
0.028834
0.02153
0.02406
0.021528
0.026139
0.023014
0.022687
0.026932
0.027094
0.026528
0.031252
0.028887
0.028604
0.028567
0.030591
0.033848
0.032784
0.024842
0.026909
0.026897
0.022811
0.026124
0.024268
0.024856
0.017444
0.024017
0.035588
0.026307
0.029477
0.029097
0.03211
0.033428
0.030897
0.027608
0.033067
0.025029
0.026605
0.026507
0.024557
0.028209
0.02357
0.033352
0.033077
0.031992
0.028162
0.025504
0.024686
0.025542
0.02002
0.020492
0.024214
0.022492
0.022205
0.020548
0.022888
0.024874
0.026745
0.028817
0.027649
0.024111
0.021368
0.021912
0.022798
0.02263
0.021013
0.022911
0.027901
0.026008
0.021386
0.026572
0.023037
0.029238
0.028687
0.02063
0.023588
0.024259
0.021873
0.020768
0.020732
0.023931
0.024077
0.020351
0.026175
0.020198
0.029195
0.022445
0.021458
0.02083
0.021232
0.021851
0.021135
0.02383
0.021207
0.020662
0.021873
0.021985
0.020341
0.018433
0.019975
0.017994
0.026413
0.023872
0.031494
0.028467
0.031406
0.024278
0.033395
0.036386
0.027637
0.031113
0.030496
0.022872
0.026517
0.031341
0.036628
0.039736
0.034037
0.039357
0.031801
0.035995
0.035365
0.033923
0.024626
0.028063
0.027625
0.025421
0.026516
0.030253
0.026249
0.0287
0.032044
0.026618
0.028683
0.025266
0.027231
0.027409
0.020539
0.023496
0.023216
0.024614
0.021074
0.024975
0.022944
0.024178
0.025683
0.022637
0.02515
0.025755
0.023114
0.021716
0.025204
0.021783
0.025111
0.025915
0.024264
0.022064
0.023774
0.023478
0.020178
0.021558
0.022565
0.024006
0.022062
0.024922
0.024058
0.025261
0.024534
0.024828
0.024078
0.029317
0.023203
0.0242
0.022036
0.024508
0.020901
0.022105
0.020156
0.021731
0.026782
0.019563
0.022205
0.03185
0.030897
0.025086
0.02853
0.025636
0.030236
0.028523
0.028006
0.030104
0.031293
0.023638
0.029126
0.026278
0.031253
0.024785
0.023643
0.034596
0.025124
0.024606
0.024314
0.028145
0.027829
0.023822
0.029312
0.029534
0.028882
0.030681
0.031245
0.025408
0.027093
0.028779
0.027412
0.027249
0.026743
0.029782
0.03413
0.035663
0.031029
0.032693
0.035325
0.036902
0.031466
0.035705
0.035248
0.02932
0.032561
0.032501
0.036967
0.032427
0.033875
0.029478
0.036112
0.039742
0.037499
0.029824
0.035439
0.037231
0.040801
0.035629
0.03404
0.029916
0.03918
0.0404
0.033109
0.035721
0.040427
0.038289
0.024622
0.028816
0.030263
0.032363
0.029231
0.033941
0.030401
0.030591
0.032086
0.036644
0.036188
0.03783
0.030356
0.039767
0.032817
0.038646
0.035798
0.038203
0.032879
0.036622
0.037774
0.034407
0.037763
0.034977
0.034045
0.03495
0.037417
0.037878
0.035672
0.037152
0.037716
0.037739
0.036888
0.036373
0.038378
0.020664
0.024071
0.028487
0.030541
0.022712
0.027002
0.027393
0.025177
0.026894
0.031438
0.024464
0.027313
0.031713
0.029378
0.02863
0.029726
0.032085
0.035118
0.035985
0.027793
0.036764
0.025274
0.028606
0.034972
0.029499
0.030452
0.033784
0.03401
0.032008
0.028218
0.03572
0.027508
0.038035
0.032526
0.019724
0.021537
0.019261
0.018583
0.020019
0.020588
0.023405
0.022952
0.022042
0.027326
0.023395
0.025946
0.024666
0.02631
0.02802
0.02514
0.025597
0.020123
0.024027
0.028205
0.024339
0.02331
0.022793
0.026966
0.028141
0.025244
0.029018
0.025559
0.022514
0.021201
0.026384
0.021098
0.021193
0.027477
0.030861
0.027844
0.02518
0.029649
0.025509
0.029869
0.025243
0.0222
0.027341
0.031341
0.030403
0.022266
0.029668
0.027453
0.021577
0.025018
0.030257
0.027283
0.031283
0.027339
0.025079
0.024716
0.024446
0.0249
0.026019
0.026869
0.0246
0.029999
0.025188
0.025025
0.025732
0.024602
0.024096
0.026631
0.024861
0.031896
0.027884
0.030159
0.032005
0.026181
0.032613
0.02976
0.028263
0.028921
0.027009
0.035217
0.028266
0.026295
0.029625
0.027899
0.029874
0.025446
0.025104
0.029447
0.030163
0.026611
0.025623
0.028986
0.027928
0.025229
0.031419
0.032091
0.024388
0.029211
0.030491
0.028746
0.028862
0.027635
0.026425
0.02536
0.028691
0.025788
0.024064
0.028893
0.021403
0.029354
0.023825
0.022951
0.020997
0.022324
0.019983
0.023956
0.026187
0.02235
0.023843
0.023135
0.021893
0.023605
0.020832
0.023955
0.029052
0.027373
0.025079
0.02408
0.027744
0.025989
0.026526
0.026215
0.02939
0.025744
0.027672
0.029675
0.032767
0.025449
0.025414
0.020655
0.022244
0.019356
0.024765
0.027124
0.023794
0.03071
0.025561
0.024081
0.024869
0.036926
0.027798
0.018419
0.021438
0.024486
0.029712
0.018716
0.030469
0.020402
0.029792
0.024828
0.02967
0.046248
0.030012
0.053698
0.044324
0.043963
0.046808
0.040978
0.044137
0.049979
0.056382
0.064707
0.055115
0.049039
0.045386
0.048127
0.055616
0.053966
0.050523
0.057136
0.054503
0.049938
0.054767
0.044057
0.052505
0.043363
0.070589
0.046857
0.052116
0.039351
0.049465
0.040927
0.038872
0.043834
0.041556
0.049525
0.048751
0.048346
0.041558
0.043393
0.048177
0.058322
0.056085
0.051032
0.057588
0.052835
0.039752
0.059333
0.047398
0.051597
0.058619
0.045988
0.050168
0.045565
0.054764
0.048559
0.042926
0.043536
0.04555
0.048016
0.057077
0.059904
0.045145
0.059919
0.050867
0.056515
0.054872
0.050617
0.049586
0.045827
0.054912
0.051695
0.051187
0.055635
0.062463
0.058912
0.057888
0.064786
0.06255
0.056809
0.04929
0.054673
0.054386
0.056062
0.051899
0.052625
0.043857
0.058688
0.053597
0.051511
0.054148
0.051582
0.050733
0.051988
0.05469
0.059001
0.026476
0.024532
0.021153
0.022583
0.022103
0.02836
0.04335
0.041862
0.041158
0.042948
0.04469
0.041566
0.024338
0.033952
0.043827
0.039244
0.028669
0.041046
0.042998
0.045855
0.040537
0.032511
0.031422
0.027565
0.041525
0.033023
0.031191
0.033136
0.043168
0.042675
0.040546
0.031709
0.046381
0.042534
0.040996
0.032773
0.040575
0.040509
0.024692
0.029595
0.024855
0.026345
0.020373
0.021574
0.018916
0.035143
0.035127
0.022028
0.023357
0.018438
0.015585
0.016627
0.016211
0.017873
0.016318
0.016592
0.011713
0.016377
0.012744
0.02313
0.019173
0.015296
0.01586
0.050467
0.055327
0.055069
0.061114
0.053722
0.054902
0.053963
0.053169
0.060439
0.056481
0.064037
0.052639
0.05697
0.056136
0.054298
0.054559
0.051152
0.058423
0.05007
0.049118
0.05133
0.053243
0.052764
0.057726
0.054112
0.053995
0.064213
0.057078
0.052125
0.055943
0.062302
0.052861
0.063489
0.052598
0.061509
0.058908
0.061588
0.043481
0.057126
0.046128
0.041369
0.034045
0.047925
0.036951
0.048343
0.039149
0.046683
0.059745
0.047609
0.031012
0.035878
0.041246
0.048214
0.041532
0.046249
0.027991
0.028519
0.024777
0.033241
0.036823
0.04037
0.032761
0.03227
0.028891
0.030006
0.038458
0.0251
0.03654
0.040276
0.02351
0.031666
0.035003
0.034051
0.037493
0.024873
0.035829
0.036228
0.035437
0.0263
0.031287
0.043793
0.03556
0.02758
0.019183
0.022262
0.028949
0.024859
0.033241
0.023496
0.023642
0.025679
0.025281
0.027603
0.021703
0.017603
0.019051
0.014658
0.018323
0.013651
0.019678
0.019072
0.018112
0.021143
0.025475
0.018099
0.043146
0.04781
0.046639
0.042223
0.041493
0.044596
0.059029
0.048951
0.047731
0.046055
0.045592
0.041715
0.042944
0.038876
0.044482
0.034116
0.042583
0.039543
0.042231
0.040432
0.026412
0.041141
0.026184
0.035925
0.032249
0.032453
0.021343
0.018299
0.029715
0.020888
0.021061
0.022243
0.023531
0.048708
0.046034
0.037832
0.037425
0.040216
0.060033
0.038546
0.043879
0.062982
0.050969
0.049867
0.042011
0.02953
0.024061
0.054546
0.027179
0.034891
0.035548
0.038846
0.042695
0.03525
0.041781
0.047854
0.042978
0.04924
0.047507
0.047607
0.041851
0.044742
0.047497
0.044554
0.049955
0.043895
0.0483
0.041978
0.032292
0.044965
0.042516
0.041658
0.044182
0.028258
0.04262
0.046799
0.039736
0.047068
0.043554
0.04237
0.0396
0.042266
0.046789
0.042669
0.045165
0.041153
0.035659
0.04005
0.042779
0.034303
0.035461
0.039721
0.034672
0.036964
0.036729
0.035571
0.040151
0.033197
0.030728
0.035988
0.0341
0.037383
0.027179
0.046606
0.04817
0.047907
