0.025666
0.026292
0.026181
0.026049
0.027041
0.024189
0.02339
0.026302
0.027379
0.030225
0.027118
0.029197
0.029659
0.029663
0.029583
0.031926
0.027905
0.034839
0.029217
0.041542
0.029638
0.029121
0.029635
0.029203
0.024963
0.026568
0.041328
0.021147
0.029879
0.023767
0.026682
0.029575
0.027646
0.029859
0.02139
0.025688
0.023067
0.035398
0.030601
0.021871
0.027009
0.024085
0.030481
0.025582
0.031665
0.023633
0.026404
0.032381
0.032188
0.027265
0.030847
0.039841
0.027526
0.025462
0.029548
0.030892
0.033038
0.033422
0.032266
0.030583
0.033251
0.033884
0.039344
0.039972
0.034886
0.037752
0.045582
0.037685
0.032673
0.039221
0.037897
0.041618
0.02881
0.021602
0.023128
0.030201
0.031857
0.033675
0.027288
0.026221
0.024327
0.027899
0.026311
0.026482
0.033038
0.027984
0.030985
0.032212
0.032967
0.024924
0.02772
0.030045
0.04883
0.031908
0.03613
0.029685
0.034863
0.026558
0.033077
0.035954
0.030689
0.02954
0.04533
0.032466
0.035271
0.032111
0.031758
0.024954
0.032309
0.025665
0.028921
0.034319
0.03155
0.029832
0.026244
0.02608
0.023625
0.02573
0.042646
0.029987
0.024993
0.030236
0.017978
0.036363
0.026599
0.028184
0.026764
0.025656
0.021787
0.025319
0.034532
0.040391
0.038871
0.042768
0.039441
0.047872
0.041371
0.04869
0.045467
0.039634
0.030422
0.031033
0.032128
0.033006
0.018763
0.035097
0.031386
0.025691
0.034718
0.02779
0.02733
0.02931
0.032337
0.03618
0.030218
0.031694
0.034904
0.041676
0.03444
0.036808
0.041795
0.043359
0.042444
0.039792
0.038882
0.036301
0.038401
0.040339
0.045375
0.046524
0.036221
0.040312
0.04008
0.037228
0.035185
0.046941
0.04306
0.045925
0.038197
0.036084
0.019137
0.020083
0.034826
0.038029
0.032652
0.028569
0.040568
0.030144
0.030133
0.032396
0.033632
0.031208
0.02654
0.031033
0.03254
0.033277
0.033469
0.056894
0.036281
0.052628
0.037011
0.03873
0.034821
0.039475
0.034998
0.033371
0.037474
0.023422
0.03429
0.035691
0.032601
0.02632
0.035943
0.031283
0.036741
0.027935
0.030917
0.027448
0.026997
0.02658
0.044901
0.037582
0.02582
0.039061
0.043948
0.042758
0.025121
0.042752
0.037817
0.046043
0.038283
0.019399
0.047487
0.035984
0.04263
0.03544
0.040734
0.040198
0.033118
0.035996
0.043559
0.045144
0.033208
0.035643
0.042744
0.034048
0.040769
0.035289
0.030245
0.031922
0.026043
0.031873
0.030967
0.030225
0.023554
0.037444
0.02926
0.031944
0.027938
0.03344
0.0284
0.025352
0.044807
0.025867
0.040039
0.034845
0.045173
0.020174
0.025085
0.026092
0.02079
0.023308
0.043427
0.033891
0.031015
0.037135
0.034425
0.035574
0.030734
0.025686
0.027005
0.026223
0.029363
0.026592
0.031227
0.028145
0.030451
0.031224
0.031117
0.027655
0.024416
0.036121
0.028778
0.035964
0.022687
0.033269
0.032043
0.039926
0.033036
0.041428
0.036988
0.040358
0.042312
0.033804
0.043102
0.045809
0.034905
0.040168
0.041098
0.04328
0.041655
0.040412
0.049692
0.041913
0.037587
0.040351
0.042681
0.045826
0.041869
0.04975
0.038574
0.038109
0.030951
0.032374
0.032865
0.034028
0.040151
0.032468
0.040388
0.03529
0.036529
0.023902
0.040333
0.040958
0.042497
0.041048
0.041208
0.041924
0.039794
0.040091
0.044296
0.04525
0.041212
0.036336
0.040408
0.042022
0.039602
0.036364
0.038856
0.040132
0.042308
0.048354
0.039946
0.040854
0.043129
0.041422
0.031495
0.03562
0.042843
0.042202
0.038061
0.043968
0.039092
0.045456
0.036532
0.030582
0.039979
0.043395
0.032191
0.039983
0.041753
0.037469
0.039524
0.038239
0.040877
0.036705
0.037006
0.039124
0.031753
0.034776
0.041459
0.051418
0.037828
0.034625
0.044581
0.041352
0.038875
0.038745
0.025265
0.025947
0.037492
0.046541
0.037082
0.026569
0.024864
0.020273
0.028699
0.030556
0.027945
0.018897
0.026522
0.025161
0.024349
0.031851
0.027839
0.045437
0.032396
0.031123
0.032123
0.035128
0.036062
0.0356
0.033857
0.039193
0.027689
0.02928
0.035338
0.029446
0.032158
0.031513
0.031173
0.028815
0.030203
0.025686
0.028587
0.030736
0.03123
0.032536
0.027272
0.031329
0.033466
0.02874
0.023855
0.032184
0.027932
0.028984
0.023367
0.021814
0.024444
0.024512
0.024867
0.024476
0.023021
0.025936
0.026463
0.033824
0.020731
0.023443
0.03048
0.021408
0.02309
0.032288
0.021088
0.024993
0.037447
0.038729
0.036855
0.038253
0.032621
0.031306
0.036632
0.032736
0.031034
0.030281
0.033148
0.030423
0.03133
0.03248
0.03358
0.030264
0.035547
0.031344
0.02637
0.031528
0.031889
0.029764
0.034842
0.034515
0.034076
0.033403
0.025757
0.034319
0.032048
0.036723
0.027485
0.042719
0.040364
0.035637
0.030464
0.05034
0.029172
0.031636
0.031285
0.027059
0.029047
0.028893
0.030259
0.029817
0.028678
0.025102
0.02831
0.027186
0.027895
0.031618
0.020578
0.02398
0.02506
0.02066
0.03031
0.020871
0.020083
0.021438
0.026736
0.02274
0.0219
0.022208
0.0217
0.02357
0.021384
0.027895
0.025227
0.020717
0.034329
0.033532
0.033486
0.035152
0.037838
0.031697
0.023571
0.022771
0.031937
0.027227
0.028732
0.027492
0.031324
0.037206
0.032464
0.036532
0.027269
0.015733
0.027615
0.019932
0.025579
0.023382
0.029723
0.024131
0.023526
0.024969
0.030111
0.028962
0.028816
0.028707
0.029783
0.02481
0.023482
0.030282
0.036697
0.030641
0.031022
0.034723
0.03153
0.035596
0.031628
0.036695
0.038684
0.030056
0.036357
0.039643
0.031427
0.033002
0.03504
0.033667
0.035439
0.038098
0.036684
0.034633
0.035226
0.039212
0.03644
0.030562
0.031319
0.035143
0.038107
0.038435
0.033878
0.036301
0.028919
0.032105
0.034982
0.035702
0.027976
0.03363
0.029114
0.029639
0.02114
0.020606
0.025509
0.02921
0.023171
0.026761
0.026031
0.025796
0.039517
0.037591
0.03998
0.023147
0.023945
0.026895
0.02337
0.023267
0.022903
0.022782
0.025473
0.024827
0.023757
0.023595
0.024485
0.029553
0.024178
0.047779
0.032214
0.029581
0.023215
0.021524
0.021153
0.025314
0.032724
0.027526
0.02841
0.028111
0.029672
0.034974
0.025575
0.030232
0.024296
0.022643
0.030712
0.024958
0.027482
0.027938
0.0278
0.026155
0.031094
0.022678
0.029889
0.023309
0.028111
0.023508
0.024211
0.018591
0.023919
0.027497
0.030359
0.023062
0.047416
0.019773
0.028186
0.025311
0.021237
0.021803
0.020228
0.026323
0.022931
0.02821
0.022143
0.023231
0.025402
0.033406
0.025392
0.025078
0.028221
0.031297
0.024374
0.02542
0.024929
0.024247
0.023675
0.020177
0.018481
0.020624
0.023926
0.026897
0.024953
0.023603
0.027239
0.024975
0.024107
0.029244
0.022615
0.027199
0.029072
0.021923
0.041077
0.031687
0.036079
0.023635
0.036569
0.037107
0.02819
0.04189
0.018682
0.03202
0.019393
0.022291
0.023918
0.034119
0.028003
0.034372
0.030764
0.030903
0.017035
0.022459
0.030138
0.03251
0.030462
0.032632
0.033976
0.036668
0.032041
0.025631
0.035779
0.028843
0.028913
0.038467
0.029705
0.03432
0.024705
0.027531
0.029202
0.024509
0.041658
0.026447
0.021793
0.025648
0.036448
0.041003
0.028448
0.024364
0.020442
0.038027
0.027781
0.037642
0.037696
0.028105
0.033178
0.027465
0.031811
0.027429
0.019788
0.028776
0.021924
0.020871
0.019957
0.028761
0.027737
0.026507
0.016818
0.042866
0.022361
0.029774
0.019742
0.019961
0.020771
0.022323
0.021855
0.021971
0.017251
0.022824
0.021159
0.019196
0.017917
0.018627
0.012404
0.017722
0.01359
0.016123
0.015495
0.013621
0.014848
0.016617
0.013004
0.014596
0.014961
0.014318
0.015615
0.015595
0.018198
0.018855
0.025026
0.020097
0.015492
0.015052
0.011918
0.014364
0.017532
0.012536
0.013651
0.015214
0.014979
0.021434
0.018305
0.014467
0.01911
0.026246
0.027451
0.026955
0.023786
0.028466
0.029832
0.027368
0.025746
0.029539
0.024491
0.027134
0.025286
0.026992
0.026628
0.027493
0.034345
0.031272
0.028766
0.029468
0.028818
0.029013
0.022321
0.022901
0.025164
0.025497
0.032893
0.02417
0.02487
0.028615
0.024801
0.022712
0.0239
0.022521
0.021057
0.025416
0.027033
0.032147
0.023335
0.025838
0.02965
0.036947
0.027723
0.024562
0.024031
0.023959
0.025942
0.027923
0.023021
0.031909
0.02408
0.019686
0.027387
0.023995
0.021815
0.026622
0.026154
0.031194
0.027596
0.027937
0.030707
0.024362
0.028254
0.030126
0.031421
0.028339
0.030178
0.032276
0.029745
0.031067
0.030709
0.022899
0.026022
0.017814
0.021922
0.025805
0.026031
0.028777
0.029177
0.01957
0.026046
0.029678
0.027568
0.018535
0.026887
0.026499
0.02289
0.03135
0.028115
0.028577
0.026795
0.017127
0.015791
0.019095
0.02464
0.015423
0.016011
0.016894
0.024898
0.025875
0.021608
0.026771
0.027663
0.024105
0.023924
0.025463
0.016644
0.024287
0.025499
0.032237
0.029904
0.025474
0.035811
0.030965
0.029008
0.032759
0.032097
0.035625
0.031369
0.031885
0.026935
0.027165
0.031547
0.039057
0.033157
0.033801
0.033632
0.031195
0.032313
0.036412
0.029311
0.03699
0.035628
0.032127
0.035839
0.027282
0.030061
0.032334
0.01974
0.015981
0.018669
0.030808
0.032843
0.025815
0.035713
0.027663
0.028088
0.036934
0.040069
0.035988
0.037721
0.017418
0.020627
0.022958
0.020652
0.020513
0.019591
0.017731
0.018579
0.019806
0.023769
0.025381
0.022257
0.025417
0.023533
0.025206
0.027439
0.021698
0.020399
0.023381
0.027547
0.026384
0.025523
0.026096
0.025682
0.027172
0.027555
0.023371
0.024741
0.026039
0.0271
0.026916
0.028008
0.026318
0.028397
0.028221
0.025814
0.027195
0.026656
0.02875
0.029094
0.022486
0.032024
0.02644
0.028701
0.026298
0.0254
0.02836
0.024344
0.025494
0.044397
0.025669
0.023033
0.026773
0.024126
0.028215
0.028701
0.023702
0.025008
0.026606
0.02411
0.02714
0.027014
0.025587
0.023917
0.02975
0.024707
0.025941
0.024429
0.025056
0.023485
0.023227
0.024063
0.029089
0.026304
0.028269
0.024051
0.028941
0.026502
0.025855
0.031366
0.028569
0.029541
0.029937
0.026547
0.030073
0.026417
0.027712
0.026177
0.026839
0.023917
0.024489
0.026367
0.028919
0.024988
0.022483
0.023353
0.035184
0.031375
0.028443
0.019415
0.026689
0.024526
0.027684
0.030634
0.03308
0.029331
0.027077
0.026549
0.029671
0.032043
0.029244
0.027791
0.027675
0.028173
0.029632
0.034339
0.027505
0.026414
0.026965
0.028603
0.026477
0.028519
0.028138
0.027187
0.032095
0.026541
0.029924
0.031641
0.030853
0.028194
0.028323
0.028235
0.028186
0.025445
0.027438
0.025995
0.027144
0.026862
0.023701
0.025327
0.026975
0.025203
0.028356
0.024063
0.023971
0.023317
0.023587
0.025364
0.025508
0.026287
0.025023
0.027989
0.024725
0.027346
0.02967
0.024475
0.027465
0.027404
0.029227
0.020694
0.021317
0.022054
0.018356
0.053092
0.015296
0.018472
0.018828
0.018148
0.014207
0.016108
0.01593
0.02376
0.018787
0.019667
0.017877
0.022712
0.023477
0.021488
0.023202
0.023479
0.021346
0.020786
0.020142
0.022971
0.026058
0.016912
0.019128
0.017742
0.019395
0.021407
0.024541
0.021511
0.019241
0.020739
0.021129
0.018511
0.024059
0.026249
0.018383
0.030716
0.021838
0.028072
0.022517
0.019949
0.018166
0.018791
0.022261
0.016848
0.026333
0.017978
0.022753
0.020291
0.025262
0.022642
0.027172
0.0274
0.028984
0.019006
0.022633
0.017081
0.018871
0.022473
0.016497
0.018181
0.016087
0.016368
0.028661
0.01819
0.027294
0.019991
0.022744
0.018505
0.020132
0.019352
0.026373
0.021897
0.014822
0.016366
0.019256
0.019871
0.022666
0.01939
0.022002
0.018108
0.016591
0.017661
0.022638
0.016979
0.016037
0.015838
0.02049
0.017694
0.028563
0.029554
0.025762
0.019251
0.020572
0.020564
0.021242
0.02554
0.028324
0.026003
0.031988
0.029421
0.028122
0.028556
0.038046
0.037474
0.023189
0.030268
0.028387
0.029721
0.037263
0.023804
0.026897
0.022448
0.028093
0.020804
0.023174
0.022288
0.022765
0.020975
0.02343
0.022851
0.026072
0.025119
0.02733
0.020904
0.023034
0.022514
0.024195
0.026116
0.023745
0.01932
0.022892
0.020665
0.020116
0.023436
0.021778
0.023103
0.022654
0.030782
0.029533
0.039551
0.022665
0.027555
0.028136
0.023804
0.024315
0.026387
0.02664
0.032718
0.022413
0.023753
0.027467
0.024512
0.028169
0.036765
0.023783
0.023235
0.022972
0.019478
0.022711
0.020955
0.022109
0.021426
0.027329
0.021776
0.021954
0.023672
0.021935
0.022852
0.019445
0.023184
0.022935
0.02368
0.022724
0.019268
0.022671
0.01872
0.024995
0.022215
0.019621
0.019847
0.021336
0.03354
0.028781
0.034986
0.020034
0.024537
0.024534
0.02492
0.0285
0.029477
0.028674
0.025637
0.029228
0.029838
0.026039
0.026281
0.026822
0.037387
0.042516
0.038084
0.04019
0.045669
0.038971
0.044481
0.022534
0.025339
0.023707
0.025023
0.027017
0.027967
0.027794
0.028765
0.028684
0.030481
0.031885
0.031817
0.026004
0.028915
0.034285
0.03511
0.029684
0.032744
0.032916
0.034864
0.034301
0.028389
0.030869
0.024592
0.02642
0.034796
0.028502
0.03113
0.026669
0.029231
0.029443
0.025146
0.021827
0.022307
0.02283
0.025704
0.019388
0.025399
0.03013
0.03342
0.029696
0.032773
0.030887
0.032515
0.032932
0.03353
0.031956
0.030689
0.031386
0.028723
0.029583
0.031343
0.032368
0.028455
0.028287
0.030706
0.025932
0.027381
0.027094
0.025779
0.02766
0.028455
0.027928
0.033067
0.030299
0.030463
0.031344
0.025678
0.02906
0.02724
0.026592
0.023708
0.026984
0.023096
0.023095
0.02469
0.023093
0.026575
0.022838
0.031791
0.027159
0.020517
0.017148
0.0164
0.017916
0.017157
0.016094
0.0165
0.033533
0.023685
0.02472
0.027504
0.022454
0.023719
0.028092
0.030117
0.030952
0.024671
0.024338
0.027487
0.027394
0.037889
0.036405
0.037319
0.034196
0.034846
0.030629
0.033112
0.030654
0.031611
0.034338
0.03025
0.029323
0.017672
0.022255
0.015093
0.020404
0.023969
0.018644
0.02585
0.020877
0.022697
0.021772
0.02886
0.021823
0.022619
0.02524
0.026992
0.024768
0.027144
0.028958
0.025285
0.02625
0.026255
0.027065
0.030473
0.025531
0.025598
0.023746
0.029281
0.029726
0.02651
0.02619
0.026294
0.026899
0.024344
0.025606
0.026696
0.027582
0.02488
0.033468
0.026707
0.027957
0.024801
0.034488
0.032113
0.029789
0.027217
0.031253
0.028818
0.02535
0.027583
0.025984
0.026291
0.028183
0.031728
0.034726
0.02807
0.02893
0.028626
0.030826
0.024908
0.030268
0.030203
0.025732
0.033279
0.030736
0.034184
0.026089
0.027509
0.026172
0.032461
0.026465
0.023283
0.0248
0.0264
0.027602
0.028236
0.025906
0.028833
0.030531
0.03172
0.031544
0.029441
0.025348
0.026907
0.028431
0.027985
0.027522
0.031395
0.028992
0.028736
0.028888
0.028015
0.026669
0.02789
0.023093
0.02488
0.029628
0.025978
0.02313
0.023567
0.025831
0.026458
0.028201
0.029076
0.027273
0.025799
0.026454
0.025844
0.026667
0.023514
0.02819
0.030149
0.025236
0.025672
0.024163
0.024574
0.022146
0.025422
0.026663
0.02458
0.025277
0.022273
0.023138
0.025779
0.022489
0.026709
0.027447
0.022805
0.023542
0.026321
0.025045
0.024797
0.023325
0.025192
0.023164
0.025053
0.022439
0.022669
0.030229
0.025876
0.027473
0.030767
0.031488
0.025385
0.033744
0.033468
0.030088
0.033142
0.031987
0.032225
0.031127
0.030912
0.032725
0.034053
0.034005
0.031076
0.034593
0.03253
0.032724
0.031116
0.034123
0.032686
0.031604
0.038987
0.031953
0.032405
0.035951
0.029818
0.028797
0.027709
0.032553
0.030296
0.029001
0.031852
0.031511
0.025719
0.025414
0.030811
0.033231
0.033874
0.027216
0.026985
0.052041
0.05148
0.047719
0.047752
0.052592
0.054753
0.055959
0.047772
0.057782
0.054204
0.049638
0.050463
0.050631
0.04785
0.045617
0.044657
0.047184
0.046872
0.044645
0.052693
0.045429
0.051652
0.045053
0.044799
0.052039
0.051565
0.049847
0.047935
0.052008
0.046681
0.047849
0.044123
0.048723
0.044819
0.044924
0.050285
0.048264
0.046463
0.042632
0.033795
0.032722
0.03956
0.038233
0.027582
0.024837
0.023498
0.02385
0.020211
0.021811
0.016177
0.018531
0.02066
0.022003
0.049715
0.045792
0.042719
0.046772
0.038715
0.045153
0.035841
0.034198
0.04068
0.038963
0.032502
0.037018
0.043739
0.025595
0.038107
0.038014
0.028875
0.031065
0.029532
0.027565
0.027139
0.023927
0.03138
0.019075
0.025145
0.022443
0.014637
0.02093
0.021878
0.015865
0.024333
0.021626
0.018517
0.026248
0.019364
0.019867
0.015642
0.017643
0.028882
0.013479
0.017201
0.022508
0.014555
0.018528
0.014586
0.023723
0.020203
0.024091
0.021761
0.023763
0.0287
0.025135
0.021325
0.024987
0.019652
0.016887
0.020968
0.018866
0.02215
0.021817
0.021202
0.017573
0.021277
0.023654
0.021048
0.025401
0.023104
0.024662
0.018541
0.018798
0.022427
0.02168
0.01629
0.020527
0.031348
0.018479
0.036186
0.025804
0.020001
0.019691
0.022095
0.023389
0.016766
0.022558
0.018197
0.023464
0.024262
0.029936
0.023244
0.020025
0.028769
0.026254
0.025085
0.032321
0.024431
0.026874
0.027454
0.024235
0.019898
0.021451
0.020041
0.022508
0.023224
0.023391
0.018938
0.02445
0.022071
0.020292
0.021049
0.030485
0.020474
0.022028
0.026077
0.028343
0.024421
0.028072
0.026947
0.027395
0.024272
0.025168
0.024984
0.025052
0.021154
0.022601
0.024817
0.020729
0.022534
0.023424
0.018922
0.020714
0.020352
0.029693
0.018366
0.025389
0.020452
0.025338
0.027275
0.023003
0.022807
0.025851
0.024285
0.028201
0.025341
0.02545
0.027698
0.029658
0.021965
0.022911
0.020714
0.018387
0.02003
0.017734
0.019322
0.021104
0.018163
0.025326
0.019911
0.017208
0.018504
0.016185
0.020914
0.020885
0.023081
0.027482
0.022365
0.025912
0.02197
0.023381
0.025502
0.02469
0.023557
0.027903
0.026706
0.034352
0.021954
0.024277
0.019721
0.030154
0.023759
0.023435
0.029396
0.025257
0.024295
0.02439
0.030687
0.026074
0.02639
0.02664
0.021104
0.03144
0.029738
0.027729
0.024596
0.030205
0.025572
0.022336
0.032809
0.025969
0.039488
0.022638
0.01841
0.021406
0.03294
0.021311
0.025685
0.022289
0.036364
0.03922
0.033555
0.047944
0.024795
0.026133
0.027912
0.028294
0.028761
0.030819
0.028624
0.030811
0.024435
0.029099
0.045058
0.022336
0.022587
0.023223
0.017775
0.020642
0.019097
0.022914
0.019032
0.023356
0.019125
0.023563
0.022392
0.027794
0.024463
0.035702
0.031542
0.032959
0.032637
0.019828
0.032616
0.029437
0.028519
0.031754
0.030253
0.030851
0.030681
0.029536
0.025698
0.032367
0.031681
0.028408
0.030977
0.030719
0.025809
0.02911
0.027005
0.025832
0.02568
0.026892
0.023819
0.028906
0.024854
0.027231
0.029338
0.033054
0.0278
0.033769
0.025657
0.028006
0.030481
0.033855
0.022465
0.022488
0.019891
0.025566
0.029111
0.034288
0.032603
0.034463
0.034796
0.034056
0.019676
0.019467
0.023749
0.031529
0.027442
0.028886
0.028957
0.02928
0.030802
0.030016
0.035099
0.030764
0.026852
0.024776
0.025399
0.020303
0.021578
0.024388
0.019899
0.02039
0.020587
0.0309
0.033213
0.02998
0.029292
0.030841
0.030724
0.032149
0.034495
0.030497
0.034151
0.034622
0.033743
0.032687
0.035375
0.031942
0.033747
0.031884
0.031412
0.034537
0.034621
0.035254
0.030878
0.029916
0.034601
0.030293
0.034259
0.032743
0.0349
0.036161
0.028501
0.036107
0.027763
0.018807
0.021136
0.019843
0.021592
0.021704
0.020781
0.019203
0.030171
0.023206
0.026362
0.035987
0.029712
0.028144
0.036072
0.031513
0.028796
0.032634
0.032627
0.028071
0.032603
0.029343
0.033468
0.036762
0.036729
0.0311
0.032038
0.035947
0.028266
0.034844
0.027612
0.029907
0.026739
0.020436
0.02355
0.016944
0.020085
0.021771
0.021126
0.025957
0.020511
0.02285
0.021036
0.018249
0.021799
0.017797
0.027901
0.024067
0.032487
0.031004
0.020184
0.019417
0.025258
0.027554
0.0311
0.030429
0.028699
0.032526
0.028657
0.027375
0.038554
0.047179
0.039707
0.038804
0.048798
0.050862
0.045239
0.05329
0.045175
0.049277
0.047485
0.040666
0.041601
0.045042
0.042988
0.039037
0.052604
0.053085
0.049647
0.04829
0.048234
0.045005
0.05361
0.043254
0.047588
0.046107
0.050371
0.047828
0.042984
0.056828
0.048884
0.052461
0.049818
0.043426
0.052991
0.047181
0.046652
0.048038
0.0485
0.045191
0.048473
0.04631
0.05135
0.045587
0.041223
0.040029
0.040651
0.040229
0.034065
0.052476
0.043417
0.036867
0.043786
0.03568
0.038251
0.032792
0.029508
0.030507
0.021041
0.032698
0.0211
0.023295
0.023785
0.024145
0.024453
0.023423
0.02291
0.039597
0.034022
0.027125
0.030714
0.028122
0.023812
0.026755
0.025196
0.022801
0.023674
0.020431
0.018756
0.024485
0.019196
0.021465
0.03255
0.018499
0.020302
0.018011
0.022923
0.026252
0.025314
0.024295
0.025385
0.027977
0.023
0.025172
0.026058
0.020135
0.022075
0.026166
0.019549
0.023825
0.025935
0.020426
0.029933
0.025142
0.028799
0.02071
0.032004
0.03565
0.034792
0.035919
0.034301
0.018056
0.017692
0.026735
0.022659
0.045327
0.033604
0.023925
0.028004
0.025121
0.024659
0.029867
0.031737
0.038872
0.036119
0.033672
0.036076
0.037453
0.032951
0.02223
0.026581
0.024774
0.032823
0.029963
0.023272
0.028904
0.026266
0.027372
0.02515
0.025982
0.031383
0.026779
0.031381
0.034003
0.023047
0.029946
0.034007
0.029456
0.031951
0.034431
0.029238
0.032183
0.02985
0.029442
0.024645
0.02269
0.026669
0.025075
0.022339
0.027507
0.03003
0.023475
0.026169
0.029493
0.025735
0.032363
0.033424
0.02653
0.026103
0.029264
0.028252
0.033908
0.023024
0.024677
0.023463
0.020366
0.023544
0.022714
0.024062
0.020369
0.023111
0.024928
0.027057
0.024227
0.025335
0.020388
0.024145
0.026208
0.025199
0.046747
0.02505
0.025009
0.027458
0.024096
0.024692
0.026792
0.026385
0.019874
0.022518
0.021338
0.023376
0.021297
0.019869
0.019735
0.019234
0.018306
0.020183
0.018784
0.017563
0.017935
0.022794
0.019021
0.02108
0.019358
0.026299
0.020244
0.022665
0.024214
0.022859
0.025741
0.024011
0.025637
0.027635
0.021816
0.025012
0.018738
0.02675
0.019593
0.021635
0.023871
0.01872
0.017314
0.01995
0.018905
0.019824
0.020971
0.020534
0.017949
0.020719
0.01894
0.017407
0.01911
0.02365
0.020304
0.021789
0.017166
0.018327
0.022917
0.022397
0.022534
0.024557
0.024025
0.021909
0.026608
0.023032
0.023075
0.02254
0.023247
0.016277
0.019604
0.019979
0.02484
0.028919
0.025977
0.025728
0.026648
0.024228
0.025692
0.026345
0.022644
0.02545
0.022776
0.02431
0.027801
0.02542
0.029477
0.024388
0.027124
0.023072
0.022806
0.028618
0.017227
0.024045
0.026368
0.026197
0.025099
0.02148
0.01967
0.028626
0.027432
0.028378
0.029317
0.028101
0.030528
0.025293
0.027182
0.028138
0.024303
0.027532
0.02944
0.02888
0.02881
0.026148
0.027902
0.022566
0.031349
0.027815
0.02679
0.027571
0.028727
0.023759
0.023903
0.022361
0.024004
0.020822
0.027935
0.023268
0.023578
0.0256
0.024973
0.025925
0.02547
0.022666
0.024413
0.024446
0.025885
0.025127
0.025005
0.025384
0.029243
0.028089
0.020671
0.025547
0.028623
0.025271
0.027473
0.017973
0.028089
0.031544
0.036699
0.034107
0.027318
0.038905
0.033887
0.037871
0.033588
0.023421
0.03198
0.024288
0.032284
0.027152
0.031305
0.032064
0.030018
0.028179
0.034628
0.027691
0.028977
0.033947
0.031955
0.02822
0.032522
0.032807
0.031484
0.023993
0.025388
0.026662
0.028084
0.024888
0.023122
0.027011
0.02705
0.027363
0.032433
0.027306
0.024717
0.023393
0.025515
0.027084
0.028237
0.031656
0.040116
0.034649
0.038011
0.033655
0.037827
0.037002
0.035406
0.033037
0.038348
0.034931
0.037262
0.033873
0.036085
0.033678
0.036272
0.030908
0.031874
0.03447
0.031401
0.033422
0.034687
0.035707
0.028041
0.031652
0.03233
0.028875
0.021214
0.029008
0.023913
0.026685
0.024557
0.029687
0.022408
0.025654
0.028578
0.021128
0.030569
0.021036
0.026127
0.031059
0.028484
0.025649
0.025222
0.027154
0.026215
0.025702
0.025467
0.020293
0.021509
0.020704
0.023395
0.023421
0.023258
0.02435
0.027054
0.022637
0.020605
0.020821
0.023735
0.021585
0.022456
0.022738
0.020449
0.026858
0.02655
0.029447
0.024317
0.023705
0.020205
0.047024
0.041431
0.042735
0.042339
0.041746
0.043771
0.039339
0.042235
0.04215
0.041621
0.046291
0.042423
0.046903
0.052984
0.045549
0.055859
0.050578
0.042156
0.048038
0.053558
0.043451
0.043831
0.041645
0.041109
0.041604
0.040147
0.041266
0.038424
0.036386
0.031964
0.040202
0.039309
0.044252
0.044345
0.044435
0.030676
0.030338
0.039843
0.035435
0.032452
0.036789
0.032801
0.026392
0.029806
0.030045
0.026475
0.01729
0.031608
0.019139
0.02223
0.020683
0.022179
0.023148
0.03448
0.031006
0.031146
0.024437
0.021968
0.016873
0.019594
0.023314
0.021603
0.023481
0.020399
0.020172
0.02095
0.020418
0.020275
0.02677
0.021807
0.025063
0.027335
0.027186
0.022557
0.027642
0.022988
0.018282
0.027082
0.028993
0.025897
0.020649
0.023854
0.030005
0.028422
0.026089
0.027382
0.031017
0.028929
0.029545
0.028737
0.02757
0.035803
0.032365
0.030795
0.031126
0.029188
0.033249
0.027058
0.024372
0.034471
0.036016
0.027359
0.032748
0.031471
0.033039
0.029868
0.028239
0.036361
0.034986
0.028978
0.029847
0.028662
0.033607
0.025575
0.03367
0.026904
0.036925
0.025748
0.03005
0.029613
0.033231
0.032075
0.026854
0.025936
0.034627
0.032973
0.030879
0.033558
0.027494
0.034924
0.0343
0.036765
0.027906
0.03578
0.033797
0.031254
0.029523
0.034418
0.031193
0.027009
0.031097
0.031512
0.025693
0.031601
0.030526
0.031918
0.027639
0.03207
0.031284
0.034409
0.03555
0.036873
0.038217
0.038063
0.042249
0.031822
0.033691
0.034435
0.035256
0.03114
0.032355
0.036617
0.028661
0.032502
0.038275
0.033693
0.031896
0.032678
0.036743
0.032658
0.034329
0.035752
0.034108
0.038207
0.031588
0.033222
0.032247
0.027584
0.023861
0.025459
0.024561
0.030289
0.029458
0.029385
0.026253
0.02759
0.029014
0.025123
0.023227
0.035093
0.037427
0.036515
0.03078
0.030039
0.041539
0.02749
0.036162
0.030148
0.034719
0.034899
0.034572
0.038049
0.035085
0.041517
0.031652
0.032779
0.028447
0.034609
0.040832
0.033564
0.028464
0.02917
0.029394
0.032228
0.02954
0.030873
0.033806
0.032798
0.032453
0.02465
0.029918
0.021257
0.028969
0.02584
0.025458
0.02253
0.025012
0.019178
0.023166
0.023591
0.016245
0.01867
0.019588
0.021949
0.031585
0.028128
0.027535
0.031022
0.025317
0.022944
0.034407
0.030467
0.024862
0.030276
0.025978
0.024486
0.025039
0.031137
0.02621
0.027055
0.023127
0.023191
0.02627
0.026688
0.020844
0.020489
0.020043
0.017358
0.021167
0.017152
0.015665
0.016641
0.024666
0.020601
0.027993
0.020275
0.020291
0.017172
0.021413
0.017342
0.019961
0.017032
0.01956
0.022871
0.019507
0.021071
0.022575
0.020795
0.019448
0.022045
0.02306
0.02188
0.019936
0.019708
0.017357
0.022399
0.019854
0.018282
0.014197
0.015977
0.017361
0.021034
0.031413
0.02581
0.031246
0.022786
0.020178
0.030604
0.035426
0.02715
0.024602
0.025293
0.028913
0.028242
0.026193
0.020274
0.019641
0.025082
0.02623
0.025553
0.020458
0.031848
0.023833
0.028103
0.026977
0.029343
0.028877
0.023985
0.024639
0.026796
0.027572
0.02985
0.031726
0.023489
0.023242
0.022751
0.023509
0.024676
0.021658
0.021181
0.018308
0.018337
0.019026
0.027889
0.020565
0.023076
0.020186
0.018273
0.020343
0.020259
0.023555
0.018867
0.0273
0.019114
0.020965
0.023713
0.023703
0.017844
0.020741
0.019053
0.036783
0.031234
0.018744
0.028282
0.026808
0.024442
0.028797
0.031084
0.0311
0.024979
0.020153
0.022051
0.016481
0.02088
0.028978
0.018343
0.026675
0.019167
0.03006
0.018731
0.027262
0.02273
0.019894
0.026403
0.029205
0.028659
0.023097
0.024229
0.026244
0.027381
0.026836
0.025849
0.02643
0.023469
0.027212
0.026509
0.031168
0.02243
0.026775
0.023909
0.02603
0.022421
0.022034
0.027045
0.025437
0.022995
0.022858
0.021721
0.021372
0.02975
0.026499
0.026765
0.024918
0.024588
0.018391
0.022713
0.023789
0.022307
0.021777
0.022253
0.023586
0.023186
0.020666
0.022857
0.025638
0.028622
0.021815
0.025065
0.021383
0.029598
0.025301
0.022951
0.021056
0.022402
0.022069
0.021729
0.024577
0.022071
0.021297
0.022931
0.025453
0.022905
0.019059
0.024526
0.020361
0.021984
0.023731
0.021117
0.028727
0.022896
0.024029
0.026109
0.024008
0.031056
0.018419
0.023353
0.023615
0.02243
0.018664
0.022097
0.023072
0.017157
0.023224
0.021526
0.024172
0.026387
0.023703
0.022565
0.025377
0.022486
0.02499
0.024104
0.02154
0.020732
0.023375
0.024162
0.026008
0.020396
0.019734
0.023832
0.028286
0.032199
0.023736
0.026788
0.024834
0.025145
0.027834
0.02487
0.028824
0.027589
0.028304
0.024863
0.029937
0.030973
0.027756
0.030307
0.029772
0.026332
0.020761
0.025324
0.020079
0.025663
0.028092
0.025139
0.029775
0.024851
0.024227
0.030051
0.025002
0.024144
0.023376
0.031079
0.023218
0.024464
0.02813
0.025952
0.025628
0.027095
0.028278
0.02093
0.020316
0.028786
0.027846
0.030843
0.026233
0.02747
0.02577
0.028705
0.029282
0.030467
0.029681
0.027127
0.025227
0.023582
0.026461
0.024599
0.023241
0.030415
0.027354
0.033268
0.027102
0.027945
0.023172
0.021536
0.022949
0.022521
0.029135
0.023818
0.029155
0.028108
0.026883
0.03335
0.028114
0.025629
0.030495
0.021871
0.030505
0.030158
0.032747
0.029934
0.029114
0.031089
0.0303
0.031226
0.033973
0.027806
0.029212
0.030459
0.027648
0.030976
0.025294
0.025563
0.027233
0.02126
0.031622
0.028846
0.022662
0.02563
0.022562
0.023088
0.019214
0.020301
0.026114
0.022732
0.020256
0.023193
0.026148
0.026373
0.020036
0.020026
0.032957
0.033293
0.03299
0.033893
0.03137
0.034622
0.030711
0.028777
0.029804
0.034905
0.034738
0.034355
0.032607
0.036161
0.03799
0.034065
0.039417
0.029671
0.032877
0.039965
0.041881
0.040773
0.033993
0.040932
0.033085
0.033544
0.01859
0.032035
0.037878
0.02397
0.032706
0.021765
0.024549
0.021656
0.010278
0.013855
0.022262
0.015782
0.024809
0.021962
0.020363
0.017126
0.017446
0.023814
0.023142
0.021237
0.016281
0.021399
0.016292
0.019165
0.023513
0.017932
0.021653
0.019438
0.020642
0.019439
0.020976
0.019985
0.017968
0.020503
0.023959
0.020043
0.017358
0.023288
0.025089
0.041386
0.048913
0.019673
0.034382
0.026308
0.025696
0.025988
0.025109
0.02238
0.018106
0.018726
0.017216
0.024675
0.02743
0.030561
0.027808
0.029351
0.026907
0.023261
0.02934
0.019315
0.024603
0.02298
0.023491
0.021309
0.02507
0.020228
0.028328
0.020721
0.019239
0.020717
0.026401
0.022198
0.022315
0.021278
0.042836
0.020912
0.032661
0.021771
0.029498
0.016812
0.030191
0.031846
0.020768
0.024592
0.021736
0.019037
0.025301
0.023513
0.025229
0.020201
0.021849
0.024488
0.020907
0.024157
0.021339
0.018099
0.033667
0.032331
0.023234
0.022383
0.030004
0.026565
0.025642
0.021536
0.024976
0.03258
0.029816
0.021838
0.024786
0.021964
0.018498
0.015369
0.014743
0.025776
0.014276
0.023721
0.019453
0.020104
0.026036
0.015968
0.022753
0.016415
0.021515
0.020622
0.023762
0.020268
0.022262
0.019765
0.019796
0.018785
0.017138
0.022976
0.028499
0.025453
0.025068
0.024141
0.023295
0.023738
0.02482
0.022119
0.025713
0.025007
0.023762
0.025658
0.02199
0.02089
0.027051
0.025003
0.022613
0.028674
0.023223
0.028899
0.02105
0.022877
0.024997
0.024839
0.024673
0.026504
0.025296
0.027694
0.024948
0.021795
0.026112
0.027417
0.024228
0.020863
0.024929
0.02467
0.024408
0.024989
0.023927
0.025939
0.026169
0.029171
0.02315
0.026789
0.0248
0.020181
0.021603
0.023378
0.02628
0.024617
0.02538
0.027846
0.026674
0.027401
0.022896
0.026125
0.029498
0.022318
0.025929
0.021626
0.020549
0.021465
0.020258
0.023989
0.023521
0.022318
0.021668
0.020667
0.019031
0.024452
0.026094
0.02338
0.019876
0.024609
0.022592
0.022293
0.022662
0.018887
0.020123
0.023413
0.017356
0.020259
0.018628
0.021204
0.018673
0.020009
0.017495
0.019375
0.01651
0.015711
0.019435
0.018144
0.026841
0.023656
0.026878
0.026976
0.028674
0.024477
0.025419
0.030788
0.024691
0.025963
0.024647
0.020564
0.022306
0.026096
0.024903
0.02097
0.022593
0.022093
0.021587
0.023409
0.019985
0.022594
0.024502
0.023125
0.021343
0.025051
0.022254
0.024317
0.024408
0.024775
0.021682
0.018422
0.021616
0.017016
0.023718
0.01908
0.015248
0.018793
0.016595
0.017231
0.017995
0.027177
0.022486
0.020223
0.016744
0.020304
0.020744
0.016853
0.020464
0.028033
0.021125
0.021241
0.016938
0.024908
0.020342
0.021951
0.028762
0.022365
0.0222
0.022756
0.023625
0.015925
0.02349
0.025728
0.029921
0.028519
0.030781
0.024737
0.023797
0.024513
0.027549
0.021296
0.027108
0.026171
0.027193
0.028951
0.025464
0.03153
0.029979
0.029599
0.028314
0.029177
0.031596
0.034757
0.032232
0.028673
0.03138
0.026429
0.026985
0.030256
0.028742
0.029025
0.022635
0.028861
0.030376
0.029799
0.031535
0.029147
0.033296
0.029794
0.030855
0.029882
0.029483
0.03063
0.031035
0.028624
0.030555
0.029752
0.027398
0.024208
0.024581
0.024656
0.026051
0.032596
0.026363
0.024624
0.020513
0.016865
0.029284
0.031496
0.027435
0.028139
0.022892
0.023171
0.032465
0.036387
0.0283
0.030519
0.035373
0.026818
0.027754
0.02682
0.023573
0.023956
0.02883
0.022156
0.019577
0.030315
0.031022
0.026928
0.022143
0.025631
0.018672
0.025213
0.016895
0.014
0.016339
0.015901
0.019015
0.017942
0.022099
0.02201
0.023218
0.025846
0.024234
0.021465
0.019819
0.026194
0.02887
0.021168
0.024434
0.022497
0.025515
0.029759
0.031615
0.02614
0.024378
0.027748
0.018375
0.029253
0.014703
0.014465
0.023653
0.015572
0.018788
0.0172
0.02085
0.013462
0.016335
0.017821
0.017686
0.014358
0.018293
0.018878
0.016825
0.018969
0.02456
0.019954
0.022765
0.021435
0.018659
0.018328
0.023123
0.027533
0.028738
0.02492
0.031319
0.029872
0.032442
0.02708
0.024165
0.027015
0.029981
0.030151
0.028261
0.029908
0.031072
0.031998
0.030138
0.035295
0.034507
0.037056
0.026557
0.031521
0.029856
0.030811
0.027375
0.01524
0.035261
0.027668
0.021703
0.02532
0.022988
0.022509
0.019791
0.019959
0.023738
0.020949
0.024889
0.027501
0.023289
0.023747
0.020859
0.021809
0.026828
0.025397
0.024321
0.025769
0.024185
0.021633
0.024968
0.024393
0.023934
0.022188
0.023769
0.025908
0.024966
0.022544
0.025045
0.022196
0.025211
0.02605
0.024983
0.024753
0.025419
0.026971
0.03313
0.034732
0.033546
0.032862
0.033785
0.035617
0.030288
0.033566
0.033948
0.030957
0.029897
0.035487
0.027797
0.026646
0.020371
0.028484
0.028247
0.02117
0.027497
0.031177
0.02467
0.030188
0.028636
0.031595
0.024953
0.025651
0.024265
0.024834
0.030258
0.029205
0.025733
0.026211
0.02628
0.022293
0.023569
0.025403
0.027833
0.026416
0.022753
0.025358
0.0243
0.024423
0.026924
0.023192
0.025143
0.023558
0.021056
0.027455
0.025147
0.03246
0.034082
0.029329
0.027131
0.03158
0.03173
0.031089
0.033996
0.029118
0.025306
0.028902
0.027167
0.023652
0.023146
0.028552
0.029113
0.022252
0.021876
0.020751
0.020103
0.021611
0.020803
0.023594
0.022673
0.021761
0.022533
0.02575
0.028864
0.030834
0.025772
0.029775
0.020049
0.019911
0.027501
0.029118
0.021131
0.027872
0.021889
0.03024
0.029824
0.032391
0.030075
0.026744
0.031492
0.029017
0.030981
0.035343
0.035878
0.033389
0.027776
0.030286
0.031006
0.027431
0.029693
0.034265
0.031806
0.031029
0.032912
0.029394
0.032474
0.033771
0.02987
0.030362
0.031856
0.031816
0.028799
0.027737
0.032072
0.028129
0.031195
0.033551
0.031745
0.030838
0.029096
0.033504
0.031922
0.03077
0.018146
0.021201
0.020151
0.028221
0.037044
0.025291
0.0182
0.025896
0.038955
0.036716
0.018488
0.028642
0.018744
0.024338
0.027852
0.01775
0.016994
0.021121
0.018202
0.017488
0.026336
0.01859
0.021788
0.029597
0.031965
0.021724
0.02241
0.022689
0.027094
0.025922
0.021843
0.020734
0.018814
0.031261
0.025334
0.023878
0.026015
0.020017
0.026824
0.024645
0.022411
0.020578
0.033543
0.021708
0.023805
0.028754
0.029108
0.023506
0.02535
0.02602
0.027936
0.023246
0.022375
0.025166
0.024533
0.027126
0.028504
0.02428
0.032305
0.023506
0.02577
0.027289
0.023242
0.028171
0.02264
0.027626
0.02839
0.030219
0.026167
0.030416
0.025693
0.025763
0.027222
0.030531
0.029828
0.025832
0.023948
0.025339
0.029562
0.02714
0.02128
0.020452
0.027908
0.030812
0.024115
0.027656
0.023207
0.024335
0.020847
0.024738
0.023978
0.02038
0.024662
0.026255
0.019277
0.02156
0.015444
0.030688
0.029156
0.020878
0.021404
0.020868
0.024086
0.025073
0.021935
0.020747
0.016862
0.018922
0.022019
0.023784
0.0245
0.023871
0.024378
0.027114
0.031076
0.024848
0.017749
0.023049
0.029416
0.02459
0.024787
0.022627
0.025904
0.029538
0.026007
0.024492
0.028249
0.028191
0.026839
0.026363
0.027667
0.030085
0.030441
0.028318
0.027274
0.026803
0.022497
0.032164
0.026956
0.029231
0.0326
0.027625
0.031137
0.030235
0.030921
0.030279
0.027548
0.028402
0.030509
0.031271
0.028519
0.031043
0.032359
0.028069
0.029204
0.029974
0.031291
0.033326
0.050721
0.052415
0.05066
0.04561
0.045695
0.054604
0.044496
0.039708
0.046787
0.041142
0.047036
0.052246
0.047324
0.046219
0.043118
0.049166
0.047037
0.050433
0.050199
0.050919
0.049147
0.052608
0.053023
0.050898
0.054726
0.049028
0.050279
0.052391
0.046934
0.057417
0.046247
0.045306
0.054758
0.047482
0.048529
0.051981
0.047303
0.060394
0.052465
0.049939
0.050498
0.051937
0.055524
0.048369
0.058516
0.058281
0.043594
0.028878
0.043495
0.036005
0.047034
0.028631
0.036861
0.034969
0.028013
0.033502
0.03049
0.032003
0.034632
0.030783
0.029182
0.028415
0.034825
0.050919
0.039265
0.030295
0.039906
0.028339
0.036317
0.038614
0.031824
0.024185
0.035299
0.020062
0.025453
0.030315
0.034644
0.026662
0.022611
0.030975
0.020247
0.025984
0.023631
0.022817
0.04832
0.035009
0.034798
0.03399
0.02952
0.026752
0.021403
0.025063
0.028885
0.022183
0.023365
0.033833
0.027133
0.027262
0.020694
0.02339
0.024907
0.022237
0.025078
0.022558
0.022848
0.023212
0.019357
0.02149
0.023313
0.023736
0.026257
0.026271
0.025543
0.02948
0.027592
0.025479
0.022386
0.034916
0.028634
0.029502
0.034737
0.031181
0.031901
0.034288
0.027788
0.027176
0.027314
0.024602
0.033826
0.025027
0.02797
0.031866
0.030885
0.027285
0.030415
0.034508
0.0313
0.024767
0.031043
0.024812
0.024171
0.031215
0.026294
0.029106
0.022813
0.032865
0.023596
0.025549
0.022059
0.026587
0.021011
0.022099
0.022393
0.021238
0.03676
0.038603
0.021655
0.033258
0.032946
0.027115
0.024566
0.024674
0.024813
0.02374
0.044186
0.039458
0.016636
0.024773
0.022345
0.026665
0.02156
0.019562
0.021929
0.020121
0.020793
0.018321
0.021999
0.022934
0.0202
0.02113
0.018766
0.022867
0.021365
0.022619
0.021259
0.01555
0.023413
0.020569
0.015801
0.022232
0.016986
0.021197
0.021763
0.020423
0.023668
0.022842
0.022489
0.024474
0.021967
0.024926
0.018623
0.016122
0.018261
0.023485
0.0265
0.017929
0.019692
0.018905
0.019675
0.017078
0.018113
0.017755
0.019592
0.021504
0.018182
0.022914
0.01995
0.022872
0.022884
0.017777
0.023441
0.020197
0.025401
0.019547
0.022879
0.018127
0.021024
0.023997
0.020227
0.018608
0.023159
0.022346
0.018489
0.018362
0.020874
0.027203
0.022902
0.024939
0.023057
0.025631
0.05406
0.051151
0.058145
0.05707
0.052466
0.045054
0.059997
0.049848
0.048573
0.047549
0.043728
0.051318
0.061312
0.050409
0.048205
0.051603
0.057929
0.051196
0.051661
0.059647
0.054966
0.049796
0.047594
0.044404
0.04844
0.051441
0.04486
0.048701
0.044617
0.042011
0.04317
0.045266
0.040968
0.038947
0.045274
0.041824
0.042936
0.044178
0.039088
0.037474
0.038811
0.042384
0.040191
0.036996
0.035541
0.036973
0.03927
0.048542
0.047232
0.043197
0.048227
0.047478
0.052021
0.044541
0.05183
0.053341
0.063546
0.06205
0.067933
0.061761
0.063957
0.060818
0.047306
0.058636
0.041086
0.054329
0.034046
0.036242
0.047551
0.034898
0.034943
0.063687
0.058489
0.057161
0.031658
0.032688
0.037956
0.033876
0.035746
0.034202
0.035034
0.035637
0.032206
0.035572
0.032126
0.033825
0.027758
0.03261
0.026963
0.026397
0.023521
0.028334
0.027104
0.023203
0.028773
0.027481
0.024305
0.021709
0.044066
0.042867
0.028419
0.035967
0.040775
0.02509
0.027506
0.023329
0.022933
0.035061
0.027423
0.020567
0.020976
0.023985
0.024662
0.022049
0.022289
0.027714
0.026773
0.027823
0.021024
0.026798
0.026137
0.024886
0.025591
0.029223
0.031052
0.02767
0.020359
0.020403
0.020036
0.019777
0.02499
0.020809
0.025487
0.02051
0.022226
0.027833
0.020897
0.022019
0.024328
0.029418
0.025002
0.030903
0.032366
0.030802
0.025284
0.02792
0.026884
0.030231
0.031713
0.032822
0.025136
0.032154
0.025865
0.032168
0.029432
0.029328
0.03053
0.019473
0.018611
0.023805
0.023974
0.016504
0.033605
0.03154
0.033265
0.034193
0.030572
0.028105
0.027434
0.0316
0.030364
0.031467
0.031446
0.038072
0.029068
0.032002
0.027749
0.024185
0.024777
0.029996
0.02649
0.023727
0.026126
0.021244
0.028732
0.02686
0.019375
0.017418
0.026101
0.020018
0.02292
0.021522
0.018553
0.019792
0.017855
0.019422
0.018401
0.012553
0.022927
0.025197
0.018163
0.019858
0.022564
0.018056
0.01843
0.02366
0.021793
0.018396
0.018624
0.022987
0.019778
0.016844
0.019827
0.021308
0.014767
0.015741
0.01862
0.01676
0.022087
0.014073
0.01885
0.021975
0.018015
0.019733
0.022348
0.025317
0.02452
0.024828
0.017773
0.012692
0.018117
0.019886
0.019846
0.017904
0.019625
0.025381
0.021619
0.021657
0.024103
0.013145
0.017871
0.020894
0.019898
0.023575
0.020026
0.020159
0.017654
0.020104
0.019835
0.017735
0.018146
0.017815
0.022456
0.02027
0.02
0.018782
0.017543
0.022408
0.020476
0.017171
0.056031
0.054412
0.046617
0.049114
0.056884
0.045555
0.034041
0.031811
0.042961
0.04578
0.044717
0.044885
0.033955
0.037354
0.031383
0.027634
0.054881
0.043655
0.044702
0.036192
0.055832
0.053822
0.057643
0.040042
0.038433
0.038193
0.04649
0.047591
0.042343
0.046356
0.028435
0.03874
0.03573
0.034214
0.02159
0.032249
0.031036
0.024836
0.027005
0.031067
0.034657
0.016532
0.027592
0.029325
0.02584
0.016004
0.017403
0.024996
0.021923
0.02466
0.026838
0.02235
0.024871
0.025762
0.02142
0.030466
0.025892
0.020369
0.024966
0.027845
0.022456
0.02844
0.017274
0.028601
0.024022
0.017128
0.017761
0.016861
0.019446
0.02367
0.019702
0.021125
0.024989
0.027889
0.025074
0.026441
0.021659
0.021398
0.027794
0.018636
0.021727
0.018097
0.01825
0.016506
0.018457
0.018435
0.019775
0.024329
0.016349
0.016763
0.020251
0.02572
0.020206
0.017823
0.01879
0.01991
0.020103
0.021021
0.020386
0.021039
0.022817
0.019501
0.026314
0.021003
0.026572
0.019911
0.020978
0.021802
0.022358
0.020642
0.024237
0.023403
0.027407
0.031792
0.020963
0.032683
0.032739
0.023255
0.020033
0.020623
0.026629
0.025945
0.02148
0.023156
0.027644
0.022533
0.021306
0.026206
0.033755
0.020239
0.023459
0.026415
0.028064
0.023041
0.021164
0.022613
0.018122
0.026338
0.019037
0.021089
0.025029
0.024802
0.030146
0.021894
0.024095
0.019797
0.021621
0.01706
0.018088
0.020645
0.022695
0.017709
0.023182
0.025101
0.020621
0.019432
0.023802
0.021567
0.023914
0.021472
0.017054
0.019964
0.01746
0.026192
0.023963
0.024501
0.02317
0.021241
0.024718
0.024788
0.024814
0.022875
0.031376
0.026998
0.025125
0.022764
0.019697
0.02714
0.019607
0.031164
0.02788
0.026636
0.027083
0.019792
0.026329
0.023249
0.026541
0.028317
0.029495
0.026071
0.025751
0.023857
0.02464
0.030408
0.021769
0.024507
0.0243
0.026434
0.025835
0.024945
0.025188
0.023794
0.026642
0.02351
0.02017
0.023584
0.022329
0.020661
0.025219
0.020957
0.021255
0.021532
0.02412
0.02431
0.024257
0.022141
0.024073
0.023901
0.021168
0.021936
0.018555
0.024698
0.019717
0.022282
0.021619
0.019783
0.020563
0.021014
0.023606
0.018738
0.021514
0.016692
0.017187
0.018376
0.02293
0.022631
0.017203
0.019808
0.018599
0.019229
0.020499
0.017962
0.020707
0.023194
0.020114
0.025248
0.021271
0.021501
0.018
0.023111
0.022361
0.018846
0.023996
0.02346
0.021106
0.017192
0.021338
0.022902
0.020988
0.019539
0.020865
0.021549
0.025645
0.026172
0.022876
0.02191
0.020046
0.025028
0.024866
0.019511
0.0251
0.022109
0.023726
0.023253
0.025673
0.025558
0.022602
0.022916
0.025308
0.023504
0.024241
0.025348
0.026391
0.025406
0.027182
0.024409
0.025273
0.026819
0.031119
0.024877
0.028755
0.025651
0.025713
0.026469
0.029989
0.025921
0.027677
0.026588
0.032715
0.026625
0.03385
0.025234
0.027651
0.028892
0.030446
0.033602
0.026995
0.027388
0.033682
0.029149
0.031818
0.021891
0.033176
0.028422
0.029641
0.031246
0.02697
0.029978
0.029027
0.028943
0.0278
0.026784
0.030283
0.029058
0.027516
0.029488
0.025962
0.026884
0.026721
0.030264
0.025832
0.027667
0.02665
0.033024
0.036564
0.027954
0.030859
0.02785
0.033654
0.026153
0.028503
0.031239
0.03346
0.036616
0.03013
0.032568
0.028994
0.026961
0.021444
0.026703
0.019734
0.024801
0.039715
0.022293
0.026037
0.034985
0.025961
0.024246
0.041461
0.039003
0.025643
0.033919
0.034015
0.028943
0.031712
0.02725
0.039162
0.066763
0.04902
0.056176
0.032174
0.041069
0.038983
0.037586
0.042282
0.043019
0.03477
0.038439
0.022698
0.037475
0.037519
0.027465
0.029371
0.028758
0.024994
0.026737
0.035145
0.023904
0.028427
0.024952
0.057216
0.045855
0.027013
0.027545
0.029372
0.024982
0.029224
0.026286
0.018202
0.036729
0.038682
0.031044
0.027688
0.016241
0.018045
0.016491
0.018093
0.019314
0.016567
0.019765
0.018923
0.028449
0.032439
0.033417
0.030184
0.025366
0.031322
0.035923
0.033876
0.025959
0.026654
0.027202
0.024373
0.043713
0.04849
0.045916
0.04475
0.029369
0.037006
0.030071
0.029645
0.02603
0.035121
0.034493
0.033228
0.027391
0.032851
0.03865
0.033495
0.031991
0.031936
0.0388
0.038706
0.042991
0.023888
0.030215
0.031741
0.031554
0.026355
0.03274
0.030795
0.030936
0.033223
0.037086
0.028036
0.032256
0.032001
0.034711
0.027399
0.029599
0.033851
0.027329
0.030547
0.021071
0.022263
0.025113
0.030522
0.029282
0.031039
0.02932
0.022971
0.023287
0.021678
0.030601
0.022037
0.034126
0.020509
0.02803
0.034344
0.034743
0.026247
0.027764
0.031966
0.027445
0.025705
0.027021
0.02561
0.023672
0.031274
0.026876
0.023882
0.028219
0.029497
0.026452
0.023734
0.02582
0.023346
0.025852
0.027328
0.02481
0.022946
0.021695
0.026106
0.024667
0.028709
0.02352
0.027029
0.02697
0.02799
0.020607
0.024966
0.025218
0.024372
0.024696
0.030508
0.034878
0.035239
0.035245
0.035208
0.0458
0.046577
0.042487
0.04307
0.051298
0.047495
0.046688
0.03199
0.03195
0.033435
0.033939
0.038076
0.031336
0.027298
0.027141
0.031697
0.028601
0.032095
0.024426
0.023766
0.03024
0.024833
0.033857
0.039578
0.035783
0.036635
0.043844
0.031512
0.043626
0.026664
0.030178
0.034491
0.030615
0.030129
0.031341
0.030225
0.034482
0.028422
0.030219
0.034602
0.033952
0.031906
0.034484
0.022639
0.03899
0.046973
0.041028
0.053027
0.053337
0.04949
0.037231
0.03402
0.043546
0.039053
0.042109
0.037715
0.034515
0.034743
0.029386
0.036904
0.036683
0.047989
0.045502
0.029202
0.03244
0.030279
0.024061
0.042378
0.025987
0.023353
0.044343
0.044421
0.034993
0.02789
0.036693
0.026514
0.026314
0.033537
0.03025
0.037077
0.029496
0.030418
0.032979
0.035091
0.029684
0.025976
0.030242
0.024186
0.024318
0.02375
0.024846
0.027995
0.026257
0.025952
0.030692
0.027947
0.020739
0.026574
0.024177
0.023039
0.021601
