0.020213
0.020479
0.023674
0.022388
0.03143
0.033173
0.036097
0.036112
0.018753
0.033186
0.032499
0.035102
0.034056
0.030184
0.028617
0.031781
0.032423
0.023441
0.030821
0.023486
0.026553
0.027525
0.026941
0.031129
0.034284
0.031853
0.034662
0.024482
0.034982
0.027808
0.027244
0.034652
0.035563
0.035415
0.022847
0.027154
0.033351
0.025178
0.024782
0.02339
0.025885
0.027649
0.026339
0.030015
0.030963
0.024983
0.027831
0.02528
0.030582
0.01766
0.030264
0.031839
0.029709
0.024242
0.025511
0.027602
0.028079
0.023574
0.025305
0.024774
0.023517
0.022868
0.026278
0.028789
0.028651
0.025257
0.026816
0.02824
0.025026
0.02608
0.021778
0.024156
0.029335
0.028095
0.029059
0.033958
0.030752
0.028634
0.031042
0.026764
0.029373
0.034546
0.033361
0.025521
0.027335
0.029983
0.021241
0.031036
0.02968
0.022864
0.025349
0.026047
0.019251
0.029989
0.024412
0.025166
0.024282
0.024613
0.018215
0.022288
0.021236
0.028838
0.023509
0.030689
0.019939
0.018645
0.02382
0.026677
0.026373
0.022287
0.027843
0.02297
0.026703
0.024686
0.027239
0.024709
0.02424
0.024884
0.025887
0.053287
0.022455
0.028437
0.026549
0.023105
0.022597
0.023521
0.030629
0.031429
0.0324
0.028073
0.032654
0.032063
0.056018
0.025311
0.025336
0.028746
0.045606
0.026422
0.031097
0.031416
0.042164
0.027068
0.023661
0.022883
0.02109
0.028117
0.025461
0.02675
0.033012
0.028861
0.032256
0.032895
0.034039
0.030355
0.034265
0.032235
0.028256
0.036797
0.033197
0.033633
0.030321
0.029855
0.029578
0.023547
0.026443
0.031602
0.025572
0.024052
0.032459
0.02598
0.020063
0.02554
0.02163
0.027578
0.033545
0.036976
0.029567
0.017251
0.028595
0.020492
0.016183
0.017287
0.019869
0.015194
0.0159
0.021597
0.014717
0.024373
0.017415
0.019646
0.017064
0.020641
0.01225
0.015945
0.018115
0.01352
0.022923
0.021972
0.027482
0.020349
0.023107
0.024237
0.019972
0.023923
0.01792
0.022169
0.016965
0.024005
0.02652
0.023623
0.023459
0.023073
0.025294
0.021415
0.022066
0.021318
0.021014
0.023251
0.024079
0.02277
0.026945
0.023939
0.021966
0.022161
0.024219
0.022823
0.020619
0.024642
0.02298
0.021426
0.02301
0.020949
0.021564
0.02201
0.023454
0.020728
0.022178
0.020488
0.02743
0.022746
0.022214
0.020001
0.023993
0.022951
0.02396
0.02381
0.019141
0.023324
0.016004
0.036036
0.023781
0.023751
0.02193
0.018073
0.03017
0.02302
0.021612
0.023717
0.025083
0.017826
0.021835
0.020934
0.016939
0.023793
0.018781
0.026735
0.018989
0.01764
0.021227
0.019425
0.018672
0.017003
0.020444
0.01998
0.020038
0.017685
0.022661
0.018944
0.02185
0.024827
0.021691
0.018541
0.026345
0.018373
0.020338
0.022597
0.017922
0.017838
0.023929
0.021712
0.022554
0.017329
0.022783
0.023783
0.021552
0.021718
0.024127
0.026228
0.023194
0.023369
0.027084
0.023088
0.023757
0.026856
0.025805
0.020793
0.019382
0.024253
0.021104
0.018845
0.019332
0.017669
0.023164
0.022024
0.019988
0.02277
0.016769
0.019941
0.016757
0.01576
0.018611
0.01758
0.026135
0.024905
0.020523
0.024438
0.023235
0.024299
0.022406
0.021871
0.03187
0.032392
0.022154
0.018257
0.020317
0.017315
0.019879
0.015168
0.015141
0.016488
0.01518
0.014923
0.011857
0.014037
0.012355
0.015326
0.011056
0.016582
0.018317
0.017676
0.014576
0.015053
0.015401
0.016468
0.018434
0.017328
0.016001
0.018573
0.017446
0.015296
0.016754
0.013405
0.014931
0.01555
0.01959
0.02404
0.020295
0.017644
0.017217
0.019223
0.020635
0.020079
0.01933
0.017712
0.020721
0.021581
0.021206
0.019834
0.019632
0.017767
0.018642
0.01925
0.01983
0.019756
0.019996
0.02057
0.022069
0.021832
0.020683
0.018249
0.020203
0.020409
0.021105
0.018049
0.020673
0.018244
0.020994
0.020075
0.017195
0.020719
0.026845
0.025349
0.022231
0.02283
0.020372
0.02273
0.020247
0.018809
0.019224
0.018877
0.01934
0.019113
0.021622
0.02025
0.020149
0.021567
0.019437
0.020067
0.024095
0.023754
0.025877
0.022004
0.02163
0.02502
0.025063
0.018951
0.022297
0.027845
0.02202
0.020583
0.025633
0.02339
0.023234
0.022633
0.024057
0.024526
0.021737
0.018625
0.019148
0.022135
0.024689
0.024403
0.024744
0.027044
0.026935
0.023055
0.022906
0.024065
0.021412
0.020009
0.025744
0.023418
0.021268
0.02065
0.021414
0.024186
0.023663
0.020428
0.023789
0.019808
0.022558
0.017846
0.019028
0.022696
0.019873
0.022648
0.023957
0.02255
0.023045
0.021194
0.022757
0.019237
0.022018
0.019457
0.020592
0.022124
0.020773
0.024005
0.018184
0.022543
0.021024
0.022699
0.021359
0.019203
0.019374
0.019595
0.02194
0.020271
0.022439
0.021736
0.027642
0.021855
0.02243
0.021034
0.01902
0.020675
0.021411
0.019617
0.021875
0.019211
0.022158
0.019478
0.021635
0.026495
0.025177
0.020798
0.019853
0.021141
0.022616
0.022366
0.02048
0.020785
0.019048
0.023959
0.026327
0.025024
0.024147
0.019578
0.022388
0.025768
0.022238
0.019948
0.021034
0.019724
0.020126
0.018081
0.019311
0.020728
0.017477
0.018088
0.021265
0.02269
0.020916
0.018561
0.026112
0.02435
0.020298
0.020158
0.022133
0.020494
0.019652
0.0222
0.021204
0.023319
0.018385
0.017176
0.018017
0.015499
0.017518
0.022358
0.01651
0.0196
0.015075
0.020365
0.019836
0.016614
0.019792
0.013092
0.019887
0.020407
0.015213
0.021407
0.018705
0.025414
0.022809
0.019635
0.023006
0.020218
0.018947
0.017869
0.02031
0.022382
0.017647
0.019157
0.022155
0.021714
0.025193
0.023011
0.021247
0.023354
0.019421
0.016837
0.015952
0.019256
0.015205
0.017866
0.014316
0.016862
0.01724
0.02083
0.014056
0.014021
0.014778
0.015856
0.014625
0.016579
0.015945
0.016516
0.016651
0.015816
0.017915
0.017921
0.016008
0.016446
0.016586
0.015398
0.017584
0.01885
0.020776
0.018048
0.020238
0.015558
0.017027
0.017803
0.020332
0.021224
0.017072
0.019043
0.015966
0.01983
0.014655
0.017898
0.019696
0.019935
0.017448
0.030618
0.02415
0.026762
0.021334
0.022359
0.022292
0.025318
0.01973
0.027273
0.020387
0.027593
0.026875
0.021394
0.023625
0.022049
0.0176
0.020302
0.022048
0.018706
0.01584
0.017921
0.018334
0.019068
0.01482
0.016317
0.013995
0.016814
0.012791
0.01645
0.015251
0.013125
0.012956
0.013878
0.016109
0.014061
0.015178
0.016299
0.015156
0.01446
0.014212
0.014478
0.018476
0.017926
0.014101
0.016618
0.017266
0.015387
0.017207
0.017823
0.016452
0.02083
0.02068
0.018803
0.016617
0.019738
0.01903
0.017648
0.019348
0.018468
0.021155
0.02211
0.027939
0.01769
0.021003
0.018966
0.024084
0.025392
0.029562
0.023879
0.023915
0.02489
0.027624
0.029384
0.02488
0.021011
0.021931
0.024696
0.024199
0.022667
0.020599
0.022674
0.02568
0.013917
0.014906
0.022322
0.019616
0.01728
0.019356
0.020831
0.020014
0.019684
0.025844
0.025304
0.02447
0.023428
0.025125
0.026064
0.026016
0.024885
0.026602
0.025212
0.023576
0.02457
0.022937
0.019941
0.026892
0.025436
0.024812
0.024949
0.024837
0.022763
0.023171
0.01853
0.022362
0.022985
0.024889
0.021986
0.022855
0.022469
0.020711
0.022069
0.024712
0.026619
0.022914
0.02337
0.023736
0.02069
0.022279
0.021614
0.020764
0.023451
0.024421
0.022722
0.022408
0.020655
0.020977
0.020654
0.021798
0.020025
0.02066
0.023393
0.024341
0.022254
0.021656
0.021033
0.01994
0.018285
0.021272
0.017632
0.018456
0.017138
0.019967
0.01889
0.018283
0.016014
0.019811
0.019458
0.020782
0.020006
0.020104
0.018951
0.022778
0.021904
0.021457
0.022867
0.021619
0.018563
0.020367
0.017591
0.019316
0.020392
0.020564
0.020274
0.018444
0.02279
0.021277
0.019665
0.020973
0.019219
0.022125
0.020884
0.018581
0.018403
0.01967
0.020209
0.019198
0.02175
0.020273
0.018291
0.016544
0.018076
0.022259
0.024868
0.021783
0.024283
0.024295
0.022887
0.024676
0.023328
0.022431
0.025376
0.022264
0.023235
0.02643
0.028942
0.024575
0.023473
0.024222
0.021962
0.023698
0.02263
0.021882
0.021229
0.026535
0.022286
0.021614
0.020992
0.020118
0.022368
0.025369
0.018605
0.022496
0.023024
0.020089
0.019359
0.025133
0.024364
0.020565
0.024176
0.022603
0.021267
0.022835
0.019318
0.02296
0.027089
0.021189
0.024992
0.023379
0.026935
0.027266
0.021642
0.022553
0.022113
0.023156
0.016772
0.016965
0.01887
0.019462
0.017971
0.020892
0.018479
0.02118
0.020754
0.017003
0.018728
0.019406
0.01707
0.0194
0.015831
0.021878
0.024619
0.020031
0.018611
0.017925
0.021962
0.021465
0.020541
0.022591
0.025421
0.024562
0.026471
0.023484
0.023275
0.018586
0.019732
0.022795
0.020129
0.019243
0.018383
0.021342
0.017962
0.01944
0.018685
0.046366
0.027149
0.020824
0.026439
0.027211
0.026842
0.024844
0.024321
0.02457
0.024194
0.02731
0.024211
0.024486
0.019264
0.021766
0.023221
0.023836
0.026857
0.024912
0.027844
0.024053
0.02543
0.029276
0.028345
0.020061
0.021548
0.018611
0.021488
0.02165
0.024683
0.030212
0.026084
0.022357
0.020423
0.024893
0.021135
0.020898
0.017747
0.020476
0.022265
0.020273
0.023264
0.02206
0.020749
0.019415
0.022459
0.019377
0.022674
0.025877
0.028823
0.02685
0.024886
0.020315
0.02385
0.028697
0.023138
0.021115
0.01927
0.026218
0.024251
0.02369
0.028303
0.026027
0.018765
0.020043
0.023346
0.024105
0.020742
0.024386
0.025326
0.018127
0.020753
0.016769
0.019337
0.016806
0.020438
0.021465
0.018294
0.023013
0.019369
0.021638
0.022426
0.020196
0.016676
0.021264
0.022055
0.016474
0.018876
0.018162
0.020233
0.019943
0.023988
0.021183
0.018361
0.022884
0.019961
0.020342
0.016298
0.018587
0.018623
0.018862
0.018257
0.020696
0.020815
0.020626
0.018988
0.021584
0.021897
0.019902
0.02575
0.026046
0.026599
0.024807
0.032999
0.027252
0.030869
0.029381
0.029396
0.02601
0.026268
0.026313
0.026778
0.02725
0.031828
0.02796
0.021175
0.022667
0.024584
0.023299
0.018641
0.016877
0.02243
0.02037
0.014325
0.024671
0.023359
0.022608
0.025703
0.021123
0.02105
0.021474
0.022544
0.017303
0.01951
0.020663
0.02051
0.016961
0.022087
0.023964
0.019649
0.017555
0.016952
0.021496
0.022557
0.022023
0.01957
0.022062
0.021183
0.028556
0.031553
0.026095
0.01913
0.023241
0.024095
0.021675
0.021369
0.02605
0.018146
0.024892
0.022342
0.021259
0.02191
0.018881
0.020329
0.024156
0.023157
0.018348
0.022018
0.020035
0.021763
0.020093
0.020261
0.021444
0.021218
0.025977
0.019834
0.019865
0.019308
0.023399
0.018453
0.021611
0.020925
0.0213
0.017832
0.020709
0.018313
0.022091
0.020836
0.02134
0.025094
0.024959
0.026024
0.022974
0.020725
0.020165
0.015374
0.018506
0.016568
0.015967
0.017446
0.019769
0.018832
0.016945
0.019483
0.017783
0.017678
0.021189
0.019648
0.018764
0.017144
0.018957
0.016117
0.016915
0.018837
0.018389
0.018446
0.017386
0.015378
0.019511
0.015889
0.016722
0.017244
0.019124
0.018891
0.019244
0.023901
0.015821
0.019118
0.017269
0.023354
0.022859
0.020731
0.020179
0.020655
0.016484
0.022428
0.018635
0.019825
0.020312
0.018774
0.02185
0.021217
0.017706
0.020192
0.021393
0.019525
0.018823
0.016636
0.023541
0.018418
0.020809
0.020359
0.031248
0.022005
0.024832
0.020028
0.023821
0.020528
0.026301
0.021558
0.022312
0.019514
0.020074
0.01771
0.021476
0.018034
0.018253
0.019054
0.016747
0.019061
0.02029
0.017621
0.021771
0.018766
0.018762
0.018451
0.016234
0.019185
0.016869
0.017118
0.018491
0.018365
0.019118
0.018017
0.019268
0.020953
0.019314
0.017428
0.021244
0.020974
0.019442
0.020839
0.021781
0.020847
0.018905
0.02032
0.019218
0.019051
0.021049
0.020982
0.021331
0.021203
0.019396
0.022322
0.021557
0.022451
0.019191
0.019343
0.017984
0.019535
0.021747
0.024777
0.021632
0.018872
0.017208
0.01826
0.020525
0.021142
0.017257
0.01897
0.01897
0.017942
0.017938
0.019442
0.019099
0.017332
0.017905
0.018103
0.043249
0.04558
0.043276
0.04068
0.041207
0.039754
0.041342
0.02258
0.023618
0.027114
0.024605
0.028471
0.026348
0.024815
0.025614
0.028187
0.022875
0.023533
0.030787
0.021732
0.027929
0.026636
0.025721
0.028837
0.025548
0.025411
0.027756
0.027952
0.023908
0.024929
0.030266
0.026501
0.032182
0.02664
0.028846
0.026606
0.021807
0.029807
0.02578
0.024267
0.023133
0.02629
0.024825
0.019334
0.019378
0.020695
0.024256
0.023639
0.018492
0.020739
0.024011
0.027307
0.026113
0.030394
0.026151
0.023354
0.025366
0.026931
0.019296
0.016921
0.027307
0.024335
0.025823
0.023885
0.024571
0.020581
0.024701
0.029949
0.021761
0.028609
0.022355
0.017579
0.02427
0.022896
0.022623
0.021367
0.02048
0.02368
0.022849
0.019958
0.021457
0.02095
0.020207
0.020181
0.024123
0.019737
0.020129
0.023367
0.020302
0.021325
0.023144
0.026974
0.020474
0.0252
0.024903
0.019971
0.023054
0.020342
0.02198
0.025702
0.024276
0.024181
0.023465
0.022593
0.022871
0.023565
0.01922
0.024521
0.019421
0.022128
0.020639
0.021542
0.021804
0.027685
0.020946
0.022191
0.026063
0.021825
0.024065
0.024593
0.026894
0.015654
0.021123
0.023709
0.019053
0.019039
0.024792
0.01923
0.0197
0.02468
0.020848
0.024278
0.019756
0.028645
0.027285
0.023663
0.023399
0.02028
0.024133
0.020428
0.022561
0.023973
0.025007
0.020621
0.026825
0.018106
0.022785
0.020327
0.021814
0.019743
0.023894
0.017482
0.020804
0.019943
0.022267
0.018319
0.017762
0.015991
0.020021
0.02685
0.024295
0.021572
0.025256
0.018103
0.01891
0.025562
0.024872
0.019764
0.01627
0.026326
0.022455
0.021672
0.018977
0.017422
0.023324
0.019527
0.019342
0.020532
0.021055
0.022937
0.027099
0.025421
0.027025
0.027033
0.021142
0.024126
0.024183
0.0204
0.019681
0.023274
0.024766
0.018119
0.024326
0.021455
0.022642
0.02556
0.019699
0.022461
0.019007
0.02103
0.019736
0.018409
0.015968
0.016869
0.023128
0.026278
0.023753
0.025611
0.022072
0.025384
0.022407
0.022649
0.021439
0.019992
0.020127
0.020931
0.023933
0.024153
0.020115
0.025148
0.023941
0.022563
0.020305
0.022095
0.021703
0.021683
0.022894
0.023006
0.023702
0.017149
0.019271
0.020652
0.021924
0.0211
0.018477
0.018517
0.019611
0.018132
0.019101
0.020997
0.02028
0.019353
0.01848
0.01819
0.021285
0.023325
0.02074
0.017979
0.020185
0.018461
0.01951
0.021372
0.01698
0.019218
0.021257
0.028478
0.025517
0.0249
0.023345
0.022378
0.022558
0.021974
0.023987
0.017729
0.019331
0.018135
0.017925
0.019974
0.020802
0.022792
0.018952
0.021145
0.016176
0.018452
0.020636
0.019375
0.019596
0.017327
0.022182
0.018826
0.019349
0.018257
0.018884
0.017582
0.017174
0.019822
0.019584
0.020855
0.019974
0.02142
0.020837
0.022113
0.021371
0.020633
0.021328
0.05475
0.059186
0.048277
0.046687
0.056693
0.050424
0.047899
0.041828
0.046559
0.044812
0.045834
0.053177
0.053216
0.047874
0.040754
0.046865
0.02685
0.061206
0.053753
0.032184
0.037871
0.041179
0.030265
0.036088
0.044666
0.042117
0.040299
0.041737
0.044261
0.046916
0.043255
0.045418
0.048196
0.042323
0.045924
0.045461
0.032747
0.03865
0.026632
0.025497
0.026026
0.024706
0.025084
0.032759
0.022835
0.0401
0.022428
0.02272
0.021469
0.023308
0.022765
0.017196
0.01917
0.01585
0.016623
0.014173
0.016042
0.02742
0.041115
0.013344
0.013232
0.012971
0.015105
0.017186
0.015266
0.018657
0.020325
0.010547
0.030408
0.015036
0.015525
0.01337
0.013576
0.013746
0.013664
0.01322
0.012867
0.017522
0.021267
0.021065
0.023964
0.023911
0.02601
0.02495
0.021593
0.01522
0.016198
0.028605
0.026024
0.025871
0.027934
0.021208
0.023661
0.032564
0.027639
0.025426
0.030887
0.026644
0.024315
0.020429
0.018315
0.020727
0.017182
0.018611
0.016544
0.018367
0.020274
0.024626
0.026621
0.025375
0.029285
0.032809
0.031645
0.032665
0.030963
0.029783
0.031468
0.025876
0.022688
0.020694
0.020789
0.029315
0.042314
0.021666
0.021984
0.026905
0.021287
0.016492
0.0267
0.02811
0.017476
0.021597
0.019682
0.018288
0.020549
0.022199
0.025466
0.023806
0.019511
0.019122
0.022171
0.027347
0.02134
0.019396
0.022784
0.027062
0.023195
0.030054
0.025717
0.02552
0.023094
0.028105
0.023493
0.018331
0.020777
0.020328
0.02031
0.025203
0.02564
0.017828
0.019578
0.025757
0.022738
0.024919
0.02821
0.026043
0.032026
0.026106
0.023262
0.024108
0.027618
0.025443
0.029094
0.023412
0.021476
0.024239
0.026424
0.022755
0.0272
0.019964
0.020345
0.018971
0.015756
0.019656
0.019772
0.020973
0.023243
0.020389
0.024478
0.019027
0.02008
0.026648
0.023643
0.019789
0.022823
0.022312
0.022689
0.021451
0.025158
0.025989
0.024699
0.029384
0.019717
0.023789
0.025594
0.021274
0.015888
0.021843
0.021528
0.021743
0.023819
0.023158
0.026862
0.01997
0.024033
0.01991
0.0215
0.023709
0.023706
0.023315
0.020313
0.022729
0.018135
0.019999
0.021052
0.023005
0.01955
0.020933
0.01795
0.024176
0.022656
0.018057
0.022333
0.021644
0.020911
0.02248
0.020637
0.021491
0.027288
0.024568
0.025153
0.026088
0.026104
0.022322
0.02086
0.019929
0.021262
0.019241
0.021015
0.022157
0.024332
0.022782
0.023506
0.026958
0.03012
0.024414
0.024199
0.022113
0.023518
0.020428
0.020262
0.023379
0.024481
0.020278
0.018039
0.0245
0.023534
0.024338
0.023675
0.025145
0.024672
0.028653
0.02339
0.025339
0.030722
0.023354
0.023516
0.024358
0.024227
0.029214
0.022569
0.022587
0.024836
0.023265
0.026846
0.027124
0.01898
0.022829
0.020619
0.020482
0.024429
0.019367
0.021875
0.024648
0.026426
0.019908
0.021768
0.024269
0.024128
0.019652
0.022434
0.022416
0.020984
0.021938
0.023178
0.020052
0.021955
0.018608
0.023609
0.018838
0.018546
0.021731
0.018657
0.01742
0.01779
0.017511
0.017631
0.017134
0.014629
0.015308
0.016585
0.0119
0.016859
0.017716
0.019768
0.019618
0.018462
0.019284
0.022332
0.02882
0.024642
0.02083
0.019767
0.023511
0.020149
0.018781
0.022354
0.025714
0.024977
0.026614
0.024423
0.026858
0.024495
0.030002
0.02763
0.026425
0.022273
0.021284
0.020225
0.016557
0.018075
0.016465
0.024163
0.0227
0.022546
0.020019
0.020336
0.017156
0.018658
0.021383
0.023293
0.019105
0.02111
0.020503
0.020731
0.021113
0.027661
0.023219
0.019246
0.020938
0.017361
0.017068
0.019126
0.019961
0.021644
0.019707
0.016364
0.018455
0.019119
0.019037
0.020366
0.022553
0.024295
0.018625
0.023774
0.022401
0.02045
0.022834
0.021143
0.020075
0.023838
0.02294
0.023559
0.020431
0.020161
0.022033
0.020559
0.018837
0.021533
0.021063
0.018924
0.019098
0.022723
0.02343
0.019983
0.019459
0.023131
0.022441
0.020037
0.025135
0.019678
0.024736
0.024952
0.025399
0.025806
0.020078
0.021334
0.020455
0.022362
0.021008
0.025248
0.024473
0.024154
0.02409
0.024246
0.023779
0.020442
0.021366
0.021218
0.025007
0.023358
0.022287
0.022654
0.022679
0.021255
0.020975
0.018826
0.023277
0.024866
0.020323
0.022698
0.020177
0.021009
0.021863
0.022506
0.025803
0.024435
0.024172
0.024958
0.02449
0.023796
0.024851
0.023745
0.025448
0.024548
0.024831
0.022357
0.021541
0.023314
0.021118
0.060516
0.050177
0.055025
0.053619
0.050696
0.056321
0.049125
0.058245
0.051743
0.048625
0.049897
0.054402
0.058739
0.052561
0.030298
0.028613
0.032627
0.036364
0.035049
0.023704
0.029848
0.021342
0.0257
0.018872
0.055222
0.050206
0.049295
0.051071
0.044293
0.054483
0.055149
0.046491
0.050651
0.037998
0.048427
0.05555
0.041898
0.046298
0.043065
0.048663
0.026524
0.036291
0.049848
0.034212
0.029547
0.022976
0.015275
0.016468
0.014462
0.016838
0.025721
0.020193
0.018177
0.015968
0.014782
0.019697
0.019198
0.020509
0.025986
0.013401
0.012997
0.024566
0.014356
0.018724
0.016378
0.017233
0.022555
0.021859
0.019854
0.021291
0.02764
0.026838
0.021438
0.020381
0.019635
0.014696
0.025767
0.02566
0.017843
0.018919
0.018797
0.016769
0.019435
0.017425
0.015659
0.014512
0.014776
0.021049
0.016228
0.014974
0.017394
0.016976
0.015249
0.016782
0.016868
0.016788
0.017993
0.016968
0.024539
0.02139
0.019435
0.019573
0.024505
0.018036
0.015472
0.025481
0.018063
0.015971
0.018564
0.015638
0.01441
0.03138
0.015814
0.020556
0.022014
0.02045
0.027587
0.024315
0.023619
0.015677
0.019857
0.015686
0.018738
0.020695
0.022646
0.027659
0.031459
0.031523
0.035585
0.030036
0.032705
0.021784
0.022078
0.024346
0.016339
0.019859
0.026153
0.021723
0.024499
0.031904
0.023072
0.028331
0.023205
0.025034
0.027831
0.022393
0.02023
0.018432
0.019469
0.026956
0.016623
0.019971
0.018665
0.021578
0.019533
0.018333
0.021797
0.020368
0.022567
0.018745
0.026693
0.022365
0.019008
0.023717
0.021889
0.01987
0.018302
0.017158
0.027835
0.026738
0.025538
0.024498
0.027222
0.021684
0.022642
0.019902
0.018611
0.028514
0.032306
0.027298
0.02989
0.027288
0.032037
0.024693
0.02064
0.030495
0.027805
0.022238
0.024948
0.024685
0.025256
0.022972
0.023112
0.024437
0.023321
0.024592
0.024822
0.023981
0.02325
0.024199
0.022116
0.020013
0.023817
0.023157
0.027748
0.025693
0.022768
0.026491
0.024517
0.016789
0.022319
0.017281
0.020389
0.019207
0.01429
0.016459
0.015349
0.016707
0.019554
0.015519
0.018351
0.016101
0.01503
0.015515
0.018877
0.015743
0.015435
0.018533
0.016777
0.016235
0.019295
0.017907
0.017934
0.012724
0.021081
0.018106
0.020253
0.018696
0.017435
0.01694
0.018788
0.02128
0.027724
0.02532
0.018512
0.021362
0.026567
0.024719
0.022122
0.028024
0.02118
0.020891
0.020591
0.018616
0.021893
0.021584
0.020867
0.022161
0.018792
0.025561
0.024809
0.019977
0.02214
0.021964
0.019819
0.019548
0.022081
0.018886
0.022445
0.027269
0.02287
0.026659
0.014596
0.020435
0.026553
0.02244
0.019037
0.017975
0.019439
0.019414
0.015292
0.021886
0.022763
0.01876
0.020938
0.018318
0.026418
0.019586
0.019425
0.019834
0.020724
0.021439
0.022464
0.022689
0.020989
0.018133
0.025823
0.019113
0.021494
0.02335
0.025212
0.025828
0.020817
0.019755
0.025949
0.023479
0.024849
0.018728
0.019246
0.025644
0.022326
0.02468
0.031066
0.030124
0.024116
0.01824
0.027539
0.022887
0.024852
0.022912
0.019673
0.02599
0.024102
0.021955
0.024034
0.024863
0.026823
0.026469
0.024488
0.023222
0.026037
0.023973
0.021114
0.023827
0.023832
0.021124
0.022846
0.023812
0.021178
0.024161
0.019769
0.024017
0.023473
0.024823
0.021754
0.022428
0.026178
0.026303
0.022472
0.023219
0.02352
0.022099
0.025263
0.022522
0.024975
0.022907
0.025418
0.023977
0.024727
0.024851
0.039671
0.041327
0.040943
0.038578
0.04078
0.041867
0.037345
0.040171
0.042728
0.039443
0.04104
0.042787
0.037948
0.038009
0.047646
0.038886
0.038491
0.040854
0.039257
0.041656
0.032108
0.035562
0.036695
0.037922
0.033924
0.03171
0.039242
0.035566
0.034574
0.033498
0.022884
0.02698
0.03007
0.022817
0.02595
0.015772
0.020124
0.035726
0.01951
0.023996
0.018458
0.019042
0.015889
0.027534
0.014864
0.016737
0.014132
0.012319
0.010806
0.013112
0.013338
0.014304
0.013494
0.013596
0.012096
0.0096297
0.012986
0.038683
0.030697
0.010901
0.029225
0.011532
0.011318
0.014978
0.016681
0.015998
0.024995
0.027523
0.044148
0.03527
0.029203
0.038615
0.031434
0.029415
0.034466
0.030048
0.034881
0.018993
0.02105
0.022137
0.022243
0.021058
0.02093
0.018295
0.021239
0.020803
0.025701
0.017479
0.017791
0.016246
0.020684
0.016199
0.021534
0.022283
0.019403
0.026747
0.018796
0.01779
0.021548
0.019564
0.023113
0.024712
0.021124
0.023334
0.018891
0.015086
0.030491
0.022303
0.022081
0.02164
0.020807
0.022409
0.021398
0.023061
0.018622
0.023764
0.019437
0.020617
0.019354
0.019665
0.021355
0.02132
0.016526
0.017674
0.016701
0.029008
0.017943
0.023942
0.02104
0.024089
0.023763
0.023395
0.027407
0.029248
0.02438
0.020238
0.021733
0.022555
0.021952
0.019842
0.019144
0.022247
0.018016
0.023542
0.0201
0.018914
0.028981
0.023302
0.021455
0.021088
0.024538
0.018795
0.028996
0.024924
0.028026
0.020522
0.018147
0.022291
0.023645
0.021921
0.01756
0.021764
0.01913
0.02007
0.01596
0.018979
0.016011
0.022053
0.018805
0.019802
0.021141
0.019233
0.021104
0.018774
0.017876
0.0188
0.017261
0.01914
0.015433
0.017822
0.019119
0.016928
0.021884
0.016497
0.012515
0.014716
0.031232
0.030152
0.029871
0.028107
0.028217
0.023573
0.023664
0.020799
0.023976
0.028698
0.023478
0.023459
0.027207
0.025971
0.026627
0.027391
0.02227
0.030351
0.031569
0.023535
0.025761
0.028174
0.02716
0.022883
0.027021
0.029865
0.021069
0.020719
0.027571
0.028515
0.033541
0.027677
0.028703
0.02465
0.022395
0.023737
0.023718
0.021475
0.019736
0.016297
0.016387
0.01546
0.015818
0.023695
0.018698
0.01674
0.018486
0.017634
0.020816
0.021927
0.028976
0.02891
0.02768
0.024854
0.02373
0.024475
0.029981
0.03247
0.029543
0.025879
0.023202
0.025883
0.023827
0.02632
0.024635
0.025368
0.018068
0.025039
0.020926
0.019361
0.020566
0.027728
0.029222
0.023798
0.029105
0.027984
0.018964
0.019098
0.027806
0.025391
0.025476
0.031038
0.023802
0.023559
0.024904
0.019711
0.023094
0.020344
0.022162
0.024014
0.023912
0.023028
0.021555
0.025211
0.020132
0.024728
0.022444
0.02408
0.02183
0.023351
0.025644
0.020166
0.020295
0.025142
0.026572
0.023233
0.017778
0.023919
0.021698
0.023542
0.024445
0.018889
0.022838
0.024204
0.018066
0.023662
0.019113
0.029195
0.018576
0.021633
0.018041
0.027498
0.02555
0.023619
0.021756
0.023002
0.023607
0.023886
0.022505
0.023677
0.022388
0.019711
0.023138
0.022207
0.019516
0.023571
0.021317
0.023416
0.020202
0.020944
0.021746
0.023928
0.020393
0.022088
0.020694
0.022557
0.021959
0.02139
0.023828
0.020807
0.020773
0.022972
0.021231
0.022997
0.018578
0.021164
0.018527
0.020627
0.018432
0.02109
0.023433
0.022629
0.022315
0.024029
0.021866
0.027094
0.021633
0.018623
0.020479
0.019223
0.021061
0.027668
0.02066
0.027213
0.023935
0.024055
0.023391
0.022012
0.023038
0.020609
0.020688
0.024194
0.024865
0.023286
0.021475
0.021974
0.019979
0.024703
0.019184
0.023533
0.023561
0.018726
0.02297
0.024031
0.025888
0.024102
0.022037
0.023924
0.025082
0.023376
0.018321
0.019081
0.020422
0.022666
0.022632
0.020216
0.021845
0.018903
0.018725
0.023734
0.021917
0.021119
0.022489
0.021407
0.022062
0.022161
0.02549
0.024242
0.022788
0.024521
0.022157
0.019274
0.02119
0.021749
0.024809
0.02644
0.024299
0.026554
0.025586
0.040113
0.036368
0.03121
0.043192
0.042191
0.036007
0.039631
0.041558
0.043373
0.038129
0.035346
0.04092
0.041809
0.034482
0.041498
0.040598
0.04619
0.036197
0.043652
0.03714
0.041435
0.03889
0.040718
0.041318
0.038442
0.041851
0.032898
0.030574
0.035762
0.022629
0.022183
0.029409
0.014307
0.017179
0.020765
0.015511
0.017581
0.022417
0.013628
0.019968
0.017467
0.025191
0.012607
0.013869
0.014174
0.014455
0.013964
0.0099161
0.011095
0.042582
0.041182
0.037882
0.04408
0.044618
0.042303
0.01852
0.01055
0.015413
0.010306
0.011892
0.023484
0.023675
0.015241
0.0064226
0.01332
0.0092059
0.0059027
0.012137
0.011124
0.014516
0.038597
0.04543
0.040736
0.033387
0.031691
0.031995
0.035783
0.031279
0.020621
0.015762
0.02813
0.023943
0.026557
0.022596
0.025708
0.027367
0.023631
0.021948
0.021714
0.026794
0.025004
0.022678
0.020687
0.042011
0.03829
0.051059
0.039954
0.03768
0.040228
0.035731
0.033263
0.041795
0.026758
0.039635
0.024379
0.028826
0.027084
0.033313
0.033701
0.02693
0.014954
0.019289
0.014502
0.015303
0.017904
0.018118
0.012017
0.014262
0.012615
0.01912
0.027265
0.018766
0.015311
0.015494
0.017266
0.015444
0.019003
0.019082
0.019532
0.012668
0.014868
0.017743
0.018723
0.016407
0.017501
0.019703
0.023093
0.021531
0.023754
0.023292
0.024998
0.032112
0.027113
0.01628
0.038547
0.020895
0.022717
0.024918
0.02254
0.019733
0.023606
0.026255
0.021144
0.033143
0.025865
0.023901
0.034317
0.028131
0.032438
0.024497
0.023287
0.016604
0.021884
0.019782
0.021204
0.024928
0.02029
0.021303
0.026897
0.023021
0.026355
0.021258
0.020172
0.022491
0.025112
0.029245
0.019223
0.020784
0.016626
0.019353
0.02008
0.014767
0.014848
0.014566
0.021659
0.018322
0.016349
0.017008
0.019695
0.03971
0.038312
0.018987
0.027383
0.020213
0.0098526
0.017841
0.015638
0.017125
0.017393
0.024065
0.027227
0.020009
0.023475
0.0228
0.025906
0.018734
0.024838
0.021268
0.027449
0.020681
0.018798
0.024276
0.028985
0.028134
0.022289
0.021969
0.024129
0.022561
0.023098
0.030301
0.023027
0.023541
0.024933
0.022041
0.022603
0.023206
0.023124
0.020789
0.020632
0.018773
0.018929
0.019777
0.022131
0.019939
0.020698
0.021679
0.02164
0.023811
0.018063
0.021269
0.023887
0.016762
0.019186
0.016472
0.020018
0.017007
0.020338
0.01844
0.021691
0.017951
0.022296
0.02287
0.026002
0.019976
0.017432
0.022688
0.020245
0.021999
0.01964
0.025068
0.02694
0.025978
0.021192
0.02813
0.019253
0.015939
0.012809
0.022811
0.020246
0.024818
0.019065
0.021965
0.022155
0.025895
0.024476
0.019032
0.022322
0.020611
0.018892
0.024349
0.022066
0.016016
0.016206
0.020171
0.020662
0.015779
0.029058
0.023284
0.021933
0.021728
0.024385
0.024083
0.021478
0.023566
0.020466
0.024437
0.022666
0.020159
0.022498
0.022982
0.027096
0.019803
0.02193
0.025075
0.02518
0.020506
0.024712
0.020813
0.018858
0.024127
0.019861
0.022531
0.01946
0.019721
0.020428
0.023014
0.021312
0.023083
0.019757
0.023259
0.023028
0.020091
0.019654
0.021634
0.022274
0.01991
0.025242
0.017603
0.020431
0.022395
0.025226
0.017232
0.020756
0.021993
0.022828
0.025052
0.021895
0.024314
0.023363
0.031377
0.024155
0.021002
0.02441
0.021201
0.019881
0.016607
0.024686
0.020644
0.024155
0.023447
0.019722
0.021508
0.021638
0.022789
0.021772
0.019748
0.020232
0.020008
0.018812
0.023742
0.021685
0.022402
0.020966
0.019811
0.023959
0.021382
0.02275
0.026567
0.019201
0.021592
0.021601
0.020428
0.022892
0.026141
0.023943
0.020321
0.020203
0.022496
0.019325
0.020366
0.018669
0.023035
0.020689
0.023131
0.022295
0.023586
0.023927
0.020773
0.021302
0.018933
0.023776
0.025823
0.017472
0.023328
0.028843
0.017979
0.021754
0.019174
0.017567
0.020669
0.01931
0.021391
0.023237
0.019931
0.016274
0.022069
0.020598
0.018683
0.021688
0.019151
0.021011
0.023114
0.023566
0.022476
0.021807
0.025299
0.023925
0.024583
0.023272
0.024516
0.024804
0.020787
0.022784
0.024424
0.021411
0.024634
0.020409
0.019849
0.024832
0.01751
0.019063
0.020572
0.022089
0.022435
0.022636
0.023225
0.019018
0.02006
0.024043
0.023346
0.018754
0.023002
0.019952
0.021949
0.024358
0.020943
0.025675
0.023267
0.022458
0.023726
0.019427
0.01947
0.019533
0.0185
0.021407
0.022428
0.02079
0.022968
0.019014
0.020558
0.018902
0.020672
0.022318
0.041268
0.038772
0.034098
0.038759
0.023516
0.026418
0.048465
0.02297
0.032149
0.039593
0.024046
0.023175
0.026983
0.025545
0.024915
0.023072
0.014431
0.013782
0.023693
0.017663
0.019022
0.018919
0.019482
0.01869
0.016738
0.013178
0.046031
0.045937
0.046905
0.042117
0.04606
0.035543
0.03654
0.047652
0.044481
0.042948
0.045394
0.046452
0.052266
0.047945
0.048908
0.047556
0.046099
0.045639
0.045654
0.047026
0.045875
0.041785
0.046458
0.04537
0.046351
0.041702
0.047529
0.045548
0.018777
0.019717
0.02038
0.01878
0.023506
0.024173
0.022371
0.015642
0.020332
0.017488
0.013325
0.012274
0.015578
0.01423
0.011525
0.015952
0.014994
0.012512
0.037285
0.043839
0.035654
0.03314
0.022198
0.031054
0.038331
0.038699
0.023476
0.02096
0.018588
0.021664
0.019851
0.017925
0.041218
0.029609
0.029914
0.025089
0.019858
0.048689
0.045403
0.041318
0.046908
0.044987
0.051568
0.0415
0.040978
0.037777
0.048375
0.047301
0.046486
0.051972
0.041519
0.045905
0.044798
0.050351
0.036596
0.045992
0.040458
0.037681
0.035658
0.03404
0.032536
0.023823
0.019682
0.027169
0.011676
0.022042
0.015907
0.01954
0.013025
0.035826
0.030014
0.011878
0.034319
0.027371
0.01624
0.018529
0.016234
0.017518
0.018924
0.025674
0.018531
0.017843
0.027915
0.021642
0.025215
0.019809
0.026485
0.017615
0.017208
0.03048
0.019736
0.016348
0.015367
0.022855
0.01491
0.016064
0.017974
0.026599
0.022979
0.029238
0.027153
0.02925
0.019555
0.02883
0.024557
0.027928
0.022638
0.018673
0.031519
0.03598
0.033618
0.035622
0.023002
0.031188
0.027608
0.031204
0.024001
0.017822
0.03423
0.0216
0.028848
0.027741
0.019676
0.021238
0.021533
0.020186
0.022153
0.016287
0.02209
0.017467
0.021485
0.024218
0.021044
0.018546
0.019716
0.020114
0.019517
0.021655
0.016527
0.020711
0.022506
0.023119
0.026995
0.017028
0.029507
0.01801
0.017443
0.014976
0.017142
0.019171
0.021602
0.024359
0.023802
0.020213
0.016947
0.022445
0.018302
0.022501
0.038101
0.028059
0.027342
0.036556
0.025778
0.024682
0.024241
0.021316
0.016335
0.017339
0.017941
0.021088
0.018337
0.021354
0.019673
0.023107
0.019355
0.016726
0.01537
0.018266
0.019595
0.017474
0.022424
0.020388
0.021874
0.021195
0.019332
0.02409
0.027926
0.016518
0.019053
0.019723
0.020994
0.016342
0.024229
0.021511
0.023821
0.02248
0.027679
0.024519
0.018761
0.029157
0.03086
0.024205
0.018264
0.019029
0.020664
0.013912
0.022452
0.017731
0.020354
0.018767
0.020409
0.018379
0.021009
0.01882
0.022329
0.02232
0.017931
0.0184
0.020915
0.019606
0.020935
0.020383
0.026506
0.022431
0.021219
0.021537
0.029746
0.019909
0.022447
0.025178
0.025363
0.020655
0.023046
0.025293
0.027661
0.01336
0.016515
0.016961
0.014105
0.019243
0.020749
0.018897
0.019222
0.016969
0.018872
0.018703
0.015705
0.018904
0.017147
0.019692
0.019949
0.01694
0.020037
0.018514
0.018316
0.023852
0.021414
0.025177
0.024393
0.022585
0.025596
0.020248
0.024218
0.021484
0.023011
0.023288
0.023209
0.023937
0.020765
0.017937
0.022082
0.018342
0.021392
0.015678
0.021363
0.019665
0.018401
0.026348
0.024898
0.025577
0.019166
0.027288
0.019856
0.02392
0.024205
0.022086
0.022641
0.020718
0.021688
0.020396
0.020071
0.017492
0.01816
0.015423
0.019194
0.015374
0.016343
0.017016
0.016243
0.016957
0.0181
0.016512
0.01648
0.016812
0.018722
0.015844
0.016187
0.017897
0.019262
0.018248
0.016232
0.017196
0.018809
0.017907
0.020242
0.017079
0.018627
0.020978
0.018303
0.023901
0.017792
0.02391
0.019214
0.024056
0.018767
0.013861
0.019764
0.016039
0.019833
0.021916
0.021523
0.017939
0.017385
0.022921
0.019571
0.019356
0.022258
0.021684
0.016511
0.020819
0.024473
0.016225
0.019863
0.024082
0.022257
0.024841
0.022856
0.018124
0.024148
0.024547
0.023286
0.022987
0.021431
0.019165
0.02164
0.020999
0.020685
0.019925
0.016911
0.019804
0.019529
0.023505
0.019211
0.028005
0.018105
0.015173
0.021279
0.023131
0.016374
0.01745
0.021392
0.023273
0.020242
0.021886
0.022936
0.017894
0.023836
0.018604
0.017615
0.022592
0.01904
0.017431
0.017855
0.021414
0.017849
0.022615
0.019845
0.024162
0.020469
0.022028
0.020414
0.020692
0.018479
0.020967
0.020855
0.027753
0.027428
0.024568
0.029788
0.030461
0.024062
0.030512
0.015924
0.027252
0.026141
0.023512
0.029729
0.026349
0.024425
0.018364
0.030404
0.01531
0.016877
0.01836
0.025297
0.029259
0.012699
0.018555
0.017285
0.0154
0.01538
0.020354
0.017662
0.017996
0.020157
0.02031
0.046263
0.046139
0.043989
0.043687
0.043234
0.044022
0.046544
0.045587
0.044606
0.040158
0.047609
0.046726
0.042903
0.043403
0.047191
0.044946
0.04761
0.044314
0.04026
0.037538
0.020829
0.021432
0.016029
0.027708
0.01625
0.014319
0.01901
0.020955
0.01915
0.020202
0.01711
0.016807
0.019051
0.044269
0.047162
0.03852
0.028055
0.035092
0.017194
0.046567
0.04628
0.041465
0.047902
0.039949
0.044955
0.046866
0.04458
0.049781
0.047082
0.027417
0.04986
0.041294
0.040788
0.03833
0.029675
0.03187
0.03246
0.034223
0.038279
0.035177
0.036381
0.035009
0.026464
0.036336
0.021651
0.023728
0.047038
0.046179
0.05089
0.046491
0.04228
0.045269
0.037657
0.018041
0.020185
0.019569
0.0318
0.035092
0.017212
0.019518
0.025605
0.017467
0.017949
0.01937
0.019048
0.017938
0.020039
0.018283
0.027042
0.034277
0.030274
0.021565
0.020698
0.023564
0.025612
0.024135
0.02277
0.021873
0.019683
0.023369
0.024489
0.025853
0.023604
0.017529
0.019425
0.018564
0.025014
0.016651
0.017945
0.021076
0.018142
0.017566
0.017048
0.016323
0.02066
0.021848
0.031131
0.016397
0.026277
0.033459
0.01915
0.018548
0.019894
0.021967
0.01716
0.017145
0.019821
0.017784
0.019546
0.019509
0.01886
0.018707
0.018743
0.020262
0.019653
0.016768
0.025227
0.015076
0.014153
0.023039
0.015808
0.015642
0.020642
0.016686
0.017679
0.019186
0.017854
0.019314
0.019669
0.018797
0.026339
0.02278
0.019126
0.022917
0.02023
0.023319
0.020952
0.017339
0.015014
0.019046
0.025593
0.013364
0.021115
0.016634
0.020322
0.020053
0.020421
0.017906
0.023979
0.018347
0.021127
0.016664
0.018599
0.016258
0.02166
0.019513
0.018077
0.017266
0.014897
0.01409
0.026194
0.018478
0.022275
0.019011
0.018753
0.018498
0.020841
0.016559
0.017931
0.017313
0.026243
0.022975
0.020416
0.023369
0.021633
0.022875
0.019624
0.018909
0.018555
0.02581
0.023923
0.022064
0.02122
0.018926
0.021172
0.024767
0.019527
0.02103
0.020574
0.017361
0.026737
0.025726
0.019022
0.018061
0.016224
0.018483
0.024864
0.021596
0.020642
0.016382
0.023193
0.018551
0.017437
0.020483
0.015376
0.017368
0.020752
0.016785
0.02012
0.019113
0.018296
0.0203
0.014184
0.018034
0.019853
0.019275
0.020382
0.021656
0.01973
0.024771
0.023243
0.025514
0.026236
0.026398
0.026034
0.02625
0.023497
0.022343
0.023299
0.0216
0.02789
0.026684
0.025082
0.02138
0.025559
0.020892
0.023432
0.028785
0.025736
0.022855
0.024636
0.024933
0.026356
0.025818
0.027455
0.027208
0.02669
0.024375
0.025334
0.027152
0.028119
0.026975
0.026667
0.024841
0.017663
0.023415
0.018819
0.020032
0.017614
0.018352
0.019902
0.015673
0.01806
0.018712
0.016847
0.017251
0.01975
0.020738
0.026203
0.019852
0.024105
0.017755
0.021929
0.020968
0.02233
0.018506
0.018923
0.020248
0.021001
0.018847
0.019096
0.023882
0.018036
0.022157
0.020537
0.020944
0.019412
0.018417
0.016955
0.021219
0.018746
0.0204
0.018556
0.018431
0.019915
0.02093
0.020035
0.018142
0.016998
0.019191
0.02083
0.020946
0.022076
0.025786
0.02642
0.025745
0.022918
0.022079
0.022331
0.025505
0.023011
0.025635
0.021736
0.025761
0.021887
0.021959
0.022655
0.026461
0.022723
0.022465
0.02518
0.022024
0.023862
0.020353
0.022487
0.02043
0.018095
0.021165
0.017892
0.01932
0.02329
0.023233
0.022123
0.01853
0.022758
0.02263
0.022237
0.021031
0.025571
0.020616
0.02133
0.021784
0.021284
0.022887
0.022004
0.022939
0.0215
0.020572
0.024237
0.021477
0.02298
0.021579
0.024459
0.022276
0.019246
0.022878
0.017352
0.020144
0.025627
0.021689
0.021975
0.023259
0.022772
0.020625
0.020626
0.020696
0.028054
0.018717
0.022147
0.021126
0.020784
0.017083
0.021099
0.022602
0.022638
0.022269
0.021995
0.018913
0.021149
0.021329
0.021225
0.017037
0.01928
0.037847
0.050088
0.043757
0.050931
0.053853
0.053123
0.046091
0.044077
0.048677
0.028422
0.042247
0.038781
0.03845
0.031564
0.032799
0.046571
0.054058
0.046213
0.035198
0.052698
0.043631
0.033788
0.05356
0.043886
0.041574
0.04421
0.037458
0.045676
0.034418
0.031655
0.036231
0.033408
0.033247
0.034391
0.036953
0.032602
0.035638
0.034945
0.034367
0.03337
0.031203
0.031712
0.034779
0.026019
0.042483
0.040214
0.036814
0.036946
0.042542
0.033937
0.027307
0.043107
0.023297
0.034813
0.047072
0.039075
0.033106
0.04402
0.018904
0.03015
0.032914
0.043006
0.028415
0.02721
0.025284
0.030128
0.024998
0.022062
0.020231
0.036389
0.022614
0.023869
0.025525
0.021081
0.030283
0.028654
0.024634
0.018947
0.020983
0.025954
0.02224
0.033136
0.026153
0.017233
0.020115
0.022266
0.019081
0.025513
0.030717
0.029305
0.016975
0.021032
0.029196
0.029642
0.018165
0.019382
0.027681
0.018738
0.030466
0.016602
0.022563
0.026417
0.033307
0.026844
0.019597
0.016402
0.029141
0.020937
0.027502
0.023782
0.030253
0.034372
0.029711
0.021618
0.024429
0.026028
0.018715
0.026319
0.020516
0.019515
0.018837
0.024813
0.020063
0.014859
0.016738
0.016477
0.021652
0.020317
0.019051
0.01653
0.024559
0.020284
0.019794
0.018767
0.020403
0.023236
0.019868
0.019696
0.021511
0.024319
0.017542
0.023864
0.021418
0.021111
0.026105
0.027039
0.022773
0.019752
0.030677
0.023641
0.015936
0.024265
0.027491
0.020779
0.032049
0.023955
0.019294
0.026641
0.022078
0.018215
0.019052
0.021689
0.025559
0.028825
0.022256
0.017211
0.023665
0.022487
0.017682
0.017652
0.022696
0.018228
0.021335
0.015208
0.022841
0.017768
0.021542
0.020509
0.019665
0.016993
0.020639
0.023521
0.024937
0.019175
0.021596
0.021046
0.020415
0.018851
0.019555
0.017783
0.016714
0.017578
0.01888
0.022521
0.022031
0.020606
0.021164
0.018779
0.022181
0.020992
0.021178
0.020083
0.022026
0.019954
0.018451
0.021153
0.023402
0.02304
0.021542
0.025903
0.019269
0.023893
0.021217
0.019362
0.02064
0.020047
0.021476
0.020294
0.019327
0.017834
0.022134
0.018753
0.018313
0.018217
0.018834
0.0199
0.022889
0.02039
0.017154
0.017874
0.019608
0.023138
0.018467
0.019306
0.019484
0.022871
0.028228
0.026166
0.030406
0.02623
0.026441
0.023318
0.024885
0.026955
0.02785
0.028272
0.027364
0.025892
0.023521
0.024942
0.024704
0.030949
0.026003
0.029474
0.027046
0.026986
0.029739
0.026227
0.029828
0.028025
0.029193
0.025151
0.026201
0.023035
0.027643
0.026139
0.028237
0.027561
0.021898
0.021703
0.019165
0.022269
0.02013
0.019082
0.020815
0.019396
0.019846
0.022573
0.024937
0.024274
0.017091
0.022566
0.01695
0.019148
0.019189
0.020641
0.019468
0.022381
0.022463
0.021177
0.020297
0.020619
0.019996
0.021178
0.019225
0.019847
0.030896
0.033193
0.026424
0.025463
0.023758
0.024509
0.026817
0.025735
0.028443
0.026571
0.022096
0.024001
0.026402
0.023906
0.029064
0.025429
0.024451
0.027444
0.026388
0.025832
0.029095
0.027431
0.027711
0.02588
0.028735
0.029611
0.024586
0.023022
0.026701
0.023699
0.021588
0.023983
0.023428
0.02128
0.022522
0.023009
0.02147
0.021435
0.023087
0.052031
0.051878
0.049192
0.050164
0.049213
0.054409
0.059145
0.058909
0.051368
0.06187
0.063988
0.054058
0.048525
0.057443
0.047849
0.057916
0.052336
0.049394
0.053932
0.052022
0.049808
0.049938
0.049042
0.048282
0.055889
0.05253
0.058053
0.058913
0.058597
0.055544
0.058213
0.057146
0.051764
0.059066
0.062596
0.055075
0.054191
0.061891
0.05253
0.053571
0.055199
0.052025
0.053993
0.048375
0.050394
0.04776
0.060619
0.04773
0.050481
0.055208
0.043363
0.042178
0.038965
0.040718
0.037547
0.051658
0.039224
0.045384
0.044249
0.030994
0.041628
0.042157
0.032755
0.028865
0.031434
0.022401
0.024978
0.026501
0.032424
0.029297
0.02111
0.026674
0.024393
0.023818
0.02298
0.024388
0.054978
0.04888
0.042623
0.036331
0.03089
0.031956
0.038453
0.031357
0.02655
0.034373
0.027242
0.024895
0.035849
0.038063
0.029079
0.023761
0.022207
0.027874
0.021044
0.019892
0.031839
0.014021
0.01706
0.025345
0.015663
0.020592
0.024252
0.016075
0.015512
0.019632
0.021243
0.017233
0.039027
0.04089
0.041015
0.052707
0.049001
0.030547
0.026412
0.01849
0.022203
0.017523
0.021579
0.021368
0.023046
0.018785
0.018913
0.019027
0.015585
0.020493
0.018811
0.01792
0.023762
0.015093
0.014222
0.016805
0.021816
0.02245
0.015365
0.016095
0.013257
0.015082
0.030582
0.014503
0.012693
0.015527
0.017162
0.014225
0.019011
0.013404
0.019333
0.016326
0.027852
0.018397
0.015619
0.018476
0.015115
0.024701
0.016676
0.01408
0.013944
0.016086
0.017201
0.02099
0.016687
0.016839
0.012951
0.012554
0.01608
0.018944
0.018326
0.021935
0.017764
0.015816
0.022198
0.018793
0.018638
0.016441
0.01545
0.017169
0.016642
0.016138
0.020568
0.020189
0.019199
0.018918
0.016636
0.015091
0.020089
0.020135
0.018422
0.017027
0.021391
0.017784
0.021075
0.021086
0.017063
0.020247
0.018219
0.019011
0.016431
0.018488
0.023325
0.021017
0.019189
0.018843
0.023461
0.021234
0.017123
0.025373
0.020904
0.022748
0.019398
0.01943
0.022662
0.018521
0.020882
0.022533
0.020642
0.02252
0.025604
0.02361
0.021166
0.021932
0.022512
0.027568
0.024777
0.02309
0.019751
0.021526
0.024614
0.023225
0.026784
0.022913
0.023571
0.022096
0.018291
0.021624
0.021834
0.022267
0.020978
0.02413
0.023082
0.025809
0.019016
0.02407
0.020315
0.019046
0.028523
0.018224
0.018634
0.01933
0.021706
0.02141
0.025875
0.017274
0.024823
0.018383
0.016761
0.020521
0.017095
0.02216
0.017699
0.019498
0.02119
0.018576
0.021378
0.017698
0.019567
0.017358
0.017074
0.018768
0.020618
0.01747
0.021078
0.021523
0.024708
0.022189
0.020739
0.020299
0.020016
0.022558
0.018452
0.020737
0.020519
0.020233
0.021631
0.021858
0.020688
0.02006
0.016397
0.020168
0.01954
0.017993
0.019779
0.019656
0.019585
0.018537
0.017166
0.017305
0.022683
0.019432
0.01646
0.02245
0.021864
0.024018
0.01786
0.017523
0.017932
0.020319
0.017724
0.021187
0.021147
0.017788
0.020493
0.01992
0.018653
0.01926
0.021499
0.022867
0.018854
0.020232
0.019498
0.019425
0.01546
0.020905
0.016491
0.017217
0.014886
0.018347
0.020245
0.018627
0.014374
0.017413
0.015636
0.016637
0.022017
0.017031
0.017298
0.016688
0.018347
0.019752
0.016391
0.018625
0.017478
0.016262
0.016901
0.016556
0.016481
0.01906
0.017703
0.017271
0.018708
0.016735
0.02136
0.021981
0.011307
0.013098
0.012765
0.013428
0.015197
0.015439
0.018184
0.020797
0.016322
0.015065
0.015455
0.016472
0.017711
0.017321
0.016074
0.018854
0.020682
0.016764
0.020081
0.021268
0.023739
0.020213
0.018446
0.020724
0.019276
0.020029
0.019558
0.017977
0.016314
0.025336
0.017711
0.022859
0.016666
0.018881
0.021713
0.020169
0.018064
0.033852
0.018136
0.014623
0.016648
0.022487
0.017048
0.020955
0.019765
0.036499
0.019661
0.0176
0.019206
0.022711
0.016321
0.018619
0.018688
0.020271
0.017523
0.018412
0.01407
0.0214
0.017882
0.017593
0.016777
0.018131
0.017692
0.016874
0.0181
0.017093
0.019251
0.018084
0.017177
0.015279
0.020707
0.020343
0.020381
0.018408
0.018306
0.018861
0.016764
0.019818
0.020636
0.019374
0.020182
0.017008
0.015534
0.01354
0.014768
0.016636
0.021071
0.019402
0.019078
0.016842
0.016381
0.018363
0.019545
0.01857
0.019004
0.018495
0.019317
0.019949
0.016159
0.020958
0.01775
0.017672
0.018364
0.018236
0.019504
0.015306
0.016414
0.016489
0.017372
0.018346
0.027366
0.020663
0.022329
0.020731
0.030936
0.020936
0.02006
0.025229
0.018367
0.026261
0.025638
0.019084
0.015023
0.015216
0.017845
0.015906
0.016577
0.018979
0.020123
0.019276
0.030337
0.020656
0.017821
0.031266
0.027016
0.023043
0.024671
0.029873
0.032051
0.027334
0.032968
0.034366
0.023266
0.018843
0.021337
0.020565
0.031303
0.027878
0.02604
0.021653
0.027715
0.028003
0.024239
0.027473
0.027712
0.02523
0.02951
0.037869
0.026592
0.03193
0.0273
0.032931
0.028907
0.025928
0.022845
0.02253
0.024142
0.025659
0.028983
0.030197
0.022027
0.022755
0.024314
0.021814
0.0237
0.020929
0.022953
0.01757
0.020121
0.024055
0.021903
0.025814
0.021127
0.022055
0.021791
0.023094
0.026843
0.030721
0.026405
0.024089
0.024335
0.024971
0.023836
