0.04727
0.040117
0.043812
0.04588
0.045088
0.044064
0.050569
0.047627
0.05541
0.03935
0.041461
0.049904
0.045923
0.041695
0.041648
0.043159
0.049811
0.049745
0.046964
0.044379
0.035041
0.039124
0.046787
0.045418
0.048544
0.040816
0.03658
0.038919
0.033685
0.032497
0.042793
0.037813
0.038959
0.031997
0.033389
0.049355
0.044779
0.038389
0.044211
0.042338
0.038215
0.038319
0.035931
0.035246
0.030506
0.030711
0.022509
0.027325
0.024707
0.033332
0.023678
0.02834
0.021307
0.029562
0.027427
0.023832
0.025869
0.038055
0.039352
0.039478
0.040149
0.040101
0.038185
0.034603
0.03902
0.040658
0.040773
0.043575
0.036007
0.037872
0.043023
0.037835
0.039987
0.041616
0.041715
0.031518
0.038495
0.047418
0.044894
0.032913
0.047346
0.045991
0.042742
0.04309
0.038968
0.041465
0.044756
0.039647
0.047379
0.045903
0.045311
0.039594
0.038713
0.040216
0.041668
0.045792
0.036999
0.041175
0.045533
0.041676
0.035185
0.045242
0.042673
0.044303
0.045237
0.045976
0.046547
0.045559
0.051923
0.04245
0.05029
0.041191
0.048247
0.045268
0.05147
0.04368
0.045529
0.049068
0.038782
0.040694
0.051858
0.053941
0.043931
0.042738
0.04961
0.046813
0.042536
0.046376
0.041502
0.053373
0.053446
0.048918
0.050053
0.052187
0.052532
0.050886
0.04846
0.051539
0.046829
0.050096
0.0437
0.043151
0.044477
0.04412
0.04549
0.053571
0.050674
0.041694
0.048336
0.041764
0.049307
0.042195
0.03287
0.03683
0.03674
0.036989
0.035558
0.034915
0.036945
0.039399
0.037662
0.036591
0.038248
0.043277
0.036908
0.036659
0.041914
0.040838
0.040188
0.039871
0.036455
0.040771
0.038251
0.043785
0.043561
0.037948
0.034768
0.036463
0.034177
0.038872
0.037009
0.040482
0.040834
0.035482
0.037515
0.036467
0.036486
0.036808
0.032126
0.035947
0.040243
0.039749
0.035502
0.034848
0.035491
0.038669
0.039107
0.042521
0.045519
0.040666
0.037886
0.041569
0.044031
0.03807
0.038821
0.047748
0.035601
0.039972
0.039745
0.041684
0.039442
0.038264
0.041427
0.036486
0.037738
0.038501
0.039407
0.037025
0.043177
0.035168
0.034612
0.034507
0.037024
0.040833
0.038277
0.041286
0.033875
0.040772
0.039501
0.034419
0.033881
0.03727
0.036151
0.036581
0.03479
0.037912
0.035605
0.036903
0.033869
0.036971
0.035262
0.036365
0.0373
0.036627
0.036558
0.035545
0.041486
0.031385
0.04351
0.037401
0.039635
0.041916
0.045699
0.046292
0.04077
0.043072
0.039213
0.038202
0.027915
0.036374
0.04094
0.042028
0.043611
0.043367
0.03908
0.038086
0.042676
0.031329
0.030087
0.031289
0.025918
0.026217
0.020131
0.032405
0.028345
0.043213
0.025928
0.022578
0.020421
0.027073
0.040431
0.028697
0.042571
0.040689
0.027596
0.035485
0.032007
0.031545
0.035076
0.033686
0.023799
0.038895
0.038171
0.036307
0.045393
0.03439
0.034552
0.038257
0.029074
0.025859
0.033243
0.027469
0.027654
0.029791
0.025725
0.026217
0.027017
0.030571
0.027427
0.036562
0.035637
0.028327
0.03381
0.041583
0.031446
0.031711
0.034154
0.027452
0.033495
0.033728
0.026751
0.02664
0.027822
0.024349
0.048924
0.045519
0.041618
0.033196
0.036455
0.038262
0.038191
0.032935
0.032332
0.028241
0.031109
0.030028
0.040234
0.042149
0.036353
0.044418
0.035248
0.038663
0.048072
0.032146
0.027108
0.028233
0.03809
0.032748
0.023028
0.026692
0.024105
0.030517
0.042954
0.044223
0.035634
0.024356
0.039515
0.024928
0.014046
0.04137
0.033848
0.041654
0.045395
0.04228
0.037033
0.04245
0.035082
0.04221
0.038071
0.039239
0.030149
0.029162
0.03687
0.041678
0.038524
0.042938
0.040167
0.042648
0.039044
0.032307
0.045829
0.040066
0.035456
0.034975
0.033169
0.036188
0.034223
0.036428
0.035765
0.033145
0.031218
0.026521
0.029531
0.036032
0.030401
0.031367
0.031466
0.034364
0.025023
0.030776
0.037234
0.032396
0.032894
0.050471
0.04077
0.039975
0.042018
0.035796
0.040115
0.044137
0.043561
0.037228
0.046043
0.04031
0.041397
0.019418
0.043833
0.037061
0.038521
0.048788
0.037182
0.039782
0.035149
0.04417
0.042589
0.04282
0.048746
0.038122
0.041817
0.040938
0.047918
0.043098
0.041712
0.043403
0.047557
0.044246
0.039789
0.046086
0.037412
0.042932
0.042274
0.039022
0.035666
0.036488
0.032547
0.026719
0.042427
0.03044
0.031253
0.038022
0.033974
0.036835
0.030393
0.034214
0.044914
0.031338
0.03695
0.037511
0.026843
0.03319
0.025529
0.032746
0.033262
0.032537
0.038349
0.038769
0.036928
0.021713
0.030873
0.038311
0.030165
0.030943
0.030522
0.035413
0.035359
0.026789
0.0207
0.025255
0.028589
0.026024
0.026211
0.025055
0.024923
0.024486
0.028463
0.025063
0.021419
0.045959
0.025622
0.025076
0.021738
0.022774
0.032435
0.022349
0.022058
0.029277
0.021897
0.025252
0.026956
0.029496
0.027985
0.026323
0.030464
0.043157
0.025816
0.021644
0.020081
0.024788
0.024123
0.023492
0.023595
0.02254
0.02129
0.017901
0.01756
0.019916
0.021051
0.021109
0.020172
0.024436
0.021707
0.015864
0.013747
0.016948
0.013557
0.019887
0.013376
0.015985
0.014118
0.01272
0.017286
0.016224
0.030224
0.035376
0.029018
0.030574
0.035234
0.031859
0.023168
0.019308
0.026469
0.022894
0.023581
0.025166
0.0194
0.025626
0.021748
0.0267
0.021843
0.02206
0.019267
0.019456
0.022681
0.018714
0.022766
0.021309
0.025767
0.033555
0.035791
0.025645
0.024654
0.027979
0.031863
0.037514
0.033436
0.033494
0.030778
0.030571
0.037161
0.03759
0.034708
0.039938
0.036457
0.034784
0.044618
0.048327
0.036014
0.045419
0.040059
0.029787
0.033367
0.032678
0.052269
0.023952
0.037707
0.023051
0.029933
0.041861
0.04134
0.056238
0.040582
0.040705
0.030838
0.038801
0.031777
0.028375
0.035829
0.035073
0.032208
0.038866
0.032378
0.035417
0.036297
0.043274
0.033858
0.036963
0.033624
0.033069
0.031802
0.030233
0.034416
0.036948
0.034817
0.037045
0.041893
0.044733
0.045244
0.035979
0.033774
0.034706
0.036126
0.041973
0.0365
0.030251
0.03667
0.040989
0.03998
0.041416
0.037685
0.035795
0.031979
0.039286
0.033546
0.037854
0.032581
0.044003
0.0334
0.035254
0.029377
0.039901
0.033593
0.030301
0.031726
0.029002
0.033001
0.02776
0.03066
0.02984
0.029636
0.027429
0.032023
0.03274
0.034519
0.036425
0.035786
0.032709
0.041593
0.03964
0.038149
0.029364
0.030921
0.028415
0.043223
0.030422
0.034142
0.031767
0.034834
0.03346
0.021835
0.019666
0.021178
0.023235
0.019196
0.031066
0.015525
0.022293
0.027691
0.024102
0.030877
0.021901
0.017314
0.016142
0.021486
0.019263
0.018686
0.018493
0.019119
0.020131
0.028957
0.030074
0.028547
0.028275
0.029785
0.029066
0.016561
0.01335
0.012404
0.01774
0.020221
0.015033
0.019596
0.014241
0.014876
0.018246
0.017428
0.014067
0.015796
0.022111
0.015942
0.018566
0.016754
0.020379
0.021203
0.018472
0.022799
0.027101
0.017661
0.020945
0.021419
0.020072
0.031669
0.034172
0.033092
0.042565
0.037613
0.036879
0.035454
0.042834
0.038324
0.046807
0.043682
0.049396
0.01948
0.024185
0.02844
0.028684
0.023888
0.028753
0.026679
0.029349
0.031737
0.035512
0.030791
0.034314
0.033508
0.02885
0.033903
0.031162
0.027511
0.029365
0.032911
0.030084
0.036416
0.033937
0.032252
0.025163
0.02923
0.028369
0.028251
0.032717
0.042942
0.024796
0.031405
0.025281
0.028938
0.03781
0.035023
0.035528
0.039851
0.045579
0.039912
0.03528
0.042222
0.033995
0.040057
0.037183
0.036602
0.037893
0.038014
0.035136
0.028003
0.035124
0.036354
0.039153
0.037363
0.033593
0.045152
0.04049
0.036146
0.040373
0.038506
0.038201
0.042873
0.038347
0.040948
0.038981
0.047742
0.040812
0.038142
0.037179
0.043238
0.036949
0.023391
0.041814
0.025068
0.039172
0.039156
0.038482
0.038065
0.035931
0.042255
0.041233
0.03713
0.041128
0.044409
0.044378
0.02853
0.033829
0.043297
0.040145
0.034985
0.022366
0.032219
0.032076
0.023817
0.022411
0.021378
0.018857
0.025557
0.028896
0.022702
0.023903
0.021176
0.034436
0.023208
0.031343
0.02537
0.020535
0.02582
0.025034
0.029608
0.028147
0.023099
0.03266
0.036917
0.031434
0.032807
0.031509
0.021681
0.024204
0.022277
0.021268
0.024038
0.025624
0.02622
0.022766
0.030471
0.028222
0.02855
0.030697
0.024851
0.027734
0.03212
0.032077
0.016798
0.021322
0.020461
0.0203
0.027257
0.021761
0.030871
0.022275
0.020259
0.033837
0.021835
0.020702
0.029488
0.025943
0.028311
0.033906
0.033278
0.036771
0.033962
0.03753
0.042048
0.038489
0.021243
0.0225
0.024238
0.019085
0.023174
0.021427
0.021473
0.027394
0.025666
0.022637
0.030018
0.032451
0.023057
0.026653
0.026473
0.02796
0.023086
0.03391
0.021248
0.02297
0.025888
0.024816
0.026129
0.031196
0.029163
0.031495
0.031547
0.031095
0.031318
0.031741
0.033297
0.033339
0.037151
0.034184
0.037512
0.039289
0.035471
0.023531
0.034836
0.039454
0.033571
0.031145
0.028947
0.034749
0.032649
0.035101
0.033502
0.033737
0.034014
0.033216
0.036297
0.040217
0.033649
0.039318
0.0362
0.034402
0.040742
0.042343
0.041053
0.043332
0.042911
0.04478
0.043619
0.041526
0.034118
0.037277
0.041896
0.038549
0.042216
0.045494
0.046085
0.044431
0.043015
0.044058
0.042476
0.045494
0.041739
0.048125
0.043405
0.040345
0.043354
0.0422
0.037859
0.04984
0.041799
0.043933
0.043446
0.041515
0.040834
0.047944
0.050325
0.048683
0.046566
0.048238
0.044353
0.040687
0.043306
0.046426
0.038228
0.036094
0.040666
0.031965
0.040212
0.039358
0.034191
0.038014
0.036919
0.033727
0.03442
0.038638
0.037627
0.037503
0.035469
0.038617
0.036877
0.039025
0.038693
0.036882
0.036659
0.03508
0.034235
0.03591
0.038113
0.035813
0.034051
0.030091
0.039093
0.039161
0.030676
0.03209
0.03471
0.035124
0.03719
0.033696
0.036946
0.037598
0.032667
0.035668
0.03534
0.028856
0.034517
0.036436
0.030682
0.036631
0.035769
0.035482
0.03802
0.035729
0.033832
0.035817
0.035038
0.038792
0.037722
0.03772
0.036901
0.039582
0.043145
0.037305
0.032786
0.03624
0.033812
0.035412
0.033882
0.037429
0.047051
0.03805
0.041057
0.042984
0.041619
0.037383
0.038215
0.038278
0.034529
0.028873
0.03321
0.034449
0.029047
0.037797
0.033545
0.035462
0.027976
0.044069
0.030312
0.03222
0.029055
0.038399
0.034171
0.044414
0.042334
0.043699
0.038379
0.038644
0.04036
0.034512
0.040458
0.039554
0.032909
0.03219
0.025389
0.031546
0.025707
0.029543
0.029573
0.03565
0.025343
0.035012
0.028387
0.02683
0.027856
0.029379
0.031801
0.03129
0.026461
0.026998
0.027909
0.029253
0.027963
0.037452
0.04066
0.026545
0.033345
0.034668
0.038354
0.027357
0.031362
0.029308
0.023929
0.040251
0.036868
0.03311
0.045866
0.037551
0.043414
0.035056
0.043739
0.046651
0.035974
0.040586
0.03588
0.033552
0.037921
0.033375
0.037832
0.036521
0.037893
0.036697
0.038594
0.038906
0.041419
0.044573
0.044167
0.049023
0.048838
0.051276
0.049498
0.047894
0.048941
0.043587
0.048247
0.05299
0.049459
0.057432
0.052827
0.053899
0.028715
0.057537
0.055041
0.029968
0.030012
0.03011
0.033028
0.026527
0.035979
0.033632
0.043458
0.041771
0.038666
0.045493
0.041299
0.038824
0.029769
0.032404
0.034915
0.03372
0.034737
0.032773
0.030913
0.028935
0.024321
0.026313
0.031309
0.026681
0.025494
0.026942
0.027558
0.030315
0.031184
0.024706
0.024312
0.038161
0.039521
0.035352
0.038495
0.032014
0.037278
0.033277
0.030779
0.033878
0.028791
0.031127
0.030195
0.030817
0.02935
0.029067
0.029297
0.034303
0.034393
0.034747
0.035925
0.028786
0.029844
0.030704
0.035276
0.030521
0.035459
0.036905
0.032864
0.038936
0.037392
0.03725
0.028256
0.030478
0.032864
0.035184
0.031322
0.030727
0.026202
0.033023
0.029488
0.03508
0.031398
0.033084
0.034013
0.036147
0.035302
0.03356
0.037788
0.034387
0.033851
0.037544
0.039439
0.03436
0.02987
0.032239
0.02946
0.032069
0.033245
0.035163
0.034505
0.037198
0.041227
0.043953
0.04342
0.036882
0.036662
0.03293
0.036564
0.030036
0.032638
0.034092
0.026946
0.041097
0.042452
0.037697
0.037656
0.041889
0.038765
0.038017
0.04458
0.0358
0.043929
0.04006
0.037928
0.046385
0.042837
0.040592
0.03694
0.036383
0.036168
0.037199
0.034777
0.034007
0.03779
0.033592
0.03127
0.046347
0.040456
0.040871
0.042969
0.045521
0.041714
0.04214
0.042004
0.042748
0.032627
0.031046
0.033593
0.041925
0.041647
0.034301
0.038688
0.036551
0.030245
0.033448
0.028908
0.03229
0.034971
0.048139
0.049099
0.045082
0.047504
0.046383
0.047304
0.047341
0.043372
0.040912
0.044312
0.041825
0.035232
0.035504
0.038684
0.041085
0.037635
0.046978
0.044844
0.044827
0.047688
0.04697
0.041318
0.048127
0.046595
0.045816
0.047417
0.03574
0.031638
0.034777
0.034111
0.033424
0.036083
0.035972
0.033957
0.033816
0.033499
0.037407
0.033985
0.039145
0.036981
0.039784
0.032963
0.033697
0.037763
0.038182
0.034539
0.034944
0.034964
0.036285
0.036393
0.030696
0.03296
0.035574
0.039156
0.035465
0.034134
0.037038
0.040135
0.037567
0.040636
0.032496
0.037633
0.037367
0.034698
0.032711
0.040113
0.038935
0.034842
0.037288
0.038978
0.035324
0.035333
0.03713
0.038123
0.034056
0.038963
0.036883
0.038542
0.035109
0.03368
0.038903
0.033658
0.032864
0.035426
0.03461
0.035387
0.035886
0.036015
0.034721
0.030156
0.034071
0.039395
0.037689
0.036301
0.039656
0.035126
0.033679
0.034405
0.032865
0.034957
0.034579
0.032642
0.036601
0.037727
0.022736
0.029342
0.038108
0.035516
0.023651
0.035394
0.036175
0.035056
0.027151
0.030296
0.030259
0.027488
0.03096
0.035872
0.027988
0.030672
0.033575
0.027532
0.032468
0.031986
0.036699
0.028645
0.032833
0.033978
0.036252
0.031591
0.029875
0.034332
0.030415
0.030941
0.022778
0.026849
0.027316
0.023611
0.035297
0.066549
0.030372
0.072777
0.031724
0.029945
0.031677
0.030823
0.02637
0.026383
0.029807
0.031322
0.032227
0.032015
0.032174
0.027947
0.030221
0.026941
0.029408
0.033349
0.028947
0.033701
0.033788
0.037171
0.033238
0.03277
0.031912
0.032026
0.034369
0.0352
0.061066
0.072344
0.061936
0.061849
0.032782
0.029568
0.035563
0.030838
0.030438
0.031831
0.031322
0.031892
0.037098
0.039712
0.034024
0.037908
0.035971
0.03783
0.03083
0.032928
0.031325
0.034223
0.041849
0.037704
0.034033
0.038021
0.042361
0.040032
0.030446
0.033825
0.032822
0.036416
0.039014
0.04139
0.039773
0.042176
0.037776
0.037695
0.037549
0.035306
0.045272
0.02937
0.02581
0.024839
0.031011
0.028161
0.028846
0.030867
0.040339
0.037312
0.032001
0.04202
0.034148
0.031347
0.029952
0.027756
0.030566
0.02947
0.028805
0.031678
0.032005
0.039486
0.041692
0.042119
0.042217
0.04189
0.034512
0.036153
0.033678
0.032735
0.029414
0.031136
0.027136
0.032013
0.03236
0.030069
0.028073
0.0261
0.030829
0.024805
0.028183
0.031867
0.031822
0.03667
0.0432
0.037756
0.039413
0.036792
0.0373
0.037002
0.036181
0.036635
0.030743
0.034902
0.030841
0.028471
0.027218
0.033609
0.035895
0.030956
0.030643
0.02967
0.028072
0.026462
0.029385
0.025965
0.025131
0.030677
0.026983
0.042995
0.040914
0.038748
0.042845
0.038787
0.043418
0.03728
0.036261
0.040335
0.034978
0.032723
0.035199
0.039425
0.033957
0.038291
0.040993
0.036149
0.035781
0.042212
0.041773
0.043684
0.046643
0.042859
0.042598
0.043544
0.044947
0.043923
0.047934
0.047422
0.043258
0.040336
0.041471
0.04228
0.040268
0.041025
0.043122
0.045158
0.044078
0.035963
0.039069
0.041155
0.03658
0.038996
0.034006
0.036895
0.036456
0.033196
0.034055
0.033729
0.03905
0.034159
0.036479
0.037939
0.034229
0.037132
0.038567
0.038335
0.035751
0.037252
0.039492
0.040691
0.038869
0.035748
0.03443
0.039837
0.034793
0.035668
0.035207
0.036858
0.036193
0.046102
0.039793
0.035585
0.038629
0.039697
0.042238
0.038993
0.035591
0.037233
0.034895
0.035354
0.036477
0.031724
0.033117
0.030267
0.03839
0.037884
0.038911
0.03769
0.039009
0.036183
0.031242
0.037844
0.04027
0.036218
0.034335
0.035331
0.036173
0.037987
0.041135
0.035586
0.036796
0.034746
0.033651
0.036165
0.036751
0.035324
0.034235
0.032553
0.027695
0.029969
0.03212
0.029516
0.031064
0.032026
0.032125
0.028547
0.029212
0.031473
0.03581
0.03457
0.026351
0.031789
0.033682
0.034697
0.032083
0.030578
0.027882
0.032933
0.034759
0.029358
0.03179
0.037778
0.0362
0.03208
0.034346
0.037638
0.03576
0.03007
0.041848
0.033113
0.039363
0.036788
0.033436
0.038407
0.03475
0.036142
0.035287
0.036073
0.035193
0.037382
0.035927
0.038043
0.033348
0.038251
0.032544
0.036076
0.038156
0.034673
0.032742
0.037096
0.039943
0.041925
0.04096
0.037916
0.037624
0.047287
0.034596
0.041054
0.038927
0.04177
0.038393
0.032391
0.046415
0.038662
0.04283
0.033883
0.033293
0.032741
0.035903
0.034517
0.039414
0.042266
0.036947
0.037363
0.036317
0.040576
0.038051
0.041087
0.045316
0.043823
0.04684
0.047617
0.043717
0.045794
0.046399
0.041628
0.034341
0.036018
0.035313
0.040636
0.039043
0.041291
0.047373
0.039078
0.043443
0.040471
0.031906
0.035719
0.034972
0.032295
0.028401
0.032537
0.029623
0.028648
0.033589
0.038639
0.036132
0.027786
0.030881
0.031694
0.028129
0.035578
0.028641
0.031982
0.026129
0.029714
0.031347
0.028564
0.029487
0.03037
0.030777
0.030844
0.033745
0.03193
0.036835
0.038086
0.041751
0.035259
0.033546
0.033146
0.032473
0.027076
0.029547
0.030409
0.029497
0.031414
0.029876
0.030064
0.032172
0.026569
0.032265
0.032192
0.03356
0.027862
0.032212
0.030386
0.033719
0.030084
0.029742
0.029655
0.035487
0.034247
0.032356
0.031692
0.033234
0.038697
0.034565
0.033049
0.034516
0.030474
0.032064
0.037192
0.028638
0.037826
0.036291
0.040798
0.036079
0.038261
0.036524
0.03729
0.037993
0.037802
0.033286
0.036654
0.03504
0.03897
0.043462
0.041455
0.043759
0.040338
0.036077
0.04307
0.045678
0.040706
0.040299
0.039308
0.040422
0.038878
0.033234
0.036884
0.038315
0.035038
0.036275
0.03447
0.03429
0.037533
0.035387
0.035745
0.041288
0.038521
0.030828
0.034135
0.030292
0.034386
0.032464
0.035857
0.033656
0.032186
0.033199
0.031397
0.031127
0.033006
0.029954
0.027981
0.031771
0.032624
0.031328
0.029443
0.030953
0.027407
0.029838
0.030822
0.030423
0.029083
0.03328
0.02855
0.030354
0.029828
0.027323
0.028842
0.034871
0.034032
0.032545
0.034092
0.036213
0.033924
0.03065
0.033308
0.035622
0.031931
0.035061
0.033867
0.033148
0.031347
0.03428
0.031712
0.030799
0.036556
0.032871
0.030868
0.02932
0.032246
0.031162
0.035101
0.037698
0.031217
0.039543
0.03782
0.037776
0.034811
0.038724
0.033781
0.040985
0.033406
0.040884
0.039313
0.036541
0.039295
0.035533
0.030915
0.042706
0.033783
0.03227
0.036723
0.032489
0.039669
0.037795
0.037768
0.041481
0.039236
0.037269
0.042111
0.038414
0.043032
0.042659
0.043618
0.03996
0.04197
0.040153
0.038539
0.042153
0.041769
0.043191
0.044349
0.041011
0.044865
0.042215
0.040664
0.044551
0.041851
0.042477
0.044326
0.042093
0.040096
0.03772
0.039856
0.0393
0.040073
0.037754
0.040901
0.046489
0.038243
0.040519
0.042442
0.042692
0.035998
0.039128
0.041896
0.040781
0.048016
0.042985
0.051724
0.045975
0.045402
0.043122
0.043778
0.043688
0.043897
0.039252
0.042421
0.041865
0.045711
0.041121
0.047487
0.036267
0.040789
0.035979
0.037731
0.037461
0.035284
0.032489
0.041939
0.036484
0.044198
0.044336
0.035877
0.038242
0.033112
0.031047
0.033195
0.037356
0.040924
0.041615
0.036783
0.038708
0.042731
0.036982
0.034001
0.035042
0.049
0.039042
0.040806
0.035227
0.036543
0.036476
0.029869
0.034884
0.034358
0.03279
0.0328
0.032383
0.027887
0.026879
0.030562
0.030656
0.035953
0.033545
0.027098
0.033433
0.029919
0.027854
0.027075
0.032775
0.02836
0.031235
0.029597
0.031962
0.031998
0.036346
0.029811
0.034691
0.03581
0.031807
0.033781
0.028935
0.034961
0.031552
0.033321
0.031848
0.031978
0.031834
0.031045
0.030239
0.031198
0.032626
0.032432
0.031657
0.031728
0.032022
0.031625
0.025195
0.028909
0.02457
0.02662
0.02681
0.024977
0.025915
0.026266
0.026875
0.024789
0.025949
0.023775
0.027895
0.023673
0.023854
0.023312
0.02585
0.032785
0.030728
0.032299
0.029824
0.030278
0.034599
0.030028
0.03032
0.029659
0.027809
0.028164
0.030169
0.03301
0.03213
0.033915
0.031022
0.03491
0.027006
0.026959
0.030646
0.035106
0.036344
0.028611
0.035215
0.032224
0.030209
0.028469
0.035122
0.030951
0.028757
0.031475
0.030956
0.029937
0.032126
0.034151
0.026695
0.024496
0.028819
0.030922
0.031614
0.027817
0.028412
0.037725
0.037296
0.030161
0.039395
0.034087
0.033333
0.032462
0.039323
0.032314
0.03276
0.033445
0.031008
0.033326
0.031636
0.036393
0.035843
0.032759
0.038773
0.03409
0.036164
0.034953
0.03836
0.035979
0.042243
0.04096
0.040149
0.036146
0.035534
0.039548
0.040805
0.037285
0.039139
0.047506
0.037792
0.037734
0.037953
0.033836
0.042048
0.039231
0.043603
0.041069
0.04147
0.038219
0.039296
0.037769
0.040284
0.037725
0.035648
0.039898
0.038407
0.034277
0.0347
0.038276
0.035686
0.039237
0.036348
0.035626
0.039876
0.031898
0.036898
0.039032
0.035263
0.037429
0.037
0.037874
0.039689
0.040814
0.036395
0.037338
0.039473
0.038059
0.039194
0.039534
0.042542
0.044879
0.041815
0.041146
0.035234
0.042893
0.044168
0.041374
0.037862
0.037983
0.033025
0.033288
0.037529
0.035447
0.031655
0.038619
0.037309
0.040401
0.03646
0.038354
0.034494
0.018941
0.020064
0.029543
0.027168
0.027654
0.034229
0.033097
0.02853
0.03335
0.030617
0.030018
0.027096
0.032297
0.031209
0.033244
0.03257
0.032041
0.023587
0.025259
0.02369
0.026999
0.022674
0.022141
0.025839
0.023455
0.022951
0.023634
0.028601
0.022106
0.028437
0.027805
0.023441
0.026931
0.028913
0.023993
0.027124
0.032249
0.02983
0.0334
0.033422
0.028615
0.033147
0.027344
0.029829
0.029914
0.028894
0.027967
0.024088
0.027749
0.028094
0.025984
0.026735
0.026187
0.028739
0.025802
0.025456
0.026985
0.02899
0.025234
0.02482
0.024883
0.027692
0.026348
0.024966
0.023247
0.025069
0.023417
0.024449
0.027565
0.028446
0.022634
0.028944
0.023487
0.024297
0.023383
0.026946
0.023356
0.026071
0.025733
0.027248
0.034087
0.038524
0.027371
0.032685
0.029184
0.032523
0.041106
0.037893
0.034468
0.034005
0.030756
0.025891
0.030546
0.028953
0.029851
0.025982
0.030877
0.026078
0.030745
0.036494
0.044181
0.034623
0.037498
0.034976
0.033265
0.03333
0.035765
0.035231
0.033264
0.035659
0.034301
0.031798
0.037281
0.038753
0.037934
0.035326
0.03574
0.033046
0.035344
0.030533
0.036189
0.036722
0.034583
0.037705
0.033922
0.037481
0.036251
0.033914
0.032139
0.032242
0.030637
0.034976
0.034171
0.029774
0.029963
0.037313
0.033112
0.034707
0.03051
0.037746
0.034547
0.03903
0.040171
0.034254
0.031179
0.03449
0.035488
0.043186
0.027197
0.024634
0.026871
0.023389
0.023172
0.026114
0.02597
0.024753
0.025366
0.023421
0.022313
0.022726
0.029454
0.027964
0.030377
0.02651
0.023217
0.023392
0.024512
0.023897
0.028695
0.0322
0.030543
0.028994
0.028826
0.029979
0.027256
0.029009
0.02732
0.026006
0.027614
0.032455
0.027917
0.033012
0.034072
0.031525
0.023828
0.048775
0.042532
0.032251
0.037491
0.040148
0.037102
0.034591
0.032598
0.038095
0.032919
0.036518
0.03151
0.030155
0.022956
0.022468
0.023383
0.028781
0.040717
0.044727
0.035241
0.070099
0.049559
0.032784
0.035569
0.0672
0.042898
0.037246
0.038178
0.074004
0.069929
0.05212
0.037858
0.039665
0.041402
0.042238
0.034121
0.068961
0.073225
0.046981
0.036702
0.071022
0.070864
0.061447
0.072694
0.040526
0.035886
0.039889
0.035738
0.04233
0.037859
0.070335
0.062798
0.060529
0.036826
0.071932
0.059627
0.044144
0.043158
0.046885
0.036358
0.054339
0.068666
0.074686
0.046367
0.051748
0.060986
0.066404
0.067104
0.061364
0.035649
0.071099
0.071482
0.063916
0.063142
0.057764
0.052913
0.05418
0.061137
0.056221
0.034738
0.03937
0.042268
0.027919
0.029195
0.035125
0.031937
0.029577
0.039357
0.039759
0.036213
0.032823
0.038791
0.039816
0.045939
0.026598
0.040738
0.038749
0.039691
0.038736
0.038747
0.038079
0.040922
0.042278
0.042412
0.03493
0.04037
0.03859
0.036615
0.039166
0.036391
0.048251
0.037729
0.045144
0.044849
0.045578
0.035257
0.046243
0.048304
0.046508
0.047826
0.036894
0.040038
0.037787
0.04465
0.038863
0.028283
0.038349
0.027014
0.034359
0.034379
0.031576
0.033802
0.028041
0.032278
0.028293
0.033628
0.028558
0.029436
0.032604
0.039846
0.042676
0.039473
0.037307
0.041451
0.04022
0.040372
0.040889
0.041775
0.041826
0.039495
0.042357
0.040808
0.041293
0.040508
0.039073
0.0369
0.044917
0.040422
0.035504
0.032194
0.045311
0.033398
0.040226
0.040728
0.040389
0.042068
0.039792
0.04099
0.039906
0.04355
0.048489
0.044431
0.043739
0.04085
0.039168
0.037458
0.041036
0.040205
0.034727
0.036622
0.033924
0.035439
0.032607
0.043774
0.04408
0.040566
0.040347
0.043409
0.042114
0.046902
0.045559
0.044846
0.044034
0.041568
0.045183
0.046682
0.046054
0.050731
0.046555
0.044723
0.045876
0.046406
0.052782
0.054151
0.049143
0.048983
0.053024
0.053918
0.056859
0.04698
0.042948
0.056768
0.049168
0.046328
0.044651
0.042101
0.045382
0.043882
0.046995
0.047631
0.044336
0.044265
0.048795
0.04623
0.040411
0.038807
0.04882
0.044882
0.056194
0.05061
0.04749
0.035785
0.043537
0.044356
0.044343
0.037246
0.051459
0.050754
0.04386
0.050313
0.046161
0.050557
0.045378
0.050742
0.050657
0.051557
0.043437
0.049042
0.048396
0.05109
0.048776
0.055277
0.048384
0.042131
0.052679
0.054452
0.048218
0.054739
0.049035
0.048769
0.050457
0.051106
0.041433
0.0382
0.040147
0.045545
0.044078
0.046078
0.037356
0.046133
0.044134
0.045028
0.047642
0.044556
0.052995
0.043986
0.056611
0.050406
0.053935
0.051075
0.052037
0.044459
0.043995
0.042912
0.05384
0.039123
0.041388
0.04766
0.047174
0.039624
0.039501
0.040364
0.036806
0.036584
0.035267
0.03385
0.040006
0.03754
0.041867
0.034905
0.040932
0.040293
0.038337
0.035314
0.036794
0.036133
0.039521
0.033089
0.040432
0.039348
0.035611
0.035494
0.044472
0.041172
0.043529
0.047085
0.046656
0.030964
0.032118
0.034822
0.029083
0.040062
0.033268
0.040511
0.028703
0.033567
0.041438
0.03757
0.039097
0.041268
0.038916
0.046033
0.046282
0.052021
0.045752
0.041994
0.047635
0.05443
0.055867
0.054744
0.056714
0.065755
0.038107
0.03935
0.03985
0.029457
0.054192
0.03642
0.031504
0.037056
0.054015
0.054057
0.044422
0.043838
0.047484
0.05757
0.026932
0.024107
0.029332
0.041805
0.03288
0.032022
0.049346
0.043098
0.034101
0.058836
0.034851
0.032751
0.051973
0.024711
0.032662
0.030733
0.026007
0.05896
0.0589
0.039845
0.047874
0.048998
0.029958
0.026903
0.0274
0.058228
0.032064
0.035959
0.037049
0.028554
0.035635
0.038159
0.029786
0.031071
0.021419
0.033747
0.027277
0.028446
0.023111
0.036013
0.027334
0.028749
0.026391
0.032735
0.029391
0.037328
0.028792
0.028694
0.030462
0.029519
0.027458
0.028597
0.026059
0.03196
0.030797
0.041935
0.0523
0.043283
0.032052
0.040914
0.037243
0.02969
0.033975
0.033963
0.027006
0.03854
0.042151
0.043631
0.03811
0.041078
0.041217
0.03622
0.0351
0.033989
0.029968
0.031329
0.03901
0.025832
0.022816
0.024109
0.022806
0.033676
0.024062
0.02384
0.027054
0.020354
0.047323
0.035016
0.028172
0.029216
0.031354
0.031277
0.036214
0.030356
0.026717
0.057538
0.050976
0.021312
0.04992
0.048159
0.053558
0.040734
0.031898
0.045579
0.032542
0.040074
0.046914
0.048312
0.046871
0.038586
0.041622
0.039175
0.048864
0.050954
0.04947
0.048119
0.040023
0.041522
0.044045
0.040434
0.037289
0.044901
0.037297
0.041609
0.027529
0.039886
0.03502
0.038324
0.039679
0.03333
0.030126
0.028217
0.047168
0.048313
0.045459
0.047644
0.029399
0.043377
0.044427
0.041912
0.032164
0.038555
0.039083
0.043964
0.03877
0.040418
0.038628
0.040913
0.043116
0.0474
0.039705
0.0405
0.04841
0.049891
0.043993
0.05977
0.04464
0.059615
0.052243
0.050499
0.046596
0.054923
0.045236
0.057532
0.046156
0.056101
0.041464
0.044688
0.047684
0.056103
0.040799
0.039187
0.043446
0.04061
0.025777
0.029445
0.034632
0.043499
0.040212
0.027193
0.038416
0.066739
0.043818
0.058136
0.034591
0.02791
0.048397
0.026795
0.031369
0.03654
0.063625
0.034786
0.033521
0.044362
0.029272
0.031315
0.05523
0.050522
0.041486
0.052738
0.026774
0.023717
0.030216
0.05412
0.049877
0.023072
0.024898
0.035933
0.026395
0.028188
0.023652
0.026004
0.022544
0.022658
0.026121
0.023653
0.022738
0.026512
0.023023
0.022094
0.022866
0.029257
0.024511
0.024264
0.033164
0.037204
0.028071
0.030667
0.022115
0.023222
0.01695
0.017601
0.023959
0.016852
0.022499
0.020235
0.023737
0.018829
0.01983
0.021031
0.022224
0.021966
0.021234
0.030024
0.026752
0.022628
0.024649
0.020719
0.016817
0.016513
0.01474
0.011546
0.01124
0.013426
0.014779
0.019448
0.016142
0.010147
0.011965
0.014862
0.01068
0.018239
0.012164
0.029241
0.041098
0.03365
0.023414
0.027994
0.023045
0.026117
0.03486
0.029523
0.023063
0.022653
0.02707
0.029052
0.02452
0.025568
0.022338
0.026047
0.022492
0.023373
0.026781
0.037535
0.02453
0.034785
0.035304
0.033305
0.02778
0.025658
0.02535
0.040244
0.034071
0.03454
0.034775
0.032542
0.034389
0.038475
0.033134
0.034322
0.046609
0.04622
0.046132
0.028361
0.037223
0.026739
0.047005
0.031138
0.02719
0.027772
0.03455
0.025958
0.038314
0.037032
0.03838
0.050837
0.053348
0.041097
0.065301
0.055348
0.035075
0.047619
0.051031
0.038345
0.038217
0.047923
0.054377
0.033953
0.041393
0.05335
0.042799
0.035924
0.04009
0.037309
0.036084
0.034265
0.03737
0.038408
0.035046
0.038017
0.035871
0.041777
0.034084
0.053244
0.052399
0.042263
0.046927
0.040132
0.03038
0.035686
0.032304
0.03798
0.034434
0.037176
0.039193
0.036186
0.031405
0.033502
0.04227
0.033519
0.042969
0.042004
0.034618
0.04397
0.03
0.021094
0.038804
0.033741
0.033958
0.034007
0.018901
0.031303
0.026412
0.026912
0.026302
0.034972
0.031839
0.028748
0.025655
0.023722
0.033028
0.02857
0.031868
0.034538
0.034759
0.01995
0.02768
0.025752
0.022676
0.026196
0.039134
0.026913
0.023027
0.019298
0.019101
0.02222
0.012908
0.0236
0.017403
0.015411
0.016594
0.013268
0.017608
0.02887
0.013529
0.020272
0.015469
0.014915
0.015921
0.014627
0.013936
0.012258
0.018553
0.025272
0.027044
0.027258
0.02075
0.026296
0.012375
0.030717
0.012595
0.016045
0.0095075
0.010878
0.01655
0.015579
0.014227
0.013451
0.014268
0.020805
0.016552
0.014301
0.014146
0.014296
0.018098
0.02049
0.022042
0.025737
0.024269
0.023353
0.019577
0.029324
0.023982
0.032389
0.02421
0.032808
0.031134
0.035968
0.032178
0.032641
0.033952
0.041723
0.023643
0.026847
0.026124
0.023786
0.022893
0.023938
0.024644
0.029422
0.028068
0.03275
0.027167
0.027335
0.02752
0.026105
0.03227
0.029076
0.027268
0.026664
0.031722
0.031576
0.034667
0.031878
0.034062
0.028618
0.031967
0.038079
0.027733
0.030614
0.025914
0.036987
0.031515
0.031828
0.035596
0.032267
0.031098
0.032686
0.045862
0.034706
0.029674
0.035607
0.032566
0.032489
0.031104
0.039472
0.032158
0.033417
0.032457
0.035686
0.028171
0.030038
0.028343
0.026222
0.029106
0.036448
0.040162
0.034332
0.02513
0.029199
0.029733
0.034622
0.029259
0.034606
0.03895
0.040872
0.043703
0.035591
0.034152
0.044296
0.036259
0.038478
0.038665
0.038398
0.024198
0.019176
0.029088
0.033914
0.030269
0.038569
0.026687
0.035807
0.021686
0.030028
0.038914
0.036242
0.038553
0.040378
0.043415
0.036262
0.028084
0.039117
0.038924
0.03655
0.035019
0.03244
0.022612
0.029052
0.01813
0.017761
0.014542
0.017581
0.015595
0.024717
0.019072
0.018896
0.024418
0.018048
0.023439
0.022142
0.038657
0.029971
0.0281
0.034742
0.033298
0.033279
0.026608
0.032327
0.029303
0.018763
0.018048
0.019459
0.023494
0.015172
0.023064
0.020764
0.023978
0.023901
0.02463
0.024668
0.026298
0.026028
0.023081
0.019719
0.023047
0.016206
0.018116
0.021536
0.019477
0.016136
0.018215
0.021498
0.023684
0.024006
0.02587
0.013977
0.025521
0.022242
0.027427
0.02415
0.030526
0.015312
0.019622
0.013611
0.019858
0.022612
0.022913
0.016804
0.024605
0.022401
0.019642
0.022714
0.022332
0.024785
0.023385
0.024877
0.024921
0.026047
0.026035
0.024227
0.021403
0.017467
0.019744
0.018847
0.028319
0.023148
0.025423
0.025224
0.030179
0.024451
0.027594
0.025365
0.024803
0.025072
0.022551
0.024811
0.027058
0.026284
0.025364
0.022977
0.027098
0.024365
0.025983
0.028588
0.030274
0.028289
0.027909
0.027502
0.028331
0.030552
0.032299
0.029879
0.029886
0.029724
0.030304
0.032932
0.028775
0.030287
0.026942
0.032265
0.03192
0.034072
0.034623
0.041559
0.038464
0.037728
0.035202
0.02665
0.040374
0.03865
0.038279
0.035317
0.033658
0.035939
0.041479
0.041327
0.039714
0.039238
0.035257
0.040354
0.041964
0.039885
0.038184
0.037901
0.042051
0.036934
0.041124
0.043341
0.040295
0.042592
0.039811
0.030616
0.028349
0.026446
0.028302
0.027118
0.029242
0.027022
0.031535
0.029709
0.027425
0.025775
0.023865
0.029241
0.032901
0.028447
0.02401
0.030398
0.031128
0.026778
0.02478
0.028482
0.031303
0.031347
0.032779
0.034326
0.029117
0.026028
0.032039
0.023712
0.027219
0.030426
0.026911
0.029725
0.031486
0.026829
0.029507
0.027313
0.027516
0.027402
0.030072
0.027228
0.028392
0.026881
0.028786
0.026463
0.031165
0.025579
0.026455
0.032259
0.028207
0.026559
0.025896
0.029854
0.035436
0.026775
0.02595
0.032559
0.027313
0.030293
0.033175
0.031686
0.032688
0.032712
0.028423
0.031609
0.028214
0.020044
0.038659
0.031642
0.036756
0.033671
0.026878
0.024969
0.024766
0.025197
0.037287
0.01901
0.036845
0.02499
0.02196
0.022845
0.029669
0.027516
0.028868
0.023592
0.027647
0.035796
0.031412
0.027481
0.031863
0.03796
0.030674
0.034944
0.027175
0.030606
0.029834
0.02411
0.023864
0.028873
0.026153
0.024215
0.024853
0.022811
0.03214
0.027063
0.02597
0.023032
0.029831
0.026389
0.023351
0.024163
0.027471
0.026472
0.027719
0.028642
0.029795
0.027856
0.02824
0.029737
0.0431
0.030385
0.024928
0.035704
0.036257
0.029863
0.034404
0.039184
0.033738
0.034692
0.032835
0.028382
0.03469
0.039646
0.033525
0.028923
0.033792
0.035233
0.032413
0.035409
0.032624
0.0358
0.035862
0.040901
0.034319
0.038685
0.038382
0.035833
0.042821
0.039856
0.037857
0.039688
0.042223
0.038271
0.050338
0.04783
0.05304
0.042342
0.045861
0.041708
0.058208
0.051605
0.064001
0.059313
0.036553
0.02142
0.026037
0.021682
0.027334
0.027479
0.036471
0.039598
0.030989
0.033465
0.030299
0.035236
0.027942
0.022378
0.026557
0.060292
0.027165
0.023752
0.023606
0.025738
0.02018
0.023961
0.020686
0.02139
0.023117
0.021739
0.023802
0.028948
0.044469
0.02734
0.024109
0.030411
0.031333
0.026502
0.024875
0.027678
0.024557
0.024097
0.025194
0.019814
0.023039
0.0215
0.025132
0.02541
0.022427
0.022859
0.024807
0.024252
0.027072
0.021912
0.023573
0.020139
0.025329
0.024791
0.026371
0.027485
0.02732
0.027066
0.026401
0.026749
0.024792
0.024902
0.028434
0.031158
0.024948
0.026873
0.03034
0.028875
0.028193
0.0252
0.030339
0.031096
0.032163
0.031828
0.022197
0.029581
0.025123
0.025708
0.052243
0.025746
0.025184
0.024307
0.022708
0.026143
0.027052
0.024645
0.029197
0.027174
0.033108
0.030733
0.032524
0.036519
0.035396
0.036311
0.026506
0.025674
0.029339
0.025126
0.030403
0.023429
0.025497
0.025287
0.027063
0.025996
0.02258
0.036962
0.039442
0.035582
0.03922
0.039615
0.033909
0.030782
0.035368
0.027714
0.032337
0.029744
0.02939
0.027286
0.026587
0.029339
0.027857
0.024988
0.027349
0.028034
0.027508
0.026698
0.034601
0.036369
0.039938
0.033813
0.033839
0.035109
0.03373
0.035557
0.03325
0.029902
0.038154
0.034111
0.034669
0.035742
0.032422
0.030845
0.028191
0.029207
0.030414
0.033962
0.033221
0.038718
0.045102
0.044376
0.044637
0.04266
0.042526
0.044261
0.040168
0.038416
0.038528
0.039715
0.041013
0.038865
0.036442
0.040415
0.045957
0.042928
0.043456
0.044324
0.042557
0.041859
0.043323
0.046843
0.028535
0.024929
0.021935
0.029798
0.023908
0.021618
0.028555
0.024838
0.028508
0.024843
0.032043
0.023179
0.026925
0.027154
0.026601
0.027933
0.023985
0.024979
0.028145
0.02526
0.026738
0.023524
0.029425
0.029856
0.028558
0.034118
0.027467
0.024388
0.027031
0.026988
0.025188
0.030672
0.024856
0.031019
0.029944
0.025728
0.025648
0.026684
0.029667
0.02706
0.027035
0.029553
0.028093
0.025169
0.028312
0.02753
0.034824
0.033296
0.029396
0.027352
0.026466
0.029047
0.030449
0.026464
0.031196
0.028684
0.030826
0.027508
0.033817
0.027613
0.026727
0.027589
0.023631
0.024019
0.034287
0.027546
0.027384
0.027376
0.035419
0.028426
0.029962
0.024493
0.023487
0.032339
0.022419
0.029873
0.028569
0.020517
0.028594
0.026159
0.023084
0.027578
0.029165
0.028276
0.025949
0.027257
0.027704
0.030765
0.027059
0.029963
0.028961
0.028056
0.029619
0.031078
0.029242
0.030172
0.033096
0.022121
0.023345
0.024772
0.020698
0.019747
0.026146
0.027577
0.030944
0.03271
0.034014
0.031983
0.0336
0.067212
0.029534
0.036672
0.028786
0.03007
0.028854
0.029558
0.03102
0.031146
0.028659
0.02868
0.026243
0.029519
0.032334
0.029631
0.031378
0.020852
0.029492
0.02512
0.033946
0.029712
0.019778
0.031652
0.03046
0.031725
0.029754
0.027531
0.059373
0.0654
0.061914
0.029852
0.030442
0.030515
0.034809
0.029639
0.027025
0.028045
0.030565
0.024887
0.034334
0.031802
0.027037
0.029716
0.029109
0.032935
0.030651
0.030898
0.031219
0.032243
0.025357
0.033516
0.030535
0.033663
0.033527
0.03337
0.032138
0.023786
0.023831
0.024251
0.026072
0.029103
0.017635
0.03961
0.032395
0.029063
0.032914
0.02447
0.025608
0.026511
0.021478
0.022231
0.022028
0.022662
0.028167
0.026911
0.031879
0.035074
0.037878
0.034364
0.036482
0.039031
0.025189
0.022552
0.027001
0.024091
0.022888
0.022638
0.027725
0.02693
0.02713
0.040007
0.038047
0.032091
0.038891
0.033704
0.031764
0.038316
0.033617
0.02789
0.027355
0.029312
0.025043
0.026091
0.026057
0.028174
0.031506
0.025185
0.02646
0.037546
0.0377
0.028492
0.037119
0.039658
0.034038
0.034296
0.038459
0.035549
0.042689
0.027097
0.029691
0.029803
0.030182
0.027581
0.0285
0.027141
0.030228
0.029232
0.026547
0.028691
0.028832
0.025931
0.033191
0.034697
0.039722
0.033603
0.038441
0.040809
0.038359
0.036516
0.037789
0.037478
0.039494
0.033592
0.035843
0.037737
0.041333
0.038198
0.040997
0.035399
0.03755
0.043326
0.037853
0.036491
0.040725
0.041773
0.043468
0.043836
0.038795
0.043217
0.042322
0.043196
0.037589
0.043407
0.043144
0.044255
0.037127
0.038928
0.041577
0.030335
0.028382
0.025355
0.025545
0.025056
0.026957
0.025678
0.026893
0.028344
0.03453
0.028022
0.028166
0.028962
0.028026
0.03189
0.028434
0.025818
0.028637
0.030137
0.027006
0.028775
0.024043
0.027829
0.027841
0.02668
0.029984
0.029547
0.030602
0.026799
0.026812
0.025066
0.030159
0.029115
0.027606
0.02312
0.027851
0.028419
0.026501
0.026466
0.025997
0.027145
0.02784
0.02783
0.024955
0.024875
0.028983
0.0261
0.028523
0.025609
0.029644
0.028878
0.028414
0.029114
0.026009
0.027301
0.023337
0.029476
0.024817
0.022301
0.029426
0.029443
0.027476
0.030449
0.03071
0.029887
0.024367
0.028817
0.027578
0.023113
0.022469
0.026533
0.023
0.024878
0.020891
0.021908
0.022367
0.018985
0.031046
0.031197
0.031789
0.03214
0.027533
0.020976
0.032668
0.027467
0.026366
0.030319
0.026038
0.035465
0.027963
0.023623
0.027397
0.030721
0.034112
0.030361
0.033136
0.031783
0.03562
0.032263
0.030795
0.033124
0.037197
0.039504
0.025752
0.02796
0.025111
0.032103
0.031999
0.035433
0.027109
0.029889
0.031037
0.030521
0.03261
0.034884
0.033914
0.033669
0.034819
0.035094
0.032275
0.037114
0.037494
0.037285
0.039368
0.040539
0.040517
0.039273
0.027497
0.032404
0.032222
0.03064
0.037326
0.027123
0.027545
0.032451
0.035372
0.037297
0.034593
0.038127
0.038145
0.040057
0.038268
0.041463
0.037987
0.03854
0.032361
0.035986
0.037766
0.032721
0.033055
0.034533
0.030401
0.028714
0.03208
0.038198
0.038799
0.028092
0.037421
0.03377
0.042235
0.037436
0.03487
0.035951
0.038442
0.03712
0.032895
0.030891
0.041148
0.034239
0.032009
0.030847
0.030657
0.028249
0.027532
0.029953
0.029314
0.037688
0.037629
0.031993
0.03386
0.033772
0.026793
0.02435
0.023086
0.023969
0.026967
0.026878
0.02904
0.026948
0.030967
0.028961
0.035596
0.039469
0.037252
0.037942
0.03805
0.037765
0.037474
0.027801
0.030121
0.029085
0.026804
0.030171
0.029245
0.032172
0.025387
0.028173
0.024972
0.027307
0.030643
0.027558
0.028118
0.02737
0.03136
0.031148
0.034536
0.029701
0.02799
0.028144
0.024425
0.025365
0.043556
0.035324
0.038033
0.048224
0.044832
0.044514
0.040939
0.043
0.039679
0.038402
0.043113
0.040015
0.0395
0.036682
0.040245
0.04073
0.037566
0.042133
0.040501
0.040393
0.044971
0.045709
0.041793
0.04075
0.04232
0.041119
0.044019
0.039996
0.041998
0.040147
0.041091
0.044316
0.034726
0.04313
0.041244
0.041257
0.036372
0.036841
0.03525
0.037661
0.034922
0.038712
0.034861
0.033027
0.037236
0.036003
0.03696
0.037081
0.038749
0.039405
0.025755
0.0291
0.027919
0.026718
0.028152
0.025314
0.022548
0.024023
0.0228
0.025052
0.025359
0.025346
0.026307
0.025919
0.026976
0.021847
0.025193
0.025448
0.02479
0.021415
0.01986
0.022916
0.025856
0.02369
0.022483
0.024816
0.025902
0.030368
0.026581
0.027375
0.031253
0.028761
0.025455
0.034519
0.027459
0.025818
0.028617
0.028925
0.025901
0.032355
0.031046
0.025434
0.027844
0.025492
0.028948
0.024878
0.032398
0.038299
0.036978
0.039856
0.041875
0.035066
0.037082
0.029983
0.032552
0.033643
0.026613
0.037329
0.027032
0.030261
0.028974
0.032929
0.033372
0.030736
0.036167
0.034607
0.037103
0.033061
0.036544
0.043498
0.041949
0.039255
0.038539
0.044057
0.03952
0.039803
0.038491
0.041656
0.035863
0.041044
0.039161
0.038924
0.040106
0.032994
0.035545
0.038913
0.032937
0.038548
0.03652
0.032887
0.035375
0.036898
0.036672
0.03645
0.035182
0.038464
0.036876
0.040825
0.037068
0.039207
0.043811
0.043565
0.044645
0.043816
0.039851
0.038237
0.041168
0.040294
0.034636
0.040415
0.038739
0.040812
0.040644
0.038189
0.04013
0.042487
0.037495
0.039913
0.032201
0.040762
0.032332
0.033395
0.038791
0.036678
0.038659
0.03948
0.034827
0.039288
0.038231
0.038338
0.029895
0.035414
0.037005
0.038131
0.041491
0.037408
0.038884
0.038091
0.035537
0.038596
0.036357
0.036003
0.037276
0.037317
0.038699
0.033971
0.036629
0.036746
0.035228
0.035047
0.03604
0.031563
0.036629
0.039693
0.037947
0.035452
0.035332
0.03709
0.035858
0.032466
0.030994
0.029076
0.035976
0.032012
0.0304
0.033593
0.031638
0.032268
0.033828
0.031036
0.032846
0.033715
0.02926
0.030244
0.033955
0.02938
0.029114
0.03309
0.036067
0.036459
0.034489
0.031793
0.033594
0.036596
0.036396
0.030493
0.033944
0.032342
0.031842
0.03184
0.033374
0.031618
0.026907
0.025327
0.030689
0.026973
0.027544
0.029989
0.030292
0.028043
0.026084
0.027434
0.029973
0.025369
0.0279
0.025236
0.025674
0.026639
0.02169
0.027995
0.038036
0.039335
0.0344
0.035162
0.034373
0.036373
0.032386
0.034139
0.033951
0.036494
0.03629
0.033086
0.031333
0.041131
0.034071
0.028436
0.025932
0.031757
0.034627
0.029959
0.035201
0.031011
0.03301
0.031788
0.033109
0.029191
0.031927
0.025114
0.029508
0.030068
0.029382
0.031399
0.028175
0.03229
0.030452
0.027739
0.027084
0.034819
0.031403
0.030814
0.042331
0.038473
0.041367
0.040042
0.03594
0.036755
0.038656
0.040153
0.040065
0.03922
0.03806
0.036301
0.043751
0.041336
0.047994
0.036469
0.034889
0.041494
0.035438
0.035901
0.043109
0.040796
0.041099
0.041759
0.042212
0.041402
0.044315
0.04348
0.046487
0.04401
0.043898
0.043924
0.041737
0.046655
0.044743
0.043025
0.040124
0.045504
0.043837
0.040109
0.042938
0.044733
0.045649
0.040932
0.040965
0.039013
0.037516
0.033199
0.042728
0.04008
0.036788
0.041266
0.042649
0.039853
0.039162
0.037275
0.039472
0.034695
0.038151
0.036388
0.039866
0.037003
0.039775
0.040056
0.038474
0.044028
0.042191
0.040077
0.040102
0.039446
0.042432
0.044013
0.040856
0.033811
0.043395
0.040038
0.038239
0.040955
0.04006
0.041612
0.039272
0.039012
0.027342
0.037071
0.041092
0.034775
0.03556
0.034504
0.039491
0.033137
0.033492
0.034519
0.029039
0.030252
0.035035
0.032085
0.031603
0.032328
0.038422
0.032786
0.035381
0.032838
0.034058
0.037483
0.032856
0.032502
0.032752
0.03471
0.035273
0.033173
0.03359
0.025742
0.025795
0.022048
0.024266
0.027189
0.025217
0.025938
0.027867
0.023794
0.023502
0.028689
0.022699
0.029186
0.029901
0.032784
0.02892
0.030123
0.026271
0.028352
0.031502
0.030112
0.037157
0.030447
0.036951
0.03379
0.034638
0.029975
0.035766
0.027604
0.028372
0.028226
0.028533
0.028041
0.03141
0.025023
0.029111
0.024663
0.023661
0.028126
0.028326
0.026483
0.030157
0.028567
0.024847
0.030093
0.028666
0.025491
0.027025
0.026916
0.028773
0.026956
0.024075
0.025843
0.027759
0.02664
0.02647
0.028168
0.031576
0.024215
0.028064
0.026199
0.031309
0.024512
0.023981
0.029278
0.028466
0.025157
0.0288
0.026932
0.030974
0.032274
0.040894
0.029628
0.043198
0.035612
0.040795
0.027943
0.038878
0.03627
0.037693
0.034688
0.03147
0.036835
0.032783
0.035018
0.033628
0.034026
0.033875
0.040395
0.040786
0.042373
0.043029
0.039542
0.039023
0.035515
0.042202
0.039052
0.03889
0.038755
0.034779
0.037885
0.035036
0.035595
0.036756
0.035109
0.034813
0.032706
0.031975
0.035502
0.040106
0.034122
0.036695
0.035871
0.033606
0.037945
0.035528
0.036058
0.03476
0.035109
0.034922
0.038178
0.032657
0.031001
0.033421
0.033729
0.032915
0.038647
0.043504
0.039022
0.035686
0.043815
0.037612
0.035792
0.032906
0.036361
0.043091
0.040102
0.039916
0.029308
0.024697
0.031493
0.026452
0.027715
0.021769
0.028281
0.021295
0.026091
0.032264
0.025084
0.059178
0.02549
0.026725
0.025433
0.02351
0.026097
0.026445
0.02882
0.032618
0.029447
0.0327
0.028207
0.029657
0.028513
0.02598
0.026688
0.030693
0.032693
0.029374
0.030356
0.050985
0.024852
0.018532
0.038948
0.03867
0.036265
0.028494
0.033952
0.033693
0.031512
0.045866
0.032786
0.026816
0.039321
0.053213
0.05594
0.050966
0.022733
0.020212
0.029833
0.023976
0.026957
0.027003
0.05109
0.0398
0.036808
0.038411
0.042387
0.068131
0.067033
0.073159
0.052942
0.030609
0.022776
0.031001
0.027849
0.044496
0.027701
0.024001
0.055018
0.034611
0.067218
0.031512
0.026609
0.032707
0.049877
0.060501
0.028786
0.027267
0.04229
0.029989
0.060252
0.074317
0.071368
0.0496
0.051146
0.05183
0.058322
0.027906
0.024542
0.070332
0.065379
0.033997
0.037582
0.031554
0.029396
0.031905
0.038917
0.055415
0.04199
0.052495
0.040612
0.059109
0.055849
0.051857
0.038676
0.066628
0.039248
0.051743
0.064217
0.032861
0.036065
0.064234
0.066498
0.028875
0.0503
0.04267
0.030029
0.04209
0.051887
0.030235
0.052155
0.059873
0.058264
0.036443
0.026879
0.03303
0.036479
0.039564
0.038624
0.043091
0.031959
0.03958
0.034277
0.043746
