0.023371
0.016986
0.031153
0.015835
0.019187
0.019322
0.030216
0.020342
0.0216
0.024731
0.020789
0.021548
0.02101
0.01995
0.021037
0.022536
0.022697
0.024643
0.016686
0.023413
0.024741
0.022692
0.024175
0.022809
0.023166
0.024305
0.024603
0.022056
0.022899
0.027393
0.027226
0.03129
0.02401
0.029252
0.026949
0.030485
0.034491
0.032548
0.02453
0.026445
0.026614
0.029552
0.02519
0.031086
0.024754
0.018109
0.02909
0.023455
0.02037
0.019385
0.019594
0.021112
0.020307
0.032201
0.022138
0.02285
0.024571
0.028475
0.024421
0.0233
0.02683
0.020907
0.027659
0.028395
0.026487
0.023465
0.020429
0.027161
0.029501
0.024119
0.027797
0.022366
0.026397
0.024373
0.02414
0.0256
0.024704
0.020583
0.023592
0.025061
0.026568
0.026275
0.028129
0.02434
0.029033
0.033023
0.026357
0.023418
0.020419
0.02882
0.022139
0.023057
0.030762
0.027753
0.023739
0.023406
0.021847
0.023958
0.02748
0.025727
0.028526
0.021083
0.019244
0.018337
0.020244
0.024222
0.026707
0.0245
0.026081
0.02326
0.023999
0.025756
0.026164
0.024928
0.025103
0.023795
0.02203
0.026558
0.023879
0.026589
0.028043
0.031706
0.025825
0.02538
0.029601
0.025864
0.029944
0.030035
0.03172
0.033088
0.034192
0.032598
0.031647
0.030838
0.030538
0.030581
0.026741
0.033436
0.032091
0.028884
0.031699
0.026762
0.02265
0.030209
0.027763
0.023364
0.026301
0.025607
0.027451
0.02814
0.029563
0.03014
0.027348
0.027106
0.025533
0.022048
0.026988
0.027352
0.024855
0.029599
0.028657
0.030224
0.027746
0.02724
0.02741
0.029512
0.029973
0.030817
0.027441
0.03043
0.027685
0.027296
0.020961
0.021257
0.023929
0.020318
0.020758
0.021545
0.015927
0.017102
0.015911
0.014839
0.01524
0.011723
0.014293
0.014595
0.02099
0.017399
0.024065
0.023673
0.013855
0.023172
0.024277
0.021969
0.020323
0.020514
0.019854
0.023483
0.023353
0.020375
0.022676
0.022097
0.021818
0.029723
0.029881
0.029309
0.027519
0.029219
0.027058
0.031315
0.026526
0.02698
0.026762
0.03071
0.028915
0.026705
0.026334
0.030394
0.024194
0.025247
0.026927
0.018084
0.014644
0.015804
0.013159
0.017745
0.015691
0.015679
0.018892
0.021911
0.015657
0.019327
0.022462
0.021638
0.015413
0.021351
0.021227
0.02273
0.022202
0.021468
0.020521
0.024149
0.017791
0.023643
0.021372
0.020565
0.017924
0.019279
0.02321
0.024607
0.018214
0.017403
0.02106
0.020236
0.01972
0.024765
0.024226
0.028118
0.028091
0.026722
0.026786
0.028195
0.021981
0.026313
0.024896
0.027272
0.02717
0.029616
0.020851
0.021575
0.018811
0.024297
0.021203
0.027926
0.024643
0.02118
0.024469
0.024428
0.028241
0.021649
0.02018
0.023531
0.018467
0.014665
0.027441
0.028783
0.023014
0.023243
0.026404
0.026219
0.024631
0.027118
0.023819
0.026472
0.02561
0.023025
0.031884
0.028238
0.030878
0.02514
0.026251
0.028086
0.027903
0.028008
0.026115
0.026331
0.024339
0.026078
0.026435
0.023122
0.023525
0.023947
0.023784
0.025649
0.023637
0.018657
0.028362
0.022414
0.023296
0.025726
0.024257
0.026113
0.024353
0.026685
0.019642
0.04153
0.043214
0.040003
0.037973
0.035717
0.039351
0.031089
0.03507
0.030859
0.036258
0.033706
0.033835
0.026635
0.038691
0.036755
0.031059
0.030683
0.033367
0.030704
0.037707
0.034461
0.034711
0.029617
0.031344
0.030066
0.025781
0.020368
0.033692
0.026216
0.045018
0.039334
0.033906
0.031567
0.041398
0.029486
0.037451
0.043227
0.033942
0.037215
0.041342
0.04489
0.043855
0.034579
0.031838
0.036637
0.040673
0.042159
0.043195
0.034478
0.035499
0.031576
0.031846
0.035305
0.034776
0.030835
0.023881
0.033325
0.031052
0.026023
0.028767
0.030874
0.032433
0.030128
0.036942
0.031621
0.032648
0.030482
0.038179
0.02946
0.035532
0.030844
0.036892
0.038267
0.044316
0.035314
0.034684
0.031044
0.038436
0.033161
0.033015
0.028895
0.030399
0.033423
0.02586
0.030519
0.02641
0.022915
0.028847
0.02396
0.023888
0.02716
0.025177
0.028147
0.024133
0.026208
0.027721
0.029685
0.027283
0.027875
0.023343
0.02732
0.022995
0.024615
0.023669
0.024771
0.02344
0.023761
0.01842
0.025001
0.020534
0.022675
0.023156
0.024066
0.02724
0.024476
0.026914
0.026554
0.02445
0.028811
0.026752
0.024943
0.02342
0.028232
0.027055
0.026306
0.026989
0.022834
0.019082
0.01926
0.022783
0.018976
0.016723
0.020843
0.019269
0.017327
0.019108
0.022733
0.020484
0.02013
0.019955
0.019814
0.023634
0.023875
0.019468
0.02
0.018047
0.022431
0.02131
0.017731
0.018496
0.019515
0.02025
0.01839
0.01992
0.020331
0.022436
0.018517
0.026417
0.025313
0.026475
0.029124
0.024918
0.02351
0.027857
0.026216
0.020291
0.0171
0.020801
0.018278
0.01939
0.021358
0.019894
0.022147
0.01839
0.015527
0.019581
0.017279
0.016101
0.022174
0.014603
0.015589
0.018527
0.02267
0.016666
0.021102
0.021962
0.023409
0.024021
0.025604
0.024838
0.023696
0.026068
0.028336
0.030529
0.015947
0.021261
0.019526
0.022131
0.021265
0.022847
0.022821
0.023513
0.023101
0.025865
0.026187
0.029027
0.017937
0.023533
0.017729
0.025393
0.018203
0.018562
0.018007
0.023353
0.025721
0.021676
0.021669
0.021938
0.021971
0.022334
0.022332
0.026695
0.025156
0.024261
0.02154
0.026528
0.022433
0.022775
0.024189
0.026209
0.022264
0.025995
0.027314
0.03098
0.02243
0.019877
0.022335
0.02305
0.028125
0.02868
0.022862
0.023764
0.021941
0.025976
0.018773
0.0285
0.028769
0.025271
0.026112
0.025863
0.024205
0.024723
0.024685
0.023266
0.02394
0.025297
0.017646
0.021252
0.020788
0.022051
0.018303
0.021505
0.019236
0.020821
0.021186
0.022031
0.02432
0.021868
0.022963
0.019936
0.022267
0.025341
0.024619
0.020277
0.020144
0.019711
0.020889
0.024201
0.024935
0.024716
0.026672
0.027763
0.026188
0.026485
0.027793
0.025054
0.026746
0.027597
0.030368
0.025941
0.026059
0.022988
0.024883
0.02869
0.024456
0.024654
0.02516
0.023955
0.019813
0.028201
0.024442
0.025475
0.024965
0.020447
0.023378
0.022435
0.022542
0.02181
0.023868
0.022641
0.021018
0.02106
0.022992
0.025057
0.025084
0.027218
0.025131
0.024494
0.025998
0.024797
0.022746
0.022189
0.024173
0.027321
0.020975
0.022145
0.024104
0.024203
0.018107
0.022536
0.024364
0.023629
0.021631
0.02249
0.024054
0.024442
0.024488
0.024418
0.025118
0.023511
0.036867
0.03657
0.034501
0.04069
0.026314
0.025827
0.028524
0.031184
0.02886
0.029069
0.029145
0.032406
0.030695
0.034126
0.035695
0.032114
0.032776
0.030286
0.033863
0.031976
0.026417
0.020927
0.022713
0.031835
0.039404
0.030974
0.04079
0.033639
0.039883
0.040818
0.041831
0.034642
0.036601
0.03274
0.033736
0.029271
0.036505
0.034188
0.023691
0.031834
0.032387
0.02792
0.024989
0.0288
0.034109
0.031416
0.027556
0.019022
0.037204
0.029221
0.033324
0.029786
0.031128
0.031381
0.028469
0.031415
0.034928
0.030977
0.02164
0.025834
0.021885
0.024232
0.025595
0.023722
0.024812
0.024799
0.022981
0.016793
0.022128
0.018191
0.018063
0.024528
0.020759
0.022266
0.022205
0.021242
0.019955
0.027016
0.017822
0.021407
0.019304
0.017874
0.022836
0.02293
0.028272
0.027713
0.022404
0.026248
0.020766
0.023593
0.018957
0.024646
0.021744
0.023688
0.023307
0.022828
0.023713
0.022463
0.021391
0.020246
0.023838
0.018469
0.018508
0.020645
0.022272
0.019487
0.016788
0.019795
0.024937
0.02573
0.027562
0.028185
0.026569
0.019305
0.022054
0.019028
0.019409
0.021717
0.022854
0.018074
0.022083
0.025147
0.019517
0.018377
0.019876
0.021595
0.021531
0.017855
0.019885
0.019805
0.018589
0.019588
0.017714
0.017652
0.017198
0.016717
0.018749
0.017449
0.017467
0.017295
0.021181
0.021838
0.023048
0.021146
0.021069
0.022616
0.023408
0.022467
0.020602
0.022362
0.023547
0.024792
0.024798
0.021403
0.026466
0.027769
0.020216
0.024747
0.021605
0.019065
0.024534
0.023764
0.022824
0.01926
0.022951
0.023593
0.018783
0.031539
0.022654
0.023585
0.023941
0.025165
0.023944
0.025975
0.025794
0.024718
0.025224
0.026991
0.018494
0.023215
0.019162
0.017485
0.022332
0.022961
0.021274
0.022496
0.023884
0.014833
0.022832
0.026041
0.02386
0.017832
0.023913
0.023247
0.020969
0.024084
0.022594
0.020767
0.024664
0.026037
0.020939
0.0272
0.025185
0.026566
0.027955
0.026276
0.028996
0.027027
0.030213
0.028387
0.028193
0.021694
0.024791
0.02298
0.025645
0.021078
0.025555
0.024187
0.024347
0.031643
0.024967
0.029649
0.024728
0.027394
0.02659
0.026715
0.031145
0.025024
0.027327
0.02856
0.026439
0.024662
0.025874
0.026083
0.028835
0.029644
0.029868
0.025678
0.032211
0.025068
0.028442
0.028932
0.028842
0.026901
0.027097
0.028434
0.026648
0.029002
0.026464
0.028209
0.024299
0.029858
0.028763
0.029733
0.030432
0.029051
0.026993
0.025652
0.028028
0.027537
0.026904
0.027324
0.02572
0.024027
0.024407
0.023144
0.025278
0.024636
0.02446
0.029554
0.022397
0.028893
0.0248
0.026967
0.024036
0.025575
0.024598
0.027829
0.025543
0.022619
0.028056
0.025127
0.028174
0.033387
0.027901
0.025343
0.025002
0.023824
0.024569
0.024033
0.022439
0.024671
0.026583
0.025391
0.020777
0.025585
0.020567
0.025749
0.022687
0.027198
0.025771
0.027084
0.026034
0.02573
0.024282
0.02507
0.023021
0.025081
0.023073
0.029186
0.023181
0.026132
0.029642
0.032229
0.02912
0.029492
0.026677
0.029052
0.029107
0.026362
0.025239
0.029022
0.029298
0.028077
0.022273
0.029319
0.029606
0.030996
0.028747
0.029734
0.029416
0.032509
0.030294
0.027465
0.030335
0.026719
0.027571
0.024862
0.030045
0.02596
0.027137
0.024603
0.025797
0.024384
0.026501
0.027648
0.02695
0.026658
0.024229
0.024603
0.026825
0.022633
0.022465
0.026993
0.022916
0.026218
0.025908
0.025864
0.024826
0.020183
0.027497
0.028472
0.02342
0.023419
0.021789
0.026343
0.021907
0.026061
0.027144
0.028393
0.023145
0.025557
0.025781
0.027903
0.026176
0.027445
0.029406
0.027322
0.023708
0.029814
0.02519
0.022609
0.028416
0.022136
0.021368
0.027719
0.021637
0.022488
0.024165
0.026563
0.021467
0.026796
0.026521
0.022843
0.023069
0.027648
0.02312
0.022389
0.022544
0.022782
0.022756
0.024618
0.023572
0.025739
0.02461
0.025303
0.026101
0.023182
0.027044
0.028648
0.029184
0.023862
0.025631
0.027284
0.030329
0.025889
0.02616
0.030181
0.028129
0.025606
0.02713
0.02343
0.028482
0.025309
0.025255
0.023557
0.025276
0.025499
0.026729
0.02733
0.024399
0.033388
0.031003
0.023399
0.026139
0.020839
0.022548
0.024704
0.021868
0.03276
0.032758
0.032713
0.027313
0.026326
0.029677
0.015535
0.018605
0.018581
0.017545
0.016872
0.019101
0.022835
0.017628
0.020794
0.020755
0.022664
0.026298
0.02732
0.026846
0.03509
0.02961
0.031759
0.035815
0.027021
0.02907
0.02333
0.023981
0.029686
0.027838
0.027658
0.023914
0.018721
0.026236
0.03008
0.025381
0.02574
0.027314
0.021948
0.025256
0.019604
0.02067
0.021432
0.021755
0.025049
0.023224
0.017831
0.03408
0.022525
0.032473
0.032729
0.02421
0.030631
0.03077
0.032321
0.020273
0.022151
0.026469
0.017955
0.024055
0.028953
0.023305
0.019746
0.019068
0.019381
0.020462
0.015215
0.014499
0.018997
0.017199
0.017769
0.015223
0.014371
0.014475
0.014613
0.021055
0.016719
0.015722
0.015796
0.015766
0.016448
0.023372
0.031003
0.028548
0.029322
0.026384
0.02166
0.021566
0.021635
0.030056
0.027444
0.033226
0.0219
0.02264
0.022482
0.024225
0.020132
0.021974
0.024915
0.024493
0.026068
0.019062
0.020027
0.023582
0.023469
0.022621
0.020224
0.021438
0.01983
0.01917
0.018005
0.021213
0.02096
0.022652
0.021694
0.020581
0.021758
0.020085
0.025182
0.024239
0.024498
0.023451
0.024691
0.022448
0.023239
0.02469
0.026122
0.020459
0.02487
0.019613
0.024869
0.024282
0.023094
0.022172
0.022367
0.025284
0.022911
0.022194
0.023956
0.013363
0.014593
0.015879
0.016632
0.017483
0.019866
0.013723
0.016677
0.020827
0.016158
0.02047
0.017213
0.014573
0.017201
0.023213
0.023432
0.018161
0.016269
0.018828
0.018656
0.015526
0.02208
0.018268
0.019878
0.026819
0.020365
0.031623
0.021972
0.022788
0.022929
0.025222
0.028176
0.024844
0.022963
0.024085
0.020034
0.023057
0.018422
0.017551
0.018261
0.020652
0.016618
0.020645
0.02206
0.020846
0.018172
0.02271
0.016328
0.017436
0.020479
0.026709
0.019825
0.023352
0.021572
0.019346
0.020086
0.023434
0.019615
0.023645
0.020779
0.022943
0.021213
0.023333
0.022712
0.024489
0.02181
0.022829
0.024582
0.024889
0.026977
0.023626
0.026767
0.023341
0.025544
0.02251
0.022541
0.028682
0.0292
0.027816
0.024326
0.021879
0.025678
0.026493
0.02203
0.025194
0.026692
0.026211
0.031094
0.025582
0.023966
0.022895
0.02301
0.021294
0.023266
0.021851
0.024243
0.019057
0.023583
0.022156
0.021862
0.024178
0.019585
0.022712
0.027804
0.023322
0.020371
0.020937
0.020222
0.029643
0.020371
0.019409
0.023913
0.019804
0.022051
0.026196
0.027455
0.026808
0.025558
0.029115
0.028374
0.026933
0.025219
0.025822
0.024301
0.027973
0.025903
0.025007
0.029789
0.025068
0.021709
0.02505
0.028162
0.025045
0.021063
0.021243
0.022974
0.021501
0.021521
0.024596
0.019556
0.021584
0.024674
0.02101
0.024967
0.025322
0.018034
0.029325
0.027286
0.025759
0.025777
0.028619
0.025152
0.021978
0.021613
0.022397
0.025257
0.024702
0.02615
0.023432
0.021033
0.022981
0.023081
0.025998
0.031137
0.025081
0.025627
0.030971
0.029204
0.028527
0.030047
0.025655
0.032326
0.023585
0.022934
0.023515
0.023457
0.025687
0.026948
0.024916
0.025242
0.025985
0.025097
0.024145
0.022432
0.023566
0.025975
0.026538
0.020985
0.02352
0.023907
0.022604
0.021698
0.022393
0.021086
0.021451
0.024563
0.02466
0.022614
0.023463
0.024329
0.026221
0.024313
0.02487
0.024866
0.026217
0.031358
0.024039
0.029121
0.030945
0.025857
0.024168
0.020352
0.021772
0.02481
0.027212
0.022914
0.024633
0.026303
0.024494
0.022111
0.026764
0.027074
0.025881
0.027166
0.027987
0.031978
0.02507
0.024431
0.028164
0.02524
0.029981
0.032155
0.022742
0.023618
0.02483
0.023507
0.025095
0.024745
0.023214
0.025881
0.027175
0.028127
0.026932
0.025198
0.027525
0.025474
0.02631
0.025202
0.018589
0.029168
0.029138
0.026584
0.029265
0.028137
0.027288
0.026476
0.02657
0.026181
0.027657
0.025083
0.027872
0.026827
0.026134
0.027705
0.024717
0.022319
0.018217
0.015751
0.01933
0.020149
0.019655
0.020705
0.02246
0.024643
0.020677
0.027493
0.020775
0.02639
0.018993
0.020298
0.018842
0.018737
0.01688
0.025075
0.015836
0.021061
0.020479
0.018806
0.02182
0.018594
0.017659
0.02513
0.019783
0.021842
0.027792
0.023231
0.029309
0.026215
0.023434
0.029525
0.032507
0.026023
0.020942
0.021442
0.026558
0.02878
0.029527
0.036365
0.028941
0.040956
0.022744
0.032916
0.022861
0.025872
0.033514
0.01853
0.020031
0.018383
0.022382
0.023474
0.017387
0.019721
0.01572
0.025411
0.022281
0.020596
0.023106
0.021757
0.02231
0.02337
0.019462
0.02291
0.022833
0.024086
0.027273
0.020751
0.025094
0.021121
0.022199
0.022718
0.020296
0.032325
0.028603
0.039331
0.02843
0.026012
0.03795
0.03778
0.038895
0.035586
0.039748
0.040176
0.020932
0.019333
0.021589
0.020657
0.02076
0.020455
0.020749
0.021053
0.022841
0.023888
0.020842
0.019756
0.020631
0.021042
0.025073
0.017788
0.019662
0.018096
0.020857
0.0207
0.019942
0.019433
0.022562
0.023123
0.022358
0.021026
0.023151
0.025029
0.022588
0.020894
0.023162
0.020603
0.018475
0.018687
0.024229
0.021136
0.021248
0.016613
0.019625
0.022254
0.022091
0.022864
0.023395
0.018894
0.021181
0.024369
0.024461
0.025993
0.030707
0.029687
0.035177
0.031393
0.028892
0.024681
0.028988
0.029996
0.022988
0.022693
0.02213
0.027843
0.024829
0.024354
0.024379
0.022351
0.023612
0.019762
0.018925
0.017641
0.02058
0.016773
0.018722
0.026735
0.027239
0.02742
0.028694
0.022188
0.026847
0.023583
0.02469
0.024728
0.025068
0.02897
0.024925
0.026605
0.020211
0.021407
0.022589
0.021113
0.026497
0.027424
0.023068
0.024842
0.024413
0.02921
0.026523
0.021822
0.023521
0.024791
0.024101
0.024575
0.025329
0.027285
0.024665
0.02415
0.025853
0.023938
0.025809
0.023923
0.025126
0.025201
0.022839
0.021566
0.026722
0.02298
0.023741
0.021059
0.024284
0.025788
0.022778
0.023227
0.022763
0.020568
0.022839
0.025178
0.02795
0.026773
0.030242
0.026673
0.030235
0.024213
0.027688
0.029901
0.026218
0.023492
0.026014
0.024581
0.026152
0.025414
0.026642
0.018262
0.018387
0.023778
0.022994
0.018562
0.018398
0.020939
0.020869
0.025228
0.028063
0.02661
0.02488
0.026255
0.022829
0.025942
0.024188
0.025135
0.030802
0.032263
0.026874
0.028486
0.031153
0.02923
0.025578
0.023794
0.024926
0.027471
0.026872
0.02296
0.023578
0.021516
0.020244
0.019888
0.020538
0.024208
0.029505
0.034024
0.03023
0.030201
0.029932
0.028152
0.026891
0.026689
0.026321
0.028232
0.027169
0.03372
0.030063
0.028259
0.025008
0.023942
0.028356
0.026079
0.025663
0.024773
0.026238
0.022322
0.025627
0.023336
0.024197
0.020558
0.022781
0.020497
0.02275
0.023904
0.020036
0.019226
0.02392
0.026507
0.030511
0.029029
0.024932
0.029052
0.027759
0.026297
0.02767
0.026266
0.026552
0.026326
0.027204
0.026442
0.027869
0.030913
0.03044
0.02499
0.027463
0.023622
0.024339
0.018547
0.021482
0.019064
0.024218
0.020148
0.021711
0.021685
0.026326
0.023353
0.021785
0.021646
0.022764
0.021249
0.020764
0.022452
0.031404
0.028322
0.02761
0.02627
0.029199
0.027251
0.026588
0.032264
0.034128
0.0297
0.029503
0.031805
0.029538
0.033461
0.026233
0.027718
0.027647
0.022897
0.02407
0.032524
0.028237
0.025351
0.028562
0.026107
0.02757
0.026343
0.02803
0.026624
0.028738
0.027494
0.027192
0.028065
0.02957
0.031567
0.026937
0.025754
0.025398
0.024261
0.025237
0.02727
0.02777
0.02782
0.031022
0.027641
0.029454
0.028316
0.026058
0.027964
0.029346
0.030301
0.029048
0.02702
0.027905
0.027501
0.026174
0.033732
0.02559
0.030881
0.0369
0.029649
0.029724
0.029187
0.034637
0.036583
0.028674
0.033266
0.029216
0.026886
0.030483
0.026983
0.032052
0.032996
0.03269
0.029591
0.028946
0.02902
0.025954
0.028219
0.036515
0.026833
0.034482
0.028882
0.028396
0.031005
0.037219
0.029065
0.031052
0.026883
0.03159
0.030708
0.025289
0.029396
0.027817
0.029489
0.030601
0.032355
0.03226
0.029962
0.033732
0.037054
0.030951
0.031575
0.031888
0.031023
0.033784
0.030538
0.029936
0.029886
0.031643
0.030441
0.033612
0.029023
0.029763
0.032462
0.031066
0.023671
0.031132
0.028464
0.028228
0.032382
0.033476
0.030073
0.03043
0.02746
0.035659
0.028779
0.024342
0.026688
0.032576
0.030238
0.026988
0.026625
0.02316
0.028996
0.026174
0.027806
0.023808
0.02346
0.023494
0.024851
0.02093
0.025267
0.021316
0.025767
0.027291
0.025882
0.028441
0.024889
0.025391
0.023383
0.02104
0.044304
0.047661
0.041893
0.044087
0.044443
0.048901
0.042448
0.043334
0.047509
0.045228
0.048209
0.044756
0.044925
0.043584
0.039193
0.03883
0.036923
0.038246
0.038104
0.03687
0.038038
0.037603
0.049922
0.046998
0.042541
0.04446
0.041956
0.046985
0.03968
0.038586
0.04156
0.043467
0.046906
0.037841
0.045327
0.037906
0.036095
0.037887
0.035128
0.033093
0.037061
0.037373
0.025773
0.022254
0.021314
0.01429
0.025861
0.023818
0.019316
0.020126
0.019476
0.021868
0.018299
0.017077
0.013147
0.020172
0.017723
0.021474
0.018038
0.014502
0.021154
0.014298
0.012546
0.013643
0.014101
0.013757
0.022134
0.018638
0.01738
0.03441
0.036932
0.032362
0.02723
0.026826
0.02417
0.024639
0.030158
0.029739
0.031994
0.020242
0.024498
0.015797
0.02145
0.019261
0.022611
0.023415
0.020166
0.02069
0.016201
0.022749
0.021432
0.022348
0.013987
0.017819
0.012925
0.027884
0.021059
0.03771
0.039996
0.037089
0.032321
0.034775
0.035919
0.029725
0.02796
0.030845
0.024587
0.023608
0.01987
0.02521
0.018939
0.022172
0.020656
0.021774
0.026012
0.021146
0.018222
0.024073
0.024633
0.015911
0.021676
0.024688
0.021288
0.021898
0.025804
0.017752
0.021663
0.025199
0.019054
0.018946
0.019941
0.024721
0.019993
0.023607
0.022936
0.022889
0.024732
0.022295
0.018006
0.023195
0.024981
0.027264
0.022958
0.025908
0.019863
0.019662
0.025338
0.02349
0.033733
0.028302
0.025018
0.026079
0.023984
0.023682
0.024992
0.026205
0.029427
0.032846
0.027046
0.022649
0.027621
0.025933
0.031889
0.031763
0.03777
0.01985
0.019302
0.019278
0.018885
0.019521
0.021611
0.019568
0.022731
0.025863
0.024501
0.028271
0.017529
0.025065
0.020093
0.023436
0.02001
0.022709
0.021761
0.020916
0.022543
0.022993
0.02342
0.022224
0.021922
0.023717
0.02289
0.025494
0.023271
0.029699
0.022137
0.030531
0.03472
0.040496
0.036593
0.037144
0.042761
0.033449
0.037586
0.037431
0.034498
0.036793
0.020817
0.021794
0.021207
0.023504
0.020277
0.023722
0.022836
0.019646
0.019025
0.021242
0.020131
0.02139
0.018608
0.024838
0.019172
0.023298
0.023029
0.023665
0.025894
0.023745
0.02422
0.02527
0.024592
0.022102
0.018527
0.022313
0.025566
0.020243
0.022841
0.021811
0.020203
0.020012
0.018872
0.021022
0.021297
0.021628
0.025022
0.018987
0.0193
0.019821
0.018152
0.023898
0.018075
0.022029
0.023004
0.021752
0.024664
0.021172
0.019288
0.019415
0.02644
0.026842
0.030237
0.029724
0.034121
0.0317
0.034076
0.03154
0.033513
0.025173
0.020661
0.019394
0.021931
0.02594
0.023218
0.020666
0.02695
0.026887
0.025146
0.023707
0.02493
0.028583
0.021465
0.021934
0.020597
0.020616
0.025077
0.023959
0.026029
0.024692
0.029293
0.0291
0.023077
0.02171
0.022524
0.027113
0.026701
0.022863
0.023682
0.027069
0.019869
0.024195
0.023758
0.020274
0.017606
0.030123
0.025591
0.027487
0.026793
0.024976
0.030174
0.02767
0.026318
0.023198
0.02357
0.024097
0.024653
0.022464
0.027343
0.027897
0.021426
0.028526
0.02654
0.024507
0.025214
0.024674
0.022432
0.026063
0.024791
0.027299
0.026725
0.027232
0.026409
0.029294
0.029145
0.024694
0.026824
0.031037
0.028448
0.021373
0.025497
0.022442
0.025081
0.028604
0.032316
0.019743
0.025408
0.027369
0.026535
0.024616
0.026983
0.02175
0.026772
0.026133
0.026443
0.026154
0.021364
0.021692
0.026027
0.022053
0.020083
0.025562
0.026063
0.023119
0.02373
0.025856
0.025576
0.025274
0.031377
0.026323
0.030037
0.025007
0.032706
0.029135
0.029767
0.028735
0.026969
0.031682
0.020945
0.023851
0.025446
0.024097
0.022234
0.029801
0.026224
0.019863
0.021227
0.019526
0.017024
0.022818
0.026683
0.02586
0.02641
0.01879
0.025965
0.026174
0.025925
0.023652
0.023948
0.02436
0.020868
0.024491
0.024324
0.019535
0.019899
0.021027
0.023757
0.025337
0.025759
0.020776
0.021227
0.023156
0.032786
0.028235
0.028914
0.032008
0.026148
0.033022
0.028422
0.029858
0.028603
0.030703
0.028978
0.026175
0.025697
0.024092
0.02484
0.024464
0.029639
0.023851
0.024268
0.026075
0.027264
0.023941
0.027736
0.026565
0.027889
0.02696
0.027154
0.031195
0.025462
0.031131
0.026903
0.021928
0.030826
0.031672
0.028579
0.028003
0.026151
0.031789
0.029807
0.025766
0.026675
0.026732
0.030402
0.026401
0.025099
0.026231
0.025809
0.025402
0.02359
0.02626
0.026985
0.030737
0.021591
0.027816
0.031834
0.033632
0.030467
0.032015
0.033143
0.03252
0.030479
0.029168
0.027878
0.03137
0.034215
0.032013
0.028109
0.027783
0.027828
0.038588
0.02409
0.032643
0.029666
0.027324
0.030572
0.029882
0.033477
0.035795
0.030963
0.029799
0.038053
0.030051
0.030445
0.026621
0.030129
0.027992
0.029445
0.030209
0.031162
0.026436
0.025703
0.027895
0.023328
0.023355
0.022023
0.022194
0.024171
0.022536
0.023404
0.020594
0.044163
0.045054
0.039218
0.043669
0.043487
0.046386
0.04554
0.048087
0.050538
0.043615
0.044684
0.041438
0.045356
0.044803
0.042506
0.042236
0.04232
0.043839
0.04585
0.040508
0.049778
0.041449
0.02717
0.028709
0.02696
0.021729
0.028235
0.021548
0.030465
0.020501
0.019412
0.023657
0.024879
0.019279
0.022783
0.024358
0.028935
0.029862
0.028349
0.019943
0.0178
0.016664
0.015227
0.042816
0.043332
0.043555
0.036445
0.041437
0.040436
0.039218
0.039912
0.045149
0.038406
0.037793
0.037469
0.040806
0.041626
0.040409
0.033822
0.03589
0.037766
0.034674
0.032704
0.042861
0.044766
0.040939
0.03684
0.039326
0.033158
0.042055
0.049581
0.042639
0.045996
0.041511
0.03801
0.043482
0.045771
0.046492
0.04071
0.037089
0.038464
0.040509
0.042939
0.041388
0.039125
0.041338
0.045726
0.044846
0.044625
0.037934
0.044722
0.040543
0.038276
0.039335
0.029055
0.03201
0.036128
0.027683
0.027881
0.033952
0.018121
0.027819
0.018558
0.030334
0.018353
0.015331
0.025677
0.020305
0.019886
0.016498
0.014551
0.014394
0.012692
0.013322
0.018458
0.016023
0.012512
0.014789
0.011836
0.014104
0.022854
0.020332
0.023472
0.017636
0.017589
0.019197
0.021839
0.014772
0.021348
0.029951
0.028262
0.033678
0.027275
0.03021
0.028896
0.025674
0.023238
0.023617
0.02602
0.023859
0.020744
0.024581
0.026955
0.023048
0.018133
0.032415
0.019116
0.022492
0.024285
0.039168
0.036095
0.024852
0.027234
0.025164
0.033916
0.0266
0.021632
0.025515
0.014697
0.026457
0.022185
0.021822
0.019363
0.014012
0.013843
0.014371
0.011037
0.014205
0.016529
0.013207
0.010259
0.016825
0.015981
0.016626
0.010917
0.011922
0.018156
0.014192
0.012688
0.012173
0.016348
0.021152
0.015278
0.016691
0.015995
0.018536
0.01768
0.01969
0.016579
0.023184
0.0261
0.022604
0.026578
0.02406
0.020375
0.023131
0.036601
0.03359
0.017059
0.024855
0.024982
0.021344
0.021765
0.026144
0.024367
0.024021
0.026416
0.030748
0.025633
0.031131
0.026071
0.033359
0.023674
0.021293
0.018403
0.017312
0.017625
0.018391
0.019907
0.0262
0.022374
0.017034
0.022653
0.021467
0.020292
0.020525
0.018816
0.023899
0.019447
0.022682
0.021281
0.020894
0.021408
0.020524
0.022712
0.024754
0.023122
0.019129
0.024186
0.024671
0.024576
0.021552
0.022406
0.024815
0.024502
0.021456
0.023481
0.024867
0.02231
0.025796
0.024461
0.026289
0.024913
0.027645
0.030245
0.025335
0.01786
0.027981
0.030998
0.024614
0.028742
0.024087
0.024241
0.034407
0.026084
0.027023
0.02816
0.024195
0.023383
0.03871
0.024718
0.020604
0.035156
0.022821
0.037281
0.033546
0.027644
0.033766
0.032913
0.035221
0.019353
0.016656
0.024562
0.019116
0.020753
0.019361
0.019126
0.017891
0.017758
0.01994
0.020558
0.016922
0.018425
0.021138
0.018784
0.019054
0.022788
0.017008
0.020375
0.020147
0.021935
0.022179
0.020516
0.0258
0.022019
0.021763
0.021789
0.023528
0.02252
0.024624
0.019298
0.024025
0.025775
0.018207
0.017494
0.020223
0.018329
0.022329
0.026794
0.025325
0.025315
0.025512
0.022078
0.024777
0.024435
0.02578
0.023394
0.023384
0.02497
0.025603
0.024206
0.023011
0.022052
0.02249
0.022161
0.023455
0.023656
0.021737
0.022442
0.025926
0.028553
0.024579
0.025136
0.024234
0.025701
0.028955
0.024337
0.025725
0.028045
0.033526
0.0318
0.028901
0.029129
0.029462
0.027015
0.027455
0.025434
0.025732
0.026284
0.030401
0.026127
0.028029
0.028748
0.023964
0.026972
0.029723
0.027943
0.02985
0.024157
0.025232
0.029456
0.0241
0.026477
0.025509
0.026182
0.02269
0.026763
0.02399
0.024097
0.023093
0.024764
0.022987
0.02487
0.025027
0.037854
0.038854
0.036731
0.037128
0.035697
0.017911
0.018103
0.022718
0.021478
0.020528
0.018182
0.020193
0.019321
0.017116
0.023499
0.021051
0.021289
0.024159
0.025713
0.022457
0.030579
0.025022
0.019866
0.023565
0.02727
0.023687
0.022578
0.023705
0.02569
0.025439
0.021674
0.0273
0.02436
0.022031
0.019071
0.016488
0.032903
0.027321
0.023401
0.025997
0.026175
0.036105
0.031234
0.030177
0.024081
0.024604
0.023262
0.024854
0.021925
0.025827
0.021455
0.031451
0.02841
0.027702
0.025221
0.027497
0.029751
0.025634
0.019034
0.021488
0.018878
0.019822
0.021018
0.019187
0.019365
0.019566
0.021242
0.020652
0.024951
0.022644
0.026311
0.018708
0.026942
0.022827
0.024878
0.021643
0.021686
0.020726
0.023058
0.031673
0.028246
0.028934
0.027883
0.028573
0.018348
0.022674
0.027757
0.0208
0.018855
0.017496
0.018001
0.013614
0.024299
0.026662
0.020761
0.02047
0.021008
0.020761
0.025825
0.025689
0.021216
0.021336
0.021571
0.022332
0.018251
0.019339
0.025108
0.020491
0.022531
0.020672
0.021091
0.020221
0.020695
0.022135
0.021837
0.019967
0.018138
0.021254
0.023099
0.022551
0.027011
0.02345
0.023409
0.024985
0.022659
0.023412
0.024836
0.020835
0.018108
0.024052
0.025093
0.024148
0.023858
0.021269
0.019103
0.023901
0.026778
0.023958
0.025911
0.023723
0.018957
0.021376
0.025592
0.024787
0.02653
0.025645
0.019303
0.019961
0.027396
0.023069
0.025029
0.021209
0.02287
0.024796
0.024729
0.022904
0.022618
0.025366
0.024725
0.020315
0.023208
0.021483
0.020417
0.026809
0.023513
0.025304
0.025133
0.024289
0.029542
0.027219
0.026621
0.022509
0.023935
0.023731
0.023605
0.021012
0.022825
0.022693
0.020991
0.021702
0.02275
0.022085
0.021762
0.022308
0.02323
0.021476
0.022944
0.022076
0.025507
0.023331
0.024432
0.020225
0.025817
0.02262
0.021577
0.028763
0.031217
0.025357
0.019483
0.027073
0.024387
0.025452
0.026318
0.023814
0.023522
0.024044
0.026599
0.027358
0.023802
0.035688
0.027908
0.02149
0.02002
0.019456
0.023608
0.022391
0.02412
0.021764
0.023069
0.025773
0.035696
0.027949
0.026166
0.019225
0.019192
0.024027
0.027639
0.016042
0.022339
0.016597
0.022943
0.031559
0.025477
0.019432
0.041094
0.044039
0.043915
0.04586
0.043617
0.039009
0.044798
0.046376
0.047816
0.042996
0.048418
0.050053
0.031331
0.031484
0.026877
0.023015
0.023535
0.021362
0.030425
0.020116
0.022683
0.025805
0.031546
0.023042
0.021286
0.01905
0.017805
0.025078
0.018814
0.022814
0.017242
0.03605
0.040312
0.043674
0.045292
0.049231
0.041326
0.039538
0.03876
0.041702
0.044118
0.044651
0.044002
0.04738
0.045391
0.040191
0.046988
0.040606
0.042195
0.046502
0.0438
0.046257
0.039613
0.038991
0.035575
0.040097
0.043999
0.042686
0.03943
0.037143
0.036293
0.035895
0.035968
0.030907
0.027491
0.034044
0.026812
0.029595
0.047313
0.046651
0.047613
0.038851
0.039638
0.03811
0.042301
0.043955
0.040171
0.039628
0.033118
0.036082
0.032929
0.030412
0.029152
0.02167
0.027181
0.021638
0.023276
0.023137
0.020694
0.020403
0.022284
0.029009
0.017655
0.024444
0.018186
0.017892
0.017206
0.023154
0.019573
0.015956
0.018049
0.015613
0.017987
0.023339
0.016144
0.018316
0.016301
0.023159
0.019222
0.018873
0.019932
0.020014
0.019492
0.018721
0.018931
0.016096
0.027902
0.029957
0.024878
0.018962
0.024693
0.032008
0.02739
0.023899
0.021122
0.02795
0.020246
0.023285
0.022211
0.026893
0.024276
0.027536
0.023433
0.027122
0.024569
0.017532
0.024109
0.017934
0.023671
0.017439
0.021507
0.020735
0.022275
0.018427
0.023916
0.020358
0.017668
0.02037
0.024969
0.019571
0.023106
0.023105
0.02175
0.026306
0.026158
0.02582
0.020493
0.017588
0.020502
0.01556
0.019582
0.020049
0.016346
0.019117
0.018347
0.020456
0.016914
0.021901
0.016885
0.021802
0.019451
0.020871
0.020196
0.018539
0.018901
0.01884
0.019042
0.023168
0.021955
0.024701
0.021059
0.019217
0.025781
0.02295
0.02151
0.02197
0.023746
0.029463
0.024786
0.025823
0.030091
0.024142
0.026926
0.022864
0.018499
0.024486
0.021899
0.021074
0.022197
0.02464
0.024052
0.026711
0.033895
0.024876
0.024282
0.025995
0.025403
0.026249
0.026809
0.025058
0.025477
0.02862
0.025654
0.025308
0.022989
0.028353
0.028584
0.021728
0.021733
0.024541
0.028617
0.024635
0.023394
0.024958
0.026929
0.022479
0.026474
0.025938
0.021266
0.021978
0.022629
0.021171
0.021961
0.021167
0.020149
0.018765
0.021132
0.023497
0.020679
0.018847
0.018468
0.019823
0.023162
0.020841
0.023119
0.024673
0.02128
0.021636
0.020109
0.022725
0.020133
0.018164
0.019574
0.022864
0.021434
0.020773
0.019586
0.029942
0.027767
0.029303
0.024092
0.023664
0.020333
0.024601
0.027108
0.0254
0.02611
0.0238
0.023817
0.024146
0.027142
0.026104
0.031287
0.032135
0.025195
0.021377
0.022931
0.030693
0.028061
0.025869
0.026807
0.028225
0.022613
0.028784
0.021699
0.023663
0.020635
0.025099
0.022411
0.023087
0.019705
0.015709
0.020658
0.023351
0.019927
0.021209
0.020906
0.023374
0.018992
0.020607
0.019335
0.023578
0.022444
0.021171
0.019858
0.024239
0.024254
0.024122
0.022914
0.027216
0.020645
0.024064
0.025243
0.025579
0.035391
0.020926
0.035288
0.02325
0.029522
0.031834
0.037098
0.023423
0.019416
0.023914
0.024002
0.016937
0.019345
0.017882
0.019466
0.026992
0.021982
0.023394
0.022778
0.02511
0.023297
0.028975
0.021256
0.027588
0.022896
0.022671
0.021781
0.021546
0.021989
0.020738
0.022482
0.024206
0.027471
0.024243
0.02263
0.027976
0.026803
0.022121
0.020827
0.02172
0.020718
0.020499
0.017747
0.022307
0.018963
0.020202
0.022266
0.031528
0.020817
0.025175
0.023795
0.029268
0.025734
0.026636
0.029978
0.027669
0.019414
0.021429
0.020164
0.021212
0.027571
0.023453
0.022277
0.019929
0.021773
0.018094
0.023105
0.022863
0.01929
0.019679
0.019662
0.016991
0.020704
0.019173
0.019035
0.026494
0.022472
0.022577
0.020187
0.018293
0.017956
0.017473
0.024533
0.023504
0.019108
0.019387
0.020035
0.02333
0.021062
0.02033
0.0184
0.024818
0.023111
0.021162
0.020045
0.021324
0.024279
0.027758
0.024745
0.025509
0.031214
0.026494
0.018945
0.017882
0.01688
0.02248
0.017745
0.021399
0.021462
0.017822
0.023
0.020427
0.02639
0.025424
0.020267
0.021222
0.018899
0.022604
0.020633
0.019083
0.028423
0.019638
0.017949
0.024421
0.022688
0.023259
0.024739
0.023173
0.026297
0.024947
0.024779
0.024622
0.019671
0.023985
0.024408
0.023135
0.024375
0.023127
0.020851
0.024806
0.023567
0.02473
0.022864
0.022788
0.019967
0.024343
0.022753
0.022563
0.026697
0.025338
0.025567
0.025908
0.024251
0.024237
0.024351
0.025527
0.027349
0.026382
0.026047
0.026627
0.022837
0.024743
0.025595
0.027359
0.02444
0.026638
0.024046
0.026705
0.023983
0.025441
0.025034
0.024979
0.0256
0.024645
0.02709
0.024251
0.023179
0.021246
0.018208
0.023013
0.020536
0.024693
0.022923
0.019847
0.022227
0.021481
0.016222
0.02051
0.017353
0.018843
0.016559
0.018419
0.016607
0.014147
0.019999
0.025284
0.01783
0.019166
0.016674
0.020707
0.023137
0.021026
0.019079
0.022586
0.023347
0.020459
0.023255
0.022329
0.025132
0.023778
0.022556
0.02156
0.024135
0.028622
0.019891
0.020357
0.016419
0.029153
0.023599
0.031061
0.030115
0.019453
0.024121
0.031809
0.024745
0.021358
0.024346
0.026443
0.023781
0.021465
0.030864
0.028853
0.026412
0.023339
0.025759
0.026746
0.027292
0.015683
0.01612
0.019096
0.020159
0.018815
0.017715
0.023016
0.016251
0.024163
0.020897
0.02259
0.024343
0.030888
0.026887
0.02751
0.027133
0.027751
0.023467
0.02273
0.025549
0.022647
0.024745
0.028196
0.021328
0.019166
0.021463
0.023187
0.020155
0.020801
0.017843
0.018328
0.024641
0.020927
0.022853
0.018844
0.023413
0.021017
0.021033
0.023957
0.025389
0.021808
0.021886
0.022333
0.025324
0.020114
0.023816
0.024533
0.018079
0.028755
0.025591
0.019486
0.020496
0.018958
0.02177
0.020146
0.022172
0.018913
0.021256
0.019767
0.021954
0.020663
0.020367
0.025104
0.024537
0.026893
0.021775
0.028341
0.021285
0.026746
0.021921
0.022165
0.024429
0.022892
0.021774
0.023385
0.023271
0.025272
0.025307
0.023503
0.023497
0.023926
0.023001
0.025346
0.025002
0.026183
0.02737
0.027034
0.017528
0.020444
0.021559
0.013803
0.024981
0.023413
0.020388
0.018874
0.017324
0.020946
0.020918
0.01629
0.025537
0.024096
0.025702
0.027774
0.026384
0.028225
0.026912
0.0286
0.025599
0.025801
0.026367
0.025538
0.026366
0.027216
0.026012
0.028013
0.026944
0.027975
0.027191
0.028244
0.024242
0.026699
0.026271
0.028487
0.025686
0.028563
0.027919
0.026516
0.025627
0.026045
0.026617
0.028355
0.027887
0.023665
0.017829
0.020738
0.018301
0.017509
0.022633
0.018276
0.016571
0.019268
0.01821
0.019806
0.025972
0.022444
0.020609
0.021426
0.026583
0.023658
0.024256
0.02378
0.0232
0.022343
0.022074
0.026261
0.024069
0.029482
0.025123
0.02091
0.021241
0.022521
0.026718
0.02151
0.024139
0.022448
0.020654
0.024369
0.026588
0.029377
0.02425
0.024349
0.023454
0.02295
0.024927
0.022385
0.020205
0.017873
0.016258
0.019024
0.018746
0.015317
0.018771
0.019233
0.013593
0.015492
0.016559
0.020408
0.01603
0.018905
0.022526
0.021116
0.022324
0.015293
0.01747
0.017798
0.024051
0.02734
0.026582
0.01796
0.020235
0.018431
0.019618
0.02101
0.018233
0.019231
0.022295
0.019555
0.022289
0.017149
0.018447
0.022073
0.017774
0.019422
0.021192
0.020808
0.019831
0.019761
0.020434
0.020171
0.022106
0.021762
0.020372
0.015232
0.019278
0.016731
0.018209
0.019387
0.01489
0.019988
0.017425
0.019197
0.016699
0.016493
0.020256
0.018676
0.016324
0.02005
0.019477
0.018006
0.020647
0.021334
0.019859
0.02182
0.02147
0.02414
0.019162
0.018984
0.021362
0.021373
0.022042
0.019651
0.01616
0.019526
0.020695
0.017253
0.018236
0.020307
0.018413
0.018434
0.019626
0.017361
0.020812
0.0222
0.020988
0.017908
0.023683
0.018003
0.022238
0.02237
0.020816
0.021395
0.023838
0.016427
0.017813
0.017177
0.020178
0.017553
0.019456
0.017764
0.015966
0.016417
0.017218
0.017383
0.016937
0.017675
0.018414
0.018955
0.020611
0.017867
0.020468
0.019798
0.020031
0.020841
0.025992
0.027651
0.024319
0.02743
0.023962
0.028042
0.021482
0.020961
0.024422
0.0252
0.02297
0.022757
0.02121
0.025616
0.022997
0.024764
0.021581
0.024556
0.022521
0.026075
0.030631
0.036107
0.037395
0.033211
0.033844
0.026869
0.027269
0.02077
0.020285
0.024096
0.04727
0.045862
0.039528
0.037272
0.038424
0.038166
0.043239
0.044408
0.047359
0.037536
0.037548
0.038993
0.040379
0.038244
0.03913
0.034308
0.041302
0.042445
0.037719
0.037985
0.033011
0.0433
0.041282
0.041839
0.039983
0.034522
0.043871
0.031584
0.039036
0.029418
0.035794
0.024291
0.04293
0.04802
0.042547
0.047532
0.042428
0.048481
0.041588
0.040605
0.039961
0.049242
0.044539
0.021661
0.021305
0.021968
0.024486
0.023509
0.021222
0.01694
0.02192
0.018213
0.022736
0.021088
0.026724
0.01796
0.027938
0.020523
0.020612
0.026295
0.024323
0.041542
0.035521
0.032784
0.03886
0.027843
0.028828
0.027958
0.021945
0.033539
0.038988
0.02331
0.03694
0.034748
0.024212
0.025884
0.025318
0.025849
0.025968
0.044145
0.046044
0.044616
0.04286
0.043807
0.046278
0.040018
0.042652
0.040624
0.0399
0.045957
0.039194
0.038616
0.039824
0.04301
0.035811
0.027237
0.030587
0.026766
0.025636
0.023184
0.025176
0.023161
0.024714
0.022322
0.02146
0.027775
0.027713
0.023538
0.023735
0.026114
0.021551
0.021705
0.022123
0.024076
0.022487
0.026686
0.024838
0.021394
0.025679
0.026964
0.029555
0.022532
0.024588
0.02904
0.023034
0.019974
0.019801
0.016737
0.020844
0.021374
0.017163
0.016488
0.02024
0.018265
0.031195
0.031969
0.02937
0.025009
0.031511
0.022946
0.028219
0.02427
0.025748
0.021714
0.024525
0.027653
0.022577
0.022943
0.019557
0.024133
0.020715
0.022817
0.025569
0.020756
0.021341
0.015592
0.019368
0.018903
0.020083
0.019281
0.020874
0.02334
0.022717
0.020319
0.021352
0.019812
0.019401
0.023634
0.026402
0.02315
0.020789
0.026527
0.025469
0.028173
0.020206
0.025956
0.020909
0.01957
0.01904
0.029044
0.027279
0.019862
0.024552
0.018936
0.018002
0.022795
0.020206
0.02201
0.022839
0.023771
0.024845
0.024742
0.021101
0.022138
0.019316
0.023166
0.018408
0.019577
0.026278
0.022933
0.025786
0.025146
0.019747
0.021228
0.023532
0.020218
0.02325
0.019939
0.019381
0.019715
0.021447
0.012484
0.019158
0.020826
0.020548
0.021135
0.017647
0.017609
0.024107
0.015783
0.018806
0.018436
0.016747
0.023705
0.022609
0.021988
0.015866
0.01861
0.016609
0.019467
0.018453
0.02153
0.028412
0.02377
0.027212
0.021419
0.015609
0.015933
0.014556
0.022404
0.018631
0.020855
0.017129
0.014119
0.014809
0.02274
0.023474
0.018193
0.022153
0.029015
0.026394
0.027472
0.027086
0.02981
0.028205
0.027017
0.026602
0.028318
0.027403
0.028463
0.025738
0.025956
0.024289
0.023004
0.024901
0.024456
0.025784
0.025129
0.02603
0.025925
0.025366
0.022202
0.023039
0.016962
0.018893
0.019166
0.015178
0.019824
0.015113
0.014273
0.017583
0.014416
0.014355
0.017571
0.022479
0.015079
0.01591
0.015324
0.016565
0.018707
0.01451
0.017676
0.015033
0.019179
0.01748
0.017996
0.024224
0.026345
0.019584
0.023442
0.021337
0.019631
0.020384
0.021263
0.023028
0.02003
0.017759
0.018333
0.020039
0.01757
0.018444
0.017154
0.018271
0.015256
0.014914
0.038492
0.037658
0.037129
0.034442
0.036962
0.03209
0.033246
0.039004
0.032506
0.028722
0.033343
0.031984
0.034799
0.032942
0.027575
0.030021
0.030275
0.029812
0.031469
0.027973
0.034728
0.026908
0.028546
0.029349
0.023997
0.024434
0.025694
0.024571
0.021278
0.043659
0.036944
0.0427
0.042708
0.036049
0.038065
0.037344
0.04269
0.037472
0.038022
0.04814
0.044066
0.043933
0.034695
0.042325
0.033105
0.0395
0.038715
0.042224
0.039767
0.039827
0.042542
0.044412
0.042112
0.046835
0.042651
0.041692
0.041108
0.043898
0.03771
0.050101
0.046709
0.034724
0.039807
0.039832
0.049898
0.04006
0.044528
0.051401
0.042321
0.048641
0.045582
0.037192
0.050467
0.047228
0.047774
0.025129
0.019873
0.018889
0.020853
0.019106
0.017034
0.019839
0.021273
0.021977
0.020335
0.021913
0.022285
0.019978
0.024123
0.020314
0.016969
0.033766
0.044314
0.039211
0.048604
0.042702
0.035819
0.043618
0.04214
0.041664
0.046319
0.041448
0.034834
0.031757
0.034865
0.038683
0.034862
0.039677
0.028219
0.023417
0.029173
0.027166
0.026436
0.028936
0.023415
0.029404
0.051152
0.043485
0.048546
0.042442
0.047658
0.026832
0.02223
0.019736
0.02645
0.027089
0.027626
0.027482
0.026896
0.021692
0.019934
0.020643
0.02309
0.022375
0.020964
0.020098
0.01738
0.024861
0.017852
0.019529
0.019453
0.019659
0.016574
0.021604
0.016343
0.024836
0.021853
0.02807
0.026818
0.029566
0.02875
0.020446
0.018175
0.021921
0.024019
0.019657
0.016266
0.020594
0.028112
0.027328
0.031783
0.025467
0.024396
0.020727
0.023446
0.019883
0.020688
0.016994
0.019156
0.017731
0.021918
0.022001
0.022881
0.023025
0.019808
0.020324
0.021112
0.028272
0.023394
0.023143
0.024305
0.020026
0.024798
0.018416
0.019585
0.018538
0.022092
0.020313
0.020019
0.020804
0.022812
0.022935
0.015375
0.018364
0.015927
0.023703
0.015886
0.02049
0.016618
0.01676
0.019436
0.018943
0.024895
0.0193
0.020846
0.020019
0.016721
0.02423
0.018305
0.019441
0.019544
0.016859
0.019096
0.019477
0.024602
0.021035
0.031291
0.023712
0.018733
0.021843
0.020747
0.019136
0.022144
0.02178
0.023071
0.023938
0.02245
0.019099
0.01874
0.019963
0.026933
0.025992
0.014521
0.020372
0.016384
0.024369
0.026351
0.020798
0.024219
0.021053
0.022917
0.020104
0.017422
0.022164
0.016131
0.016367
0.018041
0.01947
0.019183
0.014955
0.016729
0.019182
0.015837
0.015763
0.01653
0.016698
0.031227
0.02945
0.036291
0.033164
0.032184
0.035865
0.028886
0.021421
0.025669
0.034894
0.033915
0.042041
0.041337
0.034859
0.038967
0.037977
0.041738
0.044626
0.038839
0.042492
0.028445
0.034751
0.032905
0.023695
0.030684
0.025403
0.030995
0.042916
0.042537
0.047141
0.047699
0.046294
0.044147
0.036741
0.045045
0.038365
0.019693
0.020121
0.031224
0.02498
0.03064
0.021317
0.026876
0.023067
0.024709
0.019004
0.016826
0.025962
0.021288
0.018771
0.018304
0.018213
0.018262
0.020955
0.037516
0.043564
0.037566
0.033206
0.030504
0.02411
0.016764
0.018175
0.021911
0.019764
0.021018
0.020631
0.021846
0.021573
0.014502
0.020121
0.021304
0.016801
0.01682
0.014821
0.013712
0.016482
0.017845
0.015275
0.016385
0.012797
0.018593
0.019971
0.01598
0.017734
0.017569
0.017599
0.014272
0.015429
0.015457
0.014965
0.01541
0.017628
0.019618
0.023155
0.025692
0.017069
0.020955
0.021545
0.017826
0.031921
0.020683
0.019303
0.01618
0.020495
0.017697
0.022626
0.017293
0.020262
0.016415
0.020983
0.020987
0.015252
0.018418
0.01701
0.030853
0.02955
0.025527
0.020623
0.022217
0.024589
0.024088
0.015285
0.018826
0.021097
0.018707
0.019217
0.021068
0.020319
0.022401
0.022138
0.021158
0.020979
0.025151
0.02383
0.022696
0.015741
0.024741
0.020633
0.018826
0.021183
0.021497
0.021653
0.021223
0.018972
0.018979
0.020245
0.021407
0.017862
0.019238
0.018609
0.020879
0.019562
0.023248
0.020048
0.014196
0.017189
0.016487
0.014159
0.016972
0.015929
0.017084
0.017216
0.017385
0.018792
0.015072
0.019649
0.014995
0.017433
0.019114
0.01806
0.017295
0.015032
0.015926
0.018836
0.014171
0.01479
0.019235
0.019324
0.015335
0.017086
0.015133
0.015405
0.019315
0.021012
0.020887
0.018692
0.017428
0.020158
0.018149
0.022378
0.018806
0.021582
0.023038
0.027153
0.019219
0.022058
0.021159
0.020441
0.023558
0.019869
0.025395
0.021655
0.023082
0.025287
0.019428
0.023686
0.021896
0.023442
0.021891
0.023957
0.025638
0.025404
0.021737
0.025412
0.023102
0.023874
0.024324
0.023299
0.029463
0.026336
0.023938
0.023399
0.02321
0.025428
0.018437
0.017382
0.017004
0.01755
0.014482
0.018363
0.016285
0.017212
0.014252
0.020023
0.020463
0.02171
0.020671
0.01943
0.024893
0.022549
0.024524
0.023033
0.014199
0.020534
0.016825
0.020647
0.020335
0.018904
0.021466
0.019333
0.019837
0.020568
0.021081
0.024349
0.022062
0.022887
0.023383
0.02357
0.025862
0.02119
0.02295
0.023398
0.0196
0.021135
0.018625
0.015721
0.020805
0.021006
0.025361
0.020622
0.020273
0.022285
0.021813
0.022611
0.020685
0.020036
0.02151
0.018023
0.023081
0.01918
0.017123
0.021099
0.022523
0.02093
0.021365
0.022575
0.020377
0.023645
0.019859
0.022242
0.020753
0.019405
0.023786
0.023202
0.021468
0.01987
0.019137
0.021674
0.020281
0.023861
0.024974
0.016497
0.015411
0.018436
0.016267
0.016572
0.018529
0.016893
0.013215
0.018878
0.014112
0.015286
0.012001
0.013227
0.012273
0.016642
0.013061
0.013025
0.014824
0.014193
0.019046
0.019678
0.018494
0.022111
0.019245
0.022039
0.016505
0.020733
0.020457
0.015648
0.017498
0.01991
0.020506
0.020631
0.017859
0.015305
0.01696
0.016724
0.015624
0.014564
0.012621
0.015258
0.014583
0.015813
0.011465
0.014487
0.014711
0.014803
0.016155
0.016027
0.016297
0.016154
0.016525
0.015965
0.017088
0.016944
0.016505
0.016776
0.016591
0.017256
0.016036
0.013589
0.013729
0.01822
0.018404
0.020451
0.01935
0.017736
0.019081
0.016827
0.017983
0.020477
0.018234
0.017912
0.019405
0.020225
0.01816
0.021667
0.01827
0.021811
0.028229
0.022712
0.026355
0.025217
0.029095
0.025437
0.02282
0.023196
0.028555
0.02895
0.020966
0.016674
0.023997
0.024571
0.018972
0.016785
0.024092
0.023769
0.02276
0.02254
0.021065
0.020137
0.026923
0.025245
0.023948
0.022712
0.024455
0.020226
0.024385
0.025321
0.023017
0.026992
0.021129
0.025558
0.026205
0.021253
0.02556
0.02645
0.025408
0.027
0.022092
0.027301
0.026708
0.030357
0.017177
0.020126
0.018641
0.019871
0.022255
0.026822
0.019128
0.016063
0.017909
0.018127
0.01739
0.019375
0.021914
0.017765
0.027018
0.024696
0.022509
0.019333
0.024024
