0.021357
0.049945
0.053785
0.049985
0.053435
0.04598
0.04933
0.047091
0.046626
0.047297
0.049266
0.047063
0.046884
0.046436
0.049396
0.048744
0.048214
0.036906
0.031527
0.024409
0.026058
0.023779
0.022933
0.027243
0.025403
0.030273
0.024759
0.031059
0.026192
0.025064
0.026165
0.029361
0.026656
0.031845
0.028266
0.027605
0.02908
0.03054
0.030204
0.027451
0.024901
0.028772
0.032816
0.031642
0.030902
0.029585
0.026633
0.034555
0.030331
0.026353
0.027294
0.02444
0.027737
0.022068
0.021325
0.02517
0.030068
0.030078
0.02337
0.030393
0.024994
0.021095
0.028854
0.031436
0.028233
0.028093
0.026433
0.027415
0.030505
0.032202
0.025741
0.028118
0.032374
0.030688
0.034982
0.02755
0.023924
0.036519
0.033472
0.030332
0.037796
0.037916
0.039271
0.039886
0.041434
0.032666
0.031902
0.042867
0.043859
0.029844
0.031767
0.03811
0.035187
0.030577
0.035189
0.034084
0.03968
0.03708
0.03116
0.036508
0.03205
0.034725
0.031737
0.037204
0.034976
0.030967
0.03366
0.021658
0.035754
0.035061
0.035049
0.02719
0.030568
0.032545
0.032439
0.029989
0.028875
0.031339
0.037278
0.032141
0.036187
0.036572
0.034123
0.033702
0.031253
0.036507
0.029609
0.024438
0.028288
0.030651
0.032969
0.038709
0.03135
0.031263
0.031401
0.029075
0.041288
0.026402
0.026333
0.027687
0.024291
0.029704
0.034832
0.033199
0.028127
0.031099
0.026726
0.033653
0.034179
0.035864
0.033902
0.025911
0.027389
0.030529
0.026297
0.035486
0.034606
0.032334
0.031829
0.042529
0.032492
0.034972
0.035414
0.036522
0.034748
0.031595
0.039967
0.033968
0.038617
0.043671
0.041852
0.034492
0.023245
0.029733
0.033421
0.023766
0.029829
0.027804
0.02937
0.028546
0.031283
0.031026
0.031885
0.031418
0.032529
0.03053
0.033645
0.032844
0.033366
0.031704
0.03432
0.027525
0.039675
0.035694
0.035987
0.038303
0.040044
0.041102
0.023689
0.038893
0.037531
0.035327
0.042961
0.032345
0.027151
0.035514
0.029276
0.029621
0.034204
0.035522
0.030596
0.029132
0.033722
0.034172
0.03231
0.032986
0.035137
0.033031
0.034441
0.035164
0.03689
0.037314
0.037605
0.036438
0.036425
0.036721
0.037045
0.03943
0.037056
0.0328
0.040521
0.039389
0.03536
0.030038
0.033347
0.035539
0.040584
0.029514
0.030883
0.029073
0.030162
0.033802
0.031872
0.032175
0.034231
0.032561
0.033926
0.033008
0.034037
0.033414
0.036072
0.033239
0.030073
0.03218
0.030299
0.028855
0.031841
0.03102
0.026012
0.030747
0.026797
0.026148
0.025695
0.029669
0.026284
0.02709
0.027654
0.025833
0.024215
0.029418
0.027536
0.027805
0.028608
0.026325
0.029342
0.025884
0.036877
0.038183
0.043835
0.035516
0.039588
0.039843
0.033737
0.041793
0.036461
0.03906
0.037163
0.040324
0.041269
0.039089
0.042162
0.037817
0.037109
0.038144
0.038866
0.042674
0.033452
0.037161
0.034746
0.034265
0.036479
0.038595
0.045283
0.047877
0.039635
0.045986
0.042033
0.04177
0.050149
0.039351
0.036432
0.038773
0.042244
0.039109
0.044248
0.041115
0.037582
0.036392
0.040339
0.034056
0.040947
0.03752
0.039625
0.032884
0.036271
0.031601
0.033826
0.033499
0.029801
0.034097
0.030929
0.03457
0.030647
0.038315
0.041233
0.037743
0.032379
0.037521
0.035481
0.037396
0.039891
0.03868
0.036314
0.030571
0.036012
0.038022
0.031444
0.034938
0.034984
0.029449
0.032729
0.033867
0.031549
0.026406
0.030756
0.028004
0.030804
0.024019
0.031834
0.025274
0.025107
0.025529
0.025497
0.02316
0.027202
0.0292
0.026568
0.028561
0.051365
0.052816
0.049145
0.048345
0.047065
0.046529
0.047997
0.044283
0.042997
0.051061
0.049193
0.039179
0.043827
0.037629
0.031178
0.051577
0.047179
0.048959
0.045853
0.021996
0.048507
0.040997
0.049005
0.047188
0.048097
0.049075
0.047714
0.040988
0.049329
0.039952
0.046253
0.047806
0.0394
0.049735
0.046946
0.0425
0.044337
0.0465
0.045206
0.044255
0.041591
0.036624
0.040685
0.039531
0.044418
0.044086
0.037468
0.041704
0.030928
0.044449
0.047951
0.045749
0.038323
0.041236
0.048234
0.048135
0.038975
0.049604
0.038466
0.041333
0.044902
0.039391
0.045499
0.050178
0.042349
0.041407
0.035275
0.037815
0.033604
0.030164
0.025079
0.0401
0.036796
0.034415
0.038369
0.036111
0.037003
0.02633
0.032838
0.027802
0.028564
0.030277
0.03316
0.02905
0.023346
0.026393
0.023528
0.020172
0.021358
0.035567
0.028276
0.026766
0.02857
0.023788
0.03506
0.03078
0.026909
0.029103
0.019978
0.021372
0.029643
0.020323
0.020012
0.023927
0.035795
0.029101
0.031063
0.027129
0.028659
0.031468
0.049341
0.024525
0.028303
0.022541
0.022398
0.025298
0.024861
0.028936
0.029956
0.029259
0.027873
0.022938
0.024794
0.023752
0.02764
0.027011
0.031947
0.030045
0.030288
0.026552
0.026454
0.029318
0.02893
0.02661
0.027642
0.027191
0.028112
0.025381
0.025455
0.025637
0.02558
0.023562
0.02773
0.027721
0.026928
0.023456
0.026269
0.019473
0.02692
0.021142
0.027708
0.024276
0.02631
0.02926
0.02691
0.02756
0.024163
0.02787
0.023163
0.024861
0.020482
0.019712
0.020614
0.023237
0.024761
0.019377
0.020436
0.019099
0.023056
0.024404
0.024142
0.022162
0.021756
0.029917
0.021088
0.021755
0.024123
0.023273
0.021541
0.022012
0.031108
0.025734
0.026926
0.027463
0.030346
0.030329
0.031557
0.030824
0.033122
0.025916
0.033019
0.03468
0.031766
0.036377
0.032312
0.03139
0.034884
0.031872
0.030767
0.030334
0.03194
0.03214
0.025693
0.031782
0.023634
0.031097
0.02863
0.023438
0.022759
0.026485
0.017405
0.0198
0.018154
0.021299
0.022461
0.026771
0.026488
0.026486
0.022264
0.019418
0.023549
0.028893
0.022938
0.028798
0.030319
0.01818
0.016728
0.015254
0.019266
0.021199
0.021502
0.022058
0.024834
0.022386
0.021989
0.01425
0.014995
0.012173
0.017775
0.016746
0.018426
0.017514
0.019793
0.018493
0.021249
0.017537
0.01692
0.017243
0.019538
0.015472
0.017594
0.023465
0.02014
0.021185
0.020696
0.028351
0.014349
0.019979
0.019069
0.013274
0.019336
0.020361
0.017386
0.022977
0.024586
0.028103
0.021968
0.026271
0.025316
0.025259
0.031057
0.022238
0.027095
0.030681
0.026617
0.033339
0.031257
0.031506
0.035065
0.033333
0.032193
0.031829
0.032931
0.032373
0.030174
0.031818
0.02948
0.014005
0.031394
0.032368
0.03311
0.022762
0.033151
0.030518
0.022616
0.019333
0.025845
0.020353
0.027703
0.027778
0.028441
0.027544
0.027881
0.029241
0.027416
0.029503
0.030936
0.029511
0.031556
0.028249
0.029884
0.023666
0.027888
0.028536
0.017108
0.027405
0.021144
0.025097
0.023978
0.021862
0.026623
0.021215
0.020552
0.027323
0.023592
0.028516
0.02884
0.029746
0.028996
0.025928
0.02934
0.024405
0.025059
0.024966
0.026023
0.025735
0.02733
0.035369
0.03346
0.028838
0.030874
0.02671
0.024647
0.030774
0.0356
0.031527
0.027768
0.026495
0.028884
0.026948
0.027887
0.030876
0.027853
0.030143
0.028795
0.029734
0.028749
0.032127
0.02357
0.024432
0.026117
0.026204
0.02265
0.026898
0.025017
0.026031
0.029322
0.027706
0.02325
0.031412
0.032108
0.033968
0.035469
0.028193
0.030494
0.024499
0.030604
0.027082
0.024057
0.025322
0.024901
0.021975
0.028337
0.027464
0.026285
0.024296
0.03034
0.022588
0.038067
0.04011
0.04259
0.03696
0.030958
0.031206
0.019148
0.036477
0.03078
0.015143
0.023973
0.02735
0.018096
0.031787
0.037722
0.025838
0.021751
0.01627
0.028453
0.035915
0.03295
0.032641
0.030447
0.033109
0.036346
0.019768
0.016143
0.036779
0.038068
0.04463
0.031283
0.023778
0.043006
0.022017
0.028103
0.037558
0.030019
0.039934
0.032887
0.027534
0.027462
0.023393
0.032315
0.033285
0.030807
0.024726
0.030572
0.040257
0.024202
0.026671
0.041491
0.038366
0.028618
0.024105
0.019329
0.027491
0.019174
0.023989
0.028695
0.023758
0.019589
0.026289
0.033107
0.030783
0.030517
0.022729
0.017747
0.02257
0.02406
0.02325
0.018134
0.026825
0.016958
0.030488
0.022573
0.021797
0.019464
0.023273
0.017422
0.016057
0.015723
0.022221
0.022268
0.017694
0.014886
0.020829
0.019987
0.018277
0.012589
0.017341
0.015216
0.016425
0.016695
0.016206
0.016535
0.016726
0.0169
0.019514
0.031551
0.027057
0.032056
0.030642
0.027517
0.02851
0.02968
0.03338
0.034589
0.029953
0.032566
0.034998
0.027844
0.025148
0.032181
0.031192
0.03084
0.031129
0.031681
0.029926
0.026994
0.030709
0.029696
0.033423
0.033521
0.024337
0.029517
0.029569
0.026854
0.030538
0.033641
0.030166
0.026308
0.033266
0.031208
0.024754
0.024389
0.026004
0.030579
0.028192
0.031248
0.030378
0.029959
0.03132
0.030449
0.028877
0.030591
0.030263
0.028938
0.030886
0.032877
0.029835
0.033286
0.027385
0.033523
0.030621
0.028849
0.027363
0.030269
0.03109
0.025722
0.026462
0.033768
0.029925
0.032008
0.028922
0.031644
0.032293
0.02847
0.030399
0.030241
0.032391
0.032382
0.030554
0.032817
0.035434
0.031517
0.031175
0.029473
0.026032
0.023963
0.031173
0.03009
0.028816
0.028833
0.030736
0.035408
0.033004
0.031645
0.027762
0.0303
0.034283
0.031915
0.030632
0.032951
0.033465
0.028765
0.032745
0.025835
0.027422
0.032459
0.027477
0.041722
0.03265
0.028115
0.030499
0.031218
0.0312
0.032204
0.025406
0.029988
0.031339
0.027962
0.040532
0.030195
0.030446
0.030183
0.058115
0.026851
0.030496
0.044569
0.028103
0.03271
0.02714
0.028823
0.023515
0.021782
0.022227
0.02225
0.028528
0.024589
0.020975
0.025144
0.02585
0.024008
0.030876
0.02709
0.02432
0.024138
0.026958
0.023789
0.032117
0.027023
0.025873
0.022691
0.026906
0.024876
0.025303
0.025694
0.026067
0.027963
0.027571
0.026851
0.024953
0.026366
0.025211
0.028478
0.030249
0.024827
0.027429
0.023266
0.027507
0.025849
0.028235
0.028896
0.025484
0.02567
0.025281
0.027474
0.033345
0.024892
0.026796
0.026608
0.02373
0.024136
0.022825
0.026072
0.024198
0.027705
0.026475
0.026528
0.026669
0.024757
0.02703
0.025931
0.024212
0.026318
0.028865
0.030274
0.029268
0.031318
0.028021
0.02829
0.029521
0.033314
0.030517
0.026807
0.026348
0.027038
0.024502
0.028398
0.029059
0.028567
0.028547
0.022819
0.02249
0.025831
0.026401
0.022242
0.021607
0.022107
0.023736
0.021712
0.025352
0.025919
0.022893
0.026834
0.032119
0.025952
0.027276
0.02876
0.027121
0.024276
0.023364
0.017717
0.022471
0.026273
0.025236
0.0192
0.023479
0.025726
0.021686
0.020516
0.02642
0.021468
0.016335
0.029188
0.020133
0.020795
0.020393
0.026692
0.024459
0.021653
0.025179
0.021687
0.026488
0.032473
0.034435
0.029368
0.021621
0.029352
0.029754
0.027815
0.030981
0.021917
0.031604
0.023797
0.037359
0.029124
0.029914
0.0327
0.031202
0.024338
0.028321
0.027234
0.030903
0.025888
0.0317
0.029349
0.027566
0.026949
0.02919
0.02101
0.019497
0.018242
0.015238
0.013903
0.013852
0.016209
0.015859
0.014575
0.015294
0.015919
0.013538
0.014461
0.015242
0.014117
0.015596
0.018996
0.015483
0.015313
0.013902
0.014495
0.01407
0.014859
0.018988
0.013671
0.019621
0.012493
0.019105
0.020952
0.020756
0.019772
0.018696
0.024771
0.021207
0.022065
0.023247
0.022846
0.025057
0.024826
0.028875
0.025248
0.0305
0.022375
0.02394
0.026596
0.025321
0.020924
0.032448
0.026177
0.032292
0.025997
0.022227
0.02772
0.033211
0.022723
0.028465
0.03249
0.034847
0.033308
0.020463
0.023089
0.032612
0.018353
0.030145
0.025353
0.031073
0.033048
0.029398
0.022972
0.022198
0.02508
0.022276
0.015629
0.026521
0.022114
0.021703
0.027932
0.03104
0.029479
0.017781
0.017136
0.015706
0.021078
0.015702
0.014835
0.015294
0.016361
0.01624
0.018425
0.020643
0.017405
0.021845
0.024128
0.020312
0.020672
0.018594
0.024426
0.019
0.023814
0.027507
0.033212
0.023562
0.025826
0.024942
0.025667
0.027819
0.025169
0.019344
0.032564
0.014892
0.022022
0.023362
0.0244
0.024935
0.025148
0.026167
0.027223
0.027675
0.028895
0.031408
0.025479
0.02754
0.029193
0.023461
0.025619
0.025612
0.028007
0.02751
0.027639
0.024921
0.032445
0.032777
0.033613
0.030759
0.02981
0.028844
0.027626
0.031159
0.02773
0.024424
0.026145
0.022129
0.024631
0.030324
0.028388
0.024034
0.025331
0.02434
0.02196
0.026843
0.028751
0.029506
0.02753
0.023187
0.026945
0.024129
0.029871
0.026426
0.023564
0.021398
0.025313
0.027877
0.03101
0.02898
0.029059
0.028232
0.02686
0.023922
0.026856
0.025668
0.053669
0.058959
0.053001
0.054071
0.052118
0.053754
0.050329
0.052099
0.053821
0.0443
0.051381
0.046511
0.05134
0.057312
0.047975
0.048972
0.049506
0.058576
0.049943
0.055511
0.045421
0.05246
0.044296
0.047601
0.047681
0.044578
0.044377
0.044366
0.042377
0.049442
0.051261
0.043045
0.046233
0.048308
0.048727
0.04776
0.04314
0.046136
0.053924
0.043862
0.04538
0.045503
0.041889
0.042585
0.043799
0.041454
0.045495
0.04558
0.036792
0.050948
0.043576
0.044026
0.042291
0.040095
0.041357
0.041761
0.048922
0.038725
0.040852
0.037375
0.033152
0.037451
0.041635
0.042357
0.04634
0.042668
0.035933
0.041809
0.041245
0.040742
0.041159
0.045061
0.045351
0.043514
0.035231
0.041989
0.036625
0.035662
0.035966
0.035897
0.0332
0.024929
0.038052
0.03308
0.03818
0.041052
0.03237
0.029846
0.031539
0.022663
0.02387
0.025452
0.024011
0.039233
0.031849
0.04057
0.040015
0.039804
0.035904
0.03757
0.039166
0.037282
0.038754
0.03732
0.03752
0.033926
0.03166
0.04437
0.031908
0.036855
0.033759
0.033227
0.024296
0.022236
0.020675
0.021182
0.020995
0.026517
0.016685
0.021377
0.021452
0.022307
0.025792
0.022349
0.017814
0.018596
0.021267
0.021331
0.022742
0.029333
0.03081
0.019276
0.025958
0.027723
0.028277
0.035618
0.032924
0.035182
0.036668
0.034292
0.031298
0.0259
0.031954
0.036845
0.024015
0.032418
0.020924
0.015522
0.02254
0.026719
0.030041
0.02641
0.0225
0.018628
0.019373
0.02691
0.018452
0.017803
0.023316
0.02459
0.019801
0.02564
0.020824
0.02577
0.016699
0.021943
0.022961
0.019309
0.019311
0.021856
0.023538
0.030208
0.021148
0.024006
0.027806
0.024541
0.023735
0.025779
0.023535
0.026026
0.021963
0.022431
0.020037
0.022376
0.021506
0.022582
0.02463
0.024264
0.019361
0.02791
0.024624
0.03122
0.033167
0.024063
0.022869
0.026692
0.024086
0.021254
0.02001
0.023252
0.023203
0.020982
0.022945
0.023107
0.021555
0.022142
0.017516
0.018132
0.030274
0.025549
0.022005
0.029158
0.027408
0.032703
0.022674
0.019656
0.021077
0.021261
0.025677
0.01953
0.020009
0.018989
0.021386
0.018199
0.024337
0.024494
0.025438
0.017448
0.024127
0.018623
0.02111
0.023838
0.030338
0.031072
0.026022
0.025408
0.019943
0.020359
0.03516
0.026628
0.029725
0.027394
0.031261
0.030655
0.030779
0.030314
0.030005
0.026305
0.024323
0.025218
0.027748
0.024425
0.018027
0.024986
0.021164
0.025109
0.020692
0.027121
0.02233
0.019527
0.018096
0.025762
0.021726
0.018359
0.016592
0.021053
0.019637
0.015898
0.025804
0.020966
0.022264
0.015558
0.016999
0.020294
0.021081
0.03091
0.026883
0.034833
0.033169
0.031506
0.033357
0.034735
0.035734
0.03166
0.030853
0.028521
0.033225
0.027365
0.03329
0.030061
0.031035
0.028214
0.031158
0.029768
0.026522
0.019959
0.018528
0.018349
0.025622
0.021209
0.020491
0.024952
0.021573
0.021924
0.018411
0.018125
0.028557
0.019449
0.024741
0.019984
0.024015
0.024514
0.024947
0.018689
0.022642
0.024525
0.021748
0.01856
0.019195
0.026344
0.017511
0.025898
0.023928
0.025274
0.024225
0.022605
0.02248
0.023802
0.025867
0.027315
0.022003
0.027646
0.029362
0.022168
0.026203
0.026201
0.024356
0.025946
0.026267
0.025671
0.02922
0.028466
0.026051
0.027689
0.027091
0.03014
0.029898
0.029101
0.020825
0.029901
0.026078
0.023338
0.025729
0.019404
0.020086
0.020954
0.019327
0.022448
0.023138
0.019247
0.024004
0.024299
0.02299
0.025855
0.024992
0.022259
0.023424
0.01932
0.020625
0.020327
0.019349
0.020442
0.022587
0.020785
0.02003
0.02389
0.021099
0.023398
0.018567
0.023274
0.022173
0.019609
0.027534
0.02568
0.020872
0.021804
0.024077
0.021031
0.026129
0.018931
0.016298
0.02292
0.024029
0.017839
0.020044
0.019211
0.020856
0.018443
0.021651
0.023993
0.019321
0.023349
0.021957
0.022904
0.022779
0.027612
0.020367
0.021578
0.022954
0.024343
0.018742
0.027058
0.027538
0.028255
0.024657
0.027839
0.025869
0.029541
0.031878
0.030055
0.026304
0.029305
0.030055
0.014776
0.018759
0.021353
0.02774
0.028047
0.023351
0.024791
0.026422
0.016352
0.020614
0.023221
0.018183
0.018073
0.021114
0.020047
0.02949
0.024953
0.022567
0.032507
0.032769
0.022248
0.01986
0.030181
0.02707
0.030468
0.025217
0.033678
0.031599
0.032315
0.033483
0.032746
0.029718
0.028122
0.018287
0.018948
0.03168
0.019355
0.023717
0.023363
0.024374
0.027318
0.018942
0.019313
0.016971
0.016128
0.021208
0.027282
0.021329
0.028207
0.020625
0.021021
0.020604
0.028796
0.0279
0.030034
0.021495
0.025415
0.032029
0.027516
0.026439
0.029568
0.02742
0.027159
0.024054
0.022962
0.026299
0.026868
0.024287
0.026648
0.021298
0.022099
0.026627
0.025296
0.028335
0.024991
0.022736
0.021479
0.0238
0.021172
0.023978
0.022009
0.023729
0.019176
0.022788
0.022849
0.024043
0.021523
0.026595
0.025022
0.019572
0.032529
0.0344
0.027738
0.029158
0.024851
0.030591
0.032287
0.026171
0.033873
0.027652
0.027284
0.025799
0.025895
0.028614
0.026271
0.033769
0.022846
0.023521
0.027209
0.023057
0.029956
0.034857
0.030548
0.028452
0.030302
0.037862
0.035414
0.035449
0.034157
0.035663
0.036961
0.037271
0.032352
0.028472
0.028977
0.037158
0.036144
0.030432
0.033514
0.020574
0.022461
0.017725
0.020792
0.016576
0.018279
0.017179
0.021891
0.018576
0.017473
0.021962
0.022738
0.015547
0.018585
0.021353
0.026519
0.025687
0.027273
0.020348
0.025366
0.022198
0.02792
0.020912
0.020147
0.027028
0.022816
0.025897
0.023086
0.027061
0.022709
0.019776
0.021762
0.02382
0.0167
0.018053
0.019343
0.019784
0.02195
0.018437
0.016389
0.017919
0.021098
0.019212
0.023733
0.017571
0.019982
0.017561
0.017991
0.019038
0.021985
0.024662
0.021467
0.01955
0.020415
0.025665
0.020098
0.025656
0.023844
0.021837
0.024472
0.026789
0.020808
0.023249
0.025227
0.025617
0.023892
0.021944
0.025758
0.027232
0.024406
0.026444
0.018866
0.023623
0.02411
0.016454
0.019836
0.019638
0.024963
0.0231
0.01957
0.022178
0.02461
0.021038
0.019985
0.021332
0.020073
0.026401
0.019319
0.020868
0.029815
0.024532
0.021971
0.025959
0.031358
0.027509
0.028315
0.029174
0.019969
0.019487
0.019969
0.022876
0.021516
0.02211
0.023742
0.019107
0.020143
0.025596
0.026391
0.02484
0.0223
0.021342
0.027291
0.024678
0.023058
0.024658
0.022201
0.022855
0.025268
0.027402
0.025337
0.027399
0.021132
0.026703
0.024528
0.030688
0.026262
0.02718
0.024204
0.033189
0.025209
0.025225
0.022582
0.028472
0.021926
0.025673
0.018258
0.023281
0.020095
0.019845
0.023185
0.028256
0.024999
0.028753
0.02558
0.02855
0.020566
0.023181
0.020879
0.022761
0.025355
0.020648
0.025244
0.02352
0.024247
0.023058
0.02443
0.026917
0.023924
0.026359
0.027665
0.023574
0.024577
0.028141
0.024474
0.025169
0.024933
0.025443
0.028235
0.029637
0.029057
0.025003
0.03306
0.026402
0.028072
0.027395
0.028724
0.024555
0.026951
0.02667
0.026379
0.029219
0.029696
0.025244
0.026329
0.029755
0.024434
0.022748
0.026251
0.024811
0.025196
0.025523
0.022726
0.027156
0.025253
0.028013
0.026241
0.029748
0.023234
0.021827
0.029116
0.024648
0.025183
0.026994
0.02469
0.027338
0.028653
0.02362
0.026557
0.025285
0.023109
0.025946
0.028521
0.025099
0.023684
0.024022
0.025701
0.02334
0.025814
0.02682
0.027416
0.026808
0.025756
0.028116
0.025414
0.028872
0.02802
0.053073
0.055853
0.058709
0.052447
0.048849
0.059216
0.059714
0.058011
0.05618
0.055131
0.055443
0.055336
0.056737
0.048224
0.057533
0.061306
0.054317
0.050745
0.056728
0.055289
0.052517
0.049625
0.051016
0.049099
0.052859
0.052982
0.049926
0.048886
0.05862
0.053881
0.054478
0.053474
0.057421
0.053047
0.051562
0.05901
0.048465
0.049447
0.050709
0.057696
0.048035
0.054483
0.049595
0.047321
0.050665
0.053553
0.049126
0.04984
0.05949
0.049468
0.054581
0.052272
0.048509
0.046895
0.046179
0.039839
0.018429
0.039616
0.045252
0.037857
0.043231
0.034857
0.034427
0.032191
0.055823
0.049259
0.057928
0.051909
0.046868
0.048786
0.04301
0.045066
0.03641
0.040714
0.044498
0.042336
0.043984
0.04743
0.036505
0.029873
0.033221
0.027052
0.034758
0.023612
0.029844
0.025275
0.027453
0.035513
0.034372
0.038088
0.034703
0.03362
0.04017
0.028907
0.044036
0.032217
0.036842
0.029349
0.035285
0.032557
0.035278
0.02989
0.021851
0.027337
0.022779
0.020759
0.01827
0.018868
0.024589
0.020285
0.017539
0.018545
0.021625
0.018693
0.015104
0.021342
0.018892
0.043479
0.037766
0.036408
0.029816
0.038065
0.034089
0.035184
0.037281
0.033245
0.037931
0.038585
0.033365
0.031507
0.020925
0.019656
0.019622
0.016898
0.019265
0.01933
0.020283
0.0182
0.017547
0.017018
0.018669
0.019317
0.028731
0.026625
0.030722
0.0336
0.033983
0.040826
0.034083
0.037013
0.030701
0.031462
0.030854
0.032855
0.035463
0.03398
0.031217
0.014216
0.020289
0.019262
0.018581
0.023188
0.018901
0.018564
0.021928
0.020831
0.019977
0.024529
0.022036
0.024327
0.032437
0.026076
0.032858
0.02999
0.034953
0.024021
0.030898
0.031013
0.033576
0.034036
0.047713
0.044592
0.045634
0.044516
0.042377
0.047568
0.050799
0.04654
0.048671
0.050851
0.046987
0.046855
0.04948
0.04501
0.046978
0.048884
0.049081
0.048173
0.047061
0.043855
0.049445
0.046976
0.052572
0.043418
0.023168
0.023019
0.02116
0.023887
0.022075
0.023292
0.025384
0.024193
0.022526
0.025268
0.032828
0.038122
0.033683
0.042211
0.03102
0.035217
0.04894
0.044468
0.048298
0.04365
0.047532
0.04872
0.050142
0.04803
0.046735
0.041345
0.044694
0.040703
0.023405
0.022408
0.022121
0.024979
0.023181
0.021816
0.025128
0.023164
0.028255
0.019072
0.020342
0.021932
0.029945
0.027755
0.030689
0.029539
0.020367
0.023392
0.024351
0.024318
0.027088
0.025851
0.0211
0.027925
0.024262
0.023014
0.026311
0.021654
0.024655
0.021718
0.026152
0.022694
0.027352
0.024287
0.023984
0.023868
0.030907
0.029466
0.030537
0.0291
0.024059
0.02553
0.027604
0.029081
0.028
0.025006
0.02457
0.030732
0.02768
0.026223
0.026715
0.028541
0.028709
0.026379
0.024966
0.028245
0.025704
0.024604
0.024168
0.028332
0.026795
0.026658
0.025387
0.020781
0.027428
0.024831
0.026642
0.027491
0.023628
0.024446
0.023291
0.02531
0.027929
0.025248
0.021629
0.023147
0.019461
0.02815
0.019063
0.018675
0.023751
0.023604
0.027468
0.02726
0.02765
0.028895
0.027413
0.02838
0.028896
0.026424
0.02027
0.017349
0.021858
0.024793
0.024588
0.018775
0.027543
0.025583
0.020528
0.02526
0.022662
0.022675
0.020718
0.022495
0.019783
0.020599
0.021958
0.021486
0.019718
0.023536
0.022245
0.019229
0.024865
0.017964
0.022177
0.031919
0.023398
0.02617
0.030698
0.027681
0.025646
0.030686
0.02879
0.02806
0.029594
0.026982
0.017205
0.019533
0.018946
0.02304
0.020745
0.022498
0.0254
0.021698
0.023285
0.020277
0.024509
0.029743
0.029598
0.026384
0.026992
0.030235
0.027064
0.033996
0.031411
0.029558
0.023359
0.027698
0.023149
0.028899
0.032967
0.021724
0.020328
0.03485
0.028309
0.033237
0.031772
0.030598
0.028385
0.026169
0.020279
0.024696
0.02629
0.029256
0.028607
0.02727
0.024868
0.032815
0.023535
0.025079
0.032035
0.02963
0.02542
0.02453
0.017384
0.021393
0.020413
0.020228
0.021711
0.021165
0.022937
0.026687
0.023448
0.021058
0.025706
0.022141
0.023199
0.020531
0.022104
0.022165
0.020988
0.02279
0.023289
0.022013
0.028833
0.029998
0.030699
0.033184
0.029573
0.028132
0.029767
0.032536
0.017832
0.026486
0.017801
0.018138
0.020044
0.025303
0.024301
0.019749
0.024171
0.016696
0.015324
0.016004
0.015864
0.019008
0.019549
0.021961
0.016009
0.019967
0.014655
0.015654
0.024607
0.015186
0.017693
0.025493
0.021869
0.024402
0.020197
0.017001
0.020192
0.021416
0.023614
0.023965
0.02701
0.028354
0.024047
0.028632
0.027862
0.027785
0.025432
0.031684
0.029859
0.025034
0.025053
0.024121
0.027943
0.022044
0.024076
0.024366
0.020409
0.02191
0.023346
0.021073
0.024058
0.025222
0.02157
0.02976
0.027037
0.023471
0.021525
0.019397
0.020368
0.020167
0.017254
0.020191
0.021764
0.015397
0.021366
0.023268
0.027345
0.030378
0.023667
0.025219
0.027506
0.025692
0.028845
0.030956
0.030639
0.03526
0.035068
0.033658
0.02846
0.032207
0.031894
0.030635
0.024606
0.030686
0.024652
0.03119
0.022756
0.020678
0.023099
0.025209
0.01905
0.019587
0.021623
0.021106
0.025861
0.028047
0.019623
0.022573
0.023793
0.026112
0.025009
0.019616
0.026708
0.028604
0.024078
0.028823
0.029175
0.025954
0.029044
0.028461
0.033854
0.02716
0.031028
0.021935
0.027645
0.025896
0.033692
0.021701
0.021935
0.020265
0.021387
0.020804
0.024498
0.019006
0.01681
0.023807
0.022218
0.022171
0.018597
0.023112
0.021891
0.020269
0.022559
0.024495
0.020738
0.019876
0.01933
0.019109
0.020595
0.020487
0.018248
0.017152
0.017773
0.017105
0.023514
0.02364
0.024666
0.022593
0.024419
0.01875
0.020723
0.020744
0.018023
0.021507
0.026491
0.03031
0.021717
0.030267
0.033684
0.02843
0.030539
0.018102
0.018341
0.02098
0.018313
0.02034
0.019559
0.019975
0.020384
0.017333
0.019905
0.020853
0.021093
0.02277
0.022992
0.021408
0.023981
0.019852
0.019463
0.021777
0.025405
0.028167
0.031464
0.032661
0.028221
0.026949
0.024862
0.026304
0.022358
0.028417
0.024446
0.023661
0.020561
0.025123
0.025189
0.021276
0.023797
0.023192
0.022716
0.023635
0.022781
0.025748
0.029543
0.027022
0.057518
0.048991
0.049215
0.054195
0.049739
0.048316
0.043033
0.032566
0.042976
0.038417
0.028016
0.026283
0.027152
0.029583
0.041162
0.033952
0.040633
0.029299
0.033637
0.029444
0.040896
0.023199
0.028169
0.030827
0.029644
0.032048
0.031864
0.032567
0.025913
0.022989
0.023919
0.019166
0.016696
0.034987
0.021552
0.032518
0.034272
0.026865
0.026033
0.0287
0.025372
0.027004
0.022529
0.036489
0.021761
0.028259
0.034542
0.026321
0.025896
0.021467
0.029964
0.030939
0.032758
0.02967
0.035221
0.034603
0.030048
0.038414
0.031291
0.020761
0.024181
0.024319
0.020349
0.022716
0.017814
0.023336
0.026729
0.020037
0.02014
0.024448
0.023858
0.023107
0.028905
0.02007
0.024833
0.026991
0.030681
0.024406
0.028316
0.027079
0.027503
0.024969
0.028256
0.028944
0.026976
0.022619
0.026197
0.027089
0.028867
0.034737
0.032011
0.033225
0.036682
0.033476
0.032666
0.029284
0.028045
0.048368
0.043503
0.042318
0.033416
0.046301
0.041469
0.040573
0.043776
0.046581
0.039744
0.040679
0.044714
0.042814
0.041891
0.037162
0.042348
0.042363
0.044326
0.04652
0.039309
0.045307
0.039025
0.046775
0.038677
0.04925
0.03789
0.041787
0.045533
0.045932
0.031279
0.029232
0.031959
0.030155
0.033295
0.02851
0.026398
0.028136
0.03274
0.030304
0.037794
0.029422
0.033199
0.035266
0.030508
0.039705
0.04482
0.044907
0.049123
0.049198
0.043499
0.046456
0.040548
0.044481
0.043385
0.040733
0.036395
0.039545
0.041704
0.0454
0.036482
0.041646
0.033169
0.031553
0.037862
0.041761
0.045729
0.037283
0.023676
0.024396
0.022856
0.023385
0.028903
0.025008
0.022075
0.024868
0.021283
0.022784
0.027971
0.023065
0.030674
0.024757
0.033602
0.031351
0.023386
0.025145
0.019354
0.032821
0.031234
0.041122
0.030471
0.028872
0.027721
0.025849
0.02674
0.029967
0.031068
0.02923
0.022735
0.021989
0.016257
0.022571
0.017579
0.016308
0.014545
0.014474
0.035871
0.022947
0.0272
0.013537
0.020553
0.028674
0.028153
0.027272
0.025425
0.021703
0.03154
0.02807
0.028697
0.025944
0.030113
0.023019
0.011549
0.015987
0.013351
0.014612
0.013588
0.01256
0.010374
0.01016
0.025947
0.026421
0.023158
0.030072
0.022754
0.023049
0.027067
0.024818
0.021627
0.024744
0.030641
0.027163
0.025693
0.024038
0.028543
0.030496
0.025922
0.025957
0.027739
0.021816
0.018797
0.022642
0.025981
0.025578
0.022668
0.026722
0.019729
0.018722
0.019678
0.02313
0.024726
0.020128
0.017747
0.022561
0.018732
0.028914
0.030774
0.028355
0.028347
0.030819
0.028239
0.02882
0.030165
0.028928
0.031615
0.028046
0.031782
0.031374
0.031416
0.032193
0.028332
0.023857
0.025914
0.021983
0.022873
0.021509
0.022613
0.020652
0.022218
0.021919
0.022322
0.022475
0.029493
0.030255
0.026596
0.026682
0.02204
0.03243
0.021292
0.021312
0.021574
0.020305
0.022337
0.026269
0.023755
0.01856
0.017073
0.025332
0.020485
0.014686
0.016199
0.014696
0.022584
0.021175
0.021392
0.020754
0.019521
0.021527
0.019543
0.020228
0.020944
0.018503
0.020692
0.017042
0.023217
0.019427
0.023252
0.022319
0.022174
0.020196
0.021901
0.02091
0.020977
0.023063
0.017764
0.018217
0.018773
0.022967
0.020182
0.016465
0.019161
0.017443
0.024434
0.029658
0.029206
0.024266
0.024358
0.026421
0.023108
0.023069
0.027626
0.017331
0.018229
0.023802
0.018682
0.021904
0.019656
0.018215
0.021712
0.015382
0.017766
0.016418
0.018647
0.02017
0.015649
0.016618
0.01444
0.018272
0.018184
0.015279
0.018565
0.017849
0.019233
0.019682
0.015877
0.019245
0.016267
0.018241
0.019374
0.021806
0.024965
0.016194
0.023176
0.031545
0.035126
0.03576
0.0366
0.02306
0.035185
0.034391
0.031803
0.03009
0.02935
0.027038
0.025698
0.020403
0.029244
0.026611
0.02451
0.025706
0.029742
0.03005
0.016319
0.021827
0.023982
0.023867
0.025292
0.019035
0.020555
0.025548
0.025231
0.025958
0.024779
0.035161
0.035564
0.032611
0.032624
0.037631
0.038433
0.033091
0.03199
0.034666
0.039521
0.037513
0.03301
0.030099
0.035227
0.033557
0.031902
0.035076
0.033986
0.034334
0.03588
0.03561
0.032944
0.035481
0.036349
0.033622
0.034185
0.035379
0.031761
0.036836
0.039048
0.031915
0.028616
0.035446
0.026525
0.024516
0.023971
0.022634
0.027175
0.028945
0.021228
0.025283
0.027898
0.024657
0.030178
0.024582
0.032682
0.030294
0.029484
0.02742
0.034069
0.030995
0.029967
0.031635
0.028708
0.026935
0.027769
0.036924
0.034434
0.029484
0.026436
0.032279
0.028357
0.028756
0.031166
0.029526
0.022107
0.024832
0.024189
0.015543
0.024713
0.022328
0.024416
0.020078
0.029808
0.025619
0.033293
0.028113
0.030117
0.028638
0.028913
0.026832
0.024368
0.026509
0.024143
0.021793
0.022276
0.018297
0.024747
0.021299
0.023833
0.025162
0.02448
0.020609
0.022195
0.026193
0.023939
0.019517
0.018866
0.019404
0.023372
0.023175
0.025943
0.021065
0.021847
0.023632
0.022069
0.020732
0.024755
0.021744
0.022389
0.022809
0.023708
0.026941
0.020698
0.020676
0.023501
0.026872
0.029122
0.02908
0.033467
0.02996
0.03072
0.028758
0.031012
0.030707
0.023857
0.028225
0.025133
0.022894
0.031361
0.029252
0.027375
0.026943
0.032755
0.032145
0.028904
0.030329
0.032705
0.030597
0.029674
0.033173
0.035507
0.032119
0.029266
0.028317
0.037298
0.034555
0.03728
0.031192
0.039524
0.03206
0.036104
0.035061
0.03217
0.028399
0.041551
0.026764
0.022936
0.039329
0.033235
0.025245
0.030559
0.029293
0.028111
0.025927
0.030826
0.030403
0.028227
0.033617
0.02717
0.02625
0.029785
0.018373
0.019892
0.033321
0.035635
0.025113
0.027743
0.022258
0.027161
0.03749
0.024087
0.021809
0.029413
0.016516
0.018857
0.024102
0.033665
0.02137
0.01944
0.021099
0.01997
0.023208
0.023365
0.022638
0.018844
0.023939
0.03356
0.017035
0.018555
0.021391
0.022842
0.030471
0.030759
0.025507
0.018004
0.01706
0.015415
0.026013
0.015683
0.015826
0.014568
0.013161
0.020601
0.011058
0.019976
0.015879
0.013388
0.009001
0.012448
0.017665
0.020892
0.020546
0.021771
0.024507
0.022868
0.025681
0.024002
0.023975
0.023259
0.021293
0.020695
0.013273
0.028624
0.023625
0.019131
0.014839
0.012438
0.014326
0.015606
0.016044
0.011067
0.013249
0.013946
0.013819
0.014112
0.020417
0.012763
0.012468
0.01293
0.012325
0.013208
0.018808
0.019485
0.028467
0.021735
0.022736
0.037064
0.024854
0.02184
0.021665
0.024591
0.016447
0.009767
0.014784
0.011498
0.018452
0.014774
0.014891
0.012827
0.013099
0.011634
0.013186
0.012935
0.012105
0.013281
0.015695
0.019624
0.015466
0.017142
0.016748
0.021075
0.021206
0.029138
0.031664
0.045292
0.037114
0.019956
0.022515
0.02686
0.024066
0.023547
0.024098
0.024501
0.025729
0.02271
0.02089
0.018783
0.019306
0.020171
0.028768
0.017487
0.020466
0.020859
0.021856
0.017236
0.020434
0.021107
0.032975
0.023728
0.020102
0.01992
0.023334
0.028316
0.017615
0.042103
0.025419
0.025692
0.021465
0.025024
0.023459
0.024511
0.020427
0.02292
0.019333
0.018969
0.019936
0.026998
0.025176
0.021917
0.026334
0.028144
0.027501
0.02156
0.028173
0.026222
0.025991
0.026707
0.028132
0.027207
0.023809
0.025837
0.02849
0.026136
0.034166
0.024017
0.02995
0.030096
0.026663
0.029156
0.025886
0.029074
0.026998
0.029513
0.026566
0.023622
0.028504
0.024252
0.025754
0.024484
0.026614
0.026489
0.024107
0.020515
0.015809
0.024175
0.019897
0.023571
0.02256
0.026328
0.018064
0.027473
0.020982
0.021904
0.017959
0.02063
0.020488
0.023106
0.018731
0.018122
0.019091
0.01921
0.025231
0.025833
0.024828
0.020122
0.019909
0.025903
0.021327
0.023251
0.019685
0.018329
0.019191
0.017982
0.016365
0.021028
0.021382
0.018296
0.018256
0.016103
0.018056
0.015074
0.020139
0.015269
0.018832
0.023163
0.018175
0.023155
0.020716
0.02052
0.020532
0.020906
0.027709
0.02471
0.022336
0.025428
0.03423
0.023858
0.027993
0.029013
0.020463
0.016212
0.020132
0.017774
0.018111
0.022802
0.019539
0.018582
0.023331
0.018694
0.020491
0.017681
0.022745
0.019812
0.02274
0.02546
0.022525
0.01927
0.021077
0.021081
0.020345
0.018124
0.017945
0.020161
0.022719
0.021166
0.025866
0.026953
0.017251
0.020624
0.023654
0.03205
0.031395
0.025053
0.030076
0.029915
0.030637
0.032202
0.028867
0.034253
0.034473
0.032915
0.031556
0.026041
0.027653
0.026
0.021281
0.019826
0.025437
0.025442
0.025185
0.028019
0.02682
0.027153
0.027119
0.0305
0.034162
0.032324
0.029371
0.028833
0.024914
0.026964
0.026859
0.02753
0.027548
0.028963
0.024976
0.036173
0.028254
0.026848
0.023832
0.030875
0.025206
0.024033
0.021332
0.027323
0.024305
0.021494
0.023496
0.02997
0.023294
0.023441
0.024527
0.024741
0.025921
0.024944
0.0269
0.028589
0.025431
0.02001
0.025033
0.025079
0.022159
0.023869
0.026468
0.02343
0.022248
0.021052
0.02426
0.022362
0.023958
0.025156
0.025984
0.048577
0.048028
0.041147
0.047423
0.039873
0.055856
0.049838
0.049554
0.053415
0.04764
0.050553
0.051003
0.050569
0.047152
0.050086
0.024158
0.020481
0.024993
0.029275
0.032281
0.033242
0.032319
0.01783
0.015421
0.010544
0.013761
0.015723
0.019935
0.013883
0.017305
0.01448
0.010555
0.012112
0.017676
0.016576
0.017267
0.016834
0.022432
0.011428
0.012033
0.012909
0.028097
0.02923
0.03028
0.03078
0.029878
0.027433
0.026122
0.02599
0.02617
0.028619
0.026829
0.027055
0.025476
0.029529
0.028052
0.02373
0.026579
0.024743
0.024723
0.022561
0.022007
0.024572
0.022005
0.010125
0.015662
0.018177
0.040918
0.012704
0.028011
0.027326
0.022404
0.014226
0.013929
0.014725
0.022499
0.020841
0.01935
0.020886
0.027601
0.022771
0.022613
0.020803
0.024959
0.02292
0.024061
0.021834
0.024939
0.021435
0.023452
0.023829
0.015331
0.025505
0.028144
0.02527
0.01855
0.024957
0.020933
0.023957
0.022707
0.018418
0.017012
0.021704
0.025549
0.016906
0.027723
0.033085
0.014628
0.03025
0.017777
0.021564
0.0241
0.014497
0.018292
0.024528
0.018775
0.016404
0.018886
0.014467
0.017223
0.01158
0.015868
0.015148
0.02291
0.024806
0.022885
0.021917
0.02295
0.021268
0.029869
0.022997
0.023006
0.020497
0.020216
0.022006
0.025519
0.023657
0.028084
0.027892
0.014139
0.030686
0.029038
0.014795
0.022535
0.019277
0.020887
0.042285
0.021367
0.022099
0.01655
0.019591
0.017712
0.014295
0.01515
0.023702
0.020553
0.011096
0.015176
0.020457
0.012488
0.018172
0.013145
0.039576
0.016444
0.013273
0.017267
0.021999
0.013253
0.013097
0.014377
0.015257
0.016228
0.015655
0.017177
0.016119
0.017972
0.01594
0.018692
0.016233
0.016076
0.018823
0.024576
0.027155
0.027169
0.025146
0.025378
0.026528
0.024034
0.029453
0.024992
0.028021
0.028433
0.025779
0.027436
0.024626
0.018075
0.015921
0.01987
0.018054
0.022105
0.014107
0.016627
0.013905
0.018869
0.019623
0.015583
0.012257
0.021161
0.018928
0.019063
0.02006
0.019422
0.018402
0.023987
0.017896
0.017753
0.019035
0.020971
0.018979
0.023694
0.018188
0.015051
0.02019
0.020998
0.020644
0.020334
0.020275
0.020065
0.017867
0.021228
0.01989
0.023347
0.02222
0.032659
0.025606
0.034442
0.031919
0.030976
0.030377
0.028655
0.027994
0.028886
0.015479
0.04036
0.026455
0.032348
0.028718
0.026383
0.028084
0.026821
0.030445
0.027701
0.030104
0.027939
0.025785
0.029373
0.031483
0.022982
0.018164
0.020139
0.018427
0.023283
0.022944
0.021565
0.025025
0.017371
0.024636
0.018846
0.02364
0.019232
0.025143
0.018702
0.024266
0.013315
0.023231
0.019598
0.022353
0.018973
0.015162
0.026396
0.027633
0.026934
0.0272
0.025199
0.021806
0.027804
0.022306
0.022662
0.024785
0.020232
0.021467
0.026826
0.02313
0.016502
0.017676
0.022308
0.018829
0.01638
0.018055
0.0096038
0.01969
0.02293
0.018534
0.016941
0.014566
0.016947
0.02053
0.018695
0.017565
0.042725
0.022355
0.020795
0.01709
0.021589
0.021304
0.017914
0.023925
0.024806
0.021448
0.019721
0.020917
0.026183
0.020614
0.02321
0.024445
0.023826
0.023462
0.021576
0.03077
0.024579
0.029834
0.024515
0.027925
0.029173
0.027381
0.025888
0.025763
0.022122
0.034888
0.02442
0.025266
0.027353
0.028799
0.027141
0.024587
0.025986
0.024154
0.027573
0.031056
0.0261
0.022388
0.023696
0.024458
0.024288
0.027061
0.0275
0.023557
0.028529
0.026406
0.027907
0.027515
0.026511
0.025479
0.025359
0.027809
0.026897
0.024345
0.029489
0.026196
0.027074
0.028905
0.027458
0.027767
0.030269
0.020331
0.029466
0.050488
0.049224
0.048365
0.046081
0.049244
0.048349
0.05233
0.057775
0.054422
0.051352
0.05241
0.047239
0.05484
0.051046
0.048813
0.04837
0.056004
0.053876
0.052064
0.050746
0.052684
0.051605
0.053648
0.049223
0.04611
0.046131
0.056696
0.053513
0.045003
0.043226
0.044502
0.047482
0.046215
0.04311
0.046817
0.040435
0.036496
0.040369
0.038852
0.04139
0.041173
0.037419
0.049674
0.049304
0.04885
0.047217
0.045104
0.048683
0.048475
0.041662
0.04427
0.048694
0.047882
0.03765
0.039177
0.043515
0.044792
0.041974
0.038196
0.039955
0.042235
0.03987
0.035245
0.058062
0.050405
0.041436
0.048479
0.039975
0.037941
0.041355
0.043427
0.051874
0.05698
0.051534
0.050562
0.050404
0.048764
0.051249
0.055652
0.049738
0.042744
0.046081
0.027377
0.028713
0.034555
0.036754
0.041277
0.040194
0.040564
0.038013
0.036188
0.036446
0.035087
0.038366
0.036442
0.031819
0.034438
0.037825
0.037345
0.032726
0.038332
0.030648
0.037886
0.034579
0.033443
0.029057
0.032263
0.03675
0.029907
0.035723
0.031324
0.031127
0.030921
0.034531
0.032523
0.040146
0.037216
0.034649
0.0354
0.035957
0.032839
0.036099
0.0296
0.03003
0.025512
0.021033
0.020346
0.027933
0.029936
0.028162
0.0317
0.03485
0.043317
0.034014
0.037187
0.038184
0.026816
0.032768
0.02709
0.034976
0.020318
0.026689
0.022989
0.020137
0.023086
0.02731
0.025549
0.01817
0.020942
0.034423
0.033637
0.026408
0.030135
0.033859
0.031662
0.035123
0.026649
0.022555
0.02785
0.032436
0.019362
0.014904
0.030448
0.02133
0.016923
0.022988
0.0293
0.01349
0.021574
0.026916
0.028955
0.021101
0.017039
0.028188
0.018956
0.019034
0.01733
0.020441
0.017629
0.018149
0.020692
0.019147
0.019133
0.016924
0.0201
0.024279
0.017333
0.015858
0.022373
0.019738
0.022599
0.018158
0.032044
0.017381
0.014155
0.013369
0.016425
0.017901
0.022609
0.01547
0.018887
0.025071
0.017978
0.019735
0.026899
0.012257
0.014884
0.012783
0.016178
0.018234
0.017237
0.017024
0.019179
0.026243
0.027315
0.01705
0.019942
0.017176
0.016964
0.018968
0.025931
0.02015
0.022975
0.025112
0.02205
0.022995
0.022139
0.019846
0.024558
0.02731
0.027608
0.033526
0.034484
0.035381
0.032702
0.019683
0.020777
0.024319
0.021265
0.021498
0.021898
0.021874
0.024968
0.022286
0.021691
0.026839
0.037419
0.028124
0.015081
0.022553
0.02304
0.017857
0.024005
0.019312
0.025406
0.031642
0.024417
0.021531
0.020313
0.027272
0.025774
0.026122
0.026979
0.025088
0.026063
0.026602
0.021946
0.021925
0.019031
0.021649
0.018503
0.01824
0.018365
0.019161
0.025523
0.027762
0.030798
0.021062
0.023732
0.012125
0.014172
0.019325
0.018201
0.019858
0.016741
0.022055
0.015998
0.018145
0.020341
0.017384
0.012494
0.016358
0.016648
0.018733
0.021676
0.015484
0.020681
0.015096
0.017984
0.018933
0.013148
0.01791
0.024111
0.020569
0.022941
0.023976
0.022363
0.021494
0.019282
0.023191
0.021954
0.017136
0.020935
0.018553
0.019575
0.020702
0.024236
0.022854
0.025326
0.020946
0.022813
0.019126
0.02315
0.026003
0.022119
0.022675
0.020425
0.023602
0.02351
0.023726
0.026414
0.026185
0.025064
0.023169
0.022586
0.022923
0.022861
0.024842
0.023001
0.024138
0.027298
0.026167
0.022416
0.027427
0.027493
0.025124
0.025752
0.02832
0.022983
0.02495
0.026677
0.025972
0.028283
0.027123
0.026903
0.025893
0.029213
0.046465
0.05071
0.049954
0.046155
0.048352
0.046403
0.04179
0.039083
0.036486
0.038686
0.041738
0.040192
0.043602
0.031197
0.037394
0.038136
0.040072
0.033712
0.036498
0.035983
0.048727
0.048866
0.045116
0.054242
0.048757
0.044932
0.04908
0.046339
0.045013
0.050658
0.043933
0.047446
0.039374
0.045161
0.044446
0.046246
0.048599
0.046337
0.040422
0.049121
0.047063
0.045156
0.044673
0.042861
0.03735
0.033899
0.037837
0.029122
0.031404
0.032855
0.030331
0.0436
0.046408
0.041137
0.039942
0.043064
0.031671
0.039156
0.037338
0.031551
0.036016
0.032378
0.029942
0.033756
0.037033
0.036196
0.032846
0.037106
0.031686
0.037831
0.027076
0.034524
0.029386
0.037569
0.031612
0.032541
0.036191
0.030717
0.026151
0.030867
0.025761
0.026467
0.025796
0.024952
0.020101
0.021653
0.022668
0.020538
0.022283
0.019569
0.024254
0.0219
0.026857
0.024915
0.02166
0.023608
0.021429
0.020845
0.020348
0.021078
0.020006
0.031091
0.031321
0.029755
0.027841
0.034197
0.030181
0.033474
0.036349
0.029571
0.031849
0.039945
0.031255
0.031941
0.028539
0.032585
0.030333
0.027571
0.035611
0.029097
0.03097
0.034358
0.034262
0.023842
0.034001
0.021533
0.017471
0.021396
0.021306
0.017003
0.018093
0.01925
0.020345
0.019348
0.015255
0.020988
0.019779
0.018789
0.019368
0.034045
0.031656
0.027218
0.033772
0.035565
0.036881
0.035268
0.026974
0.031184
0.029896
0.026502
0.029574
0.029032
0.017269
0.018806
0.021798
0.021443
0.029167
0.028457
0.033102
0.02963
0.028985
0.027674
0.03088
0.028721
0.032601
0.033214
0.029665
0.02271
0.027129
0.024355
0.023512
0.020659
0.026461
0.027349
0.023788
0.024932
0.025824
0.028354
0.030561
0.022345
0.031144
0.024633
0.018578
0.026918
0.02844
0.02356
0.026973
0.023073
0.023329
0.023978
0.019682
0.020995
0.027576
0.029332
0.021361
0.021318
0.022908
0.02155
0.025609
0.020226
0.022094
0.025609
0.020034
0.02263
0.023044
0.020582
0.019224
0.021031
0.017292
0.018165
0.020902
0.022201
0.025605
0.013358
0.023917
0.040934
0.015065
0.020286
0.019871
0.017969
0.021259
0.021832
0.020265
0.020538
0.018697
0.015014
0.019989
0.012032
0.016404
0.019323
0.018461
0.023191
0.017586
0.014984
0.021209
0.022754
0.02021
0.01984
0.021293
0.019436
0.019142
0.018955
0.020565
0.018351
0.017159
0.017063
0.016009
0.01642
0.016136
0.014109
0.016172
0.018491
0.017354
0.025718
0.019002
0.015567
0.017108
0.019181
0.016864
0.014669
0.019027
0.017602
0.01646
0.019002
0.015049
0.018114
0.017225
0.021157
0.015398
0.018468
0.019904
0.021888
0.018456
0.023438
0.017404
0.018759
0.021485
0.020635
0.022792
0.021038
0.024567
0.033341
0.030427
0.029317
0.0312
0.025434
0.031282
0.028647
0.032665
0.031186
0.031211
0.030206
0.028832
0.024418
0.027439
0.02201
0.027719
0.015439
0.029034
0.024654
0.023995
0.02197
0.019886
0.019235
0.027363
0.014594
0.017678
0.019555
0.025022
0.0278
0.027807
0.021555
0.021893
0.026374
0.0209
0.023973
0.026377
0.029626
0.023065
0.030371
0.02927
0.01847
0.028249
0.027677
0.02658
0.016887
0.018593
0.019024
0.016133
0.01718
0.015979
0.020145
0.01832
0.015913
0.019169
0.022142
0.021653
0.020268
0.029077
0.02181
0.018639
0.019509
0.022071
0.021577
0.02166
0.024688
0.023618
0.02258
0.020781
0.025159
0.025595
0.027862
0.02864
0.032131
0.026014
0.023348
0.022564
0.023968
0.023937
0.029131
0.026422
0.023574
0.024444
0.027559
0.024826
0.027947
0.024333
0.023787
0.026244
0.023728
0.028399
0.025453
0.024542
0.021581
0.024818
0.023774
0.026395
0.025468
0.016478
0.026181
0.019054
0.020576
0.021468
0.016744
0.021706
0.024328
0.021311
0.019831
0.018136
0.022662
0.021042
0.019924
0.018255
0.01559
0.020521
0.021791
0.01998
0.017877
0.018764
0.018368
0.013361
0.0208
0.021327
0.021086
0.018412
0.020761
0.019671
0.015902
0.016753
0.019154
0.020103
0.01705
0.019858
0.023425
0.024577
0.025161
0.023422
0.02535
0.020105
0.014556
0.028624
0.022101
0.022697
0.029207
0.023941
0.015931
0.018886
0.024063
0.028828
0.025406
0.028539
0.02699
0.020269
0.024806
0.024441
0.02992
0.027535
0.022611
0.023089
0.023113
0.017701
0.019297
0.014862
0.023853
0.028267
0.020182
0.025508
0.027704
0.02299
0.022931
0.02049
0.027789
0.022802
0.021548
0.020023
0.015125
0.02149
0.018285
0.015297
0.022392
0.027504
0.024377
0.021997
0.018988
0.025191
0.0173
0.022795
0.022259
0.017066
0.020716
0.016071
0.0154
0.015319
0.018665
0.020529
0.018427
0.018335
0.017042
0.016539
0.020298
0.02492
0.022863
0.018912
0.021057
0.024788
0.0212
0.023066
0.022216
0.023297
0.025205
0.021301
0.024046
0.023638
0.023
0.022499
0.023437
0.026372
0.020024
0.022198
0.020482
0.024232
0.022769
0.01918
0.019462
0.024347
0.019848
0.01527
0.048063
0.01843
0.02004
0.04638
0.044155
0.015368
0.048665
0.046938
0.015008
0.044458
0.014603
0.016163
0.014564
0.01393
0.015143
0.022358
0.019867
0.021167
0.020642
0.019388
0.018822
0.017531
0.020699
0.016895
0.013934
0.022294
0.01606
0.018543
0.013653
0.013189
0.013392
0.015412
0.01092
0.013967
0.019508
0.016562
0.018443
0.016372
0.016909
0.016558
0.018122
0.01821
0.020225
0.018099
0.017376
0.018326
0.019741
0.014344
0.018867
0.018109
0.028151
0.020747
0.016023
0.02216
0.018038
0.017583
0.019575
0.027733
0.02066
0.022044
0.026733
0.020573
0.022557
0.022337
0.023791
0.026219
0.023118
0.025304
0.025788
0.02521
0.024504
0.024422
0.025905
0.025385
0.02542
0.027552
0.025093
0.027526
0.026867
0.027751
0.029358
0.027658
0.027317
0.029404
0.025542
0.027693
0.026955
0.025477
0.028464
0.03013
0.026795
0.030348
0.027804
0.0298
0.028843
0.029084
0.028244
0.027708
0.025953
0.029141
0.025348
0.026413
0.023647
0.039393
0.03846
0.029299
0.029023
0.028307
0.026227
0.016025
0.022983
0.022523
0.02109
0.025476
0.026401
0.014049
