0.083174
0.085202
0.076343
0.081752
0.081094
0.080268
0.082553
0.073937
0.081148
0.076235
0.059265
0.076163
0.062522
0.078509
0.076602
0.070106
0.06926
0.073642
0.068838
0.06275
0.063561
0.069179
0.07522
0.064644
0.062247
0.055542
0.069435
0.055422
0.05386
0.05615
0.058777
0.059767
0.06187
0.057737
0.057359
0.053499
0.059831
0.056264
0.038134
0.0567
0.053602
0.058104
0.058253
0.060254
0.061497
0.056482
0.052547
0.058952
0.046931
0.051923
0.060717
0.048578
0.021193
0.020249
0.037784
0.038601
0.01732
0.03701
0.042668
0.045212
0.045444
0.043716
0.044054
0.048354
0.031104
0.019019
0.044275
0.026295
0.050438
0.047695
0.047451
0.044874
0.039747
0.049047
0.040295
0.045766
0.038522
0.028606
0.031454
0.029179
0.02413
0.040384
0.0454
0.027661
0.03873
0.029707
0.041135
0.036096
0.038691
0.04317
0.042417
0.043418
0.043315
0.042274
0.031241
0.041734
0.042332
0.045965
0.034385
0.02587
0.045184
0.04328
0.039133
0.039878
0.036117
0.037297
0.033203
0.035651
0.033708
0.036238
0.042535
0.036575
0.043852
0.035049
0.036617
0.039223
0.040668
0.039035
0.033287
0.036763
0.043684
0.038042
0.037712
0.036485
0.041739
0.04012
0.04082
0.039297
0.039048
0.0286
0.050639
0.045445
0.046331
0.049906
0.044949
0.047811
0.045724
0.039515
0.045482
0.044307
0.039008
0.047807
0.041288
0.041876
0.041796
0.048371
0.049036
0.044393
0.044807
0.044204
0.046437
0.045545
0.043392
0.045779
0.044573
0.042551
0.040433
0.045333
0.042262
0.042299
0.044682
0.044614
0.044908
0.039883
0.040643
0.039296
0.041154
0.040421
0.037192
0.040077
0.039028
0.039487
0.039989
0.03665
0.038658
0.032616
0.036972
0.04266
0.035834
0.038929
0.027999
0.048527
0.045827
0.041945
0.050095
0.041572
0.043614
0.042433
0.039415
0.042592
0.038125
0.039567
0.043972
0.042406
0.039578
0.035381
0.045727
0.041953
0.038527
0.04018
0.042019
0.03712
0.040723
0.0381
0.043006
0.040725
0.035759
0.036646
0.034824
0.033675
0.040863
0.034284
0.037207
0.043887
0.03985
0.027705
0.027177
0.019586
0.028285
0.034809
0.040995
0.040743
0.035026
0.0407
0.039737
0.036103
0.039429
0.037211
0.040714
0.036143
0.039391
0.037129
0.034719
0.039906
0.042238
0.038823
0.038368
0.03908
0.035353
0.041558
0.044188
0.040444
0.03862
0.037341
0.038747
0.038858
0.036915
0.038911
0.031614
0.032719
0.034687
0.034173
0.031668
0.032329
0.034508
0.03171
0.031795
0.039843
0.035605
0.029674
0.034533
0.028329
0.028794
0.027713
0.03958
0.037089
0.041323
0.037003
0.044322
0.036242
0.032596
0.041279
0.035717
0.035698
0.04882
0.040359
0.041688
0.044128
0.044567
0.048353
0.04538
0.048321
0.039001
0.04078
0.040144
0.039717
0.038052
0.039815
0.036718
0.045813
0.039456
0.03765
0.051413
0.040845
0.034703
0.040704
0.038692
0.043199
0.032588
0.032571
0.034175
0.031604
0.034035
0.033874
0.028818
0.028408
0.029281
0.033732
0.032767
0.035203
0.033954
0.028271
0.032198
0.033681
0.036376
0.032434
0.033946
0.036995
0.04093
0.041974
0.039205
0.042437
0.032203
0.038313
0.037448
0.035442
0.0325
0.035411
0.033916
0.034973
0.034823
0.039758
0.039234
0.03657
0.040107
0.045171
0.044254
0.036379
0.04223
0.037483
0.041301
0.037085
0.035856
0.074622
0.066991
0.063926
0.065649
0.059756
0.056829
0.053641
0.054682
0.054965
0.062704
0.061218
0.058073
0.055213
0.053865
0.030553
0.052178
0.045521
0.05586
0.047693
0.056145
0.044119
0.05367
0.058682
0.05256
0.048131
0.047936
0.049058
0.041546
0.047708
0.041468
0.048765
0.046021
0.050311
0.045263
0.040071
0.04763
0.042735
0.045724
0.033326
0.042156
0.03725
0.044112
0.044315
0.045345
0.0435
0.040692
0.017847
0.040639
0.047944
0.042487
0.038654
0.043727
0.031986
0.057398
0.059842
0.053804
0.048414
0.057216
0.05309
0.043904
0.052766
0.055729
0.046675
0.052755
0.053784
0.05185
0.046424
0.044812
0.030305
0.039864
0.049509
0.028975
0.042487
0.040845
0.041435
0.041586
0.038366
0.05395
0.039869
0.039307
0.045611
0.035344
0.045545
0.032391
0.039804
0.044333
0.050317
0.052898
0.039426
0.038933
0.040965
0.043261
0.03935
0.040493
0.035127
0.043011
0.038629
0.039903
0.029063
0.023284
0.036514
0.031498
0.041535
0.028179
0.020726
0.027246
0.02936
0.026973
0.017439
0.024677
0.023015
0.021162
0.020421
0.036106
0.021507
0.022424
0.015481
0.015463
0.018699
0.016771
0.016896
0.014917
0.017986
0.018415
0.022106
0.017922
0.01675
0.023492
0.018556
0.035786
0.040497
0.041378
0.040598
0.03102
0.040428
0.033986
0.039434
0.036517
0.033281
0.036185
0.044793
0.030336
0.044237
0.036407
0.039677
0.037133
0.034769
0.038263
0.034243
0.038065
0.036722
0.034915
0.035426
0.035023
0.035917
0.034825
0.031723
0.029165
0.034187
0.038162
0.03827
0.039956
0.045253
0.044115
0.038883
0.042753
0.046241
0.043049
0.045842
0.03969
0.035282
0.025978
0.040198
0.036216
0.035798
0.039909
0.036393
0.042798
0.032571
0.033129
0.033707
0.029537
0.032317
0.030618
0.028869
0.031472
0.030799
0.029502
0.030519
0.031061
0.029627
0.026186
0.033362
0.037417
0.046766
0.032853
0.034828
0.039815
0.037135
0.038193
0.033233
0.030081
0.028648
0.032756
0.030994
0.033065
0.032024
0.030147
0.034515
0.029257
0.027254
0.031786
0.03105
0.036753
0.030112
0.032223
0.028675
0.028432
0.033978
0.029367
0.033717
0.031606
0.037293
0.032715
0.030506
0.031046
0.030846
0.031042
0.032772
0.03187
0.048417
0.049671
0.040141
0.043441
0.04705
0.042293
0.050144
0.050709
0.043338
0.043022
0.046214
0.044067
0.046468
0.035743
0.038726
0.040468
0.04339
0.04165
0.036848
0.032142
0.036205
0.029658
0.02965
0.037479
0.030793
0.032756
0.038662
0.035918
0.036526
0.033038
0.029202
0.02886
0.028475
0.029669
0.030584
0.029044
0.034021
0.031656
0.029647
0.029411
0.030121
0.028508
0.029627
0.028488
0.030608
0.029737
0.034089
0.028845
0.028346
0.02763
0.031506
0.034747
0.03608
0.035123
0.033006
0.027764
0.037948
0.036267
0.03403
0.043914
0.034263
0.035966
0.042072
0.031061
0.034468
0.032858
0.03047
0.028119
0.034048
0.028169
0.039074
0.037949
0.033061
0.034022
0.034924
0.030249
0.034672
0.028859
0.03523
0.033567
0.029781
0.03059
0.03326
0.029091
0.035095
0.026833
0.031736
0.032673
0.035796
0.031552
0.033314
0.047342
0.050354
0.043356
0.044019
0.046488
0.04261
0.040241
0.040108
0.044727
0.039622
0.034584
0.037716
0.04501
0.036994
0.035477
0.037823
0.036606
0.038648
0.038029
0.040867
0.038446
0.036618
0.036346
0.041785
0.035562
0.033255
0.035848
0.039157
0.036133
0.034535
0.033624
0.035143
0.032359
0.036327
0.033576
0.030803
0.032857
0.0331
0.034311
0.039159
0.032214
0.03724
0.018806
0.039612
0.034965
0.02279
0.033123
0.02928
0.033028
0.030551
0.031253
0.033274
0.031733
0.030933
0.028219
0.033305
0.029247
0.038884
0.034899
0.027473
0.02845
0.028889
0.028549
0.028229
0.026982
0.032096
0.030992
0.029039
0.038843
0.03687
0.038137
0.039066
0.043333
0.03962
0.043256
0.044059
0.040271
0.042574
0.044029
0.045241
0.041594
0.040386
0.040013
0.041791
0.037276
0.043578
0.041714
0.038028
0.04035
0.040176
0.040053
0.038471
0.041883
0.040223
0.041576
0.037522
0.038262
0.032606
0.03083
0.032976
0.032705
0.033171
0.036404
0.036327
0.039589
0.033981
0.037042
0.032697
0.033136
0.0354
0.036771
0.036237
0.027883
0.027154
0.03231
0.030469
0.029538
0.030771
0.024814
0.02957
0.026731
0.024683
0.024405
0.02596
0.017902
0.032538
0.025093
0.029361
0.030593
0.027582
0.029223
0.031777
0.034528
0.030213
0.031546
0.029935
0.031444
0.030368
0.030749
0.03492
0.042833
0.032523
0.03778
0.034391
0.037312
0.038136
0.036165
0.035189
0.038219
0.036918
0.037347
0.030977
0.035423
0.032834
0.036726
0.033197
0.032204
0.032469
0.030973
0.027187
0.034748
0.033091
0.029781
0.037848
0.041968
0.040112
0.040218
0.040031
0.038454
0.033658
0.037549
0.04036
0.036627
0.034571
0.032388
0.038335
0.03226
0.030427
0.030874
0.034475
0.034147
0.032163
0.032408
0.035207
0.039217
0.026866
0.026405
0.029632
0.031337
0.025148
0.024172
0.029683
0.026866
0.027074
0.029445
0.030501
0.027892
0.030308
0.028461
0.027411
0.028039
0.030979
0.028258
0.027721
0.025261
0.029771
0.030169
0.025133
0.028727
0.029874
0.028217
0.03017
0.031367
0.03013
0.032886
0.032694
0.03273
0.03653
0.03464
0.033553
0.031341
0.029911
0.028414
0.027825
0.030431
0.027144
0.029591
0.030361
0.027887
0.028644
0.031641
0.029346
0.029389
0.027747
0.032764
0.034684
0.034507
0.029567
0.029408
0.029291
0.031146
0.030234
0.029084
0.027966
0.028855
0.031081
0.030351
0.030279
0.030546
0.029973
0.029414
0.029772
0.033768
0.037971
0.036076
0.041493
0.029311
0.029487
0.03508
0.030277
0.028223
0.027105
0.030298
0.025306
0.029834
0.028995
0.029723
0.023661
0.024586
0.025912
0.031938
0.027072
0.022547
0.026572
0.02284
0.027468
0.026062
0.025197
0.024209
0.028289
0.022466
0.03212
0.029352
0.023678
0.032395
0.028171
0.035663
0.02917
0.031614
0.034749
0.035513
0.034302
0.034369
0.046407
0.041534
0.033221
0.043308
0.038242
0.036873
0.031225
0.03765
0.026885
0.020555
0.036735
0.044116
0.028782
0.028441
0.03776
0.036738
0.031822
0.043239
0.025042
0.023197
0.037911
0.027898
0.022439
0.024043
0.025273
0.026957
0.020124
0.026599
0.021161
0.0177
0.012697
0.017998
0.023437
0.028316
0.021248
0.025898
0.021498
0.024816
0.022412
0.017418
0.02288
0.020236
0.034981
0.025892
0.028853
0.023301
0.023382
0.023404
0.019824
0.025467
0.022538
0.021832
0.022495
0.023087
0.025677
0.024325
0.02244
0.020418
0.023368
0.022136
0.024403
0.02367
0.030211
0.035094
0.030509
0.035258
0.035324
0.022929
0.022609
0.022239
0.016579
0.024054
0.027257
0.020923
0.018061
0.020833
0.026612
0.017108
0.018742
0.024664
0.018471
0.019852
0.022819
0.020796
0.02233
0.02384
0.023613
0.027422
0.0379
0.028408
0.021717
0.02413
0.028113
0.02383
0.04199
0.027114
0.026788
0.025593
0.025944
0.039146
0.037902
0.027266
0.026209
0.042495
0.024469
0.025199
0.021075
0.027692
0.027465
0.027047
0.024361
0.029885
0.028833
0.023864
0.024964
0.027257
0.027101
0.029297
0.025479
0.026531
0.029245
0.042506
0.0342
0.02995
0.030294
0.038256
0.030508
0.027403
0.037486
0.039775
0.032916
0.037
0.028165
0.029024
0.029617
0.034352
0.032728
0.032972
0.037251
0.027738
0.029406
0.028556
0.024194
0.025118
0.03129
0.030254
0.031354
0.032389
0.028925
0.027086
0.032502
0.031176
0.030295
0.035464
0.02638
0.033412
0.034706
0.027427
0.027286
0.032396
0.027381
0.030637
0.030677
0.029652
0.028784
0.034538
0.029864
0.030482
0.033083
0.03139
0.033428
0.036368
0.033848
0.031467
0.027754
0.025801
0.033301
0.033613
0.030652
0.036364
0.030649
0.031927
0.033405
0.032761
0.027548
0.027038
0.025713
0.025686
0.027929
0.029595
0.025188
0.027631
0.032706
0.031282
0.028022
0.02993
0.027412
0.029805
0.030746
0.031636
0.031373
0.027078
0.033797
0.023385
0.029179
0.027321
0.026086
0.028731
0.026733
0.032695
0.030079
0.024943
0.021887
0.030947
0.024391
0.026339
0.028897
0.026
0.027074
0.026042
0.025394
0.029215
0.031256
0.034596
0.031001
0.03791
0.030944
0.029518
0.033464
0.030166
0.027502
0.03405
0.028615
0.030689
0.035353
0.03232
0.031211
0.036758
0.029703
0.029215
0.033314
0.032806
0.033483
0.032769
0.028494
0.03246
0.029527
0.032129
0.032427
0.03344
0.033359
0.028706
0.029089
0.028283
0.03123
0.03185
0.035515
0.032625
0.035132
0.031619
0.033547
0.034602
0.028674
0.032756
0.031053
0.029809
0.034664
0.032822
0.033058
0.034953
0.035091
0.032619
0.034791
0.033903
0.045073
0.038261
0.037978
0.039695
0.037278
0.02988
0.02879
0.028072
0.028798
0.025949
0.033639
0.039786
0.031214
0.03148
0.027545
0.02597
0.027218
0.026837
0.02831
0.024759
0.029537
0.032905
0.031357
0.028211
0.033487
0.027108
0.028443
0.02688
0.024225
0.025496
0.028646
0.025847
0.024796
0.029284
0.029864
0.029413
0.033029
0.026724
0.027447
0.026754
0.024193
0.027142
0.02297
0.032786
0.029641
0.036617
0.033785
0.040502
0.037246
0.037531
0.041756
0.040764
0.034942
0.042159
0.040852
0.034826
0.041018
0.036006
0.034895
0.033556
0.034872
0.036499
0.031991
0.039117
0.033571
0.03434
0.037274
0.038243
0.04273
0.040485
0.037116
0.039248
0.041127
0.039
0.035272
0.035558
0.040136
0.041496
0.038993
0.040838
0.035532
0.039002
0.035541
0.032925
0.035276
0.034127
0.032105
0.034487
0.027687
0.026073
0.03051
0.030513
0.028354
0.030675
0.028686
0.033744
0.031359
0.030641
0.034297
0.031737
0.031697
0.031401
0.032935
0.028809
0.029315
0.032072
0.03016
0.031851
0.03131
0.028917
0.033021
0.032432
0.030722
0.029836
0.033168
0.026633
0.030467
0.027626
0.032646
0.032802
0.031731
0.02589
0.022732
0.022734
0.02392
0.023138
0.024449
0.032883
0.029335
0.030119
0.029728
0.026912
0.030406
0.028479
0.029292
0.031048
0.02873
0.029115
0.034423
0.031007
0.036558
0.032235
0.037233
0.037602
0.036016
0.035527
0.035007
0.038874
0.039257
0.035953
0.039594
0.037577
0.036479
0.036213
0.034961
0.03604
0.043474
0.034738
0.039898
0.033624
0.036775
0.037684
0.042048
0.03906
0.038576
0.043446
0.03677
0.033243
0.036262
0.040346
0.036182
0.04284
0.040872
0.037635
0.040149
0.03708
0.039944
0.037876
0.037038
0.033253
0.035867
0.034228
0.038298
0.033784
0.035906
0.039491
0.03843
0.034539
0.03989
0.036327
0.040314
0.037727
0.037321
0.036706
0.035363
0.032768
0.031871
0.03027
0.032233
0.030053
0.029597
0.032228
0.030607
0.033283
0.034008
0.033723
0.029459
0.027144
0.029849
0.026485
0.029938
0.030225
0.026872
0.028762
0.029032
0.026274
0.030341
0.0272
0.026199
0.031679
0.026692
0.031273
0.029884
0.02966
0.029296
0.028246
0.033306
0.030319
0.025197
0.028511
0.035733
0.037367
0.033083
0.040992
0.035009
0.035702
0.037218
0.032919
0.035702
0.03667
0.034291
0.035483
0.032383
0.043651
0.044684
0.050962
0.029714
0.031141
0.028505
0.029302
0.029652
0.031457
0.02663
0.028056
0.025423
0.034277
0.024859
0.028122
0.030549
0.02689
0.027972
0.048992
0.0542
0.053698
0.052956
0.059201
0.057988
0.056787
0.043303
0.057466
0.063275
0.054718
0.058897
0.059621
0.041859
0.03912
0.043261
0.041596
0.033087
0.038011
0.041695
0.045174
0.042653
0.037702
0.035554
0.043877
0.042068
0.049634
0.041703
0.043458
0.04572
0.045068
0.045909
0.050965
0.031071
0.025898
0.041452
0.030534
0.032232
0.03068
0.032545
0.028101
0.029954
0.032293
0.04971
0.043164
0.043788
0.053198
0.044734
0.042505
0.054431
0.042322
0.043014
0.051562
0.039843
0.040049
0.044124
0.039055
0.048484
0.054703
0.05379
0.053021
0.053708
0.055297
0.061196
0.055938
0.06148
0.049381
0.055861
0.052176
0.053094
0.050789
0.060331
0.053277
0.050796
0.047216
0.031736
0.046016
0.020451
0.015042
0.020746
0.032822
0.037809
0.036587
0.039643
0.037603
0.039194
0.034677
0.035571
0.03354
0.025078
0.029798
0.041163
0.035996
0.030297
0.030507
0.02636
0.013251
0.017677
0.029884
0.018135
0.030258
0.042128
0.046912
0.0363
0.046336
0.073086
0.045005
0.037956
0.014131
0.018755
0.011421
0.019789
0.018069
0.022219
0.021166
0.022735
0.021771
0.024027
0.021614
0.023188
0.024575
0.023103
0.027668
0.028834
0.027637
0.023694
0.03528
0.022196
0.022365
0.020404
0.019145
0.024749
0.019586
0.022308
0.019496
0.019575
0.02163
0.01802
0.024466
0.021024
0.033623
0.028133
0.020101
0.018693
0.028868
0.023001
0.032997
0.019922
0.033458
0.030215
0.027536
0.029911
0.023437
0.016482
0.030558
0.034706
0.0221
0.027723
0.038906
0.024761
0.02451
0.024668
0.025275
0.025656
0.027382
0.025807
0.022514
0.025088
0.023947
0.032647
0.020944
0.026939
0.025285
0.027941
0.022512
0.023053
0.025046
0.040324
0.028481
0.041848
0.026726
0.041397
0.024179
0.028289
0.021984
0.04065
0.03608
0.02208
0.038491
0.025611
0.042841
0.024973
0.026839
0.044659
0.039774
0.034616
0.023874
0.026025
0.023978
0.026674
0.024349
0.027872
0.027245
0.0296
0.032581
0.027636
0.026111
0.027819
0.028871
0.031224
0.041785
0.029683
0.027775
0.028353
0.028421
0.026813
0.026848
0.029692
0.029559
0.027602
0.02724
0.029123
0.043715
0.047253
0.043134
0.043736
0.038317
0.048663
0.03999
0.038136
0.026527
0.025119
0.025786
0.032737
0.026907
0.030846
0.026574
0.032893
0.027769
0.02843
0.031173
0.030445
0.026442
0.030512
0.029757
0.029289
0.027622
0.031373
0.029615
0.031055
0.029428
0.028011
0.040183
0.041474
0.033843
0.029575
0.033409
0.031438
0.033679
0.033655
0.022518
0.03078
0.032328
0.03524
0.03093
0.028437
0.028905
0.026753
0.026995
0.028602
0.026151
0.024633
0.033471
0.02788
0.028521
0.030042
0.026179
0.026948
0.03117
0.033729
0.025754
0.030442
0.027797
0.024958
0.025265
0.023687
0.028341
0.029367
0.026531
0.024292
0.025523
0.028878
0.027608
0.026764
0.029422
0.032863
0.033289
0.026283
0.029335
0.031728
0.029304
0.026488
0.030324
0.028977
0.033004
0.02995
0.026738
0.030865
0.032143
0.033416
0.028359
0.03314
0.028583
0.027759
0.030454
0.03043
0.029726
0.025819
0.026071
0.022503
0.031028
0.028558
0.029703
0.026393
0.026572
0.025772
0.028881
0.026433
0.027126
0.025244
0.026949
0.027555
0.028075
0.027473
0.024722
0.027032
0.028085
0.03009
0.026105
0.034906
0.033453
0.031974
0.029025
0.031055
0.03315
0.034158
0.035778
0.033206
0.033096
0.032783
0.03695
0.035871
0.037777
0.034041
0.027207
0.031247
0.029692
0.033531
0.027598
0.023838
0.029079
0.032573
0.027123
0.035213
0.025291
0.027706
0.024322
0.028424
0.030998
0.036894
0.034917
0.025287
0.026843
0.028958
0.029274
0.03388
0.027142
0.035776
0.030253
0.032808
0.030631
0.032517
0.030996
0.03651
0.032689
0.035854
0.03466
0.032462
0.031254
0.028882
0.037393
0.033908
0.036095
0.036232
0.035712
0.037399
0.0375
0.042165
0.042721
0.037965
0.040041
0.046749
0.029278
0.036156
0.034407
0.036432
0.034525
0.03462
0.03531
0.03158
0.032767
0.027753
0.030466
0.027539
0.03234
0.030948
0.036591
0.035387
0.036797
0.032188
0.032187
0.032658
0.040507
0.035944
0.042251
0.030356
0.042484
0.032579
0.041023
0.043516
0.047691
0.049897
0.048798
0.047946
0.054292
0.051279
0.051076
0.052322
0.046427
0.049641
0.048475
0.051853
0.046412
0.051408
0.044579
0.044922
0.046878
0.048601
0.046094
0.037072
0.039107
0.039719
0.02862
0.03316
0.030664
0.036469
0.034016
0.034766
0.03551
0.036919
0.032618
0.037597
0.033384
0.032636
0.033521
0.035712
0.032694
0.036916
0.034587
0.03586
0.033953
0.038138
0.040179
0.038949
0.041045
0.040925
0.041028
0.04025
0.041115
0.039009
0.037694
0.041976
0.037504
0.034793
0.028569
0.034005
0.027867
0.030214
0.033056
0.029582
0.027247
0.032641
0.02787
0.026558
0.028011
0.027998
0.036429
0.026894
0.02689
0.028076
0.02819
0.028562
0.024619
0.028643
0.029038
0.027117
0.047854
0.03427
0.030662
0.042428
0.035467
0.031449
0.039996
0.03802
0.029043
0.037272
0.031806
0.040082
0.03751
0.029118
0.037738
0.035446
0.040313
0.032185
0.032229
0.025135
0.033405
0.034333
0.030278
0.027917
0.029045
0.029918
0.049595
0.046474
0.049037
0.040713
0.039215
0.046926
0.042351
0.040291
0.037867
0.035398
0.038625
0.033968
0.030636
0.029372
0.03389
0.031811
0.031549
0.033091
0.035004
0.031034
0.033531
0.037653
0.036906
0.033958
0.026567
0.033938
0.030886
0.025811
0.03376
0.031713
0.029293
0.030005
0.027585
0.030236
0.024954
0.030512
0.025162
0.024858
0.022756
0.025007
0.03322
0.035481
0.025614
0.03967
0.043232
0.033617
0.035062
0.032487
0.031492
0.028358
0.038133
0.032593
0.034319
0.033353
0.02892
0.03117
0.028507
0.024623
0.030763
0.026292
0.034261
0.031923
0.03446
0.027161
0.031758
0.02603
0.026905
0.026326
0.027556
0.024042
0.027059
0.026181
0.030016
0.024299
0.026761
0.027861
0.028314
0.025681
0.030775
0.033235
0.030509
0.026877
0.02876
0.028298
0.028573
0.030051
0.027245
0.030653
0.027856
0.03213
0.033596
0.028123
0.025756
0.024924
0.026114
0.031594
0.025519
0.033021
0.033549
0.029877
0.031967
0.031896
0.03349
0.030599
0.032546
0.032584
0.031283
0.036228
0.032642
0.03133
0.030314
0.027599
0.032591
0.026819
0.033883
0.032298
0.032996
0.033789
0.028186
0.028603
0.028903
0.029288
0.029077
0.026538
0.026855
0.029269
0.03156
0.02866
0.028206
0.040408
0.034855
0.03994
0.041085
0.040299
0.03973
0.030343
0.03631
0.040206
0.033634
0.037796
0.029569
0.030447
0.029245
0.032321
0.028888
0.033429
0.046224
0.035879
0.055972
0.050959
0.054573
0.054854
0.048789
0.053612
0.056
0.052438
0.055436
0.059251
0.055564
0.050652
0.05326
0.049268
0.052607
0.054356
0.04514
0.040369
0.043956
0.041402
0.049061
0.043408
0.047486
0.043626
0.051819
0.043452
0.042206
0.049504
0.045062
0.044846
0.043115
0.048295
0.056571
0.056279
0.056848
0.052465
0.052072
0.050634
0.044943
0.045718
0.046834
0.051827
0.053754
0.053139
0.056057
0.055406
0.053237
0.053581
0.053968
0.051706
0.054838
0.055199
0.059122
0.056469
0.048644
0.050575
0.055894
0.055567
0.055068
0.047145
0.049611
0.052862
0.046343
0.043028
0.042207
0.046842
0.045525
0.041815
0.050331
0.048477
0.046509
0.038377
0.049968
0.051084
0.052795
0.043518
0.051722
0.050709
0.053446
0.056463
0.053009
0.060153
0.052669
0.049616
0.057118
0.0521
0.055676
0.04788
0.050227
0.058061
0.059859
0.052504
0.041397
0.047172
0.044516
0.043781
0.048096
0.042921
0.041744
0.039726
0.04856
0.03569
0.049613
0.042025
0.036392
0.03396
0.030639
0.026592
0.027712
0.040498
0.033069
0.027011
0.040433
0.04873
0.045666
0.038628
0.043759
0.039756
0.044022
0.04621
0.04845
0.038823
0.045668
0.042744
0.037867
0.037912
0.04688
0.034667
0.04584
0.020512
0.019553
0.027358
0.017782
0.018977
0.02762
0.029923
0.033733
0.030901
0.035188
0.022864
0.024789
0.036478
0.035685
0.025883
0.028508
0.029758
0.029581
0.033702
0.019738
0.022968
0.029438
0.036751
0.031166
0.036438
0.029799
0.036899
0.029001
0.03267
0.037504
0.031556
0.035494
0.035349
0.038045
0.033202
0.033187
0.029135
0.030579
0.024811
0.033775
0.023124
0.024248
0.027399
0.030015
0.031637
0.03359
0.028609
0.030248
0.02952
0.032027
0.036587
0.025392
0.02813
0.031522
0.02716
0.023067
0.032121
0.028453
0.032288
0.02975
0.033762
0.029569
0.029504
0.031616
0.02954
0.027886
0.032803
0.025547
0.025869
0.027121
0.027102
0.029808
0.022254
0.028569
0.027486
0.024458
0.027038
0.023403
0.029702
0.035226
0.03749
0.025644
0.030434
0.024185
0.040828
0.026234
0.0316
0.030408
0.03206
0.027862
0.031403
0.038991
0.030355
0.026228
0.022319
0.033561
0.027576
0.025684
0.0259
0.027439
0.026182
0.028007
0.033728
0.022385
0.02511
0.028898
0.030101
0.031931
0.030164
0.031848
0.031888
0.033324
0.032622
0.031512
0.031173
0.031808
0.026908
0.032569
0.029412
0.032685
0.033515
0.032232
0.039706
0.031096
0.032069
0.0304
0.032177
0.032078
0.031608
0.036083
0.029187
0.031715
0.031985
0.02765
0.033341
0.034941
0.034976
0.03169
0.028786
0.035637
0.032014
0.028422
0.027367
0.029132
0.034305
0.03099
0.034397
0.03085
0.02951
0.028362
0.028622
0.027566
0.028895
0.031098
0.025905
0.025224
0.029319
0.026819
0.026773
0.026324
0.023534
0.026284
0.032574
0.032079
0.0362
0.033508
0.028582
0.028489
0.029979
0.034192
0.02851
0.032488
0.033286
0.026322
0.029669
0.033831
0.029277
0.029238
0.031391
0.033267
0.033828
0.030662
0.032058
0.028162
0.032722
0.030264
0.027823
0.028895
0.027853
0.033547
0.033656
0.030209
0.032897
0.031167
0.034196
0.035031
0.026264
0.025605
0.02488
0.028928
0.024432
0.02408
0.020971
0.020241
0.02552
0.03245
0.02246
0.021615
0.029547
0.031757
0.03326
0.03047
0.029991
0.030538
0.033332
0.029609
0.027788
0.025587
0.030803
0.027762
0.03111
0.028015
0.033668
0.033818
0.027663
0.030965
0.028067
0.026175
0.025765
0.025894
0.023481
0.042027
0.044649
0.025857
0.037481
0.035662
0.027446
0.03332
0.031217
0.034631
0.028315
0.030603
0.02862
0.039445
0.026699
0.031839
0.020958
0.037189
0.020286
0.029366
0.030787
0.029816
0.020923
0.024319
0.021031
0.03458
0.031299
0.026505
0.020548
0.03261
0.023672
0.031534
0.033869
0.026598
0.02602
0.034302
0.031868
0.031712
0.034368
0.025513
0.033789
0.040023
0.039689
0.039773
0.039849
0.033647
0.037954
0.04238
0.041056
0.036716
0.040693
0.036822
0.038784
0.040561
0.040813
0.034804
0.042816
0.040123
0.03955
0.043137
0.037259
0.049042
0.043248
0.041721
0.043533
0.038349
0.04383
0.042169
0.037523
0.045311
0.042901
0.035273
0.036816
0.045428
0.040235
0.046708
0.048028
0.0456
0.046473
0.046639
0.041792
0.042106
0.036159
0.044815
0.033596
0.041805
0.036461
0.035255
0.033295
0.034896
0.0376
0.033927
0.043477
0.045351
0.043423
0.046351
0.04505
0.045107
0.051484
0.041484
0.051054
0.046572
0.047119
0.04396
0.038761
0.051742
0.041044
0.043322
0.051909
0.042994
0.049941
0.049178
0.038977
0.04182
0.041875
0.042469
0.039871
0.042588
0.038649
0.038991
0.035146
0.039744
0.039046
0.045281
0.041829
0.036874
0.052339
0.034839
0.038539
0.041065
0.040524
0.040248
0.037513
0.040845
0.037199
0.040258
0.033544
0.032576
0.038824
0.03374
0.031108
0.033824
0.033318
0.031277
0.035175
0.033925
0.038608
0.040432
0.03736
0.040687
0.02678
0.035618
0.033862
0.03119
0.02994
0.029815
0.036626
0.034341
0.030295
0.032873
0.038607
0.031276
0.035667
0.030975
0.032473
0.030844
0.034914
0.028105
0.030308
0.028832
0.037162
0.035122
0.036695
0.03584
0.03443
0.030996
0.032498
0.033751
0.037516
0.036045
0.035
0.033057
0.047138
0.044949
0.031602
0.033608
0.034926
0.034142
0.033137
0.035704
0.034293
0.033675
0.03193
0.041552
0.043421
0.04851
0.039244
0.042372
0.037716
0.048599
0.036883
0.040465
0.04193
0.043999
0.044816
0.03425
0.039785
0.039114
0.032706
0.037734
0.036599
0.033671
0.033622
0.042176
0.043134
0.037408
0.040797
0.037138
0.036153
0.037651
0.042287
0.04369
0.042387
0.040675
0.04606
0.062688
0.056391
0.056322
0.058464
0.056025
0.056535
0.058114
0.054295
0.059873
0.05059
0.050864
0.059657
0.061347
0.051988
0.057671
0.056906
0.063427
0.06148
0.051616
0.051166
0.055819
0.063384
0.055447
0.048043
0.062868
0.061385
0.057556
0.06087
0.056445
0.053723
0.055862
0.059319
0.057908
0.056485
0.055997
0.063065
0.055293
0.0573
0.063524
0.061566
0.050332
0.052618
0.049428
0.05603
0.055059
0.048568
0.053073
0.052146
0.049582
0.054019
0.04707
0.047402
0.044288
0.048661
0.045593
0.050429
0.061549
0.051063
0.04413
0.048869
0.045582
0.046617
0.054471
0.053624
0.0459
0.044745
0.047267
0.040311
0.041303
0.050767
0.049096
0.049138
0.048364
0.05345
0.047085
0.04052
0.031563
0.032746
0.03935
0.049817
0.033615
0.046869
0.036487
0.029143
0.032938
0.050032
0.046456
0.048413
0.046156
0.039799
0.040199
0.028184
0.043595
0.036706
0.035211
0.026331
0.032632
0.041034
0.032759
0.030588
0.030552
0.029961
0.026627
0.029981
0.031784
0.029541
0.029973
0.030604
0.028131
0.03245
0.035103
0.032746
0.033849
0.03119
0.028042
0.027772
0.034665
0.029981
0.035732
0.02963
0.029857
0.030739
0.021955
0.030103
0.02284
0.027304
0.022399
0.025074
0.021525
0.024059
0.024427
0.023419
0.026244
0.026964
0.027157
0.026106
0.029049
0.026907
0.026759
0.022081
0.032121
0.028594
0.027566
0.027875
0.024457
0.027666
0.022461
0.028153
0.026491
0.031269
0.031847
0.028815
0.032269
0.031977
0.036055
0.033967
0.0249
0.027676
0.026058
0.026431
0.025397
0.029372
0.028828
0.02918
0.028893
0.027113
0.028895
0.030798
0.032065
0.032895
0.026564
0.02985
0.034155
0.031673
0.035215
0.03152
0.036608
0.034348
0.033732
0.03835
0.029973
0.033377
0.031401
0.030478
0.029419
0.034112
0.035143
0.034485
0.039267
0.034804
0.031461
0.037751
0.036536
0.03143
0.036337
0.040478
0.034939
0.038063
0.040267
0.037908
0.042075
0.041143
0.038646
0.036891
0.040809
0.040822
0.042659
0.03386
0.025719
0.021889
0.030665
0.022919
0.020724
0.026396
0.01894
0.021046
0.031592
0.02597
0.024507
0.021043
0.021271
0.021604
0.022194
0.032684
0.029125
0.024156
0.034062
0.028224
0.033927
0.02989
0.036679
0.027705
0.034988
0.03322
0.020239
0.019968
0.026586
0.022706
0.023588
0.021433
0.02002
0.022177
0.024891
0.029567
0.019488
0.026501
0.029611
0.023727
0.030325
0.034751
0.036307
0.029325
0.033428
0.029942
0.030104
0.032936
0.03002
0.031812
0.032437
0.030924
0.035521
0.034908
0.037733
0.033501
0.035301
0.034104
0.032082
0.032849
0.029105
0.03546
0.034662
0.035246
0.034999
0.037129
0.033965
0.036199
0.031625
0.034534
0.032468
0.033269
0.033895
0.038111
0.039647
0.032568
0.031168
0.031869
0.02824
0.034859
0.033324
0.034375
0.035782
0.034117
0.038242
0.029448
0.031606
0.035549
0.03908
0.027595
0.031999
0.034789
0.032852
0.032448
0.028332
0.026536
0.02992
0.027956
0.029785
0.031135
0.032591
0.029164
0.03012
0.035497
0.034999
0.035711
0.022826
0.041423
0.024818
0.021327
0.022078
0.018542
0.022326
0.020324
0.023649
0.020048
0.019056
0.022719
0.020057
0.020199
0.021231
0.02187
0.018383
0.019716
0.020069
0.019529
0.021369
0.019187
0.023112
0.018887
0.02376
0.019372
0.021816
0.022725
0.024262
0.022554
0.023805
0.024717
0.021453
0.019092
0.023601
0.023423
0.021872
0.024865
0.022402
0.025594
0.034064
0.022777
0.024803
0.029752
0.023089
0.025651
0.024192
0.033049
0.027273
0.034495
0.027631
0.027158
0.027857
0.032207
0.031509
0.028392
0.033282
0.032777
0.03509
0.034698
0.034903
0.034199
0.029222
0.033333
0.034057
0.031032
0.032349
0.03395
0.032736
0.033164
0.029744
0.033639
0.027748
0.03812
0.034867
0.033894
0.036327
0.034752
0.037022
0.033064
0.037095
0.030914
0.02482
0.03257
0.032533
0.032072
0.033049
0.035762
0.030081
0.031001
0.035779
0.032418
0.036913
0.031528
0.029667
0.030561
0.032752
0.030013
0.029051
0.033851
0.032642
0.031423
0.029405
0.030617
0.032543
0.029098
0.028119
0.030451
0.026224
0.031691
0.032948
0.029642
0.026891
0.029103
0.026398
0.024689
0.029181
0.023463
0.018582
0.025571
0.019524
0.02571
0.024505
0.024181
0.025381
0.021921
0.018273
0.022147
0.022253
0.026455
0.023598
0.024719
0.022484
0.026621
0.025409
0.025389
0.023419
0.026485
0.022223
0.022508
0.022871
0.021831
0.027905
0.025169
0.03056
0.025756
0.025889
0.023987
0.026661
0.027695
0.029416
0.025398
0.025315
0.030767
0.02336
0.027015
0.027312
0.029306
0.030166
0.028385
0.026425
0.02685
0.035956
0.032996
0.03354
0.029453
0.027384
0.030042
0.028706
0.034696
0.03319
0.03426
0.036403
0.025533
0.028771
0.033909
0.032396
0.037061
0.038501
0.035168
0.044471
0.037594
0.046107
0.030707
0.035414
0.033046
0.034878
0.034477
0.037672
0.040516
0.043408
0.049658
0.050713
0.046051
0.047717
0.048782
0.043583
0.047176
0.038802
0.045158
0.044422
0.034736
0.032272
0.032166
0.043901
0.037632
0.047679
0.038229
0.044815
0.039592
0.038469
0.047288
0.041385
0.041971
0.042324
0.044373
0.034339
0.036308
0.037515
0.031096
0.023906
0.034627
0.032506
0.028673
0.028891
0.028075
0.02754
0.024148
0.028733
0.033767
0.021682
0.030594
0.026255
0.019919
0.025728
0.019102
0.025223
0.026372
0.026953
0.028003
0.028852
0.025923
0.027982
0.028137
0.020913
0.024605
0.023787
0.022757
0.025622
0.021362
0.022671
0.023372
0.022997
0.02225
0.02446
0.024899
0.021186
0.033199
0.037814
0.034898
0.027581
0.028756
0.024641
0.025676
0.024016
0.026774
0.023597
0.025863
0.026317
0.026039
0.029177
0.027015
0.024166
0.029372
0.02886
0.027994
0.035491
0.030073
0.033737
0.030415
0.029467
0.029316
0.035376
0.034422
0.032525
0.037899
0.034612
0.035689
0.039817
0.038145
0.041486
0.046993
0.040587
0.045733
0.041595
0.037111
0.037244
0.03755
0.03948
0.048575
0.038845
0.043504
0.048738
0.049834
0.048548
0.052632
0.049918
0.051664
0.048463
0.048295
0.045283
0.051001
0.048739
0.048614
0.050199
0.046794
0.043605
0.046781
0.049553
0.045571
0.042957
0.049468
0.048752
0.045596
0.046475
0.040047
0.044372
0.050723
0.048196
0.04504
0.043297
0.044572
0.068189
0.059895
0.067807
0.070094
0.064065
0.059265
0.056186
0.0589
0.063311
0.0641
0.056448
0.064659
0.063422
0.06478
0.044992
0.050593
0.05893
0.057514
0.049937
0.048116
0.045123
0.052378
0.059046
0.063752
0.062993
0.052502
0.053443
0.06265
0.059064
0.0481
0.045119
0.046241
0.045509
0.044653
0.050957
0.04445
0.045381
0.047793
0.05053
0.047572
0.05228
0.044566
0.047718
0.048315
0.043982
0.040757
0.044892
0.041411
0.045763
0.038912
0.044123
0.040616
0.047435
0.044301
0.048506
0.042458
0.045751
0.030197
0.033887
0.035833
0.041402
0.02617
0.02831
0.031806
0.030679
0.026339
0.019311
0.025578
0.024387
0.026869
0.025833
0.020947
0.023983
0.025975
0.027121
0.027169
0.022259
0.022091
0.023177
0.027242
0.021207
0.023348
0.016778
0.022054
0.025935
0.022952
0.024409
0.01983
0.020158
0.022657
0.020283
0.020995
0.025318
0.020933
0.024611
0.021326
0.024497
0.023389
0.024336
0.029618
0.02522
0.024369
0.027108
0.024839
0.022272
0.022989
0.021329
0.023024
0.015958
0.021434
0.021738
0.020607
0.020994
0.021091
0.022122
0.019691
0.020162
0.021019
0.021698
0.026
0.024365
0.019315
0.029674
0.023315
0.02423
0.03056
0.026267
0.026087
0.027494
0.02571
0.021423
0.028589
0.028394
0.021306
0.01935
0.020257
0.018946
0.022164
0.01957
0.019695
0.023926
0.026087
0.022471
0.023253
0.028026
0.024392
0.020199
0.022072
0.025024
0.026162
0.027622
0.02743
0.025387
0.026506
0.02472
0.030683
0.029155
0.027524
0.032891
0.030001
0.027497
0.032601
0.029602
0.029623
0.03167
0.030561
0.037024
0.030408
0.022323
0.033512
0.019006
0.042062
0.03152
0.032027
0.02977
0.043294
0.035096
0.04214
0.040884
0.043052
0.044548
0.051351
0.045492
0.031368
0.024599
0.035818
0.032585
0.036492
0.040173
0.037598
0.039826
0.036445
0.036704
0.032386
0.042904
0.032806
0.036296
0.039377
0.046315
0.043618
0.046154
0.038478
0.036504
0.031107
0.05016
0.043248
0.042296
0.052927
0.060637
0.052621
0.054888
0.052653
0.051843
0.04875
0.050269
0.040824
0.043033
0.046782
0.043924
0.037566
0.038624
0.042134
0.05239
0.039311
0.047478
0.042852
0.04282
0.050277
0.049337
0.037982
0.042147
0.041357
0.034783
0.038865
0.041117
0.040519
0.034543
0.041193
0.03643
0.043116
0.043584
0.043299
0.042596
0.037216
0.046921
0.044212
0.038954
0.030684
0.043952
0.035159
0.02029
0.046527
0.038848
0.035153
0.0388
0.031798
0.045058
0.041335
0.017094
0.034337
0.041561
0.037751
0.032847
0.030633
0.030743
0.035753
0.03237
0.027669
0.029914
0.020517
0.024267
0.01928
0.027124
0.030156
0.017156
0.017393
0.0091152
0.014516
0.012353
0.020926
0.012284
0.011333
0.023854
0.012794
0.015636
0.013496
0.013632
0.011148
0.013594
0.016765
0.017092
0.017397
0.024128
0.013869
0.018885
0.013792
0.010064
0.015284
0.01383
0.01264
0.011554
0.0096645
0.0091142
0.010787
0.011422
0.010513
0.015177
0.010318
0.014397
0.017706
0.012849
0.014332
0.010371
0.012655
0.014504
0.0092362
0.0097684
0.014016
0.009874
0.012882
0.01748
0.012924
0.01794
0.015616
0.011187
0.018651
0.015188
0.017324
0.014528
0.013522
0.016252
0.018717
0.01608
0.013637
0.012028
0.0090305
0.012182
0.010423
0.018916
0.015833
0.012196
0.017579
0.012686
0.016444
0.011671
0.014654
0.016688
0.016472
0.020903
0.01831
0.020004
0.019172
0.018918
0.02042
0.020445
0.014861
0.018396
0.019157
0.016689
0.015972
0.019631
0.017793
0.018791
0.020238
0.019125
0.018861
0.022048
0.017364
0.021241
0.01779
0.022514
0.018949
0.018569
0.019126
0.020751
0.020268
0.020245
0.017685
0.02435
0.018313
0.025201
0.018553
0.020303
0.020648
0.015046
0.021027
0.027192
0.021191
0.025461
0.020242
0.028625
0.027872
0.019842
0.017279
0.02229
0.021236
0.019312
0.022196
0.024775
0.0215
0.020722
0.024914
0.023694
0.024494
0.024156
0.026787
0.027267
0.022585
0.029199
0.028356
0.017667
0.019005
0.018117
0.024125
0.021566
0.019284
0.022236
0.018594
0.024626
0.021417
0.021406
0.023389
0.023414
0.02464
0.025524
0.0215
0.022001
0.017394
0.020731
0.022047
0.036251
0.021819
0.021096
0.019172
0.02802
0.021478
0.023586
0.020326
0.020153
0.024431
0.020732
0.020106
0.024185
0.020594
0.018202
0.023302
0.019146
0.024097
0.023043
0.023413
0.021284
0.022687
0.021074
0.023562
0.023505
0.031557
0.020201
0.024191
0.03201
0.026025
0.026246
0.032348
0.021849
0.026718
0.026008
0.037472
0.022507
0.027833
0.024315
0.023431
0.020534
0.023023
0.022467
0.017626
0.024437
0.029345
0.029896
0.027627
0.025874
0.024544
0.023021
0.024097
0.02618
0.018948
0.027615
0.023371
0.021551
0.020834
0.027709
0.028312
0.021961
0.024342
0.023293
0.027418
0.023105
0.025476
0.02736
0.022293
0.031021
0.026659
0.024811
0.031123
0.023637
0.025085
0.02538
0.030613
0.023939
0.02447
0.024219
0.021917
0.036639
0.026441
0.028069
0.02437
0.030585
0.03026
0.025274
0.026173
0.030081
0.023959
0.033025
0.033264
0.032816
0.032376
0.030125
0.02565
0.033577
0.031269
0.035529
0.026423
0.023027
0.037121
0.017901
0.016342
0.014965
0.017957
0.016101
0.016063
0.014405
0.017093
0.016258
0.01631
0.01696
0.027043
0.020863
0.017836
0.014876
0.021311
0.015385
0.01485
0.015889
0.03239
0.018281
0.023171
0.012793
0.017968
0.016695
0.024132
0.020633
0.027464
0.020195
0.019015
0.016453
0.017131
0.019497
0.018215
0.016217
0.017633
0.013302
0.022186
0.020531
0.019981
0.021575
0.024022
0.02146
0.019652
0.01913
0.022781
0.025455
0.011948
0.014014
0.018508
0.013346
0.018465
0.013551
0.013939
0.013123
0.012327
0.011601
0.01095
0.02765
0.015487
0.017241
0.016839
0.017054
0.019923
0.020496
0.018222
0.024061
0.024539
0.025606
0.020993
0.020885
0.019113
0.025322
0.025032
0.027334
0.021105
0.025071
0.029089
0.019741
0.02144
0.023228
0.018146
0.033385
0.019589
0.025934
0.029045
0.024253
0.020137
0.023919
0.0231
0.027591
0.032644
0.028411
0.028848
0.025719
0.027595
0.027655
0.026195
0.027187
0.024023
0.025626
0.030281
0.029445
0.024899
0.023361
0.028674
0.027246
0.030295
0.024601
0.02403
0.027047
0.020882
0.024677
0.027622
0.024305
0.022435
0.022622
0.028795
0.020027
0.020188
0.030057
0.024842
0.028627
0.019949
0.022502
0.019407
0.036988
0.029423
0.019278
0.026094
0.024859
0.025265
0.028727
0.032
0.025986
0.030344
0.028419
0.022661
0.023927
0.025117
0.027265
0.020544
0.021946
0.017874
0.026731
0.023802
0.026308
0.032021
0.02347
0.02442
0.025784
0.021702
0.019628
0.023437
0.020639
0.020188
0.017148
0.022169
0.025799
0.022745
0.021559
0.020495
0.022395
0.020399
0.02035
0.020094
0.021685
0.019302
0.02159
0.01993
0.020934
0.02201
0.021056
0.024385
0.024292
0.027065
0.024109
0.02257
0.026129
0.020074
0.016867
0.018224
0.027289
0.022551
0.024677
0.029001
0.020774
0.02393
0.021866
0.024639
0.024962
0.021359
0.019656
0.021478
0.025063
0.030176
0.028388
0.022118
0.02537
0.027626
0.035116
0.028659
0.021539
0.02174
0.027282
0.028252
0.017717
0.024835
0.026719
0.025559
0.030262
0.029326
0.022625
0.0214
0.027444
0.021902
0.029369
0.023976
0.029337
0.0271
0.028095
0.027262
0.027481
0.021981
0.028676
0.02783
0.026965
0.028224
0.028663
0.027769
0.024749
0.028537
0.031261
0.031949
0.024078
0.028734
0.020328
0.025626
0.018013
0.026342
0.028332
0.025821
0.025358
0.025901
0.023655
0.028497
0.026487
0.02754
0.027492
0.024714
0.021588
0.027594
0.024876
0.024345
0.026096
0.022024
0.018399
0.025889
0.019484
0.025731
0.024813
0.024766
0.024248
0.022382
0.021847
0.02271
0.020397
0.020842
0.022948
0.030821
0.02577
0.020714
0.023764
0.022148
0.020801
0.018833
0.021881
0.025106
0.023598
0.026894
0.022371
0.022996
0.023457
0.023835
0.028598
0.030623
0.034822
0.02552
0.024079
0.018581
0.029448
0.024782
0.02084
0.030001
0.023771
0.019639
0.020889
0.02625
0.027055
0.029331
0.037391
0.037264
0.032207
0.03493
0.024898
0.033423
0.033762
0.022907
0.029132
0.022516
0.034329
0.025978
0.031706
0.034334
0.023358
0.029375
0.026253
0.030605
0.031668
0.032127
0.022739
0.035328
0.034335
0.035609
0.039258
0.026043
0.038622
0.029336
0.038924
0.025645
0.03421
0.033872
0.040891
0.042616
0.030369
0.02844
0.026048
0.029603
0.023069
0.028249
0.026037
0.0238
0.02949
0.021299
0.028422
0.032791
0.033437
0.035142
0.033391
0.025327
0.029077
0.024052
0.027326
0.027484
0.054519
0.053411
0.052911
0.055643
0.059696
0.058342
0.056454
0.051667
0.053412
0.056452
0.053429
0.055393
0.051292
0.055397
0.052849
0.05687
0.048813
0.053353
0.052159
0.047383
0.048782
0.057879
0.061147
0.060302
0.056102
0.064962
0.063109
0.060547
0.059519
0.060365
0.060336
0.059416
0.067787
0.060886
0.059467
0.061984
0.066296
0.060565
0.056989
0.059749
0.064589
0.064776
0.059021
0.065662
0.05989
0.061233
0.061155
0.049628
0.056405
0.060164
0.058058
0.054981
0.062776
0.061574
0.055636
0.061651
0.061764
0.039695
0.052548
0.045613
0.049553
0.035253
0.039966
0.046521
0.034328
0.033548
0.040672
0.03629
0.032867
0.028132
0.027771
0.029855
0.02824
0.031
0.046321
0.046084
0.048269
0.042882
0.044198
0.041763
0.046255
0.040054
0.039026
0.043813
0.032919
0.039645
0.047206
0.034981
0.03786
0.035249
0.056211
0.053798
0.048941
0.058616
0.051425
0.045719
0.055124
0.049378
0.047399
0.04692
0.039672
0.044664
0.052018
0.052177
0.050323
0.04484
0.050164
0.032581
0.038871
0.028748
0.035433
0.036991
0.040018
0.046164
0.057925
0.057294
0.046258
0.035533
0.022609
0.031873
0.02383
0.024412
0.027746
0.023741
0.01987
0.031295
0.026804
0.020141
0.031338
0.016141
0.021952
0.030406
0.03104
0.034831
0.026487
0.026133
0.027425
0.029346
0.030072
0.025208
0.019496
0.024154
0.025437
0.025721
0.025606
0.026569
0.022697
0.023266
0.035383
0.025279
0.022041
0.027613
0.035066
0.023038
0.022378
0.031714
0.032679
0.033583
0.02911
0.028703
0.029935
0.026341
0.034616
0.030676
0.035041
0.031933
0.033399
0.029237
0.028308
0.029869
0.030623
0.033862
0.026137
0.024252
0.024959
0.022836
0.018543
0.027436
0.032885
0.026964
0.018418
0.028804
0.033484
0.034613
0.041833
0.030859
0.024975
0.030302
0.031287
0.025242
0.032067
0.030929
0.020198
0.035919
0.036505
0.035065
0.037943
0.034336
0.035549
0.037059
0.036324
0.031693
0.022864
0.022571
0.026186
0.026926
0.028204
0.026367
0.028266
0.025342
0.026165
0.034774
0.030325
0.026067
0.028404
0.027032
0.025846
0.027784
0.020102
0.026016
0.023964
0.02103
0.019426
0.025288
0.025052
0.023325
0.024429
0.025363
0.018204
0.022154
0.019909
0.018646
0.018082
0.01924
0.021358
0.020718
0.021136
0.021531
0.018865
0.022576
0.022837
0.01973
0.018206
0.016159
0.023611
0.016148
0.017439
0.017817
0.019947
0.019459
0.026203
0.016102
0.019797
0.015363
0.016703
0.015624
0.020629
0.019768
0.01278
0.020985
0.014187
0.020298
0.020914
0.044411
0.04152
0.032597
0.020653
0.021644
0.021488
0.025048
0.014567
0.014275
0.016458
0.018455
0.021048
0.023936
0.021029
0.01655
0.019104
0.0213
0.024194
0.021332
0.024215
0.021514
0.022836
0.026997
0.029958
0.025934
0.030018
0.026103
0.031502
0.035107
0.028264
0.033744
0.034712
0.03106
0.03742
0.03762
0.028481
0.025957
0.026552
0.027542
0.029981
0.031488
0.029018
0.031145
0.034102
0.033787
0.031462
0.032318
0.033031
0.034635
0.040562
0.03701
0.040053
0.037159
0.036867
0.040009
0.043899
0.040685
0.038323
0.038001
0.045844
0.042323
0.042695
0.04044
0.042484
0.045387
0.032869
0.032593
0.033189
0.038925
0.035882
0.037285
0.031888
0.038203
0.036485
0.036113
0.038196
0.035399
0.039784
0.034385
0.038174
0.038056
0.034266
0.037525
0.035233
0.036584
0.043059
0.040234
0.044742
0.04018
0.045292
0.045165
0.040712
0.042095
0.047938
0.04628
0.041193
0.04095
0.039365
0.037763
0.040828
0.036421
0.060642
0.053885
0.055826
0.053765
0.055828
0.055821
0.04851
0.051243
0.051434
0.053361
0.048902
0.048183
0.047966
0.058561
0.055932
0.058637
0.060783
0.059679
0.060903
0.06061
0.06496
0.057635
0.059003
0.060188
0.059316
0.055824
0.055072
0.06423
0.062188
0.062887
0.056679
0.054659
0.05957
0.057575
0.056672
0.055082
0.060386
0.061837
0.056409
0.051497
0.047709
0.046251
0.047786
0.051624
0.050163
0.048235
0.043553
0.050261
0.046534
0.048849
0.05113
0.047628
0.04408
0.04403
0.049129
0.045933
0.049042
0.046225
0.045598
0.046608
0.043216
0.042482
0.045527
0.033997
0.043311
0.042068
0.037902
0.045776
0.048858
0.049847
0.046516
0.037511
0.042888
0.047097
0.042157
0.042056
0.038647
0.030189
0.039447
0.04021
0.034384
0.043763
0.034168
0.041983
0.044872
0.029509
0.035698
0.046084
0.038906
0.033984
0.035422
0.063655
0.054023
0.056768
0.059127
0.047518
0.042062
0.049777
0.043368
0.047713
0.044722
0.046236
0.038836
0.035103
0.040523
0.05235
0.059292
0.047348
0.048725
0.05062
0.055581
0.04716
0.045233
0.038694
0.040014
0.046756
0.043839
0.043146
0.047879
0.037725
0.038152
0.036717
0.040137
0.038464
0.046168
0.039046
0.046862
0.028646
0.033063
0.031822
0.029016
0.030124
0.032374
0.028422
0.036781
0.033071
0.026028
0.035863
0.034469
0.039967
0.036933
0.025775
0.036814
0.026387
0.031003
0.038612
0.035471
0.034923
0.035881
0.039202
0.036268
0.031537
0.032636
0.032273
0.034164
0.039828
0.037469
0.038685
0.042094
0.037026
0.038144
0.039735
0.042954
0.041393
0.036204
0.035808
0.040747
0.042073
0.033679
0.034148
0.039986
0.039564
0.041681
0.040631
0.03799
0.036002
0.031451
0.037045
0.03233
0.037061
0.034028
0.038435
0.042309
0.039011
0.032594
0.043096
0.039703
0.034033
0.034883
0.036739
0.034464
0.034669
0.0337
0.03794
0.03726
0.032995
0.041015
0.035184
0.034695
0.041873
0.032052
0.034221
0.038132
0.037215
0.037331
0.035425
0.030838
0.033572
0.033789
0.027898
0.032785
0.03457
0.033318
0.031421
0.035247
0.032198
0.033845
0.029109
0.032656
0.033145
0.027205
0.034056
0.027106
0.031564
0.032183
0.028742
0.026866
0.033486
0.02815
0.02654
0.027434
0.02157
0.024538
0.029911
0.032397
0.026719
0.027058
0.029889
0.032898
0.023784
0.02703
0.024414
0.025791
0.024323
0.025199
0.028138
0.024192
0.020435
0.025164
0.029613
0.025525
0.026693
0.023978
0.018761
0.020655
0.016818
0.025809
0.021967
0.015096
0.01802
0.025893
0.018593
0.019117
0.014303
0.018732
0.019356
0.018138
0.012965
0.010483
0.010326
0.010451
0.01357
0.016313
0.016524
0.017153
0.014007
0.018786
0.015321
0.011185
0.01485
0.014346
0.013071
0.011988
0.015061
0.01924
0.021274
0.014361
0.014718
0.016386
0.015865
0.022309
0.020637
0.017922
0.020271
0.023251
0.027587
0.02504
0.02643
0.025314
0.025473
0.024002
0.022389
0.023089
0.029177
0.032005
0.030474
0.031193
0.036487
0.03414
0.028419
0.030448
0.030527
0.02579
0.029128
0.028827
0.021551
0.024021
0.019474
0.02816
0.026843
0.027213
0.023776
0.02574
0.027387
0.029831
0.03483
0.020108
0.020489
0.020334
0.025611
0.042393
0.036398
0.034676
0.030956
0.032653
0.03758
0.029764
0.019633
0.018784
0.028623
0.02236
0.028872
0.023789
0.022106
0.022931
0.024819
0.02005
0.019078
0.021883
0.022737
