0.021309
0.02287
0.020146
0.020764
0.025884
0.023482
0.023275
0.023472
0.025302
0.024216
0.025637
0.044084
0.023464
0.021311
0.026776
0.019639
0.016811
0.023073
0.024982
0.024217
0.024731
0.024522
0.025296
0.026371
0.029102
0.027115
0.026919
0.024682
0.027278
0.026091
0.028295
0.024936
0.020122
0.02036
0.019218
0.02036
0.021051
0.017845
0.018262
0.021109
0.017928
0.020657
0.021064
0.016425
0.018081
0.018075
0.014093
0.017674
0.019322
0.017881
0.020622
0.023119
0.018479
0.019709
0.017342
0.016452
0.022312
0.01806
0.020423
0.0204
0.021368
0.021835
0.024493
0.023042
0.018531
0.021966
0.021687
0.019756
0.020241
0.02258
0.024456
0.022802
0.028017
0.020575
0.019492
0.024379
0.021232
0.024426
0.024235
0.035513
0.018871
0.024926
0.019105
0.022753
0.022924
0.02674
0.020988
0.02375
0.02629
0.025287
0.02568
0.024976
0.02616
0.028966
0.025031
0.02695
0.025854
0.026929
0.03028
0.027306
0.019623
0.027634
0.025961
0.028268
0.030531
0.02573
0.026046
0.025872
0.025583
0.028477
0.026456
0.029947
0.031432
0.024345
0.023037
0.025062
0.029244
0.024369
0.022672
0.023982
0.03736
0.027152
0.024505
0.025008
0.024496
0.02282
0.023898
0.022878
0.019449
0.021256
0.023488
0.023189
0.021823
0.022506
0.020178
0.019738
0.018995
0.019398
0.02371
0.018972
0.019649
0.018584
0.021113
0.021782
0.020501
0.018315
0.019728
0.020515
0.023206
0.022053
0.018773
0.018469
0.018747
0.021718
0.021943
0.022739
0.02142
0.022323
0.022023
0.018278
0.020177
0.022741
0.022256
0.021292
0.017858
0.023472
0.024654
0.019433
0.018768
0.014942
0.016001
0.02007
0.016926
0.019077
0.019733
0.016352
0.017107
0.018494
0.018177
0.018214
0.021797
0.019269
0.022681
0.018021
0.017446
0.02186
0.02498
0.022745
0.027607
0.022977
0.026907
0.028009
0.024815
0.027549
0.024108
0.024803
0.024749
0.023958
0.028138
0.026597
0.020727
0.023765
0.027474
0.021276
0.023511
0.026628
0.023834
0.020824
0.02132
0.020101
0.019387
0.01776
0.022954
0.022801
0.024265
0.021197
0.01883
0.020721
0.018182
0.02253
0.02519
0.027592
0.029314
0.029847
0.026958
0.023233
0.018623
0.027004
0.02342
0.022245
0.023843
0.025097
0.024346
0.019974
0.022336
0.018945
0.022896
0.019142
0.018628
0.020253
0.019553
0.016493
0.023197
0.016529
0.018443
0.021931
0.021103
0.021626
0.018225
0.019471
0.016235
0.021236
0.016527
0.018261
0.016763
0.017701
0.018813
0.018897
0.021231
0.027464
0.024669
0.025058
0.01937
0.019788
0.019748
0.024128
0.023832
0.022178
0.021969
0.021957
0.022585
0.018388
0.02098
0.022788
0.022598
0.02018
0.022992
0.025298
0.022854
0.024703
0.025048
0.026755
0.018444
0.023362
0.023346
0.022172
0.022041
0.025363
0.023867
0.024968
0.022988
0.023947
0.021501
0.022942
0.021389
0.021393
0.021137
0.024317
0.021125
0.021568
0.017126
0.019575
0.024557
0.023998
0.02025
0.019122
0.022319
0.02339
0.024474
0.02016
0.018828
0.022455
0.01809
0.016404
0.016534
0.023924
0.021308
0.026175
0.023661
0.02752
0.025934
0.027279
0.021943
0.016056
0.018567
0.022741
0.020925
0.016999
0.026932
0.025639
0.026475
0.023112
0.017746
0.019493
0.015858
0.015745
0.018103
0.024719
0.015779
0.049388
0.027969
0.023908
0.043125
0.025373
0.018232
0.046855
0.04739
0.020968
0.018422
0.017188
0.02251
0.021497
0.020754
0.01807
0.020366
0.025211
0.026084
0.023513
0.022701
0.015895
0.023346
0.018021
0.025598
0.022673
0.017569
0.024299
0.02224
0.020552
0.019218
0.021168
0.021504
0.022528
0.019836
0.021718
0.022169
0.019509
0.019405
0.022673
0.023319
0.019692
0.025524
0.022601
0.025782
0.022655
0.02322
0.021315
0.020475
0.019712
0.022231
0.021746
0.02235
0.021127
0.019331
0.02165
0.022565
0.021488
0.02146
0.020493
0.019023
0.023197
0.022937
0.021475
0.022174
0.020193
0.01955
0.019497
0.02024
0.020115
0.018805
0.018089
0.018454
0.021312
0.018843
0.018988
0.020779
0.019465
0.028361
0.022624
0.023212
0.022871
0.025986
0.0228
0.021966
0.022528
0.021274
0.021161
0.019779
0.021074
0.021161
0.020896
0.026461
0.019666
0.025096
0.020489
0.020854
0.020447
0.02206
0.020584
0.018287
0.019878
0.019731
0.022816
0.021769
0.021577
0.022698
0.023169
0.020787
0.023884
0.023922
0.023111
0.019637
0.026526
0.020616
0.021244
0.019245
0.019101
0.02016
0.019763
0.019459
0.049227
0.045149
0.04558
0.045996
0.045133
0.047718
0.041327
0.047645
0.041454
0.045353
0.039894
0.044182
0.041468
0.040322
0.043017
0.04464
0.041
0.041465
0.044484
0.039721
0.046675
0.039918
0.044921
0.038792
0.033879
0.041275
0.038477
0.042046
0.036939
0.044196
0.033818
0.034849
0.045226
0.045026
0.038032
0.035431
0.039061
0.035597
0.031299
0.036049
0.030415
0.030622
0.029942
0.045072
0.039719
0.030592
0.031419
0.026033
0.03459
0.040497
0.035763
0.03337
0.025988
0.035989
0.024733
0.028691
0.028629
0.025563
0.028185
0.026261
0.024121
0.022758
0.022799
0.02506
0.025367
0.022037
0.022743
0.024614
0.018808
0.017782
0.019265
0.016155
0.019465
0.018428
0.01696
0.023853
0.022184
0.024775
0.025573
0.023144
0.024204
0.022154
0.019809
0.02164
0.023195
0.024774
0.020727
0.02505
0.018837
0.018479
0.021948
0.02229
0.021689
0.01625
0.020962
0.020288
0.013943
0.023769
0.02561
0.0251
0.02443
0.029352
0.026582
0.027362
0.028186
0.025844
0.019936
0.021203
0.018558
0.014901
0.030283
0.028512
0.026795
0.035021
0.029432
0.031339
0.028947
0.018166
0.021899
0.019248
0.023752
0.02111
0.019435
0.018942
0.021565
0.021311
0.022033
0.020211
0.026312
0.021693
0.021573
0.024444
0.022895
0.02347
0.025199
0.023326
0.021537
0.022896
0.020523
0.022936
0.019435
0.025122
0.021735
0.020817
0.020015
0.022585
0.025595
0.014671
0.019692
0.020877
0.018537
0.016411
0.019686
0.019154
0.021599
0.021616
0.021499
0.017898
0.022189
0.024865
0.021681
0.022638
0.019904
0.019081
0.020025
0.017315
0.018127
0.023839
0.020799
0.021781
0.020269
0.0219
0.023243
0.02309
0.021559
0.023785
0.022238
0.021354
0.02141
0.020179
0.019842
0.023178
0.023424
0.022335
0.022354
0.021418
0.018928
0.022056
0.02051
0.019239
0.017651
0.050174
0.048474
0.053961
0.052889
0.058403
0.059576
0.05934
0.062299
0.053268
0.059965
0.054028
0.047024
0.05739
0.058731
0.053973
0.056783
0.052302
0.056688
0.045495
0.050672
0.049229
0.051518
0.047861
0.045551
0.044958
0.047892
0.040635
0.034493
0.046103
0.044416
0.047886
0.045809
0.039519
0.047333
0.038039
0.034607
0.040841
0.032294
0.04191
0.036943
0.02432
0.035676
0.033161
0.023671
0.031957
0.027476
0.019406
0.017871
0.028786
0.022956
0.022805
0.025828
0.02158
0.025311
0.033096
0.025974
0.016767
0.017088
0.027796
0.021269
0.026359
0.018626
0.025072
0.017999
0.022366
0.020345
0.022285
0.022069
0.021226
0.015444
0.022764
0.016845
0.021973
0.018432
0.016654
0.020864
0.018358
0.019994
0.017353
0.01935
0.018468
0.017814
0.023966
0.017871
0.018532
0.01866
0.020939
0.017605
0.018903
0.021826
0.018726
0.021667
0.015888
0.01962
0.016698
0.018122
0.016011
0.017571
0.017209
0.018589
0.02231
0.017728
0.021161
0.017653
0.017924
0.020563
0.020913
0.016492
0.019452
0.020373
0.018841
0.017555
0.021467
0.019782
0.02192
0.021464
0.020214
0.017928
0.024442
0.019577
0.019278
0.0183
0.020127
0.018477
0.01829
0.020258
0.01857
0.019601
0.021408
0.019212
0.018058
0.019725
0.022134
0.021942
0.021457
0.021546
0.025318
0.021327
0.019257
0.016879
0.017467
0.021114
0.019135
0.022357
0.02058
0.025213
0.02563
0.023155
0.024275
0.028232
0.028852
0.031227
0.034284
0.018831
0.018704
0.016795
0.020084
0.020796
0.021005
0.023695
0.026991
0.026974
0.020974
0.024136
0.021368
0.017749
0.021104
0.018021
0.02169
0.019139
0.026184
0.018966
0.026103
0.023092
0.028256
0.026131
0.022566
0.020914
0.02227
0.022961
0.024594
0.021646
0.026515
0.02444
0.019627
0.023044
0.021665
0.022684
0.024711
0.019026
0.021446
0.020246
0.021056
0.018689
0.022114
0.020999
0.022733
0.021302
0.01646
0.017197
0.020988
0.018994
0.021551
0.023335
0.020606
0.01975
0.016384
0.022244
0.019419
0.018377
0.018621
0.020157
0.019041
0.019379
0.021058
0.022822
0.019664
0.018517
0.020495
0.020658
0.021151
0.022276
0.019152
0.021025
0.020284
0.021387
0.019183
0.049821
0.047231
0.043009
0.032741
0.033867
0.043117
0.044255
0.025014
0.024782
0.045477
0.043436
0.040537
0.025877
0.032267
0.033785
0.03246
0.03356
0.031012
0.032479
0.03431
0.034404
0.030253
0.024307
0.028152
0.024692
0.032451
0.036255
0.032699
0.03162
0.02422
0.018207
0.021734
0.019501
0.025478
0.017934
0.02281
0.015899
0.01532
0.022814
0.022382
0.016536
0.024328
0.023728
0.018942
0.017096
0.018035
0.01751
0.016586
0.01691
0.017157
0.015492
0.021073
0.02026
0.01766
0.019119
0.01586
0.01922
0.016849
0.026823
0.024569
0.025803
0.020036
0.019488
0.016927
0.021451
0.021416
0.018284
0.021287
0.019021
0.021366
0.02297
0.021975
0.02084
0.019574
0.022779
0.025921
0.027086
0.020196
0.023698
0.024639
0.026196
0.027205
0.023624
0.024102
0.021677
0.020774
0.021715
0.023738
0.022465
0.017781
0.018498
0.025637
0.023357
0.02229
0.025965
0.021503
0.024541
0.027602
0.019771
0.024824
0.028309
0.02231
0.025413
0.02491
0.025178
0.0281
0.026394
0.027528
0.02473
0.025486
0.01651
0.020099
0.024246
0.025837
0.026054
0.022463
0.022797
0.022835
0.026927
0.025538
0.020193
0.02442
0.026662
0.02337
0.025856
0.023469
0.02223
0.025734
0.029627
0.023303
0.022935
0.020097
0.02317
0.021969
0.024992
0.020234
0.025924
0.022217
0.023787
0.025967
0.022542
0.023269
0.027041
0.024328
0.022122
0.021128
0.018438
0.016153
0.020895
0.016962
0.016793
0.019378
0.021643
0.020873
0.021683
0.019248
0.024324
0.021387
0.01934
0.021901
0.018277
0.021537
0.018724
0.019673
0.019217
0.023215
0.016297
0.020772
0.021725
0.020552
0.018286
0.020674
0.018905
0.018949
0.019736
0.017869
0.023793
0.018041
0.021386
0.018679
0.022557
0.020443
0.015293
0.016545
0.017764
0.016529
0.01733
0.020887
0.016813
0.018377
0.01476
0.016581
0.013847
0.018232
0.016618
0.015848
0.01506
0.019826
0.017739
0.017152
0.017818
0.018711
0.018781
0.02304
0.02342
0.018706
0.018122
0.015905
0.018573
0.019846
0.022846
0.022195
0.024901
0.02002
0.019703
0.020825
0.024514
0.019371
0.016339
0.017456
0.023199
0.023499
0.021573
0.021525
0.026768
0.023672
0.030114
0.027461
0.027192
0.025719
0.023107
0.025389
0.026279
0.034723
0.023104
0.02325
0.019691
0.026258
0.023661
0.02323
0.023348
0.02252
0.027667
0.025358
0.021318
0.02279
0.021445
0.028262
0.023994
0.02277
0.026129
0.023745
0.024025
0.024616
0.025974
0.022402
0.027549
0.025184
0.024167
0.022045
0.028285
0.024354
0.022517
0.024759
0.023401
0.027453
0.020866
0.019444
0.020993
0.021982
0.023412
0.023759
0.023167
0.022278
0.029149
0.022772
0.026533
0.022807
0.025059
0.023223
0.01915
0.022748
0.023886
0.021661
0.022621
0.022297
0.022965
0.021927
0.022446
0.021436
0.023013
0.020242
0.020327
0.021657
0.019117
0.019419
0.018753
0.020135
0.016687
0.021183
0.017549
0.019172
0.017193
0.021242
0.014996
0.026326
0.015191
0.024222
0.023658
0.020065
0.01994
0.019931
0.019673
0.01343
0.022269
0.022545
0.014981
0.021318
0.027263
0.022109
0.02321
0.021519
0.028184
0.020343
0.023798
0.022856
0.026318
0.022273
0.028035
0.019642
0.022941
0.024784
0.028741
0.028428
0.032668
0.020307
0.019987
0.028536
0.019142
0.018233
0.02127
0.016798
0.017186
0.028392
0.021444
0.022275
0.01886
0.02623
0.024115
0.021257
0.029278
0.023125
0.02206
0.018491
0.017394
0.01795
0.014727
0.020495
0.020794
0.021613
0.023397
0.02272
0.021922
0.024292
0.026443
0.024585
0.026087
0.028821
0.026425
0.020715
0.026776
0.018566
0.020498
0.023022
0.022576
0.020749
0.022498
0.021708
0.020284
0.023433
0.027692
0.024603
0.024519
0.027515
0.023381
0.022229
0.024043
0.024685
0.02771
0.023581
0.021365
0.021832
0.028754
0.025082
0.024594
0.025333
0.020977
0.020134
0.046579
0.024434
0.028448
0.029334
0.024349
0.025475
0.024769
0.024708
0.023757
0.020263
0.018681
0.019297
0.018461
0.02067
0.022168
0.018265
0.017854
0.021805
0.015931
0.020081
0.021678
0.021806
0.020973
0.021871
0.023343
0.017476
0.025843
0.019604
0.019988
0.018626
0.020099
0.016647
0.020872
0.018956
0.017815
0.020236
0.018917
0.023078
0.022994
0.023901
0.020348
0.023991
0.026905
0.024962
0.020527
0.020212
0.023803
0.023745
0.020482
0.026302
0.022504
0.021905
0.023206
0.024561
0.026571
0.022235
0.021447
0.025314
0.025339
0.021769
0.025828
0.030385
0.022809
0.021216
0.026281
0.02448
0.022201
0.023116
0.023643
0.02931
0.023687
0.025176
0.022277
0.024716
0.022085
0.021331
0.024457
0.023185
0.023673
0.025548
0.029013
0.025217
0.024955
0.026953
0.026789
0.022188
0.024884
0.024624
0.023915
0.021908
0.023033
0.02479
0.024207
0.02537
0.025165
0.023929
0.025111
0.024052
0.024295
0.023509
0.025711
0.025822
0.026552
0.022496
0.025746
0.020972
0.021931
0.026513
0.02195
0.020142
0.021533
0.024613
0.023593
0.043963
0.045557
0.041913
0.045016
0.045576
0.039627
0.042127
0.037267
0.03372
0.028058
0.043412
0.045133
0.0426
0.035479
0.025184
0.019568
0.026577
0.024916
0.021288
0.023443
0.018228
0.020684
0.022354
0.018355
0.017177
0.020733
0.01808
0.019949
0.01714
0.021317
0.017689
0.020989
0.020169
0.02621
0.0198
0.02369
0.023581
0.025043
0.023343
0.025624
0.021358
0.023706
0.020902
0.024062
0.020128
0.01886
0.017219
0.019027
0.015835
0.021201
0.020676
0.021278
0.040353
0.021821
0.019579
0.022796
0.019454
0.02483
0.022441
0.024594
0.022025
0.021166
0.02305
0.021301
0.017608
0.019455
0.016316
0.019217
0.019686
0.018798
0.01749
0.020881
0.022293
0.022646
0.021389
0.019608
0.029357
0.02424
0.023197
0.026037
0.027673
0.02355
0.02011
0.021705
0.02313
0.023839
0.021437
0.026013
0.02915
0.025255
0.034271
0.022237
0.026015
0.023267
0.01965
0.020844
0.024837
0.026105
0.024575
0.022566
0.019631
0.024719
0.023913
0.019413
0.020913
0.020984
0.020133
0.017204
0.021498
0.021312
0.020858
0.030592
0.022025
0.0168
0.018236
0.027219
0.028285
0.021036
0.020092
0.020456
0.024359
0.018996
0.017372
0.019332
0.016384
0.020254
0.024488
0.02037
0.020389
0.022309
0.02358
0.02087
0.021466
0.020053
0.019515
0.019532
0.021726
0.019358
0.019356
0.020989
0.023061
0.020399
0.019836
0.026423
0.024519
0.024173
0.026572
0.024589
0.027237
0.024855
0.02328
0.021952
0.02256
0.025676
0.021114
0.024314
0.02414
0.026823
0.022641
0.02708
0.02225
0.020748
0.025171
0.026692
0.025887
0.025929
0.026508
0.024362
0.023049
0.023211
0.022946
0.021719
0.022723
0.02649
0.025689
0.026796
0.024216
0.024959
0.023735
0.022795
0.024382
0.02429
0.02453
0.024402
0.025454
0.023541
0.026975
0.022208
0.024417
0.021464
0.021379
0.021193
0.024779
0.025253
0.022067
0.023732
0.024455
0.037549
0.031046
0.034945
0.029099
0.032092
0.038831
0.027626
0.032277
0.045986
0.039715
0.036536
0.033856
0.039374
0.030629
0.028262
0.034228
0.03214
0.030908
0.0288
0.035994
0.039534
0.037164
0.045861
0.04319
0.043225
0.050822
0.051143
0.038138
0.043925
0.041827
0.049356
0.046731
0.039819
0.043068
0.053825
0.043882
0.045513
0.050364
0.045386
0.050686
0.051168
0.04039
0.043791
0.048651
0.044952
0.052691
0.047197
0.04895
0.0518
0.042929
0.035663
0.032985
0.028127
0.035195
0.035432
0.034132
0.0306
0.036389
0.032195
0.030139
0.035512
0.040198
0.032332
0.029613
0.03681
0.037437
0.04156
0.038517
0.030217
0.029184
0.029703
0.039136
0.041081
0.036094
0.027711
0.030999
0.036548
0.035951
0.035774
0.044337
0.049294
0.049858
0.044285
0.03222
0.045169
0.03313
0.040931
0.032603
0.0287
0.029587
0.028317
0.034913
0.027967
0.031124
0.038972
0.038101
0.044411
0.042838
0.041955
0.028328
0.030272
0.036927
0.029233
0.030786
0.029245
0.040984
0.040191
0.034474
0.028096
0.036874
0.03682
0.030368
0.032201
0.034705
0.031797
0.035205
0.034473
0.029174
0.037276
0.030279
0.033068
0.034286
0.035091
0.034131
0.033902
0.033494
0.041966
0.031156
0.032898
0.03621
0.034763
0.026001
0.031351
0.02323
0.025984
0.022866
0.023622
0.033928
0.029855
0.026361
0.028876
0.028348
0.023055
0.025719
0.027836
0.022805
0.022921
0.021095
0.023441
0.02233
0.034965
0.029474
0.027656
0.033804
0.031947
0.025075
0.025074
0.032121
0.028953
0.025916
0.029361
0.028548
0.029127
0.023561
0.02888
0.024685
0.025566
0.023916
0.025779
0.02299
0.01875
0.01875
0.023201
0.020227
0.020365
0.018961
0.017967
0.021071
0.018694
0.019614
0.019227
0.017471
0.020069
0.026283
0.023129
0.024451
0.025549
0.029887
0.028508
0.02703
0.015719
0.014972
0.016608
0.022653
0.021243
0.018161
0.02087
0.01982
0.016946
0.022064
0.019165
0.021203
0.018598
0.023486
0.02856
0.03025
0.030851
0.028879
0.031326
0.030681
0.020648
0.024377
0.023866
0.02544
0.022069
0.022148
0.018855
0.020909
0.023678
0.023239
0.021314
0.020684
0.0212
0.030183
0.022007
0.021143
0.018158
0.021812
0.020835
0.01817
0.021993
0.021002
0.019865
0.019709
0.02119
0.01851
0.026421
0.019708
0.022923
0.015759
0.017762
0.023754
0.023591
0.020302
0.025726
0.017588
0.019524
0.018138
0.020415
0.021709
0.021166
0.018562
0.016676
0.01879
0.018183
0.019295
0.019354
0.016775
0.021305
0.019796
0.015763
0.018534
0.018
0.021898
0.021148
0.023123
0.024602
0.022457
0.021334
0.016521
0.020901
0.018314
0.020254
0.021536
0.019917
0.022328
0.015529
0.01822
0.022089
0.018703
0.02077
0.022018
0.023391
0.020892
0.025503
0.022444
0.022751
0.019193
0.021787
0.020585
0.019996
0.022388
0.024135
0.019704
0.018763
0.021406
0.020829
0.019397
0.022978
0.020729
0.022221
0.020938
0.020049
0.020455
0.019818
0.023831
0.023711
0.023461
0.022085
0.021848
0.021028
0.02712
0.024965
0.023395
0.020528
0.023034
0.019286
0.022217
0.029599
0.034117
0.030171
0.028051
0.035686
0.02796
0.039207
0.031272
0.030915
0.032739
0.032148
0.03108
0.035343
0.033513
0.030129
0.022595
0.03395
0.028108
0.030147
0.032876
0.033799
0.032459
0.035481
0.037028
0.033134
0.032899
0.038308
0.037084
0.035457
0.044477
0.041694
0.03841
0.035078
0.035557
0.039252
0.036545
0.034027
0.035556
0.034962
0.036033
0.037925
0.038502
0.034112
0.031021
0.044521
0.041759
0.051227
0.040641
0.04554
0.032777
0.029553
0.027584
0.032272
0.03413
0.035356
0.030965
0.032135
0.029201
0.031489
0.030508
0.027201
0.039634
0.027189
0.027851
0.022942
0.018425
0.036748
0.035998
0.031946
0.032635
0.02734
0.029169
0.027164
0.017867
0.023173
0.032489
0.02662
0.027051
0.020846
0.038352
0.035222
0.031965
0.025823
0.033293
0.026988
0.034004
0.028086
0.029481
0.021449
0.021873
0.021822
0.019092
0.022237
0.022054
0.016384
0.019766
0.020219
0.024375
0.030612
0.028485
0.025562
0.027442
0.022944
0.026688
0.023619
0.023364
0.022312
0.024153
0.023078
0.0258
0.020988
0.023818
0.023826
0.019299
0.021284
0.020889
0.016887
0.020756
0.01874
0.017521
0.024337
0.026906
0.021441
0.027154
0.025311
0.026868
0.02423
0.025049
0.0274
0.021382
0.018938
0.017711
0.018096
0.020314
0.020193
0.03106
0.023793
0.028939
0.025065
0.027529
0.0239
0.0203
0.020989
0.023043
0.02375
0.019987
0.018859
0.027025
0.017357
0.024409
0.017571
0.023948
0.023841
0.020145
0.017339
0.01848
0.02385
0.019947
0.017757
0.016572
0.022593
0.021198
0.019796
0.020341
0.020005
0.015613
0.017699
0.020614
0.019575
0.022749
0.020398
0.017395
0.017067
0.013266
0.015689
0.019129
0.019878
0.017597
0.020258
0.020406
0.022449
0.023436
0.017179
0.022054
0.018257
0.023157
0.020263
0.021594
0.021441
0.022944
0.021579
0.02019
0.016916
0.021014
0.024316
0.020938
0.021428
0.019765
0.022445
0.022194
0.020426
0.021832
0.020075
0.019508
0.020707
0.018909
0.024576
0.02159
0.020946
0.020206
0.020787
0.022473
0.02154
0.02257
0.019489
0.018544
0.023524
0.024319
0.022259
0.020183
0.01841
0.019446
0.020425
0.019076
0.018008
0.020387
0.018482
0.020222
0.019686
0.020412
0.022228
0.021364
0.018208
0.020676
0.020893
0.020842
0.020209
0.041755
0.040457
0.033596
0.032782
0.032339
0.021036
0.012785
0.026002
0.029533
0.020085
0.021082
0.020303
0.017675
0.024155
0.019268
0.023902
0.016489
0.018663
0.016036
0.019199
0.018891
0.026015
0.02606
0.020635
0.02065
0.020039
0.018925
0.016712
0.017532
0.017385
0.016816
0.017161
0.017195
0.011832
0.018455
0.019209
0.020267
0.022006
0.022345
0.019841
0.027157
0.017602
0.022294
0.023778
0.016622
0.016259
0.017455
0.018966
0.015185
0.024052
0.020536
0.017427
0.01447
0.017322
0.017684
0.018174
0.01916
0.018368
0.017943
0.020997
0.016024
0.01908
0.014731
0.025286
0.02155
0.019384
0.019919
0.019875
0.022252
0.023242
0.018618
0.019191
0.019427
0.021528
0.024935
0.019148
0.017214
0.01911
0.023015
0.021672
0.02482
0.020537
0.024348
0.019162
0.021377
0.025045
0.025
0.021153
0.026547
0.024782
0.023411
0.024546
0.023828
0.024086
0.027919
0.023242
0.022184
0.025661
0.025876
0.025365
0.020797
0.022857
0.026871
0.023312
0.020847
0.022018
0.019785
0.020578
0.023563
0.023691
0.022613
0.023978
0.020464
0.019012
0.022
0.024654
0.023508
0.024929
0.020865
0.020711
0.018661
0.020029
0.019348
0.0238
0.01738
0.021364
0.015582
0.022369
0.024275
0.018314
0.021817
0.019826
0.024337
0.025104
0.021813
0.020677
0.019557
0.019656
0.021146
0.022139
0.0179
0.021249
0.01713
0.021917
0.021235
0.019382
0.020335
0.023704
0.021447
0.022748
0.0212
0.021831
0.02416
0.020263
0.020399
0.018127
0.020006
0.023451
0.025256
0.01901
0.019964
0.0236
0.0216
0.021398
0.020812
0.021455
0.023726
0.024832
0.021748
0.022658
0.023524
0.021848
0.024115
0.023161
0.019528
0.023812
0.023895
0.020755
0.022957
0.025177
0.021197
0.023869
0.022342
0.024293
0.024333
0.023582
0.022413
0.02625
0.022697
0.021719
0.024947
0.021798
0.021384
0.021441
0.022723
0.020058
0.021626
0.023942
0.021783
0.02063
0.021452
0.020735
0.021813
0.022628
0.020494
0.016114
0.019032
0.01816
0.020474
0.022415
0.021672
0.020818
0.019577
0.020826
0.020239
0.026116
0.028083
0.023407
0.02262
0.024537
0.024537
0.029498
0.027083
0.027714
0.027277
0.027914
0.025287
0.025778
0.025205
0.026835
0.021965
0.029936
0.024443
0.023015
0.031878
0.021739
0.028902
0.025074
0.027226
0.028068
0.028707
0.025275
0.028763
0.027018
0.027094
0.026723
0.028901
0.026328
0.025835
0.025308
0.025603
0.024544
0.021819
0.022648
0.022059
0.02297
0.021709
0.020338
0.024144
0.02337
0.023787
0.021914
0.027631
0.025544
0.024886
0.024836
0.021731
0.024175
0.022774
0.025906
0.024382
0.023031
0.024311
0.021777
0.026388
0.020988
0.020693
0.021308
0.020545
0.023812
0.023945
0.018581
0.022171
0.025171
0.026404
0.023256
0.021459
0.022743
0.024138
0.023036
0.021749
0.019977
0.020017
0.026666
0.019409
0.020292
0.018786
0.021988
0.023396
0.021602
0.020126
0.022562
0.019807
0.023434
0.02088
0.022634
0.021773
0.019564
0.020863
0.021912
0.021798
0.021784
0.020568
0.019294
0.023628
0.0209
0.022727
0.018684
0.021239
0.019613
0.022529
0.020925
0.019744
0.019916
0.019165
0.020075
0.020149
0.021544
0.021424
0.017797
0.019907
0.021444
0.023588
0.020682
0.019265
0.021923
0.020833
0.020513
0.018951
0.022047
0.023936
0.020978
0.01914
0.020078
0.021181
0.025154
0.020292
0.019315
0.027316
0.018478
0.020208
0.027175
0.0205
0.036714
0.02226
0.014997
0.026872
0.044809
0.027108
0.025404
0.021975
0.022086
0.039274
0.02392
0.025251
0.025312
0.01549
0.024678
0.024899
0.021436
0.020355
0.02406
0.021526
0.022486
0.027158
0.020391
0.023176
0.024391
0.020602
0.024606
0.024266
0.016683
0.01691
0.014109
0.02026
0.019311
0.022059
0.015632
0.018616
0.016628
0.018896
0.01975
0.020983
0.019891
0.019416
0.019588
0.019086
0.019879
0.019201
0.019422
0.016548
0.016664
0.018605
0.017209
0.020528
0.021383
0.01651
0.017214
0.018488
0.020912
0.017808
0.018798
0.017783
0.021518
0.017947
0.018892
0.024583
0.018933
0.021262
0.024313
0.022331
0.020462
0.022099
0.021734
0.015726
0.018601
0.026806
0.023814
0.025507
0.023964
0.023875
0.01718
0.023911
0.022477
0.026336
0.019541
0.020859
0.02385
0.022043
0.021441
0.022371
0.022048
0.023714
0.0229
0.023806
0.019921
0.021792
0.021461
0.022714
0.022934
0.024458
0.022178
0.026175
0.023104
0.027315
0.022114
0.025512
0.024238
0.024606
0.023409
0.024282
0.029163
0.024866
0.018986
0.025408
0.026353
0.021807
0.025584
0.019045
0.022305
0.022918
0.020078
0.017012
0.019352
0.023427
0.020712
0.020082
0.019128
0.021072
0.022094
0.018323
0.018435
0.023657
0.016932
0.016678
0.021356
0.017327
0.015584
0.016768
0.018514
0.017349
0.016544
0.016448
0.016745
0.017739
0.019068
0.019989
0.021071
0.018342
0.022229
0.017664
0.021104
0.018158
0.018106
0.019732
0.019264
0.020178
0.017144
0.018962
0.020646
0.020918
0.020361
0.020212
0.018968
0.019326
0.015894
0.016266
0.018244
0.017392
0.018937
0.016055
0.017226
0.015833
0.015338
0.022088
0.020614
0.015258
0.017451
0.025296
0.023315
0.024135
0.02633
0.02615
0.021202
0.028971
0.020986
0.024625
0.020217
0.02414
0.025953
0.020996
0.021978
0.022003
0.02293
0.021542
0.020253
0.023962
0.023344
0.023357
0.027779
0.026927
0.021892
0.023715
0.018982
0.020875
0.022025
0.020826
0.022935
0.025726
0.018198
0.020885
0.023767
0.024759
0.018351
0.022181
0.015542
0.036931
0.024294
0.023696
0.023108
0.021868
0.021518
0.01816
0.02163
0.02049
0.019231
0.019532
0.021701
0.01805
0.017528
0.012829
0.015254
0.017166
0.020973
0.01907
0.017955
0.025504
0.023074
0.021936
0.020959
0.016641
0.018743
0.018455
0.017244
0.017407
0.02068
0.015082
0.019046
0.019397
0.015575
0.01644
0.019266
0.015785
0.016517
0.016712
0.019387
0.019789
0.0184
0.020809
0.02208
0.022294
0.01829
0.026454
0.021808
0.024977
0.019925
0.019228
0.022195
0.018634
0.019062
0.017482
0.022033
0.023458
0.021018
0.022083
0.021914
0.024541
0.020419
0.021938
0.021586
0.024779
0.025762
0.024775
0.026025
0.022469
0.020893
0.026436
0.02237
0.026502
0.025653
0.021059
0.022727
0.021368
0.027009
0.024287
0.022915
0.022207
0.022805
0.019918
0.021665
0.019893
0.019355
0.024157
0.020157
0.023711
0.020672
0.023431
0.017986
0.020154
0.018298
0.015976
0.017493
0.01813
0.015687
0.017867
0.021271
0.017181
0.022532
0.018544
0.02045
0.018164
0.019468
0.021673
0.022532
0.020349
0.026172
0.022954
0.017349
0.020994
0.019711
0.019346
0.015449
0.016267
0.018201
0.023268
0.024471
0.020658
0.024732
0.021646
0.022464
0.019751
0.021054
0.020207
0.01387
0.01846
0.018103
0.01695
0.042244
0.020561
0.024412
0.028881
0.024948
0.019784
0.019203
0.021374
0.039541
0.019486
0.017865
0.01365
0.025138
0.023318
0.026673
0.021981
0.021032
0.021118
0.020124
0.020271
0.024044
0.020844
0.019405
0.016862
0.021978
0.020059
0.0193
0.019959
0.019297
0.019054
0.018959
0.01706
0.018804
0.017432
0.020862
0.020784
0.020734
0.021119
0.02105
0.024962
0.024234
0.021401
0.019768
0.018522
0.017969
0.019733
0.02101
0.019418
0.017488
0.020078
0.018025
0.022057
0.020946
0.019339
0.018677
0.018285
0.020024
0.018869
0.018184
0.017163
0.019739
0.021212
0.019151
0.018671
0.018577
0.017492
0.018885
0.018793
0.023886
0.022696
0.022353
0.023599
0.023322
0.022099
0.022469
0.021323
0.020842
0.019433
0.020295
0.020187
0.022809
0.023059
0.020921
0.020311
0.020392
0.022289
0.025791
0.022572
0.021299
0.019328
0.020533
0.020947
0.01956
0.019954
0.020647
0.020218
0.021068
0.021166
0.023974
0.020513
0.019057
0.022745
0.021037
0.021515
0.021606
0.021879
0.019764
0.0204
0.018792
0.018005
0.017318
0.019627
0.020209
0.022363
0.018969
0.041668
0.045976
0.046536
0.04039
0.043052
0.037575
0.045277
0.044955
0.042165
0.040629
0.040968
0.038907
0.041827
0.039302
0.042402
0.041124
0.042311
0.041428
0.044466
0.041574
0.040895
0.041987
0.037854
0.039467
0.038109
0.034986
0.037024
0.043416
0.039404
0.035247
0.039221
0.041141
0.031729
0.037137
0.031431
0.032168
0.032614
0.024692
0.034361
0.034298
0.026793
0.034004
0.028485
0.03208
0.029663
0.032773
0.027775
0.025004
0.026821
0.033724
0.019934
0.022909
0.024766
0.02996
0.020015
0.02429
0.022189
0.024741
0.019435
0.020712
0.024565
0.021739
0.021083
0.0183
0.020816
0.013125
0.017658
0.020558
0.012202
0.014579
0.016425
0.014641
0.014526
0.020139
0.017621
0.017287
0.021008
0.020337
0.01779
0.017895
0.024744
0.017149
0.016386
0.021491
0.019529
0.019014
0.01609
0.023282
0.01948
0.020957
0.015998
0.021199
0.020479
0.018622
0.014335
0.019111
0.019789
0.021109
0.022258
0.019852
0.02385
0.019298
0.02612
0.019085
0.020638
0.01502
0.019507
0.026836
0.020004
0.024505
0.026829
0.027468
0.017388
0.023174
0.023193
0.020801
0.018308
0.017983
0.019091
0.01939
0.017922
0.039237
0.025644
0.01734
0.023742
0.022206
0.019962
0.02791
0.02361
0.016275
0.021201
0.024086
0.026912
0.020769
0.026085
0.023354
0.021191
0.027631
0.02282
0.023287
0.021871
0.023444
0.019212
0.022453
0.021946
0.023835
0.020088
0.022066
0.017749
0.019889
0.023759
0.021541
0.018246
0.021211
0.020704
0.021244
0.022286
0.02251
0.021708
0.021439
0.020054
0.020938
0.020545
0.020986
0.018663
0.020599
0.020825
0.019043
0.019296
0.020537
0.019215
0.021029
0.020971
0.020272
0.019801
0.022579
0.01984
0.021266
0.022221
0.022326
0.022924
0.021712
0.023889
0.023337
0.019387
0.02115
0.020737
0.021189
0.021492
0.022852
0.023916
0.022192
0.024231
0.039686
0.040296
0.041515
0.040152
0.042115
0.039753
0.04181
0.038939
0.039186
0.042751
0.0411
0.042504
0.040802
0.038406
0.03727
0.040321
0.039826
0.037624
0.045634
0.03496
0.038605
0.036645
0.038104
0.040835
0.038135
0.052692
0.041824
0.040073
0.031782
0.032434
0.037245
0.034519
0.041137
0.045192
0.033616
0.034323
0.029585
0.025994
0.034711
0.036308
0.031298
0.031368
0.030753
0.033604
0.02683
0.021746
0.022825
0.021267
0.019472
0.028989
0.028769
0.019462
0.022012
0.015158
0.013404
0.022125
0.024864
0.02223
0.020144
0.018297
0.019726
0.019044
0.016744
0.017683
0.016817
0.015184
0.027947
0.013406
0.012559
0.01297
0.023764
0.010085
0.019895
0.013436
0.014134
0.016752
0.016013
0.019944
0.016451
0.014468
0.0146
0.011155
0.016751
0.015346
0.01717
0.015456
0.016474
0.022302
0.015448
0.018394
0.020404
0.017946
0.01781
0.019952
0.016559
0.018082
0.014707
0.014832
0.018867
0.017277
0.01753
0.016121
0.01862
0.018655
0.015371
0.017553
0.01571
0.017075
0.017526
0.019695
0.018031
0.017804
0.019429
0.019829
0.019909
0.015898
0.02065
0.019334
0.017672
0.019656
0.018744
0.01836
0.017914
0.020225
0.019846
0.018183
0.016872
0.017202
0.020364
0.017531
0.020393
0.018184
0.021656
0.015609
0.021478
0.01861
0.015594
0.013569
0.021181
0.019466
0.023212
0.01887
0.016272
0.022006
0.023617
0.021083
0.023948
0.022606
0.024575
0.018211
0.023898
0.023159
0.022176
0.021877
0.022784
0.028172
0.021363
0.021714
0.022876
0.024677
0.019134
0.022322
0.029096
0.026216
0.02157
0.021655
0.021043
0.021302
0.021197
0.024686
0.024924
0.030826
0.025087
0.025516
0.022845
0.022249
0.026282
0.027278
0.023075
0.025212
0.025001
0.022839
0.018788
0.024673
0.024852
0.024657
0.024956
0.02468
0.025739
0.021595
0.019264
0.01719
0.020129
0.022463
0.02017
0.018596
0.022414
0.019786
0.020512
0.021096
0.019421
0.019766
0.019549
0.021129
0.023833
0.023024
0.021946
0.018405
0.020351
0.021341
0.019
0.018204
0.019502
0.021558
0.01994
0.020933
0.021959
0.02009
0.018644
0.020331
0.020835
0.018889
0.020141
0.021208
0.021441
0.021299
0.0197
0.039446
0.033888
0.041743
0.030397
0.042818
0.024235
0.043905
0.028439
0.022832
0.033499
0.034487
0.042703
0.029477
0.032028
0.027858
0.032735
0.030315
0.03313
0.025072
0.034486
0.035297
0.022991
0.022326
0.028087
0.023216
0.025217
0.016906
0.016593
0.021215
0.016715
0.0246
0.021856
0.013423
0.015304
0.024399
0.0122
0.016239
0.012331
0.022618
0.020484
0.025827
0.021259
0.027203
0.015465
0.013932
0.01568
0.014514
0.013057
0.01903
0.015831
0.011763
0.014872
0.011226
0.016681
0.017012
0.017283
0.015853
0.014643
0.027157
0.033704
0.014306
0.018712
0.019035
0.01754
0.017757
0.022033
0.020758
0.016978
0.019739
0.018484
0.026225
0.020037
0.025641
0.018258
0.019274
0.017622
0.01877
0.018372
0.020591
0.022851
0.021811
0.021975
0.017708
0.020003
0.023518
0.022994
0.017247
0.018314
0.019084
0.01675
0.024868
0.019201
0.020768
0.022114
0.024004
0.019197
0.028709
0.023785
0.023071
0.025282
0.020716
0.019429
0.02707
0.021042
0.024318
0.023317
0.021875
0.018799
0.025681
0.023985
0.023019
0.022557
0.021928
0.023848
0.02342
0.019743
0.023472
0.019205
0.024091
0.021265
0.018304
0.023933
0.019926
0.024732
0.021628
0.024403
0.022146
0.021054
0.020585
0.024828
0.022039
0.019576
0.023553
0.019778
0.020846
0.017531
0.02317
0.022056
0.01936
0.02458
0.023503
0.020376
0.017702
0.017671
0.01771
0.019542
0.021347
0.019251
0.01477
0.023228
0.021081
0.022672
0.021574
0.021709
0.022315
0.023293
0.022503
0.02056
0.023445
0.018876
0.015559
0.019117
0.023972
0.019631
0.015737
0.021907
0.021336
0.019783
0.018608
0.022466
0.022062
0.018371
0.019031
0.017544
0.020743
0.022674
0.016434
0.015991
0.015359
0.015394
0.016823
0.018245
0.016787
0.014715
0.016753
0.018609
0.016172
0.017266
0.017704
0.014643
0.017298
0.016913
0.013627
0.015878
0.015204
0.018153
0.014307
0.01861
0.015772
0.017355
0.01879
0.021795
0.018431
0.018918
0.018334
0.023144
0.016923
0.017644
0.01698
0.015314
0.015583
0.016986
0.017165
0.02014
0.015431
0.018731
0.035796
0.020814
0.021316
0.018384
0.019357
0.018561
0.017675
0.019338
0.020685
0.035343
0.021386
0.019557
0.020154
0.016908
0.02252
0.024171
0.020737
0.019456
0.018084
0.018578
0.024665
0.024808
0.022042
0.015111
0.021374
0.022662
0.021755
0.025912
0.025204
0.022855
0.023639
0.020474
0.022661
0.019312
0.02817
0.024662
0.024051
0.025435
0.024658
0.029034
0.022061
0.027657
0.020854
0.024381
0.021375
0.024773
0.023993
0.023873
0.021258
0.02534
0.025833
0.020059
0.022078
0.021213
0.019915
0.025014
0.020422
0.020139
0.020244
0.022018
0.018202
0.019536
0.024388
0.02039
0.020882
0.019519
0.020749
0.024501
0.022621
0.023245
0.018872
0.019493
0.017327
0.019312
0.023914
0.020138
0.019788
0.018886
0.021766
0.021006
0.018659
0.018443
0.020164
0.018876
0.019615
0.016697
0.016575
0.017798
0.030236
0.018547
0.017293
0.018713
0.020581
0.019101
0.017063
0.019483
0.018298
0.017267
0.01848
0.021061
0.018529
0.022036
0.018885
0.022806
0.022833
0.036394
0.022812
0.024783
0.021139
0.02213
0.017919
0.019809
0.021733
0.021947
0.020943
0.01687
0.016054
0.015202
0.016846
0.015944
0.014503
0.02159
0.01805
0.021395
0.019097
0.017747
0.018665
0.019624
0.02314
0.022377
0.031232
0.023614
0.024665
0.027171
0.018782
0.01405
0.017142
0.013551
0.012187
0.016716
0.014911
0.018001
0.016859
0.021119
0.017154
0.015249
0.020695
0.01875
0.025831
0.022517
0.026303
0.021619
0.027404
0.013433
0.019576
0.016607
0.018038
0.018477
0.020844
0.017918
0.020209
0.018102
0.019471
0.016942
0.019971
0.025249
0.024847
0.031023
0.032636
0.028287
0.025651
0.02256
0.019695
0.018673
0.019619
0.019433
0.023743
0.023557
0.024453
0.021972
0.021763
0.025513
0.02271
0.020316
0.022712
0.023476
0.022643
0.024433
0.029326
0.022327
0.016936
0.021915
0.018936
0.020051
0.018357
0.018876
0.017668
0.02172
0.015292
0.017702
0.021173
0.018784
0.019667
0.023426
0.021915
0.026032
0.024032
0.019003
0.02383
0.018464
0.015415
0.020115
0.018422
0.021942
0.019805
0.022316
0.024224
0.022994
0.018261
0.019554
0.020854
0.018221
0.023395
0.01726
0.01924
0.01709
0.019524
0.019113
0.021493
0.02083
0.022816
0.017815
0.01782
0.022082
0.023515
0.020215
0.021491
0.019853
0.022876
0.018989
0.022555
0.024857
0.022431
0.023068
0.018938
0.02284
0.020352
0.022826
0.023081
0.024531
0.023982
0.022428
0.023546
0.025682
0.026288
0.020962
0.01974
0.024133
0.020841
0.021152
0.021444
0.022067
0.020451
0.020159
0.021828
0.022481
0.021438
0.023821
0.020997
0.021095
0.021247
0.020318
0.021296
0.021167
0.022337
0.028231
0.022903
0.024262
0.022395
0.019993
0.021923
0.020776
0.021129
0.019483
0.022099
0.020181
0.018789
0.022484
0.035537
0.034085
0.035089
0.037555
0.036672
0.024668
0.035279
0.041502
0.028543
0.038185
0.034588
0.031956
0.02084
0.02814
0.021751
0.023097
0.022653
0.045104
0.023495
0.021798
0.019696
0.020956
0.024959
0.030959
0.024941
0.02427
0.022131
0.025941
0.028186
0.025131
0.027806
0.026122
0.020724
0.033908
0.028448
0.035121
0.024445
0.020876
0.024308
0.025327
0.021235
0.031617
0.028281
0.025145
0.022315
0.02016
0.017954
0.022481
0.013545
0.018528
0.021134
0.015682
0.023841
0.026031
0.023131
0.02546
0.02017
0.014054
0.017891
0.017029
0.015079
0.017888
0.014425
0.019336
0.018539
0.017027
0.014849
0.018428
0.019834
0.018224
0.014194
0.02096
0.0199
0.016492
0.022277
0.021302
0.018329
0.02379
0.022366
0.024823
0.032066
0.028582
0.024856
0.02937
0.020291
0.02846
0.024689
0.03239
0.022605
0.021058
0.017063
0.020618
0.02161
0.021119
0.02432
0.026335
0.024014
0.029688
0.023749
0.032002
0.029972
0.019971
0.019904
0.022917
0.022738
0.024685
0.02267
0.022125
0.027042
0.030014
0.022597
0.022666
0.024215
0.01683
0.016626
0.019457
0.025226
0.021154
0.017636
0.019281
0.023212
0.022162
0.023964
0.02219
0.019873
0.014405
0.018975
0.017699
0.020082
0.017655
0.0213
0.020549
0.018588
0.020247
0.020775
0.015936
0.019248
0.022128
0.024125
0.016639
0.017384
0.01912
0.019065
0.023444
0.018284
0.020881
0.021746
0.019962
0.021799
0.016097
0.022146
0.023784
0.021509
0.02046
0.02174
0.02128
0.024195
0.019792
0.018318
0.020122
0.021749
0.021972
0.022771
0.025657
0.019709
0.022445
0.024588
0.018533
0.021228
0.020851
0.020673
0.023267
0.021005
0.019745
0.022871
0.018153
0.021396
0.024996
0.020395
0.018232
0.022916
0.016978
0.021825
0.020817
0.019337
0.02291
0.021911
0.022105
0.01935
0.020002
0.023608
0.020549
0.021769
0.020099
0.031697
0.029735
0.031791
0.032139
0.030586
0.0366
0.02781
0.031815
0.025908
0.02884
0.02915
0.030782
0.031223
0.034807
0.037906
0.032081
0.036601
0.032663
0.031593
0.035927
0.034316
0.039573
0.038174
0.039667
0.035245
0.03346
0.037647
0.03466
0.038713
0.03647
0.039065
0.03925
0.037803
0.038388
0.040542
0.038506
0.039368
0.042043
0.03812
0.042677
0.041297
0.040787
0.03662
0.044736
0.036017
0.039898
0.041169
0.032434
0.039011
0.035221
0.033059
0.023971
0.030173
0.034644
0.029729
0.03057
0.029945
0.036597
0.027098
0.037313
0.034621
0.02806
0.02622
0.029317
0.031046
0.032632
0.025946
0.035279
0.027873
0.027571
0.040808
0.031035
0.032728
0.028743
0.035051
0.030369
0.035654
0.033824
0.034457
0.032979
0.034472
0.029104
0.027468
0.021754
0.023303
0.027689
0.02835
0.041865
0.036403
0.04528
0.039242
0.035712
0.041829
0.034162
0.033851
0.027462
0.032436
0.036383
0.029488
0.027029
0.033482
0.025991
0.029397
0.033701
0.034793
0.031715
0.029405
0.033176
0.031438
0.032131
0.031128
0.028983
0.029624
0.031918
0.030613
0.02804
0.028958
0.024467
0.026403
0.033097
0.037286
0.028765
0.025625
0.027183
0.029494
0.023099
0.026048
0.025296
0.026777
0.025708
0.028708
0.027592
0.030933
0.025471
0.021114
0.017486
0.028181
0.022815
0.028868
0.026776
0.022682
0.032673
0.025993
0.02326
0.030874
0.029378
0.028435
0.025864
0.033847
0.024135
0.031035
0.031612
0.024913
0.021084
0.026654
0.028418
0.030474
0.026846
0.028457
0.029986
0.027686
0.025976
0.023722
0.027755
0.017004
0.019382
0.019871
0.020411
0.019991
0.013992
0.024654
0.0216
0.018628
0.022963
0.023751
0.024983
0.019856
0.017688
0.015236
0.019298
0.016922
0.019943
0.020154
0.020554
0.020833
0.02143
0.01961
0.019344
0.019716
0.021915
0.027605
0.030425
0.022813
0.026205
0.031024
0.019516
0.022416
0.018517
0.017532
0.015932
0.017653
0.020165
0.018614
0.017531
0.021369
0.021894
0.020572
0.021269
0.026148
0.022815
0.022523
0.023095
0.02164
0.026989
0.030263
0.029959
0.02468
0.019047
0.019012
0.017926
0.021908
0.021924
0.020465
0.020182
0.027036
0.017735
0.021367
0.024026
0.020672
0.021507
0.019736
0.015482
0.017443
0.022523
0.022799
0.018297
0.015243
0.018255
0.015572
0.021364
0.013121
0.017556
0.019425
0.016973
0.023321
0.019406
0.020701
0.019659
0.019803
0.015284
0.017432
0.017447
0.019707
0.016861
0.018585
0.013301
0.019788
0.017043
0.022256
0.021234
0.018111
0.019712
0.021154
0.019648
0.023198
0.024047
0.012271
0.017424
0.013512
0.02103
0.019943
0.019423
0.018273
0.019002
0.019938
0.021322
0.020051
0.017432
0.019127
0.015321
0.017762
0.019516
0.014799
0.017175
0.021538
0.014389
0.019791
0.017307
0.019322
0.022957
0.017534
0.01592
0.025848
0.014185
0.01747
0.018291
0.020281
0.020506
0.017309
0.017324
0.016357
0.016927
0.018337
0.021886
0.019545
0.022812
0.017148
0.022805
0.031433
0.032372
0.034287
0.032119
0.032845
0.0378
0.036343
0.033701
0.03792
0.028655
0.030202
0.035566
0.027926
0.034152
0.033553
0.033852
0.033638
0.038462
0.031033
0.040868
0.031756
0.035402
0.040118
0.039377
0.037529
0.031935
0.036782
0.035493
0.043
0.038129
0.033002
0.030666
0.033734
0.033199
0.040968
0.030881
0.025453
0.034884
0.034642
0.038445
0.037414
0.041614
0.038595
0.0429
0.042352
0.028893
0.030192
0.02629
0.036406
0.033507
0.029672
0.032095
0.026504
0.030058
0.027453
0.030716
0.026379
0.033458
0.030449
0.025412
0.028955
0.026399
0.024769
0.023356
0.032756
0.027321
0.025048
0.03374
0.025074
0.025039
0.025102
0.026451
0.032129
0.022242
0.025641
0.021793
0.025477
0.019406
0.022778
0.029843
0.023948
0.030985
0.030087
0.029003
0.028597
0.031162
0.031407
0.02643
0.030178
0.02987
0.024573
0.027431
0.018134
0.021542
0.018095
0.020681
0.023901
0.021004
0.018999
0.021366
0.020713
0.018782
0.025077
0.022849
0.023868
0.01953
0.025185
0.024819
0.021849
0.024069
0.018968
0.027142
0.022992
0.020359
0.024692
0.022982
0.023015
0.025174
0.024585
0.019338
0.024954
0.018678
0.019566
0.019569
0.023238
0.027877
0.023177
0.022537
0.02159
0.024779
0.020131
0.016228
0.02228
0.019969
0.019733
0.02247
0.022497
0.022875
0.01899
0.017551
0.015931
0.017089
0.016593
0.022703
0.016805
0.017797
0.018717
0.018267
0.020801
0.018619
0.0254
0.029243
0.022158
0.019357
0.019777
0.023247
0.018054
0.016943
0.023104
0.016887
0.017242
0.023887
0.018235
0.017572
0.018809
0.022573
0.017852
0.023883
0.016586
0.021906
0.01534
0.015663
0.015671
0.020898
0.024543
0.019655
0.021649
0.018995
0.019402
0.019429
0.017812
0.019857
0.021576
0.017862
0.017606
0.013264
0.020519
0.016055
0.021157
0.025672
0.021059
0.02506
0.023284
0.021091
0.016399
0.017666
0.019238
0.019103
0.020195
0.021293
0.015677
0.017002
0.01952
0.016909
0.019505
0.021883
0.014756
0.017184
0.017554
0.016599
0.01945
0.021465
0.019977
0.016147
0.017622
0.019215
0.021266
0.020796
0.019565
0.016979
0.019159
0.019641
0.019145
0.018412
0.018601
0.016712
0.016278
0.016473
0.017103
0.018815
0.015901
0.016802
0.015624
0.036022
0.01836
0.018999
0.026911
0.023708
0.02917
0.023149
0.01573
0.019764
0.026889
0.029008
0.017413
0.019963
0.021812
0.02181
0.021843
0.020889
0.022634
0.024393
0.021404
0.015749
0.019516
0.019094
0.020651
0.019601
0.015705
0.017477
0.020039
0.016466
0.017474
0.01571
0.024775
0.024025
0.028913
0.025796
0.025391
0.024609
0.022318
0.022411
0.022869
0.020164
0.020616
0.018788
0.016891
0.01711
0.018248
0.023222
0.018115
0.021858
0.021055
0.021837
0.018077
0.02081
0.015151
0.020482
0.019896
0.012646
0.014473
0.017815
0.021396
0.020697
0.022553
0.022197
0.015864
0.017283
0.017425
0.018381
0.020083
0.022427
0.019667
0.018729
0.014521
0.015893
0.01437
0.01811
0.018354
0.02213
0.019368
0.019772
0.017793
0.017422
0.018409
0.018031
0.023816
0.027925
0.022745
0.021349
0.020886
0.025629
0.024146
0.018171
0.021802
0.021338
0.027868
0.020042
0.020127
0.02149
0.024283
0.022114
0.026585
0.023003
0.021959
0.020016
0.021045
0.020558
0.021131
0.021384
0.022641
0.017594
0.016255
0.021805
0.02515
0.021574
0.023549
0.02141
0.019726
0.022285
0.021201
0.024818
0.022257
0.018697
0.019858
0.016787
0.016686
0.019218
0.022293
0.019773
0.019574
0.0191
0.020347
0.025513
0.020667
0.02139
0.023254
0.018978
0.017963
0.017307
0.019584
0.023835
0.018193
0.016602
0.016442
0.01882
0.019804
0.020169
0.020938
0.017895
0.01737
0.018309
0.021732
0.018141
0.01857
0.017325
0.021338
0.018505
0.020951
0.020672
0.019433
0.018979
0.019945
0.018031
0.017254
0.016499
0.01885
0.018093
0.023077
0.017843
0.016404
0.018826
0.017412
0.022765
0.021407
0.020782
0.023265
0.01875
0.020957
0.018722
0.019533
0.021769
0.022984
0.023157
0.017049
0.017356
0.017811
0.017884
0.018313
0.017609
0.019027
0.019655
0.022211
0.020095
0.019739
0.017071
0.016846
0.019366
0.017432
0.01797
0.018145
0.020581
0.018846
0.017759
0.019162
0.017287
0.01709
0.017818
0.015552
0.017618
0.015062
0.016839
0.018166
0.018787
0.02258
0.021651
0.022176
0.02413
0.020817
0.021158
0.025777
0.023165
0.022548
0.024651
0.024498
0.023271
0.021603
0.026098
0.025001
0.021483
0.02541
0.026619
0.028059
0.023636
0.024444
0.025289
0.025054
0.023149
0.02353
0.021119
0.026135
0.026764
0.024699
0.024189
0.027029
0.027648
0.026755
0.026341
0.025016
0.025185
0.026868
0.023971
0.02549
0.022173
0.021132
0.018746
0.021787
0.019393
0.020645
0.020262
0.020106
0.024898
0.019719
0.022303
0.023925
0.024313
0.026514
0.025749
0.022968
0.023981
0.021908
0.02373
0.020322
0.023925
0.022766
0.021489
0.022795
0.018233
0.020111
0.022144
0.020348
0.017335
0.02254
0.021098
0.023606
0.02072
0.021149
0.021375
0.019977
0.018038
0.018228
0.019431
0.020255
0.021981
0.016838
0.01747
0.019133
0.020733
0.018993
0.018415
0.016943
0.016529
0.01919
0.017447
0.014525
0.016594
0.019961
0.014997
0.019307
0.020839
0.016842
0.017469
0.019233
0.018604
0.021772
0.014422
0.015026
0.015472
0.016375
0.019452
0.01635
0.016748
0.015419
0.017775
0.016182
0.018618
0.017047
0.016664
0.018584
0.018699
0.016795
0.012236
0.016656
0.018663
0.016918
0.020096
0.01698
0.017421
0.020172
0.01745
0.015817
0.017271
0.017763
0.017979
0.018567
0.017272
0.018775
0.017029
0.016516
0.021069
0.020977
0.018875
0.020886
0.017157
0.024713
0.024349
0.02819
0.025515
0.01942
0.015442
0.018506
0.018151
0.034164
0.018589
0.023619
0.029994
0.026305
0.022151
0.01524
0.022786
0.01741
0.025158
0.021871
0.020075
0.025494
0.019208
0.017215
0.017534
0.018681
0.020906
0.022853
0.027613
0.021291
0.020397
0.01769
0.023499
0.026635
0.019126
0.016936
0.019951
0.01876
0.019538
0.022968
0.018787
