0.038727
0.042418
0.032101
0.034919
0.03873
0.031893
0.038741
0.030873
0.023464
0.030476
0.03834
0.035803
0.035642
0.035933
0.033068
0.036143
0.036453
0.030122
0.034996
0.03329
0.030249
0.033773
0.036728
0.037894
0.030913
0.033292
0.044522
0.04188
0.046883
0.042693
0.049291
0.042226
0.042772
0.036624
0.045958
0.048358
0.042646
0.037527
0.037003
0.040847
0.036488
0.03432
0.036977
0.035655
0.038934
0.039928
0.031803
0.037313
0.036681
0.031377
0.034149
0.039445
0.031741
0.04325
0.030517
0.036108
0.03202
0.040918
0.038052
0.031406
0.040908
0.025961
0.024971
0.041758
0.040291
0.043461
0.030623
0.027014
0.029375
0.026485
0.019795
0.021717
0.029303
0.033548
0.027746
0.027505
0.031804
0.032569
0.021571
0.028413
0.032482
0.027734
0.02415
0.044238
0.035038
0.044318
0.041753
0.048645
0.050571
0.045131
0.046553
0.049154
0.047956
0.049729
0.022489
0.043306
0.047152
0.048489
0.044478
0.045208
0.04843
0.044439
0.047847
0.038164
0.038764
0.047045
0.048068
0.044675
0.03037
0.04587
0.031934
0.050045
0.037571
0.045575
0.044152
0.031667
0.025529
0.023057
0.041462
0.026057
0.039873
0.040478
0.045773
0.046114
0.032446
0.039996
0.033517
0.021063
0.032039
0.033828
0.030345
0.024412
0.025143
0.025791
0.025214
0.040348
0.034918
0.041302
0.039939
0.035678
0.034523
0.028335
0.037357
0.024707
0.030213
0.022025
0.019608
0.031779
0.019349
0.022318
0.033564
0.025923
0.018274
0.025404
0.016274
0.019616
0.027737
0.023252
0.021106
0.025043
0.028254
0.026236
0.020042
0.020885
0.02433
0.021993
0.015343
0.016461
0.026966
0.02153
0.021282
0.016674
0.021175
0.020733
0.023465
0.019474
0.019109
0.017062
0.020424
0.016198
0.017503
0.018394
0.018471
0.019808
0.017844
0.016838
0.019013
0.020161
0.024809
0.025408
0.024214
0.023736
0.022493
0.022401
0.022835
0.02324
0.031281
0.02697
0.026986
0.02957
0.029024
0.030411
0.023139
0.024112
0.043764
0.02458
0.026867
0.0178
0.021223
0.02104
0.023684
0.027652
0.019346
0.026407
0.022602
0.032177
0.03515
0.027801
0.030708
0.03025
0.03613
0.029999
0.028279
0.033805
0.028577
0.024464
0.029097
0.024345
0.023852
0.022009
0.025043
0.03584
0.033437
0.02907
0.032854
0.024289
0.029663
0.030512
0.025662
0.029635
0.044933
0.043397
0.043955
0.047266
0.051996
0.049238
0.048648
0.057204
0.044233
0.055151
0.042783
0.053105
0.043965
0.046809
0.047362
0.049613
0.047546
0.050202
0.054673
0.041223
0.039864
0.040642
0.047878
0.043383
0.04115
0.050108
0.041456
0.044465
0.044263
0.040947
0.04966
0.05006
0.04378
0.041103
0.044686
0.048509
0.034135
0.020489
0.020487
0.018072
0.016646
0.022425
0.019676
0.018295
0.02396
0.025491
0.016026
0.021165
0.015929
0.020504
0.02282
0.027011
0.017138
0.018615
0.022626
0.042918
0.048731
0.035142
0.035136
0.037923
0.027043
0.051518
0.040748
0.045937
0.039986
0.040903
0.035832
0.03196
0.022039
0.03233
0.020456
0.031372
0.027635
0.027984
0.025116
0.028457
0.031491
0.02624
0.030759
0.040098
0.029006
0.027573
0.021309
0.023757
0.027948
0.0295
0.018647
0.021998
0.021851
0.029233
0.019475
0.019166
0.023255
0.019867
0.023757
0.021459
0.030819
0.022815
0.018076
0.027583
0.019141
0.020988
0.01624
0.020285
0.022039
0.018892
0.02532
0.018525
0.018571
0.016313
0.0179
0.014182
0.018278
0.028047
0.023405
0.021303
0.023545
0.022767
0.01852
0.01862
0.018698
0.021204
0.022203
0.019562
0.024084
0.017647
0.017448
0.016566
0.014239
0.01797
0.016712
0.020198
0.021354
0.020373
0.022029
0.021099
0.019412
0.019191
0.019561
0.019787
0.017062
0.018705
0.020078
0.016567
0.018355
0.017512
0.017229
0.01699
0.024285
0.023514
0.022827
0.018498
0.022309
0.023377
0.021261
0.01835
0.017117
0.020801
0.021934
0.016617
0.016892
0.02568
0.016379
0.023114
0.016887
0.017017
0.017894
0.017804
0.016364
0.01964
0.013518
0.019995
0.027134
0.017155
0.017596
0.02237
0.022242
0.016965
0.018306
0.01778
0.019199
0.020864
0.017425
0.017971
0.02381
0.018492
0.020005
0.031103
0.020201
0.02071
0.019712
0.020402
0.017747
0.019107
0.02073
0.019747
0.021244
0.020587
0.022356
0.021463
0.020299
0.025973
0.028096
0.02328
0.027154
0.024087
0.025386
0.029122
0.02011
0.024419
0.028605
0.032614
0.021959
0.025674
0.037284
0.027306
0.0261
0.022756
0.025694
0.020992
0.01785
0.023338
0.023835
0.021068
0.022865
0.021583
0.029824
0.024879
0.02549
0.024522
0.024016
0.023347
0.02339
0.02016
0.021672
0.03216
0.029534
0.031082
0.030463
0.026815
0.032505
0.028714
0.028083
0.029964
0.023882
0.027123
0.025937
0.025705
0.024254
0.025417
0.025745
0.023833
0.02027
0.0226
0.021396
0.021355
0.01715
0.023215
0.023358
0.022587
0.025304
0.024143
0.022835
0.020387
0.019206
0.01987
0.017035
0.028195
0.028294
0.024377
0.021639
0.027801
0.026271
0.024734
0.032065
0.03115
0.035952
0.035321
0.0269
0.024795
0.022241
0.024415
0.021837
0.023857
0.021322
0.019877
0.022933
0.019932
0.023716
0.024354
0.028531
0.039207
0.032627
0.017621
0.034309
0.022467
0.019865
0.032814
0.032942
0.032312
0.032796
0.03459
0.024464
0.032547
0.033602
0.032214
0.031938
0.028887
0.0268
0.035256
0.024891
0.029484
0.029092
0.028905
0.026628
0.030099
0.028984
0.028117
0.028742
0.024137
0.021286
0.02903
0.027274
0.022187
0.024765
0.023844
0.019398
0.016632
0.023412
0.029496
0.028053
0.02196
0.046096
0.046616
0.041462
0.042519
0.043779
0.05486
0.050326
0.033227
0.04043
0.033324
0.037972
0.036341
0.036402
0.036917
0.040547
0.03473
0.047194
0.038464
0.041923
0.045188
0.043326
0.047194
0.045932
0.026781
0.035515
0.033026
0.037478
0.027101
0.027728
0.043808
0.040491
0.037343
0.039764
0.038563
0.039216
0.03247
0.053002
0.048297
0.050417
0.055631
0.046549
0.043591
0.046237
0.046768
0.05201
0.051823
0.05014
0.043509
0.036678
0.029123
0.042542
0.041461
0.031207
0.032466
0.036422
0.034182
0.040444
0.042251
0.029883
0.037212
0.018911
0.035607
0.031268
0.041006
0.044595
0.037928
0.041268
0.031754
0.032298
0.027411
0.033532
0.039117
0.032173
0.029044
0.032582
0.029247
0.037332
0.02874
0.028134
0.030906
0.028692
0.029616
0.020314
0.020884
0.021573
0.028362
0.021531
0.017899
0.01882
0.022816
0.023286
0.025945
0.02673
0.03019
0.03525
0.035638
0.036926
0.029834
0.030437
0.026948
0.025311
0.029603
0.034193
0.028211
0.024741
0.022347
0.027627
0.033371
0.031419
0.022967
0.026557
0.031193
0.029145
0.024198
0.029566
0.02926
0.025809
0.042166
0.037919
0.032585
0.039138
0.037018
0.024813
0.028957
0.022166
0.021535
0.027573
0.034029
0.024854
0.036928
0.025473
0.022034
0.021704
0.028902
0.032877
0.025381
0.024169
0.023767
0.020425
0.019591
0.026969
0.021591
0.018859
0.025219
0.021356
0.023867
0.020593
0.01842
0.024376
0.022162
0.026919
0.024146
0.028018
0.028297
0.029252
0.03368
0.025947
0.024071
0.033011
0.034972
0.026946
0.028002
0.025982
0.019621
0.023544
0.026508
0.01948
0.024936
0.025319
0.020898
0.020455
0.018825
0.01958
0.015083
0.018202
0.017661
0.015475
0.019478
0.019243
0.022493
0.023675
0.024509
0.025389
0.022275
0.022373
0.023657
0.026304
0.024093
0.023686
0.019199
0.016174
0.016501
0.019607
0.014972
0.017516
0.020901
0.024144
0.019846
0.017456
0.024272
0.025974
0.01927
0.025116
0.02428
0.027531
0.018936
0.020952
0.026688
0.019188
0.0184
0.020844
0.0181
0.023584
0.023237
0.020501
0.013716
0.02471
0.020811
0.020243
0.023668
0.025767
0.026659
0.024883
0.028534
0.026905
0.024625
0.021263
0.022661
0.020328
0.025789
0.021421
0.021707
0.022013
0.023435
0.024105
0.01866
0.022443
0.025211
0.01983
0.020429
0.021686
0.020063
0.023754
0.021281
0.019177
0.025052
0.027801
0.024979
0.029489
0.018997
0.024194
0.024596
0.020904
0.019814
0.019614
0.023864
0.021566
0.021372
0.023045
0.021974
0.02312
0.019552
0.026172
0.023693
0.021984
0.019201
0.018967
0.020085
0.019252
0.020694
0.020591
0.018928
0.020002
0.026914
0.022215
0.024077
0.018939
0.022261
0.020049
0.023709
0.019738
0.026867
0.018929
0.022068
0.01946
0.018973
0.018686
0.025467
0.017008
0.020126
0.018738
0.021003
0.019708
0.023525
0.020546
0.026157
0.027957
0.025519
0.021366
0.024388
0.025026
0.025437
0.027851
0.022591
0.023803
0.022319
0.022597
0.025664
0.021619
0.021474
0.021398
0.02378
0.025248
0.021251
0.02223
0.018928
0.023885
0.020915
0.0208
0.021674
0.024753
0.02522
0.021766
0.022226
0.021259
0.020322
0.024458
0.022197
0.022558
0.025918
0.023534
0.024048
0.02554
0.023367
0.01976
0.021267
0.0228
0.022908
0.023762
0.026793
0.024225
0.03115
0.028569
0.023076
0.02531
0.026079
0.028274
0.024049
0.023025
0.021375
0.021345
0.018687
0.019465
0.021319
0.021623
0.018536
0.018735
0.02086
0.020551
0.021531
0.01962
0.024984
0.021312
0.020305
0.025552
0.025902
0.022972
0.024562
0.022907
0.024552
0.022077
0.022427
0.023869
0.024613
0.025638
0.027601
0.030759
0.027867
0.024551
0.018426
0.026376
0.027808
0.025664
0.027585
0.027943
0.024165
0.028126
0.017031
0.022768
0.019733
0.031226
0.021902
0.020186
0.017869
0.031895
0.030973
0.030769
0.02811
0.029781
0.028536
0.028827
0.031749
0.025976
0.02928
0.025538
0.029185
0.023204
0.021649
0.0249
0.025793
0.01907
0.02217
0.022724
0.021975
0.021059
0.021427
0.020198
0.019057
0.021927
0.022359
0.021846
0.021939
0.019435
0.02211
0.021463
0.022009
0.020275
0.021967
0.020251
0.021211
0.02266
0.019385
0.019516
0.024506
0.015832
0.018936
0.021983
0.021698
0.020481
0.019141
0.016108
0.020811
0.024192
0.022205
0.020906
0.020517
0.022943
0.01647
0.019702
0.020131
0.018946
0.02039
0.017313
0.015712
0.026415
0.016823
0.025723
0.016988
0.017552
0.020536
0.021039
0.023875
0.023547
0.021651
0.020428
0.029785
0.028304
0.024215
0.029995
0.031141
0.026288
0.024237
0.025133
0.026347
0.022025
0.027031
0.026735
0.032397
0.027888
0.027021
0.029796
0.028609
0.036154
0.030115
0.017283
0.017266
0.019028
0.020044
0.018133
0.028534
0.021494
0.025709
0.022825
0.026024
0.029515
0.023579
0.028485
0.028391
0.029049
0.029936
0.033916
0.026557
0.034301
0.031836
0.035411
0.034946
0.03193
0.035822
0.030736
0.024141
0.022603
0.030529
0.022789
0.025696
0.027727
0.020883
0.025409
0.025145
0.024243
0.024405
0.029976
0.027725
0.028882
0.023059
0.03195
0.036546
0.028628
0.034499
0.026765
0.033463
0.027351
0.022947
0.024217
0.027003
0.029169
0.032105
0.027646
0.025156
0.031039
0.030473
0.028545
0.029266
0.024546
0.025757
0.026562
0.02332
0.023019
0.025356
0.022605
0.025587
0.023193
0.02673
0.028151
0.02613
0.025818
0.022542
0.019392
0.027422
0.022329
0.024943
0.024359
0.024755
0.023728
0.024891
0.026928
0.025768
0.030256
0.027139
0.024434
0.026148
0.028406
0.023724
0.026644
0.034971
0.041653
0.047067
0.046073
0.04984
0.046385
0.040951
0.053424
0.044828
0.047889
0.048867
0.047709
0.049143
0.048514
0.046804
0.047142
0.032684
0.036015
0.038155
0.032754
0.034357
0.034737
0.037575
0.033972
0.031923
0.037191
0.033702
0.037906
0.034612
0.024356
0.037421
0.027287
0.036002
0.022777
0.031262
0.032994
0.031213
0.030196
0.026321
0.029248
0.030047
0.029985
0.051811
0.04515
0.064109
0.047873
0.040317
0.050647
0.047658
0.042889
0.02233
0.036323
0.038171
0.037996
0.025873
0.03187
0.02927
0.025444
0.02523
0.033001
0.029725
0.031865
0.025851
0.020448
0.030163
0.026115
0.029708
0.033666
0.031015
0.034043
0.022378
0.023908
0.023496
0.02351
0.01867
0.024296
0.035215
0.018644
0.035321
0.022077
0.021809
0.021492
0.023885
0.018876
0.020416
0.019102
0.020061
0.019594
0.022616
0.018824
0.025052
0.033338
0.024361
0.024923
0.026106
0.021876
0.024997
0.022151
0.016889
0.025052
0.023447
0.023603
0.019358
0.026075
0.02135
0.028547
0.020347
0.020361
0.015961
0.02883
0.023743
0.025029
0.02158
0.018458
0.017292
0.020046
0.019278
0.017887
0.020249
0.016883
0.020453
0.016758
0.014809
0.020768
0.019317
0.018297
0.024794
0.015444
0.024543
0.022838
0.024256
0.02365
0.0211
0.019186
0.025569
0.023659
0.019852
0.02134
0.021837
0.022553
0.023543
0.024314
0.024288
0.023844
0.015707
0.018802
0.022595
0.014531
0.017257
0.017869
0.016715
0.016388
0.015036
0.017713
0.01476
0.020915
0.019461
0.015865
0.016465
0.018648
0.02383
0.020677
0.015022
0.025821
0.018417
0.021474
0.019935
0.01083
0.017936
0.017155
0.016972
0.014868
0.021182
0.019137
0.020965
0.019526
0.024518
0.0204
0.021618
0.025132
0.027681
0.024856
0.023829
0.023383
0.029985
0.022914
0.023177
0.018632
0.020691
0.017816
0.016691
0.019784
0.019691
0.020306
0.017692
0.019665
0.018516
0.020071
0.018989
0.01852
0.021474
0.022324
0.023977
0.018113
0.019975
0.0221
0.02574
0.021015
0.020563
0.026999
0.026275
0.024592
0.020956
0.020276
0.024508
0.028055
0.026041
0.024777
0.026094
0.022755
0.01762
0.01992
0.022417
0.020585
0.019473
0.019577
0.018975
0.020079
0.022762
0.019458
0.020259
0.021451
0.027278
0.026843
0.021823
0.02188
0.02264
0.026615
0.036378
0.021336
0.018696
0.020062
0.021884
0.018442
0.020423
0.01873
0.023534
0.02204
0.022341
0.024855
0.022906
0.021118
0.023813
0.022563
0.026693
0.023011
0.023724
0.028062
0.020511
0.023262
0.022843
0.027136
0.023179
0.028582
0.025949
0.026168
0.030667
0.020858
0.018289
0.022185
0.022673
0.019043
0.022563
0.018191
0.03098
0.022654
0.018864
0.025703
0.02369
0.023702
0.023991
0.021978
0.025205
0.017913
0.022338
0.024151
0.023777
0.021312
0.024006
0.033026
0.034186
0.034128
0.023789
0.032453
0.029467
0.020009
0.02107
0.01655
0.023346
0.018964
0.01946
0.021484
0.018072
0.023426
0.01905
0.019162
0.022197
0.022775
0.020941
0.025179
0.027621
0.024615
0.021898
0.025798
0.026626
0.030036
0.027455
0.031937
0.025859
0.031866
0.031505
0.025026
0.029033
0.02559
0.027485
0.023354
0.026821
0.02663
0.026642
0.024482
0.02557
0.023514
0.024163
0.02552
0.024069
0.022654
0.02441
0.02415
0.023837
0.023158
0.027367
0.023437
0.023176
0.021398
0.019953
0.024492
0.02126
0.019566
0.016462
0.019375
0.018036
0.020105
0.021219
0.020137
0.021248
0.020364
0.026368
0.025445
0.023876
0.028852
0.023935
0.027211
0.032496
0.030161
0.023872
0.031671
0.024516
0.027087
0.030069
0.025074
0.024012
0.02214
0.021643
0.022539
0.024586
0.023335
0.023273
0.023746
0.02516
0.020248
0.024012
0.020781
0.021917
0.020889
0.024092
0.023585
0.021501
0.023178
0.023681
0.020555
0.022353
0.023378
0.023931
0.027308
0.027669
0.024788
0.023414
0.026565
0.022084
0.020501
0.019451
0.018925
0.02032
0.022787
0.028324
0.032346
0.024213
0.02767
0.024096
0.026816
0.028964
0.02787
0.032838
0.027295
0.02648
0.030425
0.033977
0.030113
0.0307
0.029757
0.024796
0.030787
0.030426
0.028646
0.033079
0.022404
0.021384
0.022383
0.020471
0.022311
0.026943
0.026629
0.024369
0.020202
0.02521
0.024729
0.028568
0.029343
0.027279
0.026728
0.027265
0.029102
0.03275
0.031205
0.023236
0.024135
0.024053
0.027221
0.023608
0.031128
0.029714
0.028309
0.033513
0.030256
0.025751
0.026143
0.026423
0.029362
0.027458
0.03295
0.025887
0.026285
0.022109
0.023228
0.026029
0.021776
0.023834
0.018978
0.027582
0.025371
0.022486
0.026927
0.026821
0.020188
0.023873
0.026325
0.028761
0.027243
0.024518
0.023369
0.032935
0.033476
0.030704
0.028934
0.030453
0.029987
0.030121
0.029946
0.030337
0.035554
0.02526
0.03028
0.030327
0.026408
0.028323
0.025001
0.028388
0.025158
0.023932
0.03365
0.026488
0.030781
0.029094
0.025826
0.031094
0.024416
0.021442
0.023383
0.025544
0.019426
0.020708
0.022375
0.028072
0.025569
0.030342
0.024697
0.024455
0.026124
0.02232
0.022703
0.035834
0.032037
0.032322
0.031744
0.030121
0.032841
0.02773
0.031206
0.027744
0.027818
0.027577
0.028212
0.024883
0.028086
0.026252
0.022103
0.029368
0.027038
0.026383
0.024114
0.027298
0.027886
0.022746
0.02768
0.026097
0.02763
0.028194
0.024408
0.026541
0.023238
0.026406
0.025918
0.026911
0.02383
0.026239
0.025568
0.029876
0.023768
0.025506
0.025716
0.028902
0.026063
0.025594
0.021286
0.022813
0.025462
0.028192
0.022929
0.023256
0.024909
0.022757
0.023532
0.029331
0.02525
0.024103
0.026818
0.026374
0.024564
0.025431
0.024285
0.026897
0.021706
0.025374
0.025069
0.026058
0.025077
0.023035
0.020265
0.023015
0.026911
0.027089
0.027764
0.026152
0.027957
0.02737
0.028511
0.032523
0.030378
0.026914
0.028699
0.026503
0.027329
0.02828
0.026389
0.02713
0.022376
0.026365
0.025216
0.029492
0.025901
0.02684
0.023552
0.029275
0.026462
0.028842
0.029234
0.027672
0.027098
0.023059
0.025912
0.025887
0.023029
0.024518
0.026323
0.04669
0.03598
0.033918
0.041091
0.031159
0.030249
0.040602
0.038015
0.030165
0.038811
0.033243
0.032157
0.038662
0.032233
0.032351
0.036281
0.033561
0.029878
0.036673
0.029084
0.038595
0.029156
0.029475
0.035954
0.030591
0.026956
0.029325
0.02592
0.022182
0.017505
0.021758
0.024092
0.024007
0.024076
0.024362
0.020969
0.018143
0.025137
0.01748
0.019331
0.01891
0.02228
0.020127
0.018496
0.019195
0.015107
0.018715
0.020323
0.01898
0.021475
0.019837
0.014293
0.015853
0.014445
0.018772
0.018387
0.016654
0.018018
0.015315
0.017043
0.018498
0.01616
0.020052
0.024095
0.020099
0.020007
0.014535
0.019963
0.016606
0.014996
0.016199
0.01448
0.0199
0.019448
0.019091
0.018386
0.014782
0.015988
0.016793
0.017664
0.016906
0.016283
0.020782
0.01712
0.01489
0.017501
0.014846
0.017959
0.016375
0.019221
0.017198
0.017017
0.019595
0.020105
0.014486
0.019108
0.01866
0.018987
0.018075
0.01799
0.017151
0.0237
0.017621
0.020281
0.019059
0.016443
0.020465
0.019641
0.020869
0.018357
0.025074
0.022844
0.018328
0.022489
0.021202
0.020623
0.02129
0.019497
0.025121
0.021112
0.022816
0.023165
0.01566
0.020719
0.019591
0.020318
0.019716
0.019326
0.01959
0.018495
0.019356
0.018535
0.020416
0.017906
0.019398
0.020778
0.021428
0.025297
0.021389
0.019326
0.017281
0.023601
0.020425
0.022607
0.023591
0.01696
0.021683
0.023003
0.0205
0.01921
0.020056
0.026255
0.018195
0.024069
0.018732
0.020243
0.01938
0.019712
0.021806
0.020953
0.021004
0.020587
0.020204
0.021801
0.020642
0.019327
0.021611
0.01995
0.019739
0.020677
0.023395
0.027437
0.019947
0.020245
0.019622
0.02206
0.019546
0.022326
0.021498
0.023638
0.019262
0.02128
0.022596
0.019452
0.021834
0.01597
0.02193
0.021029
0.017614
0.022353
0.022713
0.025816
0.017983
0.015929
0.017792
0.019709
0.018841
0.018252
0.020655
0.017284
0.01959
0.022599
0.020559
0.018085
0.020877
0.019804
0.020949
0.022166
0.022812
0.019584
0.020486
0.020375
0.020663
0.021933
0.022464
0.018725
0.021009
0.021108
0.022571
0.02557
0.023143
0.022854
0.02424
0.021391
0.016961
0.018406
0.021275
0.018581
0.021215
0.021122
0.022211
0.024595
0.020481
0.023836
0.021753
0.020662
0.023168
0.020382
0.023699
0.022243
0.020456
0.025049
0.01915
0.024179
0.024911
0.024205
0.022416
0.020301
0.020224
0.01798
0.016613
0.022643
0.020934
0.025461
0.018374
0.017432
0.021587
0.021905
0.019117
0.018602
0.017076
0.020491
0.017998
0.018089
0.020541
0.025904
0.031422
0.03462
0.035524
0.030991
0.032939
0.016343
0.019172
0.016462
0.016953
0.019614
0.020961
0.021765
0.021173
0.024195
0.024119
0.018982
0.024031
0.022192
0.019817
0.019534
0.021146
0.018453
0.022434
0.02177
0.020286
0.023438
0.021372
0.023381
0.022148
0.020387
0.021738
0.021398
0.021152
0.022054
0.019988
0.018473
0.018373
0.014008
0.015278
0.018849
0.016212
0.015909
0.017659
0.031311
0.033053
0.035005
0.024204
0.031286
0.027877
0.025206
0.029074
0.024208
0.029653
0.017996
0.022426
0.025006
0.023429
0.023374
0.022144
0.017931
0.022388
0.02158
0.022224
0.017114
0.021698
0.026651
0.020773
0.023118
0.024065
0.022371
0.020331
0.021679
0.023603
0.025574
0.020431
0.029717
0.026472
0.022633
0.019314
0.022671
0.022373
0.034768
0.03599
0.030188
0.028556
0.028774
0.027902
0.025456
0.028231
0.027794
0.02498
0.024623
0.02976
0.02564
0.02442
0.021964
0.016695
0.020453
0.024675
0.019879
0.024812
0.02215
0.020973
0.024081
0.024376
0.027405
0.024445
0.028085
0.0264
0.028916
0.029459
0.022143
0.022037
0.022133
0.023499
0.031491
0.038154
0.027798
0.032233
0.028842
0.027243
0.026366
0.028563
0.026859
0.025718
0.030835
0.029599
0.025566
0.024408
0.026889
0.032424
0.030446
0.031304
0.02169
0.027045
0.027256
0.02359
0.019488
0.022855
0.027181
0.022124
0.025911
0.024581
0.02873
0.027292
0.031649
0.028646
0.028581
0.029596
0.03124
0.024796
0.02828
0.026313
0.029327
0.030485
0.027858
0.02775
0.02785
0.023183
0.035417
0.031716
0.020056
0.030004
0.031354
0.019869
0.028642
0.023376
0.032984
0.030688
0.02589
0.030949
0.027276
0.032159
0.029889
0.031803
0.03428
0.031501
0.026673
0.023554
0.027128
0.029899
0.026779
0.028268
0.029407
0.029935
0.032311
0.018051
0.019706
0.02287
0.024092
0.022454
0.021506
0.023485
0.020141
0.021539
0.023463
0.023165
0.022636
0.028316
0.026336
0.029026
0.029628
0.032553
0.030818
0.027567
0.03077
0.028253
0.027706
0.028774
0.026135
0.026364
0.02906
0.028763
0.025728
0.026898
0.027266
0.027865
0.026833
0.02787
0.028757
0.029228
0.025603
0.030679
0.031288
0.035584
0.034084
0.033001
0.034282
0.037816
0.033625
0.030189
0.027786
0.028776
0.029457
0.032385
0.028706
0.028311
0.027678
0.027796
0.026984
0.026301
0.037085
0.026047
0.025887
0.028514
0.030294
0.022996
0.025833
0.026152
0.027925
0.033544
0.026691
0.027044
0.031796
0.028727
0.026701
0.029777
0.026821
0.025637
0.026632
0.024408
0.023089
0.025914
0.022436
0.025966
0.026285
0.026712
0.027523
0.024625
0.030498
0.025505
0.027251
0.026307
0.023545
0.025242
0.02495
0.033306
0.026445
0.027409
0.021022
0.019342
0.017806
0.027125
0.0271
0.024928
0.022855
0.020206
0.02522
0.023771
0.0274
0.026349
0.025067
0.024579
0.019023
0.020501
0.020338
0.021525
0.019875
0.021446
0.020266
0.019756
0.019304
0.0204
0.021185
0.022572
0.019242
0.021975
0.019703
0.021149
0.026949
0.026412
0.024402
0.026041
0.023322
0.021833
0.021383
0.024541
0.02306
0.024448
0.021724
0.018386
0.026793
0.028051
0.034818
0.036349
0.035228
0.03188
0.034665
0.027241
0.02893
0.027522
0.025918
0.02955
0.029311
0.031535
0.027556
0.029862
0.030285
0.030275
0.034048
0.028752
0.029025
0.029639
0.038363
0.031271
0.027994
0.028223
0.030273
0.028945
0.029703
0.030122
0.029798
0.026135
0.025448
0.029617
0.029065
0.025954
0.025593
0.023856
0.02305
0.024183
0.028081
0.023677
0.027957
0.029015
0.031656
0.025815
0.027343
0.027555
0.029469
0.024596
0.023704
0.028185
0.024877
0.028712
0.030164
0.028391
0.030897
0.026299
0.031749
0.032149
0.029159
0.02967
0.02938
0.03089
0.033212
0.026641
0.028165
0.027516
0.028732
0.025803
0.025393
0.025526
0.026251
0.023131
0.027766
0.025226
0.026606
0.024157
0.027426
0.025228
0.028937
0.024691
0.024565
0.022082
0.022201
0.023391
0.021959
0.022431
0.022641
0.02503
0.024896
0.017193
0.016578
0.019226
0.017032
0.01766
0.017013
0.018229
0.019257
0.016202
0.017054
0.02201
0.017407
0.017538
0.018634
0.020573
0.019177
0.021663
0.021941
0.016098
0.016109
0.020145
0.01727
0.017619
0.016603
0.017646
0.019473
0.021491
0.016856
0.021482
0.018938
0.019447
0.017974
0.019946
0.019451
0.019681
0.018662
0.018013
0.020572
0.016618
0.019399
0.016599
0.018261
0.017163
0.022624
0.018379
0.016792
0.0213
0.017954
0.016865
0.01742
0.019935
0.018206
0.019153
0.016628
0.021378
0.018104
0.015033
0.017759
0.013531
0.021389
0.020819
0.02132
0.01806
0.01567
0.012729
0.016825
0.037244
0.032817
0.031623
0.035184
0.03192
0.027963
0.018573
0.021518
0.021201
0.017584
0.018014
0.015935
0.014776
0.02017
0.018838
0.016788
0.020023
0.014504
0.016513
0.021022
0.034675
0.032127
0.030069
0.034248
0.029268
0.040539
0.028735
0.028378
0.030016
0.02783
0.020998
0.018282
0.019735
0.017898
0.020694
0.021889
0.017604
0.018592
0.019258
0.020668
0.0203
0.018958
0.022678
0.018615
0.017582
0.021613
0.017751
0.015003
0.017353
0.017923
0.018514
0.014847
0.031433
0.034568
0.030958
0.028255
0.031401
0.031101
0.030219
0.031265
0.029896
0.024475
0.028626
0.026698
0.030961
0.031552
0.031182
0.027479
0.032068
0.026769
0.026532
0.022355
0.023077
0.02439
0.022623
0.021565
0.026444
0.02751
0.02719
0.025186
0.025564
0.02363
0.022054
0.01929
0.023446
0.025004
0.024407
0.023353
0.018792
0.027975
0.021321
0.022795
0.022018
0.017404
0.020888
0.015805
0.021866
0.018754
0.019029
0.031942
0.028237
0.025448
0.025334
0.032078
0.026896
0.030113
0.026669
0.029231
0.032003
0.029787
0.029618
0.027213
0.030523
0.028235
0.033931
0.028451
0.026507
0.026613
0.027043
0.029164
0.028056
0.027396
0.029472
0.027423
0.026919
0.025671
0.027688
0.024524
0.022267
0.026552
0.027936
0.029964
0.024384
0.025251
0.023188
0.028684
0.017872
0.021094
0.020626
0.022297
0.022095
0.022855
0.023884
0.019967
0.020368
0.01914
0.020615
0.024359
0.021316
0.020859
0.018439
0.018158
0.026029
0.023424
0.020489
0.025418
0.024001
0.030564
0.029826
0.029849
0.029239
0.034929
0.034069
0.029793
0.030344
0.033338
0.03207
0.039083
0.029982
0.032673
0.033603
0.031095
0.026731
0.027796
0.029797
0.026671
0.027604
0.026402
0.028038
0.028138
0.028386
0.027666
0.026858
0.028381
0.026285
0.026491
0.025794
0.027116
0.02612
0.029142
0.024368
0.019978
0.024218
0.024414
0.02269
0.023561
0.023939
0.021027
0.021388
0.022252
0.021683
0.024
0.021258
0.025904
0.025588
0.023053
0.022902
0.026745
0.021177
0.024955
0.023724
0.026796
0.022878
0.0255
0.024506
0.026912
0.022766
0.028797
0.036271
0.033238
0.037813
0.025883
0.040207
0.030329
0.031928
0.034091
0.033682
0.037602
0.030049
0.029693
0.028874
0.029061
0.028583
0.02619
0.027261
0.028267
0.025089
0.0275
0.028198
0.02584
0.028901
0.024716
0.02751
0.025693
0.028918
0.027939
0.03089
0.026637
0.026533
0.026234
0.025637
0.028179
0.026742
0.027194
0.028683
0.024964
0.027717
0.024415
0.02813
0.02819
0.030257
0.033639
0.037306
0.037209
0.034819
0.033278
0.028621
0.031644
0.034908
0.031595
0.036685
0.033109
0.032874
0.032833
0.030484
0.035194
0.028489
0.034173
0.024667
0.032096
0.0264
0.029994
0.027886
0.026887
0.02559
0.030496
0.027359
0.027147
0.031291
0.026248
0.025776
0.027032
0.030408
0.026334
0.029205
0.026793
0.032178
0.030945
0.03375
0.02942
0.028413
0.026935
0.026398
0.024844
0.035678
0.019253
0.019805
0.020555
0.019049
0.018501
0.019107
0.022859
0.017234
0.021098
0.019372
0.020129
0.019817
0.020003
0.020549
0.02925
0.033188
0.032304
0.020154
0.020644
0.024876
0.018982
0.02131
0.020153
0.018654
0.019546
0.019646
0.022582
0.017762
0.016787
0.021665
0.019068
0.018424
0.018489
0.018658
0.023404
0.02484
0.01796
0.021237
0.019988
0.020799
0.018339
0.019875
0.02117
0.017187
0.01704
0.02843
0.028649
0.033912
0.028428
0.033429
0.02483
0.028083
0.028854
0.032705
0.035214
0.03147
0.030444
0.031948
0.031838
0.033024
0.031945
0.019214
0.023226
0.022103
0.023008
0.017899
0.016924
0.018336
0.024854
0.018666
0.017771
0.021186
0.018781
0.020193
0.033244
0.030191
0.020644
0.020574
0.019409
0.018455
0.033832
0.020413
0.020377
0.01697
0.022405
0.019414
0.030892
0.029811
0.033432
0.030444
0.027728
0.032611
0.037564
0.028258
0.036152
0.032725
0.029863
0.031816
0.030173
0.028234
0.032035
0.028291
0.028004
0.030687
0.032069
0.028408
0.032002
0.034891
0.028302
0.018556
0.020023
0.016504
0.024831
0.027229
0.023597
0.025899
0.026892
0.028576
0.024525
0.022281
0.025066
0.022729
0.022578
0.028662
0.031555
0.037794
0.034801
0.033232
0.038027
0.03249
0.030594
0.021223
0.034169
0.034137
0.028102
0.026526
0.025254
0.023163
0.024506
0.023352
0.020991
0.0201
0.023981
0.018343
0.026712
0.025643
0.032776
0.026137
0.025363
0.02194
0.027168
0.022596
0.027844
0.021835
0.023106
0.021999
0.02484
0.024084
0.026432
0.023713
0.024988
0.026545
0.025406
0.024612
0.028793
0.027457
0.032688
0.036879
0.032228
0.03375
0.032709
0.028877
0.036137
0.032919
0.031108
0.026511
0.032688
0.029554
0.031109
0.031527
0.03064
0.037217
0.023349
0.021707
0.020771
0.020975
0.018986
0.018969
0.020485
0.019017
0.024993
0.018794
0.019075
0.02313
0.018831
0.01931
0.021494
0.020585
0.021369
0.021879
0.019064
0.020303
0.021467
0.020957
0.01833
0.017093
0.020128
0.019212
0.01949
0.021096
0.018529
0.022483
0.022606
0.025178
0.023428
0.021246
0.02392
0.025163
0.025034
0.021812
0.022467
0.026236
0.021353
0.018619
0.021088
0.03357
0.034007
0.026525
0.032485
0.035517
0.031603
0.042188
0.036903
0.021843
0.02523
0.022132
0.034604
0.034964
0.036263
0.036012
0.03155
0.035438
0.039701
0.036602
0.034061
0.035145
0.037795
0.035709
0.031628
0.031892
0.029592
0.02923
0.029546
0.029213
0.035234
0.035703
0.037286
0.034587
0.038331
0.0322
0.036766
0.035945
0.035087
0.033082
0.0329
0.035308
0.034411
0.033695
0.03887
0.033322
0.035909
0.0309
0.038799
0.034193
0.035026
0.031218
0.030778
0.032004
0.03068
0.037602
0.037069
0.030694
0.034272
0.034693
0.042083
0.039182
0.03831
0.037493
0.040253
0.0378
0.040807
0.041572
0.041614
0.048297
0.043002
0.042151
0.045384
0.048866
0.044063
0.04328
0.043165
0.043651
0.043106
0.042576
0.04464
0.03538
0.041554
0.036781
0.037856
0.037141
0.040389
0.039715
0.040578
0.040361
0.034003
0.030671
0.028554
0.033215
0.041464
0.042103
0.033536
0.027813
0.033035
0.027973
0.028031
0.038557
0.029345
0.030734
0.034555
0.033083
0.029461
0.017676
0.0368
0.031467
0.0309
0.041889
0.025889
0.028649
0.033046
0.02841
0.030856
0.026932
0.02367
0.025806
0.021617
0.022565
0.016735
0.031919
0.025997
0.014037
0.022914
0.026365
0.017725
0.018805
0.019151
0.018302
0.017876
0.020003
0.026913
0.021358
0.018722
0.019706
0.020485
0.01826
0.020365
0.016501
0.019175
0.018883
0.016834
0.021458
0.019986
0.02284
0.021094
0.020145
0.018803
0.024538
0.01734
0.019554
0.020133
0.023375
0.023904
0.022349
0.020592
0.023958
0.0175
0.024037
0.024764
0.028401
0.020553
0.022199
0.019821
0.020219
0.026622
0.022641
0.019811
0.022973
0.021499
0.022119
0.026333
0.021019
0.02668
0.021766
0.03055
0.023299
0.030184
0.024979
0.02562
0.034206
0.02261
0.028293
0.027443
0.029228
0.028046
0.026146
0.025322
0.026564
0.030769
0.029183
0.028667
0.030503
0.023265
0.026029
0.029966
0.028403
0.031935
0.035348
0.029986
0.023629
0.028077
0.025989
0.025325
0.02758
0.025825
0.029095
0.024467
0.027506
0.029531
0.024742
0.027481
0.023963
0.02941
0.02481
0.025718
0.028426
0.025334
0.027598
0.033242
0.033166
0.024861
0.030539
0.033209
0.033409
0.025217
0.029119
0.033998
0.029823
0.029664
0.032585
0.031069
0.03097
0.035915
0.031844
0.033809
0.033094
0.030625
0.033145
0.030033
0.020574
0.020143
0.018746
0.021973
0.018938
0.017883
0.024453
0.024275
0.027039
0.023301
0.025915
0.024525
0.025035
0.023876
0.0289
0.023779
0.027012
0.024335
0.025721
0.027008
0.026267
0.026796
0.02398
0.025443
0.024622
0.029284
0.027086
0.02536
0.026025
0.037507
0.032382
0.03172
0.033169
0.03101
0.032919
0.032645
0.031151
0.037218
0.032471
0.036534
0.03177
0.033989
0.033876
0.018235
0.019723
0.019699
0.018532
0.019243
0.018312
0.018695
0.018505
0.019838
0.017783
0.016104
0.017325
0.016386
0.017789
0.017504
0.020462
0.025058
0.022971
0.025099
0.024789
0.024435
0.022937
0.022801
0.028898
0.032455
0.028445
0.0279
0.028585
0.025373
0.035141
0.028177
0.033114
0.034588
0.031642
0.029728
0.031045
0.031324
0.0198
0.018731
0.028846
0.028867
0.030882
0.02219
0.033698
0.033963
0.024443
0.024464
0.02764
0.027952
0.027298
0.026892
0.028211
0.019176
0.023822
0.01734
0.020531
0.01732
0.019155
0.022675
0.020186
0.024441
0.023832
0.024136
0.023409
0.024781
0.025856
0.029001
0.024016
0.023466
0.02844
0.024869
0.027561
0.026088
0.035572
0.031638
0.032254
0.035834
0.031397
0.0325
0.030991
0.029608
0.035306
0.02889
0.03254
0.031823
0.031582
0.031965
0.028167
0.030982
0.026912
0.031269
0.027692
0.028903
0.023877
0.031002
0.0268
0.026017
0.022918
0.025323
0.023556
0.02847
0.022991
0.029791
0.028724
0.026242
0.030087
0.02912
0.031683
0.029635
0.035368
0.032012
0.03417
0.035523
0.033456
0.033824
0.034432
0.03132
0.034601
0.033625
0.027588
0.032426
0.035602
0.033
0.034555
0.037439
0.038033
0.035636
0.034321
0.027958
0.028799
0.032439
0.027024
0.027985
0.03127
0.033193
0.030512
0.029335
0.028171
0.032382
0.035384
0.030838
0.031944
0.035535
0.033701
0.034212
0.033963
0.036184
0.032477
0.029252
0.034754
0.03874
0.030822
0.034931
0.032126
0.035773
0.034407
0.032968
0.034192
0.035752
0.047872
0.046165
0.049809
0.048361
0.044399
0.043366
0.047053
0.052923
0.04882
0.042862
0.050707
0.056305
0.044365
0.05095
0.054208
0.05518
0.050649
0.046067
0.051664
0.052411
0.043485
0.04954
0.05497
0.055417
0.043451
0.052631
0.054698
0.051244
0.058362
0.050404
0.046659
0.04821
0.04722
0.04939
0.044725
0.045177
0.043562
0.039259
0.039905
0.039827
0.037119
0.033992
0.039115
0.032396
0.043231
0.027684
0.035532
0.032285
0.027508
0.023574
0.026138
0.031225
0.033169
0.033639
0.024866
0.017469
0.024284
0.018839
0.032934
0.022979
0.023054
0.021498
0.03096
0.02701
0.018457
0.026937
0.020382
0.017655
0.021424
0.018013
0.018322
0.01547
0.018946
0.020715
0.023418
0.030243
0.018118
0.016192
0.024206
0.0264
0.026125
0.034104
0.026007
0.02093
0.031057
0.015901
0.015059
0.031518
0.031433
0.027789
0.034923
0.027106
0.019026
0.017218
0.015108
0.024927
0.025942
0.020984
0.021975
0.022085
0.025319
0.024257
0.019483
0.02375
0.03092
0.02517
0.025163
0.024637
0.030186
0.024941
0.023771
0.025245
0.024059
0.023706
0.024607
0.024272
0.029295
0.028927
0.023684
0.029837
0.023912
0.023002
0.027989
0.028349
0.027343
0.028073
0.027714
0.032026
0.033279
0.028813
0.030201
0.029771
0.03427
0.029602
0.031365
0.029221
0.03144
0.027723
0.029671
0.026758
0.026247
0.028214
0.026755
0.024654
0.026442
0.026006
0.022955
0.027718
0.026095
0.024279
0.03066
0.034098
0.030727
0.028379
0.025952
0.028627
0.027137
0.023207
0.023989
0.025927
0.025453
0.027206
0.029701
0.029662
0.027983
0.032576
0.036676
0.029494
0.032267
0.027086
0.024526
0.019923
0.026619
0.021695
0.030762
0.026936
0.022455
0.027374
0.029702
0.031027
0.02887
0.029443
0.034497
0.024623
0.026681
0.031829
0.035788
0.031361
0.026542
0.032753
0.031651
0.029848
0.02444
0.03152
0.034562
0.028011
0.031242
0.035815
0.027468
0.03205
0.02631
0.024528
0.027476
0.025285
0.023973
0.024702
0.025795
0.030463
0.028485
0.031061
0.029922
0.033142
0.032805
0.032225
0.02901
0.030119
0.026981
0.029875
0.030518
0.032307
0.031232
0.030026
0.031498
0.035847
0.032398
0.026305
0.025765
0.025484
0.034344
0.027098
0.027696
0.029835
0.023342
0.032873
0.031985
0.032215
0.033135
0.03444
0.031963
0.030447
0.035849
0.024482
0.028639
0.02858
0.02919
0.028065
0.036988
0.034606
0.034409
0.036922
0.039999
0.018599
0.034949
0.030026
0.023949
0.025808
0.030173
0.026851
0.024951
0.030883
0.034246
0.032155
0.031513
0.032585
0.03791
0.037805
0.031384
0.033162
0.032408
0.035434
0.036465
0.034985
0.033084
0.031636
0.03416
0.030286
0.034735
0.033361
0.032464
0.033958
0.029729
0.031529
0.030024
0.032196
0.033141
0.033671
0.035187
0.034134
0.036583
0.03637
0.038147
0.036399
0.032486
0.035955
0.034605
0.034172
0.030437
0.030677
0.031076
0.032063
0.03257
0.034718
0.029755
0.031693
0.029071
0.030299
0.032201
0.030052
0.030619
0.031017
0.031187
0.029064
0.030778
0.034421
0.031161
0.055055
0.058056
0.047307
0.049372
0.040886
0.044594
0.045876
0.040988
0.036465
0.040641
0.036446
0.037226
0.031566
0.031794
0.051063
0.026207
0.030893
0.031839
0.02958
0.02877
0.031047
0.030036
0.024241
0.021429
0.014201
0.039536
0.027247
0.041519
0.029021
0.035607
0.026852
0.04055
0.035688
0.024402
0.020362
0.029136
0.029696
0.026483
0.022671
0.032129
0.025618
0.040987
0.030768
0.025884
0.028256
0.031759
0.024186
0.025783
0.021506
0.022341
0.035507
0.038954
0.022998
0.022138
0.020296
0.019649
0.019118
0.025761
0.019383
0.027855
0.024318
0.023214
0.024719
0.021725
0.024486
0.02958
0.021323
0.021361
0.020883
0.028516
0.029542
0.019713
0.02417
0.026418
0.023132
0.021719
0.021171
0.023642
0.024761
0.01935
0.029541
0.023065
0.019768
0.028317
0.025133
0.022162
0.022953
0.020592
0.022082
0.024379
0.024682
0.026866
0.020946
0.02638
0.023467
0.030194
0.028092
0.035609
0.039065
0.031715
0.031519
0.026741
0.036729
0.03732
0.028403
0.030746
0.027349
0.032462
0.029894
0.029055
0.029505
0.026138
0.037358
0.034499
0.030182
0.024053
0.02348
0.030575
0.026473
0.038833
0.03021
0.024588
0.030782
0.028847
0.029938
0.035796
0.029717
0.031673
0.031526
0.02441
0.034119
0.033596
0.024286
0.033136
0.031964
0.03263
0.026453
0.029587
0.031389
0.024637
0.027466
0.022712
0.030583
0.021801
0.031155
0.021672
0.024791
0.026952
0.022912
0.029907
0.030717
0.02886
0.032643
0.019314
0.02606
0.022253
0.028017
0.022758
0.029078
0.033856
0.030744
0.0252
0.029077
0.035937
0.03133
0.026016
0.034282
0.028989
0.02614
0.036841
0.032683
0.032671
0.038484
0.035375
0.035542
0.03647
0.030575
0.031481
0.034517
0.030397
0.033601
0.035718
0.03863
0.035513
0.028462
0.034229
0.034251
0.037344
0.033853
0.036501
0.034456
0.034193
0.032621
0.034314
0.030187
0.029395
0.035735
0.032989
0.036301
0.034258
0.031921
0.030818
0.034116
0.034063
0.032555
0.029861
0.033089
0.034602
0.035379
0.033043
0.02949
0.036841
0.034477
0.035846
0.03275
0.033281
0.033299
0.03692
0.035029
0.036407
0.042583
0.030211
0.034536
0.031503
0.036291
0.036412
0.04025
0.038343
0.037904
0.034505
0.034704
0.027261
0.030445
0.023855
0.030054
0.029312
0.032832
0.030206
0.033445
0.030568
0.03386
0.03444
0.032881
0.033126
0.033722
0.040258
0.03323
0.040306
0.040193
0.041999
0.039123
0.041002
0.043358
0.039201
0.03557
0.040741
0.038047
0.038096
0.03598
0.036846
0.03538
0.040152
0.034791
0.038723
0.031233
0.032212
0.031519
0.032248
0.032822
0.031815
0.035787
0.032155
0.029862
0.023615
0.040967
0.024232
0.026973
0.03094
0.029992
0.030854
0.036846
0.025312
0.02483
0.018657
0.028796
0.024335
0.026059
0.036939
0.039544
0.037397
0.039895
0.039529
0.03517
0.029959
0.032117
0.026779
0.035266
0.04857
0.027651
0.042167
0.025349
0.034375
0.028102
0.032018
0.029364
0.026869
0.028192
0.026605
0.036876
0.037483
0.016786
0.027829
0.024679
0.025929
0.03008
0.027136
0.031644
0.026523
0.031927
0.029951
0.020583
0.029279
0.02981
0.030723
0.03248
0.027189
0.030637
0.026556
0.025197
0.030285
0.035256
0.033405
0.028906
0.027927
0.027979
0.026645
0.020209
0.028726
0.028347
0.021626
0.024687
0.027396
0.02119
0.033299
0.02507
0.018058
0.018404
0.024034
0.029195
0.020297
0.031479
0.027368
0.025437
0.022249
0.027314
0.020878
0.024934
0.026649
0.024879
0.017924
0.025876
0.025668
0.026748
0.035521
0.023552
0.019449
0.022455
0.019527
0.019876
0.029621
0.02821
0.028196
0.031134
0.026046
0.031843
0.028097
0.035982
0.01999
0.022788
0.021002
0.024168
0.02333
0.025061
0.024663
0.022145
0.026444
0.026057
0.030974
0.027187
0.031396
0.030525
0.037576
0.026439
0.031364
0.030487
0.037828
0.026257
0.025467
0.02296
0.029005
0.020933
0.029309
0.023281
0.027234
0.023509
0.030628
0.023831
0.041085
0.035199
0.02324
0.02961
0.034
0.027537
0.030008
0.028459
0.023393
0.022485
0.026636
0.027308
0.026277
0.033964
0.023984
0.025364
0.022191
0.022944
0.028928
0.026488
0.026763
0.023453
0.021895
0.024996
0.024987
0.020893
0.016069
0.026014
0.045728
0.046476
0.024344
0.029347
0.027061
0.028354
0.032825
0.023023
0.025428
0.02453
0.021982
0.026198
0.025424
0.018775
0.020563
0.032462
0.027687
0.03057
0.027298
0.026096
0.024038
0.026106
0.030352
0.026315
0.035027
0.029036
0.023375
0.026081
0.033259
0.033503
0.025843
0.025983
0.028826
0.027054
0.026343
0.032332
0.028916
0.027377
0.02438
0.026519
0.031628
0.030376
0.027464
0.033489
0.028625
0.029278
0.029768
0.036344
0.027926
0.032444
0.029343
0.02688
0.028285
0.024873
0.032906
0.030794
0.026642
0.027038
0.030853
0.036359
0.029901
0.031997
0.035338
0.034126
0.032078
0.032642
0.034778
0.034431
0.035219
0.03412
0.035718
0.034358
0.038715
0.04071
0.04042
0.039591
0.037775
0.041618
0.033298
0.045997
0.039358
0.036908
0.034745
0.04602
0.040207
0.032938
0.047547
0.043647
0.036657
0.036003
0.02792
0.035224
0.032319
0.032736
0.036473
0.036228
0.030011
0.036859
0.03437
0.031694
0.033809
0.032997
0.040545
0.035769
0.033817
0.033208
0.038444
0.042978
0.040883
0.034003
0.038543
0.029847
0.033059
0.02951
0.026645
0.029819
0.024732
0.028148
0.027121
0.02637
0.03174
0.026705
0.036193
0.026812
0.035227
0.035495
0.033027
0.030816
0.034914
0.035036
0.03226
0.034894
0.0345
0.036444
0.031413
0.034533
0.040193
0.041214
0.038375
0.037033
0.033453
0.034081
0.035604
0.032151
0.033859
0.036362
0.037775
0.033926
0.034753
0.039407
0.034963
0.03177
0.043298
0.031333
0.043658
0.043066
0.042978
0.042445
0.040753
0.043559
0.030522
0.030703
0.029202
0.030261
0.029776
0.034504
0.035307
0.025316
0.027118
0.027437
0.037369
0.038338
0.043183
0.040164
0.035189
0.042082
0.039028
0.034969
0.032671
0.030945
0.026262
0.032139
0.02545
0.038858
0.023741
0.021108
0.026321
0.02471
0.031226
0.021048
0.028135
0.021047
0.022016
0.025038
0.017683
0.021165
0.018126
0.026591
0.027269
0.028825
0.032644
0.028958
0.030893
0.021955
0.025681
0.024362
0.029674
0.034885
0.028104
0.032298
0.023625
0.030031
0.020358
0.027394
0.028899
0.028765
0.028735
0.027855
0.032275
0.024638
0.021157
0.016691
0.016254
0.019468
0.022448
0.020478
0.018405
0.019334
0.020005
0.019747
0.028732
0.021802
0.029785
0.021393
0.022948
0.0212
0.015513
0.020561
0.025812
0.026274
0.026403
0.035551
0.029455
0.024784
0.026676
0.026371
0.017577
0.022007
0.021705
0.016987
0.01993
0.016518
0.01778
0.016447
0.014068
0.017788
0.017476
0.01774
0.019384
0.020312
0.020199
0.019311
0.028166
0.029636
0.027421
0.023106
0.021705
0.024064
0.026218
0.022442
0.021504
0.023371
0.022956
0.028322
0.030402
0.023885
0.023892
0.028852
0.026247
0.026378
0.027593
0.021771
0.025596
0.018177
0.015995
0.02081
0.023444
0.020902
0.026022
0.024374
0.017672
0.027134
0.017543
0.025481
0.023135
0.021551
0.023822
0.021477
0.022616
0.02297
0.02545
0.025841
0.025946
0.024168
0.024643
0.020615
0.02339
0.024939
0.024452
0.025975
0.019133
0.022841
0.030102
0.022769
0.028603
0.022836
0.022165
0.025635
0.025621
0.035673
0.026855
0.026442
0.028179
0.025753
0.02592
0.026307
0.024741
0.02955
0.027341
0.026112
0.02576
0.025878
0.02864
0.028135
0.029594
0.023226
0.024365
0.023891
0.027959
0.018138
0.024505
0.027129
0.025847
0.024262
0.024889
0.02677
0.024211
0.022782
0.023666
0.027287
0.02433
0.023425
0.023909
0.023143
0.024716
0.026123
0.024734
0.025193
0.026733
0.02509
0.028369
0.025178
0.027666
0.025338
0.027846
0.027489
0.026294
0.028202
0.025511
0.027806
0.027798
0.040466
0.036999
0.042638
0.037754
0.035289
0.040461
0.039576
0.03579
0.03899
0.043744
0.036862
0.036227
0.029122
0.037142
0.044507
0.03941
0.029926
0.031704
0.038793
0.040325
0.037433
0.028367
0.037122
0.031831
0.030265
0.035634
0.030218
0.034052
0.02812
0.040593
0.03788
0.029439
0.025265
0.025579
0.027855
0.028708
0.029793
0.024371
0.029794
0.024845
0.030662
0.025903
0.023341
0.030561
0.025949
0.026466
0.026348
0.023438
0.021759
0.019844
0.022264
0.026306
0.023859
0.022667
0.023523
0.023506
0.01901
0.021785
0.027185
0.032059
0.028893
0.02428
0.022532
0.021086
0.031199
0.020695
0.023681
0.023334
0.027957
0.01982
0.032683
0.031204
0.025374
0.02594
0.015341
0.023563
0.028793
0.016665
0.029765
0.013874
0.021442
0.014296
0.01976
0.016764
0.026914
0.016197
0.018514
0.018769
0.014852
0.022306
0.020769
0.023522
0.02782
0.019029
0.017564
0.018906
0.019009
0.024424
0.023864
0.026142
0.025696
0.023593
0.027577
0.027675
0.019133
0.019803
0.016785
0.021963
0.014293
0.016458
0.026434
0.024573
0.02473
0.018991
0.020574
0.026435
0.022917
0.023836
0.019637
0.021833
0.023684
0.021731
0.022329
0.022902
0.019186
0.020627
0.019711
0.018407
0.018916
0.020829
0.017981
0.017186
0.024063
0.024302
0.025864
0.028098
0.029161
0.023056
0.021983
0.021954
0.019113
0.022237
0.01778
0.020263
0.018436
0.020636
0.019218
0.019597
0.016223
0.016153
0.018196
0.01892
0.018606
0.018899
0.019047
0.017494
0.016265
0.020556
0.017768
0.020122
0.025575
0.018375
0.029896
0.024874
0.025502
0.022318
0.021788
0.01797
0.021691
0.026387
0.022413
0.017988
0.020458
0.022755
0.016899
0.019964
0.024664
0.020392
0.013133
0.016721
0.019114
0.023425
0.026619
0.019961
0.017024
0.022016
0.019541
0.022423
0.023208
0.02278
0.025679
0.020003
0.025359
0.026384
0.030005
0.02767
0.025392
0.024559
0.021155
0.025234
0.022798
0.024724
0.022413
0.026775
0.026746
0.023676
0.030555
0.017593
0.029313
0.020084
0.029101
0.026174
0.025138
0.028528
0.023613
0.024363
0.026862
0.031325
0.029978
0.024166
0.028757
0.034055
0.028314
0.027247
0.027794
0.030917
0.030379
0.022622
0.024607
0.023216
0.028599
0.025895
0.022524
0.022181
0.024237
0.023425
0.027819
0.025722
0.026259
0.025256
0.024253
0.029218
0.024221
0.026822
0.025838
0.027592
0.026373
0.026004
0.02619
0.026784
0.022884
0.026213
0.018537
0.017954
0.017462
0.015506
0.02052
0.015786
0.020765
0.019163
0.020317
0.019711
0.018919
0.019027
0.021778
0.022116
0.022385
0.018814
0.022388
0.022902
0.019923
0.019544
0.019838
0.025865
0.018026
0.022315
0.022846
0.018455
0.022315
0.018478
0.018801
0.023193
0.019644
0.018302
0.021655
0.020888
0.017201
0.019782
0.019523
0.018076
0.020745
0.022249
0.018367
0.02279
0.018385
0.017732
0.022416
0.018051
0.021754
0.019044
0.020696
0.022555
0.020527
0.017786
0.021925
0.021393
0.017531
0.026894
0.023722
0.022559
0.019114
0.02504
0.023192
0.019214
0.023423
0.021933
0.021691
0.029996
0.026033
0.031653
0.025441
0.029324
0.028338
0.026733
0.025221
0.025919
0.026885
0.026024
0.024625
0.025289
0.030584
0.025613
0.028
0.023649
0.025972
0.025364
0.024264
0.02339
0.026754
0.029169
0.029467
0.029297
0.028009
0.029549
0.028424
0.029554
0.028987
0.030733
0.031084
0.031072
0.031352
0.031775
0.03122
0.027131
0.032246
0.030372
0.033431
0.030246
0.029799
0.033681
0.030296
0.029432
0.032808
0.035866
0.029941
0.028603
0.026097
0.032439
0.027826
0.025074
0.029765
0.022246
0.031279
0.028946
0.026899
0.028617
0.026955
0.026196
0.019901
0.037352
0.02913
0.030531
0.027679
0.042663
0.047002
0.026955
0.022693
0.021004
0.018719
0.020287
0.027647
0.020668
0.020715
0.021571
