0.022496
0.024451
0.029126
0.029637
0.012797
0.021138
0.01789
0.02928
0.033495
0.025171
0.036323
0.035194
0.035363
0.038703
0.032797
0.032338
0.033375
0.025652
0.02461
0.025761
0.022591
0.02252
0.024527
0.024167
0.026424
0.027651
0.028853
0.029213
0.027221
0.028964
0.027223
0.031572
0.017736
0.032152
0.031957
0.032431
0.032085
0.02986
0.030089
0.034356
0.032958
0.031017
0.032563
0.032538
0.030572
0.031936
0.032427
0.032525
0.028751
0.028619
0.029113
0.026559
0.026042
0.025571
0.023678
0.026019
0.023945
0.027071
0.025449
0.025064
0.029387
0.02625
0.028055
0.02748
0.02796
0.02591
0.028548
0.028724
0.025722
0.031592
0.031243
0.029997
0.031395
0.033613
0.02714
0.03054
0.032545
0.033
0.02953
0.029813
0.032256
0.029307
0.034221
0.032256
0.043023
0.038456
0.030267
0.02548
0.026951
0.031083
0.035646
0.02593
0.026124
0.027414
0.025469
0.028977
0.03673
0.034921
0.027241
0.031747
0.030644
0.024824
0.02731
0.027337
0.022086
0.022943
0.021041
0.022241
0.033201
0.029165
0.029457
0.027258
0.031836
0.030928
0.032881
0.028871
0.033245
0.028944
0.025994
0.031679
0.025813
0.029523
0.028644
0.024607
0.023801
0.023975
0.027342
0.023167
0.026223
0.022779
0.02159
0.022092
0.019695
0.017735
0.018868
0.021264
0.022057
0.025133
0.021276
0.021587
0.022029
0.021455
0.018643
0.020765
0.022571
0.023672
0.021852
0.022669
0.019715
0.020406
0.016401
0.02078
0.018918
0.019562
0.025991
0.023572
0.025763
0.023578
0.02447
0.021277
0.022512
0.025134
0.021797
0.017364
0.021663
0.022382
0.019415
0.020679
0.020232
0.019563
0.029075
0.02779
0.030013
0.025875
0.032025
0.029131
0.033194
0.027556
0.02189
0.025347
0.020156
0.02168
0.027812
0.027033
0.026751
0.027396
0.02709
0.026646
0.025214
0.027758
0.028108
0.027291
0.027011
0.026896
0.025625
0.03061
0.027453
0.025964
0.031003
0.025035
0.029898
0.025647
0.026316
0.025787
0.029355
0.026131
0.027261
0.025739
0.025581
0.026596
0.030392
0.042836
0.025067
0.02474
0.025875
0.026126
0.023794
0.029057
0.027598
0.038855
0.027996
0.02856
0.031043
0.032143
0.028888
0.03417
0.029603
0.03172
0.025996
0.026514
0.026647
0.028556
0.029051
0.025868
0.023591
0.023774
0.024008
0.025318
0.024478
0.024498
0.023917
0.0297
0.02261
0.02243
0.022836
0.027183
0.030312
0.033403
0.024089
0.029469
0.023613
0.024016
0.026244
0.023272
0.02434
0.025411
0.024748
0.027595
0.023043
0.022547
0.030183
0.029584
0.027753
0.02415
0.02787
0.027154
0.022903
0.024391
0.023506
0.025911
0.027284
0.023361
0.0227
0.027269
0.028621
0.027623
0.02485
0.025274
0.033149
0.031206
0.024752
0.031158
0.023546
0.02604
0.027145
0.026
0.023895
0.022479
0.027492
0.028487
0.022136
0.020439
0.01891
0.026838
0.029165
0.026425
0.023296
0.025801
0.024914
0.024035
0.020857
0.027033
0.024474
0.027653
0.027054
0.022126
0.027595
0.024694
0.029512
0.027527
0.021759
0.023696
0.024445
0.026418
0.030071
0.028287
0.030174
0.032627
0.031899
0.034367
0.030314
0.029043
0.029522
0.025759
0.030333
0.027553
0.02313
0.020203
0.019052
0.017488
0.021209
0.01862
0.020365
0.015808
0.022661
0.019644
0.023383
0.022181
0.02171
0.021502
0.019348
0.019055
0.019252
0.021599
0.017358
0.020705
0.020766
0.020564
0.022818
0.021901
0.020085
0.021436
0.026714
0.022145
0.020845
0.019901
0.019808
0.02022
0.021801
0.0215
0.021808
0.021023
0.019441
0.017827
0.020121
0.022778
0.021359
0.022817
0.022044
0.020873
0.022403
0.021448
0.025571
0.021501
0.022887
0.02171
0.023034
0.020977
0.020632
0.025499
0.025123
0.023577
0.030516
0.022194
0.024341
0.023101
0.030686
0.024261
0.026423
0.022305
0.024635
0.025763
0.02815
0.029983
0.022108
0.024695
0.020425
0.021449
0.023584
0.023332
0.020095
0.027332
0.018908
0.025013
0.026003
0.029966
0.033029
0.02873
0.030694
0.034596
0.025475
0.030166
0.035385
0.02376
0.024643
0.029151
0.026596
0.025183
0.02719
0.026097
0.025706
0.031377
0.028455
0.027021
0.028561
0.027492
0.028935
0.026133
0.02704
0.024006
0.029603
0.025137
0.029964
0.031782
0.02799
0.030358
0.030277
0.026069
0.033823
0.025851
0.028957
0.026885
0.0343
0.026277
0.029084
0.032953
0.029814
0.029948
0.034246
0.029502
0.029049
0.029907
0.026786
0.027723
0.028236
0.030152
0.027475
0.026937
0.026261
0.0264
0.026884
0.028695
0.025524
0.028148
0.028416
0.027412
0.025633
0.022645
0.025977
0.026371
0.023419
0.024723
0.025895
0.027797
0.028388
0.0252
0.027265
0.025836
0.026748
0.029178
0.028092
0.02667
0.027722
0.030664
0.022927
0.022686
0.025563
0.022657
0.024973
0.023528
0.022321
0.021891
0.024627
0.023705
0.021038
0.021092
0.021042
0.02375
0.021445
0.019181
0.02285
0.023144
0.025254
0.023505
0.025762
0.023552
0.026318
0.024647
0.026042
0.022407
0.026582
0.025682
0.022075
0.022086
0.024792
0.028426
0.025179
0.021414
0.025645
0.021789
0.025647
0.02228
0.026353
0.023435
0.028022
0.024585
0.029962
0.025916
0.02968
0.030973
0.026609
0.030755
0.030215
0.02786
0.03254
0.029359
0.023513
0.029179
0.028082
0.028729
0.027363
0.026715
0.026844
0.030033
0.02404
0.028648
0.028277
0.02798
0.029339
0.020958
0.028227
0.027174
0.026623
0.029679
0.027659
0.03217
0.026625
0.027754
0.028327
0.023904
0.024496
0.022315
0.0274
0.029017
0.029412
0.02559
0.0286
0.027225
0.029514
0.030226
0.032377
0.030322
0.030762
0.033563
0.029387
0.023093
0.028571
0.024649
0.023339
0.020807
0.021739
0.023313
0.021194
0.019524
0.019302
0.021584
0.020284
0.019643
0.019058
0.025483
0.023922
0.020312
0.021861
0.024493
0.030233
0.025738
0.028885
0.023582
0.021449
0.025103
0.022597
0.028242
0.024922
0.021675
0.032393
0.025857
0.031617
0.027058
0.027516
0.028353
0.024734
0.019563
0.021796
0.021108
0.024302
0.02311
0.02151
0.022068
0.020173
0.026789
0.020674
0.024303
0.024922
0.020827
0.022
0.019911
0.021784
0.021342
0.021336
0.021955
0.021421
0.021216
0.02356
0.021953
0.023153
0.02318
0.026348
0.021312
0.022551
0.023859
0.023765
0.02275
0.026813
0.027525
0.024599
0.028582
0.022714
0.023511
0.021854
0.025277
0.021899
0.023034
0.023835
0.019152
0.02729
0.022246
0.022993
0.025441
0.021497
0.02794
0.026115
0.029382
0.033282
0.028001
0.033478
0.030289
0.031885
0.025713
0.026575
0.027656
0.028703
0.024853
0.025888
0.021646
0.034186
0.018926
0.020742
0.020847
0.022073
0.023443
0.020869
0.024307
0.022176
0.025056
0.022119
0.021587
0.022317
0.021965
0.022804
0.022189
0.026386
0.021453
0.027435
0.026685
0.020901
0.024164
0.023224
0.024102
0.024355
0.027821
0.033966
0.026795
0.030198
0.033847
0.037479
0.02941
0.026112
0.029013
0.033192
0.026734
0.027087
0.031002
0.027692
0.02944
0.028759
0.032753
0.032815
0.036927
0.035813
0.03476
0.028365
0.037998
0.031662
0.035437
0.038851
0.037344
0.035449
0.034403
0.035171
0.035846
0.032891
0.032431
0.031097
0.031335
0.03132
0.030398
0.034803
0.035883
0.03183
0.036809
0.034865
0.035186
0.03389
0.027994
0.026437
0.025169
0.022028
0.025208
0.024824
0.026875
0.026372
0.029114
0.027854
0.026971
0.024657
0.030153
0.027997
0.027201
0.030016
0.027215
0.029681
0.026705
0.025711
0.02616
0.0275
0.025226
0.025932
0.021264
0.026132
0.021974
0.025265
0.024618
0.025538
0.026675
0.025471
0.026842
0.024555
0.027158
0.025934
0.027018
0.029589
0.022035
0.022432
0.027235
0.02771
0.025026
0.024029
0.024938
0.027746
0.025926
0.027852
0.026724
0.025658
0.024688
0.047721
0.048865
0.048017
0.046983
0.052521
0.047127
0.047145
0.049511
0.042416
0.045739
0.043766
0.022474
0.043673
0.052462
0.049433
0.047497
0.021809
0.022334
0.02185
0.024564
0.022861
0.022048
0.022311
0.021137
0.021473
0.022677
0.019106
0.020777
0.020946
0.020642
0.019831
0.020837
0.019074
0.020484
0.021756
0.017458
0.023839
0.025432
0.023307
0.01949
0.024982
0.020429
0.021553
0.022223
0.021032
0.023764
0.020715
0.025452
0.024125
0.021176
0.021828
0.023364
0.021725
0.022789
0.023952
0.024115
0.02644
0.023601
0.024143
0.023664
0.02847
0.032177
0.024466
0.027723
0.019456
0.016709
0.020017
0.026179
0.025379
0.026615
0.024744
0.022277
0.026916
0.026245
0.025459
0.028364
0.028741
0.033719
0.028784
0.036477
0.015633
0.015714
0.017983
0.016907
0.023686
0.018153
0.020681
0.01695
0.018751
0.021909
0.027332
0.025376
0.019391
0.02189
0.020661
0.022167
0.026504
0.023698
0.023789
0.016379
0.023449
0.017087
0.017111
0.027706
0.021118
0.019831
0.021243
0.020457
0.019159
0.02157
0.023623
0.020393
0.025054
0.022669
0.026473
0.020364
0.028081
0.029724
0.027758
0.027538
0.032498
0.031973
0.032812
0.020169
0.031945
0.028596
0.031718
0.027636
0.02956
0.031821
0.02476
0.026588
0.028644
0.025558
0.02697
0.023929
0.032557
0.026856
0.032571
0.031333
0.027887
0.024405
0.022225
0.023604
0.021851
0.022853
0.025724
0.02289
0.022451
0.025544
0.023433
0.028913
0.024434
0.028174
0.033088
0.031846
0.034693
0.032011
0.029296
0.031182
0.032102
0.031542
0.033338
0.030636
0.032874
0.033051
0.037562
0.030931
0.026427
0.028054
0.028095
0.026598
0.024387
0.032556
0.027667
0.026344
0.025516
0.02571
0.029884
0.029804
0.031268
0.019152
0.023941
0.024223
0.020734
0.022205
0.025566
0.01966
0.032001
0.03076
0.029923
0.028896
0.030305
0.031868
0.037713
0.030011
0.030487
0.033858
0.034641
0.037814
0.033172
0.032951
0.036168
0.03501
0.033862
0.037374
0.028864
0.026789
0.030701
0.02772
0.032951
0.03282
0.03709
0.034717
0.022312
0.023119
0.029276
0.028013
0.025339
0.028284
0.028025
0.025745
0.025455
0.028269
0.017322
0.026201
0.020992
0.0258
0.023324
0.022803
0.025927
0.022368
0.019584
0.026025
0.021775
0.021564
0.020224
0.022721
0.021248
0.023924
0.024201
0.023177
0.022479
0.028863
0.02209
0.020322
0.021323
0.035449
0.038165
0.035035
0.036119
0.035714
0.033735
0.036525
0.035955
0.039408
0.035045
0.039853
0.034446
0.032313
0.035254
0.032055
0.035396
0.035835
0.031012
0.026605
0.027908
0.024799
0.028814
0.023989
0.024122
0.024446
0.024528
0.023357
0.021408
0.02308
0.027441
0.024272
0.025335
0.026866
0.027542
0.026558
0.025944
0.022822
0.027115
0.025917
0.023057
0.024092
0.022292
0.02314
0.024906
0.021329
0.023438
0.023039
0.023952
0.026895
0.023452
0.041756
0.040896
0.037636
0.039349
0.041021
0.041556
0.037381
0.042784
0.040674
0.04147
0.039165
0.038381
0.03491
0.035565
0.036937
0.04149
0.043978
0.041899
0.041959
0.044384
0.04111
0.039066
0.043845
0.039624
0.037903
0.042893
0.043472
0.040931
0.04296
0.041724
0.039353
0.040869
0.039123
0.03478
0.033813
0.040036
0.032483
0.036918
0.036811
0.032267
0.032415
0.035161
0.037709
0.031416
0.043152
0.035523
0.039075
0.036222
0.03231
0.037232
0.036038
0.028845
0.038114
0.029586
0.02825
0.034436
0.026315
0.030746
0.030825
0.030329
0.021405
0.020622
0.02283
0.01667
0.018775
0.015645
0.033976
0.033276
0.024959
0.02986
0.032893
0.022267
0.024236
0.019836
0.022216
0.017533
0.01656
0.015129
0.015035
0.018656
0.014664
0.015121
0.014754
0.021331
0.016322
0.012166
0.02534
0.019285
0.016405
0.02073
0.020982
0.015443
0.017724
0.019835
0.020306
0.022291
0.018738
0.017237
0.024391
0.024239
0.026756
0.022923
0.044617
0.046344
0.048747
0.049622
0.047625
0.043749
0.04594
0.038459
0.047581
0.043295
0.040343
0.048606
0.043173
0.037712
0.043409
0.04547
0.040024
0.041107
0.046094
0.042395
0.047771
0.050624
0.050285
0.046636
0.037413
0.041015
0.046122
0.048346
0.04816
0.045372
0.040365
0.048161
0.044104
0.046418
0.049089
0.05439
0.049019
0.026784
0.024479
0.027983
0.027665
0.028078
0.029627
0.028452
0.028311
0.027901
0.019289
0.019719
0.020395
0.02247
0.026883
0.02266
0.022168
0.020152
0.01788
0.016209
0.018707
0.01599
0.022699
0.016662
0.016564
0.043718
0.04698
0.048232
0.043319
0.040575
0.043789
0.041924
0.038667
0.045404
0.042179
0.04153
0.038198
0.041108
0.04078
0.04417
0.044478
0.043162
0.04724
0.040214
0.04623
0.045457
0.04219
0.041359
0.037527
0.039266
0.043179
0.037774
0.040431
0.042474
0.032523
0.038385
0.04275
0.041586
0.039739
0.044867
0.035385
0.012788
0.013452
0.016375
0.012988
0.015779
0.015238
0.018519
0.034635
0.02701
0.04047
0.025961
0.026076
0.02759
0.029604
0.028965
0.024503
0.030705
0.0198
0.028127
0.042911
0.029272
0.035106
0.032299
0.023673
0.020108
0.023448
0.021199
0.022242
0.031012
0.026037
0.022424
0.019168
0.022491
0.018513
0.01823
0.014974
0.019169
0.026209
0.021617
0.019403
0.017824
0.014758
0.018661
0.011965
0.017046
0.018819
0.01481
0.016644
0.019568
0.013543
0.012025
0.016389
0.023403
0.021488
0.023747
0.023727
0.024867
0.021121
0.02159
0.025563
0.021469
0.018808
0.020268
0.01926
0.018951
0.019878
0.019837
0.020346
0.018811
0.022861
0.021516
0.018955
0.021658
0.022077
0.019466
0.018925
0.020569
0.020824
0.022037
0.023068
0.023159
0.022333
0.021409
0.018758
0.019429
0.022818
0.024023
0.021129
0.024663
0.024769
0.023138
0.02747
0.024196
0.020264
0.022943
0.019234
0.021679
0.021088
0.022971
0.028205
0.026421
0.024323
0.026588
0.024545
0.024601
0.027114
0.025598
0.030892
0.035797
0.027066
0.035637
0.028986
0.027722
0.032261
0.033256
0.037853
0.017453
0.015789
0.017438
0.01733
0.015139
0.016076
0.014805
0.015662
0.01394
0.017868
0.017152
0.016989
0.01685
0.015858
0.017807
0.020023
0.01515
0.027716
0.027253
0.028209
0.031734
0.029103
0.025581
0.031141
0.034574
0.031438
0.034626
0.029937
0.033697
0.036488
0.026757
0.013749
0.015661
0.018354
0.017416
0.013762
0.019175
0.015156
0.020025
0.019174
0.020137
0.020511
0.020813
0.019657
0.019626
0.018898
0.021746
0.016276
0.015763
0.015598
0.014292
0.015896
0.016854
0.016834
0.030591
0.037309
0.017544
0.030712
0.033896
0.028222
0.031512
0.041233
0.033342
0.02993
0.029163
0.02609
0.032646
0.028299
0.029097
0.035067
0.033005
0.017269
0.020124
0.015859
0.022836
0.022472
0.021943
0.027086
0.032219
0.025948
0.026237
0.022812
0.025929
0.026833
0.025532
0.025193
0.021952
0.027047
0.025916
0.025817
0.029612
0.03652
0.031961
0.031253
0.029141
0.028414
0.028514
0.028447
0.032271
0.027574
0.028461
0.038002
0.029975
0.034895
0.026929
0.024908
0.022329
0.023394
0.021859
0.023099
0.022469
0.028799
0.026614
0.03105
0.027686
0.027141
0.02947
0.027048
0.026592
0.031667
0.026706
0.026896
0.030385
0.028998
0.032604
0.029607
0.031426
0.036503
0.028239
0.028015
0.025864
0.024564
0.026636
0.029281
0.025365
0.035266
0.028137
0.028419
0.029339
0.032835
0.031974
0.029203
0.029218
0.029168
0.032083
0.030327
0.029408
0.022521
0.024794
0.023368
0.028134
0.026932
0.027648
0.028985
0.028896
0.027021
0.028109
0.029101
0.027924
0.02774
0.024848
0.02691
0.026298
0.023919
0.028547
0.021132
0.026936
0.020896
0.023338
0.026559
0.030044
0.024361
0.029067
0.02292
0.025128
0.025966
0.025601
0.026848
0.022608
0.023977
0.02181
0.025817
0.021649
0.02759
0.02282
0.025792
0.023409
0.024925
0.023943
0.021605
0.023898
0.026838
0.036088
0.035172
0.033806
0.039434
0.037773
0.038303
0.033432
0.035578
0.036422
0.036547
0.033978
0.030692
0.029994
0.038261
0.029504
0.039133
0.038198
0.035062
0.034761
0.0392
0.039139
0.038585
0.039568
0.042599
0.031605
0.033717
0.037631
0.03528
0.043429
0.044369
0.0408
0.040751
0.039234
0.02237
0.023456
0.0272
0.028598
0.018281
0.018123
0.021482
0.02872
0.018598
0.023364
0.012863
0.012155
0.016962
0.018612
0.018754
0.036976
0.022944
0.034085
0.013544
0.015895
0.019826
0.012315
0.012933
0.014817
0.019669
0.015503
0.013151
0.01458
0.013534
0.015981
0.01317
0.018702
0.028144
0.025033
0.027538
0.027082
0.024749
0.025707
0.019432
0.018495
0.019674
0.020734
0.024982
0.040428
0.036513
0.035086
0.036969
0.042541
0.041247
0.035598
0.037236
0.032889
0.034591
0.038298
0.041162
0.020318
0.014791
0.019256
0.017636
0.018297
0.02011
0.01726
0.018518
0.017874
0.020122
0.017932
0.021836
0.020499
0.018568
0.018793
0.02407
0.019299
0.02208
0.021578
0.023249
0.025151
0.019526
0.020903
0.021272
0.016737
0.018632
0.0199
0.018924
0.016062
0.037274
0.037204
0.033491
0.045225
0.034677
0.046582
0.035505
0.046312
0.032507
0.029832
0.028252
0.036328
0.022552
0.032312
0.028285
0.020298
0.021362
0.039538
0.013764
0.029566
0.017033
0.018176
0.021743
0.024516
0.02166
0.01688
0.021507
0.01847
0.018458
0.021714
0.022943
0.01909
0.02085
0.02272
0.023405
0.020791
0.022541
0.022273
0.021898
0.02393
0.015515
0.018743
0.013698
0.022641
0.016019
0.013213
0.015462
0.016307
0.015623
0.017147
0.01282
0.021251
0.015253
0.014401
0.01736
0.016208
0.016839
0.016702
0.016966
0.021213
0.018111
0.017969
0.027552
0.02263
0.017924
0.018418
0.035324
0.034176
0.030412
0.023429
0.02252
0.029898
0.026226
0.023044
0.022286
0.013767
0.03366
0.017034
0.029281
0.020473
0.014083
0.026443
0.021987
0.026763
0.026005
0.025366
0.024685
0.025447
0.024444
0.025559
0.028488
0.02288
0.030318
0.026838
0.025218
0.024783
0.025041
0.025819
0.026559
0.024946
0.024865
0.021551
0.026414
0.022603
0.026972
0.023713
0.023826
0.021463
0.02627
0.024496
0.026633
0.015637
0.022087
0.018399
0.019332
0.017528
0.026042
0.017569
0.018838
0.01399
0.016932
0.017167
0.020415
0.014211
0.022011
0.017468
0.019068
0.01667
0.020158
0.016712
0.016543
0.020722
0.020087
0.019494
0.017631
0.01553
0.022146
0.019749
0.021101
0.019661
0.012892
0.015337
0.019253
0.018363
0.016144
0.015578
0.01553
0.01717
0.016449
0.012826
0.009507
0.014627
0.011645
0.010176
0.011468
0.017741
0.0090397
0.012201
0.0080821
0.014379
0.011601
0.01298
0.030401
0.029236
0.026348
0.021648
0.027231
0.026396
0.021824
0.02699
0.028069
0.021926
0.029589
0.020482
0.021452
0.025255
0.028471
0.026864
0.02653
0.020259
0.019427
0.023552
0.02178
0.023981
0.023674
0.023423
0.023997
0.023975
0.025585
0.012887
0.0092341
0.013259
0.010513
0.013213
0.012224
0.011663
0.016527
0.016037
0.016898
0.01468
0.014053
0.018493
0.015847
0.021256
0.014148
0.01881
0.016042
0.017389
0.016876
0.02067
0.022775
0.02034
0.019727
0.019149
0.020638
0.019164
0.019946
0.024182
0.024896
0.021369
0.020221
0.020051
0.021653
0.018655
0.021784
0.028899
0.030139
0.030083
0.027136
0.032541
0.031172
0.026685
0.034322
0.028783
0.028417
0.021302
0.023819
0.025084
0.020869
0.02199
0.022069
0.020216
0.024054
0.020771
0.02134
0.020601
0.022932
0.020296
0.023425
0.019947
0.01772
0.016725
0.01654
0.026831
0.019728
0.022435
0.016398
0.02104
0.01826
0.017569
0.016786
0.018085
0.014797
0.017168
0.02054
0.018516
0.027772
0.014742
0.016708
0.014721
0.017342
0.022497
0.01953
0.017449
0.024128
0.021246
0.015813
0.016659
0.017325
0.014533
0.013891
0.014795
0.015186
0.017108
0.018651
0.021765
0.019882
0.021709
0.017822
0.018108
0.018533
0.020251
0.021253
0.019981
0.018574
0.016038
0.017564
0.021739
0.03024
0.032646
0.031029
0.027267
0.031985
0.02821
0.033971
0.034554
0.039464
0.03814
0.037158
0.04526
0.039527
0.046162
0.018442
0.0154
0.019457
0.016091
0.018568
0.017083
0.017344
0.018883
0.016378
0.014085
0.016102
0.01331
0.012655
0.019002
0.015959
0.01721
0.015323
0.018329
0.017941
0.021177
0.022543
0.018633
0.01907
0.021805
0.021793
0.023722
0.023109
0.026715
0.025413
0.021693
0.037364
0.037421
0.034921
0.036284
0.031356
0.041436
0.043347
0.044257
0.042172
0.040811
0.036624
0.036063
0.038905
0.021657
0.016931
0.023148
0.021335
0.018518
0.020389
0.027263
0.02384
0.02644
0.022694
0.027091
0.02872
0.029656
0.032353
0.027971
0.030295
0.026809
0.02744
0.026755
0.029021
0.029058
0.029668
0.026407
0.027765
0.032642
0.03494
0.03486
0.029201
0.034464
0.030264
0.039233
0.022811
0.031936
0.025795
0.024219
0.025665
0.023492
0.026349
0.02054
0.022946
0.025764
0.024316
0.023913
0.028863
0.026658
0.026679
0.02974
0.026439
0.031475
0.023433
0.024448
0.026452
0.022171
0.029465
0.023723
0.026626
0.023239
0.024967
0.026428
0.024447
0.023325
0.027468
0.02519
0.02313
0.025024
0.020086
0.020451
0.028575
0.027768
0.032601
0.024417
0.027771
0.026966
0.030174
0.025794
0.029549
0.023325
0.026728
0.023623
0.023045
0.026064
0.018831
0.02238
0.024091
0.021201
0.022392
0.022099
0.023047
0.022177
0.016031
0.018533
0.020126
0.026714
0.017997
0.027466
0.029819
0.03761
0.021677
0.023377
0.025718
0.037882
0.028815
0.03148
0.016542
0.023832
0.015899
0.021464
0.038741
0.033932
0.022307
0.030446
0.02126
0.029555
0.036056
0.032971
0.027491
0.028985
0.029667
0.024592
0.025414
0.023324
0.017412
0.032462
0.023783
0.027865
0.023548
0.020106
0.024054
0.028643
0.025415
0.016261
0.01809
0.01581
0.015294
0.014758
0.012014
0.013094
0.014921
0.01533
0.014746
0.015444
0.015757
0.015243
0.01481
0.020744
0.017056
0.01606
0.017924
0.022317
0.022667
0.017685
0.018811
0.020021
0.024961
0.023092
0.024452
0.023059
0.025827
0.024274
0.021741
0.02314
0.026319
0.032468
0.019234
0.022118
0.017805
0.023405
0.026851
0.01948
0.026372
0.016248
0.019101
0.014647
0.016921
0.015112
0.017667
0.017471
0.015117
0.017225
0.015506
0.016076
0.015849
0.017421
0.01731
0.020726
0.021447
0.018155
0.019082
0.021093
0.021007
0.022331
0.018231
0.025701
0.027513
0.024112
0.023633
0.021582
0.021078
0.023023
0.02764
0.020619
0.023135
0.01799
0.019304
0.013096
0.03455
0.026791
0.016088
0.018556
0.011393
0.025376
0.020907
0.014625
0.01966
0.015761
0.024265
0.015352
0.019031
0.023115
0.017146
0.013975
0.016304
0.02259
0.023997
0.02319
0.022036
0.025213
0.025789
0.024439
0.02346
0.020245
0.024197
0.019423
0.02244
0.018411
0.020033
0.02246
0.024149
0.020298
0.024183
0.02528
0.027515
0.023768
0.025404
0.03383
0.029491
0.027797
0.026408
0.026978
0.023573
0.024617
0.028662
0.032941
0.016275
0.017573
0.014419
0.011911
0.013855
0.014312
0.015762
0.011403
0.013698
0.017102
0.015534
0.01159
0.014964
0.014308
0.010411
0.017117
0.015725
0.017422
0.014719
0.017388
0.014376
0.013974
0.023875
0.027143
0.024069
0.022307
0.026595
0.025165
0.023804
0.023018
0.021719
0.023604
0.022735
0.020685
0.02316
0.021189
0.02741
0.030416
0.024831
0.031034
0.023407
0.016125
0.016105
0.013969
0.018124
0.019969
0.013557
0.025915
0.013731
0.017786
0.015305
0.019967
0.022836
0.024605
0.027698
0.017315
0.021271
0.027317
0.016889
0.017236
0.01845
0.017718
0.016082
0.021172
0.020816
0.020928
0.022014
0.017035
0.020283
0.019876
0.018347
0.026263
0.020535
0.020618
0.026664
0.021811
0.031481
0.027774
0.02703
0.027845
0.021316
0.023099
0.024471
0.021283
0.018643
0.023561
0.024239
0.026247
0.019688
0.019918
0.023894
0.01865
0.025223
0.023141
0.026182
0.021666
0.018127
0.020404
0.027723
0.024755
0.020441
0.024614
0.021335
0.018367
0.02054
0.025379
0.028963
0.020645
0.026142
0.022202
0.024263
0.024465
0.023303
0.024298
0.02128
0.02152
0.020521
0.022365
0.023535
0.024171
0.020696
0.021997
0.023272
0.021601
0.026933
0.025177
0.025857
0.029308
0.02616
0.023733
0.026297
0.027182
0.024282
0.02556
0.02456
0.027143
0.02704
0.022922
0.023216
0.024643
0.024816
0.021874
0.02334
0.024923
0.026638
0.022697
0.022115
0.020823
0.025894
0.01988
0.024747
0.021817
0.019721
0.023256
0.027396
0.025655
0.018841
0.025249
0.02204
0.027343
0.025676
0.025935
0.035097
0.029902
0.028156
0.021507
0.020315
0.023997
0.02266
0.018915
0.025055
0.023711
0.023216
0.018791
0.021144
0.02434
0.021045
0.017331
0.020112
0.016609
0.021334
0.020571
0.018457
0.021066
0.02684
0.029111
0.02992
0.033358
0.031325
0.034078
0.036363
0.033446
0.032965
0.04016
0.044778
0.037338
0.036018
0.040531
0.043071
0.023769
0.016729
0.021365
0.019675
0.018342
0.017297
0.01383
0.025832
0.018512
0.022256
0.020783
0.022194
0.0222
0.023626
0.02499
0.022964
0.035968
0.044859
0.037028
0.031627
0.039615
0.033552
0.033891
0.04556
0.041302
0.04018
0.041183
0.040695
0.039518
0.035395
0.040032
0.044378
0.03706
0.036721
0.038184
0.031234
0.040917
0.043209
0.018494
0.025811
0.0296
0.020721
0.021479
0.025223
0.02562
0.027049
0.03328
0.032602
0.036424
0.034504
0.033334
0.035234
0.037177
0.035763
0.022408
0.0272
0.021122
0.023516
0.023494
0.025599
0.024375
0.02883
0.029575
0.030232
0.028244
0.029783
0.025725
0.027279
0.021857
0.02503
0.026682
0.020774
0.021341
0.024763
0.022748
0.023441
0.019455
0.022578
0.026837
0.026407
0.02687
0.027347
0.029101
0.028155
0.025287
0.028444
0.027718
0.028167
0.031618
0.02347
0.02459
0.031022
0.028249
0.028852
0.025916
0.024753
0.041517
0.043482
0.031441
0.0384
0.040301
0.044464
0.037292
0.032168
0.041772
0.0394
0.040002
0.033596
0.036698
0.036242
0.037902
0.036485
0.031507
0.038822
0.024274
0.044674
0.039089
0.043644
0.043085
0.040154
0.040384
0.035528
0.033657
0.034045
0.033133
0.029141
0.030846
0.030954
0.033422
0.033143
0.025143
0.029926
0.027377
0.028946
0.045642
0.027406
0.025714
0.027194
0.025785
0.02366
0.025337
0.020991
0.023372
0.024184
0.020465
0.031822
0.027102
0.03465
0.029396
0.03054
0.029316
0.028295
0.03203
0.034416
0.028532
0.029422
0.031132
0.030488
0.030991
0.029255
0.024941
0.034381
0.027458
0.019977
0.024222
0.025471
0.025492
0.020735
0.019946
0.02034
0.019909
0.018355
0.018652
0.02432
0.018992
0.023371
0.018627
0.019985
0.020798
0.02507
0.020356
0.01255
0.023909
0.014479
0.016787
0.013539
0.019386
0.022361
0.015964
0.014777
0.017229
0.017056
0.021447
0.018553
0.024353
0.026498
0.023322
0.016693
0.027979
0.02266
0.022244
0.018867
0.018643
0.021615
0.025093
0.025208
0.020126
0.021776
0.020477
0.02227
0.026772
0.024184
0.021606
0.024467
0.024013
0.023647
0.025388
0.024461
0.024387
0.024924
0.027596
0.020465
0.02288
0.024698
0.020983
0.022136
0.018942
0.029777
0.027518
0.02419
0.025242
0.027703
0.029871
0.02116
0.02355
0.023211
0.023837
0.016389
0.021
0.021568
0.016502
0.01815
0.023022
0.018874
0.027679
0.02466
0.025814
0.029224
0.023162
0.012331
0.014188
0.023945
0.016545
0.01981
0.018783
0.019049
0.020444
0.016957
0.020119
0.021712
0.017305
0.023199
0.020633
0.021466
0.024332
0.022789
0.025001
0.024703
0.023775
0.030192
0.02766
0.025635
0.031184
0.020594
0.025651
0.023197
0.020247
0.024914
0.024199
0.01923
0.022375
0.015084
0.012787
0.014641
0.023485
0.017995
0.023878
0.015925
0.013986
0.021637
0.01707
0.017381
0.024893
0.019025
0.017637
0.018254
0.025383
0.025554
0.024935
0.023503
0.022865
0.021191
0.023944
0.029606
0.03257
0.022506
0.022109
0.025386
0.028126
0.033333
0.022809
0.022875
0.02509
0.025174
0.02875
0.0241
0.022362
0.027289
0.026562
0.020385
0.015734
0.018093
0.021585
0.01816
0.015258
0.0184
0.021553
0.019541
0.021399
0.018815
0.024251
0.024047
0.019946
0.01827
0.022512
0.018697
0.023956
0.018915
0.018117
0.023811
0.019956
0.021172
0.021792
0.019076
0.021769
0.020489
0.021348
0.022336
0.024252
0.026109
0.032731
0.025272
0.031734
0.029456
0.021691
0.028818
0.028441
0.020895
0.020768
0.019892
0.022416
0.022543
0.021496
0.022781
0.024117
0.023974
0.026021
0.022737
0.023804
0.025975
0.023577
0.02525
0.028067
0.023875
0.025257
0.024112
0.019204
0.020689
0.017628
0.022007
0.02066
0.02322
0.023362
0.01958
0.022709
0.01873
0.021347
0.023059
0.021428
0.028285
0.026731
0.023676
0.019417
0.02903
0.029143
0.030679
0.023108
0.024878
0.022926
0.03084
0.025979
0.023279
0.021597
0.021255
0.023695
0.027232
0.024622
0.024422
0.025976
0.025291
0.023883
0.026217
0.024997
0.022706
0.023965
0.024971
0.022889
0.026141
0.025233
0.026968
0.022962
0.026018
0.02543
0.024368
0.025365
0.022126
0.026794
0.028256
0.026183
0.029592
0.032927
0.024848
0.026167
0.013199
0.021083
0.022829
0.028561
0.016573
0.022335
0.018624
0.022492
0.021021
0.022371
0.02119
0.022433
0.023998
0.019044
0.020462
0.030644
0.032965
0.031027
0.027966
0.034583
0.03428
0.040799
0.034763
0.03623
0.039671
0.032844
0.035595
0.035347
0.036786
0.03823
0.037813
0.041358
0.022915
0.016124
0.018523
0.013329
0.021587
0.023358
0.020613
0.021507
0.022811
0.020656
0.021197
0.019772
0.021726
0.023263
0.023296
0.020899
0.038642
0.034355
0.038022
0.03545
0.038384
0.043403
0.035447
0.036719
0.039543
0.036281
0.038253
0.040085
0.041083
0.035992
0.040017
0.037911
0.038776
0.020261
0.018732
0.019733
0.014585
0.018037
0.019433
0.018294
0.017424
0.020323
0.022558
0.023144
0.02084
0.026192
0.024266
0.025376
0.020714
0.020455
0.023756
0.023457
0.021168
0.020348
0.020991
0.022847
0.026604
0.023052
0.027367
0.023165
0.024257
0.025906
0.024373
0.02844
0.025974
0.022229
0.020004
0.021318
0.023973
0.022126
0.024011
0.023194
0.025423
0.022161
0.025074
0.021863
0.061098
0.060187
0.060138
0.05709
0.065359
0.06032
0.075303
0.075732
0.063468
0.062735
0.058879
0.06533
0.073781
0.063901
0.077427
0.067704
0.060209
0.049155
0.046738
0.052529
0.049745
0.046475
0.053567
0.049784
0.047798
0.052155
0.053158
0.053731
0.052933
0.05346
0.04787
0.051304
0.064635
0.055587
0.05015
0.052547
0.060371
0.056204
0.050073
0.052812
0.04957
0.046605
0.050406
0.048777
0.050966
0.053312
0.048481
0.050259
0.046686
0.056633
0.065306
0.0654
0.061715
0.049471
0.051052
0.06544
0.062122
0.051271
0.049252
0.054468
0.050877
0.047448
0.050963
0.046974
0.051977
0.043643
0.050142
0.054943
0.046302
0.054653
0.048571
0.053484
0.049017
0.047076
0.051389
0.047233
0.042908
0.053801
0.051884
0.039944
0.047453
0.047196
0.046923
0.0442
0.041561
0.036957
0.042137
0.043659
0.037032
0.044668
0.041275
0.041896
0.044376
0.041693
0.044913
0.0513
0.043779
0.050243
0.042906
0.045069
0.042495
0.038588
0.046489
0.039142
0.045113
0.043418
0.037265
0.039042
0.05008
0.038421
0.043087
0.042206
0.043116
0.039156
0.040995
0.033894
0.047704
0.035188
0.032108
0.070701
0.061635
0.055745
0.052199
0.046433
0.057497
0.040294
0.03377
0.042974
0.042371
0.038386
0.030141
0.029258
0.034687
0.02621
0.024422
0.021992
0.02139
0.023551
0.020664
0.04206
0.038604
0.033732
0.030207
0.022964
0.030752
0.027296
0.017894
0.033554
0.023702
0.03534
0.035425
0.040423
0.0383
0.035492
0.033957
0.028991
0.032335
0.029023
0.030132
0.037375
0.029696
0.034827
0.026606
0.030672
0.031155
0.030746
0.036535
0.025602
0.025852
0.032058
0.022032
0.020748
0.016413
0.018285
0.016454
0.015558
0.02147
0.021108
0.022882
0.021929
0.021282
0.016816
0.022374
0.018496
0.018216
0.016188
0.018457
0.018015
0.022593
0.018994
0.022868
0.026065
0.02301
0.021723
0.030684
0.031486
0.023315
0.031414
0.026504
0.021265
0.020946
0.023803
0.021877
0.028562
0.024375
0.027995
0.029475
0.024058
0.02527
0.027976
0.022396
0.030776
0.023314
0.022482
0.020293
0.026095
0.021701
0.019077
0.025132
0.022194
0.043843
0.045792
0.049962
0.046684
0.049828
0.047228
0.051715
0.043185
0.017903
0.018183
0.02273
0.022343
0.017124
0.016232
0.019375
0.021954
0.01947
0.016189
0.022604
0.021283
0.026223
0.02296
0.01778
0.016107
0.0214
0.022929
0.025598
0.023532
0.018847
0.027338
0.025185
0.05365
0.043053
0.0508
0.045845
0.038136
0.048765
0.04727
0.045966
0.046654
0.044889
0.045038
0.050224
0.049473
0.043767
0.037968
0.044244
0.05118
0.047789
0.043269
0.049143
0.047654
0.053846
0.046769
0.048237
0.048812
0.050891
0.044377
0.044178
0.043557
0.043262
0.049073
0.047279
0.045072
0.048116
0.040781
0.050794
0.046261
0.044124
0.0381
0.037066
0.038335
0.021847
0.020229
0.022959
0.020148
0.023217
0.025854
0.037176
0.023935
0.019582
0.015747
0.0216
0.029205
0.022285
0.025949
0.027299
0.02422
0.028982
0.03947
0.038767
0.042368
0.044183
0.046109
0.040948
0.038108
0.039338
0.03675
0.038003
0.044076
0.04519
0.041249
0.037687
0.039698
0.043418
0.044635
0.035245
0.035447
0.038045
0.041114
0.039013
0.034749
0.031231
0.023802
0.025637
0.029564
0.040612
0.043667
0.032571
0.038475
0.039709
0.025951
0.033158
0.036038
0.032499
0.030487
0.020986
0.028082
0.022409
0.026617
0.035695
0.034762
0.021537
0.023819
0.020427
0.023289
0.022957
0.022427
0.024214
0.030729
0.028675
0.033826
0.026926
0.030476
0.029893
0.026577
0.023379
0.028258
0.031129
0.025903
0.027767
0.031829
0.030312
0.028356
0.033418
0.034955
0.028151
0.028674
0.033353
0.032429
0.030772
0.031585
0.034624
0.037096
0.023715
0.034076
0.02915
0.029953
0.022351
0.019982
0.030476
0.028391
0.021099
0.020601
0.023343
0.021895
0.032543
0.021418
0.021141
0.022236
0.020993
0.019447
0.018453
0.025336
0.024142
0.019992
0.024928
0.023989
0.020702
0.019465
0.019938
0.028785
0.02193
0.023002
0.025173
0.023738
0.023987
0.023309
0.027081
0.024793
0.022644
0.018946
0.022787
0.02187
0.023397
0.021644
0.022891
0.022261
0.01741
0.021247
0.021275
0.022567
0.018074
0.026173
0.020933
0.021423
0.022748
0.02585
0.020403
0.02559
0.033197
0.031957
0.031605
0.021539
0.022196
0.016053
0.026576
0.019227
0.02496
0.026908
0.020945
0.020762
0.025143
0.022125
0.017131
0.021197
0.02301
0.018906
0.024331
0.023726
0.024316
0.018053
0.023034
0.024812
0.015942
0.014485
0.020558
0.017522
0.017687
0.017567
0.019378
0.015552
0.021316
0.015622
0.020895
0.018463
0.020061
0.021
0.018975
0.020369
0.023629
0.026037
0.022744
0.022772
0.017319
0.026565
0.017733
0.030814
0.031606
0.026453
0.029578
0.024225
0.018596
0.025639
0.02129
0.027628
0.025129
0.016434
0.016182
0.019394
0.020169
0.022241
0.021384
0.024941
0.020863
0.023448
0.024847
0.027928
0.023965
0.022205
0.019652
0.020405
0.017475
0.019143
0.020647
0.019967
0.020913
0.025091
0.027256
0.022918
0.027678
0.021605
0.021849
0.021796
0.025452
0.02269
0.023185
0.028114
0.030952
0.032659
0.030491
0.02418
0.027097
0.021503
0.02694
0.023937
0.022003
0.015991
0.022865
0.027468
0.023216
0.020187
0.026537
0.019709
0.024065
0.021639
0.01946
0.030288
0.032157
0.029839
0.023721
0.022097
0.018755
0.021269
0.017961
0.024233
0.022868
0.019884
0.017942
0.022262
0.018408
0.027263
0.015532
0.026122
0.024754
0.022602
0.018358
0.030548
0.024978
0.032862
0.029065
0.027902
0.021365
0.029802
0.029474
0.031604
0.030052
0.031525
0.037063
0.023558
0.01534
0.018053
0.02182
0.015904
0.022141
0.021697
0.018086
0.023955
0.01469
0.021606
0.019225
0.014699
0.02185
0.01926
0.033985
0.032526
0.03433
0.035155
0.030437
0.033557
0.033719
0.031033
0.030203
0.03182
0.031422
0.036855
0.034852
0.03339
0.033351
0.033078
0.030328
0.033645
0.034948
0.036992
0.036642
0.01892
0.019995
0.019052
0.019432
0.014113
0.01945
0.018351
0.018464
0.011568
0.022686
0.018904
0.021234
0.021003
0.022683
0.01733
0.022908
0.024689
0.026541
0.020847
0.035067
0.03957
0.016419
0.0178
0.01641
0.015698
0.018308
0.019122
0.023541
0.021784
0.018452
0.018309
0.018406
0.022022
0.022831
0.016577
0.022237
0.019845
0.025936
0.022216
0.023557
0.021328
0.018642
0.018627
0.020194
0.019888
0.019638
0.020737
0.019079
0.01837
0.019946
0.01897
0.021883
0.022044
0.017351
0.02057
0.021022
0.020532
0.021064
0.017904
0.019946
0.019873
0.019155
0.061083
0.064674
0.062838
0.064457
0.066669
0.068228
0.01477
0.065577
0.063411
0.068127
0.055811
0.053106
0.060204
0.060948
0.053609
0.063317
0.05826
0.051092
0.055156
0.050911
0.060831
0.054466
0.057927
0.065975
0.06594
0.056526
0.069713
0.057178
0.059212
0.059518
0.053046
0.053104
0.054277
0.049477
0.055073
0.05911
0.05438
0.042256
0.055306
0.051111
0.054644
0.048716
0.055132
0.049547
0.049746
0.051846
0.0434
0.053706
0.043956
0.055583
0.043375
0.058016
0.062569
0.059678
0.058082
0.051547
0.052699
0.054909
0.053229
0.051622
0.051996
0.04199
0.048539
0.047484
0.047025
0.041883
0.048882
0.045206
0.038985
0.044446
0.033499
0.037655
0.025127
0.034098
0.029353
0.028306
0.021481
0.029077
0.025669
0.01787
0.019422
0.02416
0.018262
0.056168
0.031357
0.03688
0.033555
0.029105
0.028539
0.019672
0.016155
0.022969
0.016976
0.021902
0.019908
0.038369
0.039978
0.039569
0.032522
0.03564
0.029464
0.018518
0.024207
0.024355
0.018371
0.017504
0.021561
0.015993
0.017449
0.0155
0.019661
0.018455
0.018939
0.017646
0.018588
0.020725
0.025268
0.02015
0.020619
0.019732
0.016115
0.014223
0.016788
0.022617
0.016379
0.016155
0.019986
0.020707
0.021842
0.02156
0.020274
0.018715
0.019618
0.016927
0.020945
0.014696
0.015823
0.015588
0.01944
0.028793
0.024084
0.024279
0.024809
0.021126
0.023955
0.020298
0.021131
0.022206
0.02011
0.019859
0.021951
0.019564
0.019945
0.021256
0.023979
0.019647
0.043609
0.049193
0.046394
0.050637
0.049491
0.04869
0.05069
0.052167
0.051958
0.046685
0.048963
0.045837
0.045729
0.042529
0.046196
0.042948
0.046798
0.041703
0.042461
0.039414
0.039322
0.045253
0.050237
0.04786
0.044822
0.049639
0.043437
0.048955
0.046898
0.048786
0.047665
0.044573
0.015586
0.021446
0.020763
0.01526
0.021496
0.021186
0.01924
0.020762
0.023553
0.020816
0.023411
0.023963
0.022658
0.01996
0.021103
0.02251
0.022552
0.02595
0.019507
0.01848
0.022756
0.021208
0.021016
0.022868
0.026912
0.05135
0.016394
0.039126
0.044877
0.04877
0.047995
0.045403
0.04244
0.038583
0.043119
0.036787
0.03235
0.034077
0.036185
0.040257
0.03506
0.049033
0.052395
0.052954
0.047108
0.048315
0.04798
0.046338
0.047717
0.050266
0.049425
0.042455
0.04167
0.037961
0.03625
0.040979
0.040756
0.036063
0.032887
0.038171
0.035112
0.03172
0.033861
0.035314
0.020573
0.034115
0.031633
0.038742
0.033071
0.025865
0.036862
0.026705
0.036865
0.039301
0.039024
0.041216
0.021529
0.025543
0.024907
0.026798
0.029628
0.026768
0.026491
0.024044
0.023154
0.026031
0.028172
0.02349
0.030857
0.029818
0.02962
0.031876
0.036257
0.034773
0.040897
0.03511
0.044978
0.037732
0.030855
0.039283
0.038296
0.034502
0.034757
0.032127
0.03105
0.03281
0.034808
0.036234
0.036857
0.034947
0.030269
0.039957
0.036316
0.026144
0.022281
0.035045
0.022643
0.033063
0.026984
0.030881
0.035634
0.030611
0.024038
0.028251
0.019013
0.022059
0.017464
0.028564
0.02774
0.024329
0.022162
0.027273
0.023177
0.019451
0.030654
0.025665
0.02354
0.023019
0.03453
0.025843
0.028309
0.028583
0.026858
0.030119
0.023308
0.029649
0.031902
0.02356
0.026564
0.028209
0.024271
0.029226
0.033333
0.035758
0.028869
0.034997
0.034993
0.03039
0.034326
0.030691
0.034159
0.032793
0.028622
0.036306
0.034472
0.035817
0.026856
0.035463
0.036164
0.028749
0.028851
0.035114
0.02477
0.042269
0.035781
0.03105
0.031429
0.029416
0.025214
0.026358
0.025391
0.024428
0.029643
0.035508
0.020316
0.02105
0.024617
0.015035
0.019238
0.019746
0.020469
0.023811
0.021987
0.022529
0.02225
0.020621
0.021893
0.023822
0.022507
0.023066
0.0208
0.021275
0.022978
0.023785
0.017747
0.025151
0.024364
0.024197
0.02256
0.020754
0.022313
0.023567
0.033524
0.026817
0.025864
0.033395
0.029921
0.026891
0.026784
0.029579
0.021644
0.018821
0.026922
0.027049
0.025835
0.026055
0.02085
0.024512
0.028699
0.01681
0.019614
0.024285
0.023479
0.026571
0.024724
0.02126
0.026649
0.023857
0.025413
0.027882
0.020291
0.027303
0.024871
0.01959
0.021157
0.022954
0.021751
0.017567
0.020852
0.018031
0.021095
0.019334
0.023669
0.020293
0.023886
0.020623
0.026561
0.02032
0.016024
0.021981
0.017051
0.020795
0.022861
0.026874
0.024544
0.030725
0.022024
0.024687
0.017692
0.023462
0.022858
0.02408
0.022408
0.026581
0.024022
0.023967
0.025184
0.026813
0.027938
0.02456
0.024817
0.015923
0.018461
0.019641
0.020932
0.020404
0.021376
0.02624
0.016183
0.021747
0.025809
0.023961
0.033839
0.021665
0.02751
0.021774
0.025208
0.034045
0.032302
0.022501
0.018468
0.019769
0.019181
0.023729
0.024237
0.033767
0.028772
0.029455
0.032149
0.035423
0.038692
0.033159
0.033223
0.032505
0.033124
0.032076
0.017399
0.021476
0.018101
0.019957
0.016293
0.016019
0.022357
0.019685
0.020557
0.019386
0.012167
0.018681
0.018609
0.016014
0.032657
0.031649
0.042519
0.035637
0.039921
0.040372
0.033183
0.041029
0.027963
0.031476
0.03708
0.040575
0.030857
0.037736
0.04217
0.031614
0.034515
0.039561
0.022691
0.018273
0.011794
0.016082
0.015247
0.018323
0.020687
0.018183
0.01714
0.020541
0.021378
0.016303
0.022443
0.016642
0.018216
0.029927
0.033986
0.035407
0.04162
0.033623
0.035405
0.032814
0.030388
0.023136
0.021465
0.022798
0.020521
0.027369
0.023579
0.02411
0.020448
0.021849
0.023116
0.018354
0.026563
0.020389
0.02437
0.028062
0.020264
0.022734
0.026469
0.02247
0.01838
0.02091
0.021101
0.019054
0.01905
0.020221
0.022671
0.017337
0.020549
0.017907
0.018063
0.019108
0.022342
0.01972
0.019763
0.019208
0.016147
0.016605
0.018853
0.015889
0.018579
0.017703
0.050065
0.046266
0.041879
0.040505
0.039926
0.032126
0.045089
0.037414
0.042457
0.050604
0.037645
0.021012
0.020608
0.01725
0.018823
0.020356
0.01954
0.016132
0.020272
0.020192
0.021511
0.023703
0.019733
0.02173
0.023528
0.02392
0.017868
0.020517
0.020189
0.024378
0.022903
0.023166
0.022425
0.020896
0.042183
0.037828
0.050668
0.043386
0.045646
0.0477
0.044175
0.051255
0.042102
0.033863
0.04528
0.040393
0.041735
0.037632
0.046181
0.041044
0.040031
0.041417
0.031643
0.040824
0.043742
0.039
0.033046
0.033005
0.034019
0.033845
0.032803
0.033156
0.024048
0.029804
0.023308
0.030143
0.030154
0.025879
0.024123
0.02806
0.029513
0.028946
0.030425
0.032773
0.032258
0.030763
0.033626
0.025186
0.028457
0.025536
0.022907
0.027238
0.027218
0.029667
0.027105
0.037416
0.028691
0.027291
0.032677
0.030664
0.032568
0.03114
0.031658
0.037285
0.035535
0.032277
0.03685
0.034003
0.039999
0.042795
0.03052
0.042339
0.039624
0.033512
0.045905
0.045672
0.035384
0.035516
0.031971
0.039588
0.03718
0.033227
0.032759
0.038364
0.026774
0.024699
0.022105
0.022368
0.025561
0.02263
0.02495
0.023545
0.02212
0.031523
0.025875
0.022594
0.0254
0.026527
0.020999
0.031732
0.028628
0.024313
0.027046
0.031041
0.024795
0.020631
0.030525
0.031305
0.034914
0.03406
0.030246
0.034775
0.029097
0.034068
0.028481
0.02834
0.033444
0.035819
0.035291
0.03515
0.029061
0.033605
0.03575
0.031108
0.036911
0.033889
0.032815
0.024583
0.033313
0.029907
0.041944
0.031819
0.029768
0.028879
0.038744
0.029246
0.026505
0.031224
0.022344
0.023801
0.024007
0.023598
0.029189
0.02679
0.021272
0.024013
0.024032
0.022076
0.028076
0.032059
0.023405
0.023214
0.022818
0.028451
0.027484
0.020703
0.023873
0.020106
0.019981
0.01947
0.021928
0.025974
0.02417
0.020244
0.02413
0.022379
0.024059
0.018485
0.030039
0.030595
0.026152
0.028704
0.023489
0.023292
0.025473
0.026088
0.023609
0.025333
0.02555
0.024485
0.020749
0.02321
0.019769
0.021803
0.02355
0.025023
0.031317
0.028699
0.01838
0.021705
0.022926
0.019986
0.018628
0.024804
0.018206
0.018628
0.016457
0.019415
0.024343
0.024715
0.023556
0.018063
0.020766
0.018829
0.017698
0.018592
0.016999
0.019318
0.019068
0.017794
0.019248
0.024025
0.018678
0.017133
0.01908
0.017606
0.014577
0.017085
0.017766
0.017392
0.019386
0.020261
0.019213
0.019351
0.015594
0.018952
0.019489
0.019777
0.022095
0.019373
0.018584
0.022434
0.022431
0.020036
0.025694
0.029897
0.022287
0.022839
0.017562
0.022571
0.018212
0.018526
0.021651
0.020831
0.0188
0.020921
0.024277
0.020641
0.023426
0.021656
0.02483
0.022365
0.029294
0.020725
0.022033
0.022028
0.02175
0.027337
0.021937
0.019021
0.022323
0.017997
0.018991
0.019455
0.019196
0.023587
0.02168
0.021789
0.020472
0.022463
0.023899
0.022519
0.026027
0.023188
0.027336
0.029743
0.024172
0.024866
0.025424
0.022931
0.025249
0.031465
0.023563
0.017525
0.028295
0.021417
0.021037
0.017792
0.021409
0.020349
0.020267
0.020287
0.017623
0.020719
0.036017
0.029566
0.035208
0.030502
0.025986
0.036793
0.045878
0.031559
0.034803
0.041678
0.037115
0.047694
0.03872
0.042585
0.042551
0.044845
0.038769
0.042594
0.04037
0.026793
0.018221
0.019001
0.018117
0.019438
0.012509
0.017189
0.04262
0.04264
0.043586
0.044771
0.04534
0.045382
0.041846
0.042351
0.044261
0.04057
0.040713
0.042008
0.018729
0.022041
0.017066
0.01874
0.019932
0.027111
0.028258
0.024962
0.02737
0.024434
0.022986
0.029008
0.018198
0.030808
0.025459
0.026664
0.02571
0.029381
0.027169
0.028054
0.029954
0.024538
0.030495
0.030867
0.029215
0.025582
0.030866
0.022467
0.030215
0.028698
0.030966
0.030555
0.029467
0.030148
0.031464
0.03039
0.028233
0.027198
0.026102
0.022102
0.029181
0.027716
0.023286
0.028642
0.023424
0.02549
0.024994
0.023273
0.022156
0.036968
0.033865
0.032307
0.035889
0.032961
0.030989
0.036695
0.034909
0.034536
0.033056
0.035645
0.033286
0.035745
0.035372
0.039283
0.030485
0.030159
0.031987
0.034269
0.03408
0.031764
0.030796
0.025995
0.032387
0.030857
0.026987
0.030321
0.025398
0.024772
0.023141
0.026051
0.027792
0.028029
0.026752
0.023289
0.023866
0.023556
0.02301
0.024902
0.021884
0.023252
0.021535
0.020865
0.021756
0.021519
0.018118
0.018692
0.016115
0.018198
0.015897
0.018524
0.015285
0.0173
0.02168
0.021021
0.020518
0.019757
0.021005
0.020276
0.019938
0.018915
0.018473
0.016878
0.020782
0.020027
0.018836
0.018335
0.018563
0.022502
0.017548
0.019693
0.020247
0.019245
0.01693
0.0184
0.019962
0.01913
0.019376
0.017805
0.018225
0.017476
0.017347
0.018525
0.017027
0.019322
0.018329
0.018586
0.019813
0.018507
0.017151
0.020793
0.019497
0.017365
0.018678
0.017594
0.021757
0.023407
0.020913
0.020036
0.01627
0.018455
0.018807
0.020012
0.022686
0.021525
0.020691
0.021614
0.025869
0.025373
0.029236
0.014571
0.017796
0.021581
0.017218
0.019268
0.01919
0.019934
0.017991
0.01816
0.018627
0.016936
0.01523
0.015433
0.015524
0.018514
0.017174
0.019964
0.012696
0.018268
0.019802
0.018864
0.018509
0.017093
0.019012
0.018692
0.017311
0.01789
0.018051
0.017761
0.015417
0.017752
0.017537
0.017185
0.016137
0.015323
0.016082
0.014965
0.019451
0.018291
0.017025
0.020988
0.018938
0.018295
0.017655
0.017306
0.016784
0.014981
0.017406
0.016663
0.014413
0.014531
0.015958
0.014668
0.021969
0.014995
0.013821
0.016067
0.014079
0.014488
0.014104
0.016773
0.01767
0.014572
0.018046
0.016655
0.013582
0.013612
0.01628
0.016314
0.013611
0.017111
0.019571
0.016804
0.017237
0.018873
0.014873
0.017302
0.018862
0.015777
0.018748
0.018301
0.02007
0.01981
0.023049
0.021805
0.022601
0.022179
0.019868
0.022557
0.021604
0.020775
0.023288
0.026823
0.025848
0.027927
0.028419
0.015863
0.026482
0.028257
0.016419
0.0254
0.019937
0.02059
0.017656
0.021682
0.023986
0.020249
0.023093
0.02375
0.021829
0.027515
0.029312
0.023959
0.024107
0.024959
0.028673
0.035022
0.030865
0.036451
0.033801
0.034467
0.030015
0.035604
0.034025
0.038231
0.037705
0.039253
0.03306
0.029927
0.022492
0.015912
0.027209
0.017499
0.024402
0.021986
0.015524
0.030116
0.029509
0.016731
0.017898
0.019601
