0.031981
0.024334
0.018304
0.028406
0.026216
0.027353
0.031334
0.027217
0.027747
0.026621
0.024666
0.025807
0.015042
0.035245
0.041525
0.037742
0.01985
0.031072
0.022372
0.028843
0.033633
0.036975
0.033407
0.0315
0.032338
0.02069
0.034843
0.03613
0.03293
0.035003
0.032528
0.027009
0.030759
0.032319
0.032772
0.035301
0.027399
0.025715
0.024935
0.027487
0.027513
0.023819
0.033239
0.046817
0.043258
0.042758
0.040511
0.038698
0.038118
0.038116
0.035484
0.021838
0.030991
0.037038
0.02524
0.03961
0.023504
0.034374
0.038022
0.034512
0.015032
0.031246
0.030242
0.03405
0.026612
0.02403
0.025994
0.04153
0.037725
0.034516
0.037909
0.047151
0.046292
0.036397
0.038353
0.045989
0.039696
0.040879
0.041363
0.053527
0.019997
0.042481
0.038135
0.018882
0.043039
0.040303
0.038527
0.038578
0.040217
0.042308
0.038387
0.039534
0.03926
0.045938
0.047488
0.019291
0.040327
0.037039
0.039789
0.0245
0.051096
0.034781
0.037045
0.039073
0.04542
0.046994
0.032766
0.037962
0.034398
0.032747
0.043786
0.041684
0.02977
0.041989
0.030148
0.032627
0.034353
0.029258
0.032586
0.028219
0.036224
0.037267
0.034395
0.034062
0.027026
0.035272
0.036058
0.036421
0.042655
0.041961
0.041185
0.038564
0.033069
0.030376
0.03861
0.025503
0.024379
0.029282
0.023779
0.027365
0.024913
0.029253
0.027539
0.027735
0.02669
0.027587
0.026813
0.027087
0.018144
0.029424
0.028501
0.02587
0.021851
0.025352
0.029116
0.026393
0.030994
0.028157
0.023908
0.023312
0.020528
0.02137
0.030768
0.030713
0.032815
0.021094
0.030959
0.019793
0.032425
0.027852
0.026609
0.029792
0.026354
0.019079
0.021224
0.028572
0.027274
0.026524
0.030445
0.020018
0.029242
0.032926
0.019684
0.032386
0.026578
0.031123
0.030384
0.025034
0.022044
0.028975
0.031568
0.029945
0.02385
0.019749
0.028984
0.023585
0.029873
0.024843
0.023736
0.018305
0.017953
0.028724
0.017571
0.022301
0.025584
0.023581
0.033073
0.029208
0.030327
0.033255
0.033181
0.028283
0.030374
0.02175
0.02469
0.021383
0.020611
0.021019
0.020544
0.033827
0.029947
0.030657
0.021681
0.022865
0.023171
0.019684
0.017817
0.023101
0.020388
0.024725
0.018102
0.021377
0.016834
0.027417
0.021874
0.032859
0.01655
0.031877
0.033009
0.036487
0.03486
0.036865
0.025115
0.022119
0.029546
0.030738
0.031329
0.022879
0.027655
0.020412
0.018325
0.029174
0.018892
0.023528
0.025921
0.023754
0.019724
0.023659
0.017404
0.017432
0.02249
0.019684
0.042103
0.038355
0.042365
0.037981
0.038373
0.037099
0.036687
0.037448
0.028812
0.041087
0.035368
0.03862
0.036684
0.041869
0.033123
0.03324
0.036643
0.030989
0.035239
0.034064
0.033347
0.019316
0.033719
0.033483
0.036208
0.029142
0.022581
0.031735
0.023337
0.033018
0.025447
0.029565
0.02398
0.020693
0.029035
0.027503
0.029362
0.026487
0.022219
0.017498
0.022007
0.025095
0.019791
0.030234
0.022341
0.025137
0.016124
0.025968
0.024483
0.025898
0.022813
0.020014
0.019504
0.016203
0.019299
0.025497
0.035016
0.026937
0.025857
0.017579
0.024338
0.028483
0.020731
0.017763
0.023909
0.022427
0.031801
0.023041
0.030579
0.022255
0.029854
0.021597
0.021327
0.022936
0.024652
0.037584
0.035076
0.025216
0.033747
0.03219
0.031547
0.031665
0.034212
0.035734
0.031954
0.029611
0.027035
0.024758
0.025761
0.025064
0.023084
0.020408
0.023239
0.040421
0.038562
0.0351
0.020116
0.025565
0.020382
0.020293
0.021298
0.027523
0.021693
0.020327
0.024738
0.019719
0.013477
0.016941
0.01692
0.01834
0.020524
0.024599
0.03732
0.022672
0.01916
0.027654
0.036428
0.053681
0.015628
0.011786
0.015818
0.018266
0.023121
0.019341
0.019312
0.018605
0.018825
0.021837
0.027541
0.022398
0.023082
0.021462
0.019549
0.023711
0.020624
0.017406
0.018179
0.018044
0.015115
0.02542
0.026162
0.021407
0.021339
0.017454
0.019701
0.016594
0.021928
0.017931
0.024471
0.021733
0.020645
0.016065
0.02131
0.014648
0.020266
0.019536
0.02014
0.018941
0.029083
0.014825
0.021584
0.019731
0.018746
0.033444
0.03735
0.021516
0.021413
0.020447
0.021534
0.023832
0.022792
0.021245
0.021514
0.0232
0.022042
0.026863
0.021156
0.023568
0.024172
0.031713
0.012292
0.017706
0.029209
0.030259
0.022583
0.016531
0.020789
0.022137
0.018394
0.022484
0.025851
0.026299
0.019032
0.017125
0.017435
0.02553
0.020078
0.021049
0.020317
0.023065
0.020308
0.035513
0.021334
0.019722
0.017848
0.018746
0.02517
0.028766
0.020872
0.031739
0.021056
0.023027
0.025047
0.022227
0.02427
0.024567
0.021024
0.019675
0.020429
0.018087
0.019151
0.02279
0.020794
0.020639
0.026516
0.019104
0.022795
0.022061
0.025709
0.023398
0.016415
0.021586
0.024303
0.01926
0.021451
0.017725
0.030362
0.020155
0.021356
0.018725
0.016946
0.017063
0.01806
0.043114
0.021438
0.024125
0.043687
0.017295
0.034219
0.020417
0.015161
0.02422
0.038773
0.039468
0.023039
0.023621
0.022767
0.02287
0.020527
0.017347
0.020757
0.018969
0.017353
0.020345
0.020777
0.022358
0.020291
0.019612
0.025664
0.019488
0.015933
0.015168
0.023946
0.01881
0.015545
0.015977
0.016937
0.014095
0.015655
0.022827
0.022889
0.01539
0.02113
0.020024
0.013667
0.018174
0.022311
0.01721
0.015703
0.012336
0.018975
0.015614
0.022591
0.022274
0.023704
0.019793
0.020961
0.018849
0.019681
0.020399
0.022438
0.021982
0.017077
0.017821
0.032609
0.026163
0.027124
0.022245
0.017624
0.016769
0.0176
0.020673
0.015929
0.018957
0.015807
0.019207
0.027858
0.029272
0.02762
0.022357
0.027191
0.019252
0.023466
0.025107
0.018784
0.022433
0.0319
0.025717
0.022766
0.037142
0.022327
0.0209
0.026755
0.02159
0.019457
0.023468
0.017749
0.02647
0.028472
0.020867
0.02338
0.019256
0.022434
0.022764
0.021839
0.020096
0.026706
0.020297
0.01584
0.02254
0.017202
0.017587
0.01819
0.02486
0.017625
0.020239
0.017088
0.021633
0.020189
0.021224
0.018742
0.015663
0.032109
0.032173
0.030745
0.031071
0.034477
0.049158
0.024773
0.02837
0.032789
0.015424
0.019501
0.017915
0.02234
0.019038
0.019401
0.017688
0.020064
0.020121
0.025699
0.017609
0.02116
0.024856
0.037733
0.018738
0.018694
0.018331
0.020285
0.021427
0.016447
0.01736
0.019965
0.016102
0.016279
0.024289
0.019544
0.022581
0.022407
0.018265
0.019307
0.024099
0.015472
0.014211
0.014199
0.015269
0.017574
0.015283
0.014734
0.012956
0.014587
0.017774
0.01557
0.013671
0.016519
0.012948
0.011947
0.014959
0.017542
0.017269
0.016805
0.009967
0.019327
0.01775
0.020257
0.020244
0.022603
0.022538
0.020336
0.01952
0.021317
0.022348
0.020083
0.017706
0.021866
0.021182
0.019849
0.0177
0.01818
0.015638
0.023223
0.017433
0.014777
0.014288
0.016519
0.019569
0.018929
0.015663
0.016667
0.022036
0.020232
0.022692
0.020801
0.021723
0.020126
0.021467
0.021877
0.022512
0.020607
0.019093
0.017317
0.020462
0.025484
0.021947
0.020859
0.027952
0.015459
0.021159
0.018532
0.018975
0.038894
0.018735
0.021315
0.023392
0.019815
0.021471
0.022264
0.023754
0.019801
0.019509
0.013352
0.01694
0.01983
0.015138
0.015292
0.017114
0.021156
0.018029
0.022635
0.020701
0.016235
0.02479
0.024876
0.024847
0.026262
0.015299
0.024968
0.024496
0.018233
0.022706
0.020063
0.022488
0.019748
0.015413
0.022638
0.01812
0.024394
0.018429
0.017491
0.022889
0.019645
0.021584
0.024043
0.024283
0.043513
0.035395
0.018382
0.016551
0.019387
0.023401
0.018247
0.024282
0.020398
0.025762
0.023679
0.021822
0.020866
0.018407
0.018424
0.019708
0.019757
0.019748
0.019313
0.021531
0.019199
0.022238
0.021573
0.02362
0.022448
0.02213
0.020231
0.02772
0.023192
0.022741
0.022674
0.022602
0.021758
0.021139
0.023943
0.022636
0.053433
0.055085
0.056758
0.059189
0.053434
0.053289
0.053335
0.056798
0.055723
0.051334
0.049876
0.047676
0.048364
0.057517
0.037602
0.043906
0.042549
0.0425
0.033499
0.053244
0.034108
0.044557
0.056374
0.054731
0.052823
0.045699
0.042773
0.048514
0.046588
0.054893
0.043853
0.037745
0.047522
0.042821
0.054075
0.035826
0.044582
0.04011
0.044233
0.035139
0.035008
0.050582
0.043381
0.03263
0.036328
0.034772
0.028336
0.038836
0.033536
0.033253
0.030657
0.028916
0.027537
0.055432
0.041236
0.043256
0.046028
0.039233
0.048965
0.043998
0.034134
0.036531
0.039401
0.036651
0.0376
0.030844
0.035792
0.043397
0.031279
0.035301
0.020908
0.033536
0.023762
0.027938
0.023933
0.046539
0.024719
0.032354
0.031295
0.02515
0.02679
0.025958
0.030307
0.024359
0.027597
0.02809
0.025354
0.032626
0.028631
0.029633
0.027789
0.029671
0.0335
0.030948
0.023893
0.028524
0.025377
0.026906
0.028424
0.023071
0.025462
0.024593
0.024001
0.026324
0.027418
0.023602
0.022515
0.02165
0.024168
0.027471
0.031215
0.031819
0.028036
0.033311
0.030799
0.031612
0.030023
0.033605
0.033389
0.029829
0.027395
0.029242
0.034473
0.04005
0.03334
0.040403
0.024892
0.033591
0.038772
0.04471
0.038692
0.031291
0.047571
0.03452
0.037856
0.035326
0.041677
0.030477
0.036061
0.033474
0.03798
0.039106
0.037871
0.03388
0.034696
0.039834
0.038589
0.038299
0.034881
0.038879
0.035144
0.039182
0.036646
0.036516
0.035221
0.040803
0.032089
0.047529
0.030933
0.036245
0.031063
0.0282
0.025136
0.024358
0.021887
0.018416
0.018847
0.021542
0.020362
0.014258
0.017612
0.017549
0.016081
0.013049
0.016157
0.019473
0.016671
0.014636
0.0093737
0.015979
0.015955
0.015088
0.012417
0.015909
0.014146
0.046929
0.044479
0.041232
0.039937
0.042756
0.03278
0.036828
0.040944
0.034494
0.035259
0.034843
0.037398
0.036052
0.035972
0.036916
0.042306
0.037268
0.041903
0.034284
0.039562
0.037289
0.032243
0.042
0.037351
0.037347
0.038257
0.025876
0.026452
0.034394
0.039378
0.036837
0.039298
0.028752
0.042918
0.036861
0.036285
0.025648
0.040391
0.027705
0.028548
0.033004
0.034051
0.029556
0.028603
0.021713
0.022277
0.026006
0.018806
0.022611
0.021266
0.021147
0.02283
0.017716
0.019377
0.016195
0.016689
0.020848
0.020292
0.016428
0.018458
0.014767
0.010673
0.014507
0.01282
0.021162
0.012236
0.019203
0.019538
0.035192
0.036985
0.030769
0.036424
0.035941
0.033906
0.029691
0.036167
0.035391
0.041842
0.038697
0.028145
0.042645
0.03364
0.034899
0.02486
0.037528
0.024972
0.035886
0.031456
0.0245
0.025733
0.030706
0.020262
0.038748
0.027646
0.027939
0.039823
0.0188
0.024998
0.027844
0.025936
0.029476
0.016541
0.017741
0.018437
0.01647
0.019765
0.020305
0.01692
0.023206
0.020189
0.022709
0.021168
0.022568
0.021875
0.039278
0.021809
0.025064
0.023751
0.026306
0.021683
0.015472
0.017901
0.029233
0.018001
0.017617
0.028392
0.02506
0.026861
0.02685
0.022299
0.029357
0.026315
0.021915
0.023268
0.02223
0.019476
0.023583
0.020813
0.018097
0.019341
0.020841
0.019415
0.01623
0.019839
0.017714
0.022455
0.02192
0.019366
0.017917
0.020355
0.022076
0.015749
0.019535
0.021651
0.017746
0.019466
0.017832
0.022848
0.019551
0.020741
0.020821
0.019993
0.019267
0.021554
0.018755
0.022464
0.024254
0.020511
0.02654
0.02283
0.021505
0.01779
0.020477
0.017026
0.020511
0.017235
0.017156
0.020878
0.018239
0.018688
0.020353
0.019045
0.018546
0.021295
0.021764
0.021639
0.018756
0.020353
0.019736
0.019062
0.020265
0.021286
0.017608
0.019476
0.02252
0.021328
0.029696
0.027769
0.032007
0.033112
0.032597
0.027633
0.028626
0.029663
0.03699
0.026403
0.030571
0.032393
0.026396
0.025911
0.044042
0.024006
0.026295
0.027075
0.04378
0.028684
0.03258
0.041678
0.043606
0.022881
0.035564
0.032431
0.031496
0.029528
0.022331
0.035582
0.025679
0.023297
0.031782
0.021166
0.028191
0.029309
0.034899
0.02901
0.024352
0.036999
0.027972
0.038889
0.028154
0.031771
0.027049
0.025106
0.024522
0.023126
0.024116
0.029586
0.024707
0.026493
0.026676
0.026105
0.027079
0.02034
0.028699
0.024117
0.031705
0.030886
0.029503
0.031899
0.029196
0.03399
0.023984
0.022617
0.02619
0.031258
0.022812
0.031544
0.027234
0.028934
0.026486
0.022661
0.027351
0.027847
0.025247
0.026265
0.021544
0.01895
0.019148
0.021398
0.022963
0.025406
0.018496
0.018635
0.017753
0.018893
0.024575
0.021663
0.020527
0.021088
0.035217
0.036599
0.026957
0.030671
0.029989
0.028311
0.024816
0.029606
0.023646
0.025537
0.028069
0.025893
0.023831
0.028815
0.01611
0.023088
0.024349
0.016028
0.018958
0.017021
0.023718
0.016078
0.016573
0.017903
0.013397
0.01651
0.020337
0.012944
0.014645
0.014308
0.023145
0.026013
0.022598
0.019927
0.028723
0.023272
0.021992
0.022376
0.021744
0.01794
0.022735
0.020402
0.017902
0.018811
0.017445
0.020786
0.018066
0.020604
0.016553
0.016377
0.021532
0.012831
0.016815
0.01423
0.026252
0.022381
0.023446
0.023106
0.020488
0.018505
0.022136
0.015326
0.02086
0.013084
0.015008
0.018871
0.017959
0.019825
0.017266
0.020213
0.017489
0.018481
0.016824
0.016508
0.022632
0.016509
0.016139
0.015486
0.012455
0.021024
0.020332
0.019815
0.024386
0.020908
0.01875
0.016964
0.022307
0.019574
0.020454
0.017474
0.021017
0.019756
0.01949
0.019226
0.019034
0.01478
0.021054
0.019718
0.020073
0.023208
0.039093
0.0236
0.021031
0.0213
0.016758
0.020927
0.019611
0.020161
0.021125
0.020858
0.017605
0.020351
0.02226
0.020341
0.01776
0.022012
0.019996
0.021589
0.024753
0.02153
0.019606
0.01679
0.020027
0.018045
0.019443
0.020794
0.019872
0.019417
0.020339
0.019216
0.018293
0.017503
0.0225
0.021564
0.020381
0.02126
0.020912
0.043435
0.041645
0.043575
0.042265
0.040388
0.045538
0.039397
0.03985
0.044071
0.04468
0.037846
0.042796
0.048341
0.043133
0.030573
0.045809
0.0343
0.039206
0.037165
0.034305
0.037555
0.03511
0.033572
0.037307
0.033726
0.036422
0.039885
0.041793
0.034384
0.044172
0.038694
0.043591
0.034773
0.044378
0.042163
0.040779
0.042778
0.045143
0.04132
0.041956
0.038151
0.042581
0.043208
0.033314
0.03708
0.046056
0.037732
0.042764
0.041376
0.037665
0.03376
0.04006
0.036911
0.036801
0.036165
0.040785
0.036992
0.038367
0.034858
0.031642
0.03534
0.032993
0.032158
0.0356
0.031196
0.035709
0.033986
0.0234
0.036924
0.031616
0.027008
0.030134
0.028947
0.029644
0.035694
0.035596
0.035281
0.036273
0.039058
0.041724
0.030637
0.03513
0.036664
0.038214
0.038818
0.039097
0.036163
0.032023
0.03296
0.028769
0.03146
0.030345
0.046676
0.048303
0.027996
0.019702
0.033877
0.050475
0.026722
0.043858
0.058016
0.027996
0.05603
0.042022
0.045503
0.041768
0.036868
0.039616
0.043932
0.043697
0.048214
0.042519
0.036879
0.031476
0.043304
0.043204
0.043285
0.039961
0.043361
0.044855
0.042923
0.042485
0.043118
0.04684
0.046823
0.041387
0.046189
0.046772
0.045502
0.034691
0.031473
0.042835
0.030688
0.032714
0.034182
0.036323
0.02819
0.021846
0.022835
0.030173
0.019531
0.01969
0.042337
0.020959
0.037794
0.016395
0.032701
0.023605
0.025677
0.046293
0.041691
0.03234
0.050726
0.047866
0.031577
0.021072
0.018595
0.015927
0.018036
0.011764
0.016863
0.011067
0.016262
0.014211
0.016207
0.022752
0.018168
0.017589
0.017546
0.023
0.013513
0.016204
0.014455
0.015385
0.02058
0.025786
0.018398
0.016582
0.019189
0.018575
0.0158
0.019193
0.018992
0.018903
0.019399
0.017628
0.015447
0.014588
0.01524
0.012869
0.014718
0.014788
0.0097676
0.017447
0.014585
0.021598
0.014737
0.023065
0.017686
0.016689
0.023896
0.01723
0.018975
0.018613
0.022874
0.019386
0.017383
0.020853
0.020291
0.017391
0.020314
0.01654
0.016665
0.019341
0.018029
0.016532
0.011889
0.016655
0.014044
0.014686
0.017513
0.015574
0.019609
0.013123
0.018813
0.020861
0.020149
0.02101
0.019693
0.01927
0.022478
0.02466
0.019814
0.015096
0.021031
0.020537
0.018466
0.012736
0.021567
0.01608
0.019997
0.019155
0.016209
0.019607
0.018781
0.01999
0.017133
0.022108
0.020585
0.019371
0.021198
0.020187
0.019318
0.017523
0.018655
0.014333
0.01877
0.017341
0.018873
0.017005
0.015601
0.017251
0.0169
0.017848
0.017319
0.016775
0.015869
0.016902
0.017828
0.01632
0.018533
0.015366
0.022575
0.023393
0.020818
0.023283
0.023496
0.02064
0.025571
0.038254
0.035402
0.043234
0.033384
0.034681
0.039408
0.041808
0.037144
0.028525
0.031042
0.026875
0.035883
0.031873
0.03578
0.03171
0.034063
0.029742
0.028326
0.042151
0.037878
0.038784
0.033508
0.033864
0.032557
0.035957
0.029549
0.028102
0.030282
0.024607
0.028757
0.025369
0.028727
0.026247
0.023959
0.027061
0.041974
0.046086
0.040159
0.039413
0.040417
0.037855
0.036539
0.03728
0.03696
0.031283
0.038965
0.03682
0.028038
0.039313
0.030165
0.033158
0.039799
0.037512
0.025985
0.028145
0.03704
0.038225
0.027303
0.031031
0.033837
0.042688
0.0395
0.03858
0.038736
0.038674
0.038858
0.037593
0.039473
0.032513
0.033523
0.044828
0.04007
0.049411
0.045696
0.0415
0.044425
0.034811
0.041194
0.042972
0.046995
0.043818
0.03186
0.044807
0.047137
0.044331
0.04195
0.041759
0.038552
0.038219
0.041731
0.038145
0.033117
0.046365
0.039739
0.027337
0.036382
0.039686
0.040364
0.040685
0.030132
0.032419
0.042575
0.041076
0.041012
0.036533
0.030737
0.031793
0.039937
0.043673
0.035745
0.030856
0.029748
0.035543
0.030162
0.039445
0.03061
0.029779
0.033569
0.036623
0.034421
0.030645
0.039276
0.038454
0.039129
0.027911
0.02869
0.040559
0.047312
0.046625
0.036957
0.036606
0.03928
0.030752
0.030738
0.03733
0.033354
0.03641
0.035484
0.032648
0.038551
0.033319
0.032234
0.031527
0.034817
0.031083
0.02949
0.032179
0.032998
0.032784
0.030581
0.033794
0.022462
0.02592
0.021234
0.020667
0.02492
0.02824
0.030225
0.020334
0.033456
0.029937
0.028585
0.032577
0.030004
0.038065
0.030826
0.03967
0.03237
0.026649
0.027823
0.037347
0.033328
0.027841
0.037965
0.03182
0.032328
0.02981
0.032124
0.030054
0.029638
0.029403
0.027771
0.032956
0.02323
0.028034
0.032215
0.023364
0.025982
0.039144
0.026803
0.026879
0.038119
0.030099
0.019015
0.026919
0.026053
0.02641
0.025768
0.027898
0.024657
0.022403
0.02452
0.020205
0.020637
0.016472
0.017624
0.017749
0.019245
0.018967
0.017451
0.019082
0.017822
0.017747
0.017902
0.026903
0.0168
0.01549
0.017247
0.013697
0.018823
0.019103
0.022608
0.022012
0.021561
0.015636
0.024013
0.01922
0.025222
0.016703
0.015171
0.018692
0.045384
0.03442
0.036269
0.039678
0.027646
0.044963
0.037504
0.038746
0.032372
0.038052
0.02957
0.029923
0.031735
0.036381
0.028696
0.031599
0.031436
0.018783
0.015087
0.020792
0.023695
0.017263
0.018181
0.014641
0.017626
0.022055
0.019296
0.017278
0.021196
0.012452
0.022029
0.011114
0.019523
0.022319
0.018267
0.012316
0.022454
0.018213
0.020907
0.015872
0.025863
0.020493
0.023686
0.026021
0.018805
0.015166
0.015619
0.018103
0.01564
0.013309
0.020851
0.013332
0.014366
0.014615
0.014836
0.026958
0.016526
0.017462
0.01598
0.0169
0.017305
0.016825
0.015672
0.014271
0.016327
0.014167
0.012832
0.015105
0.014499
0.01556
0.010145
0.016704
0.018663
0.015915
0.01632
0.011716
0.013248
0.01393
0.014589
0.012928
0.014777
0.018353
0.014253
0.015631
0.017499
0.016262
0.017156
0.016201
0.018025
0.017396
0.017823
0.011847
0.015383
0.017715
0.015524
0.01626
0.013819
0.01519
0.016515
0.015342
0.013494
0.01706
0.020901
0.019689
0.02089
0.018774
0.01971
0.014963
0.019935
0.018793
0.015179
0.017969
0.017566
0.01999
0.014809
0.014354
0.014987
0.020772
0.017936
0.017632
0.015408
0.015702
0.015816
0.018495
0.014846
0.017428
0.014298
0.014187
0.015992
0.015649
0.021328
0.016404
0.014459
0.018839
0.018969
0.017644
0.016817
0.018204
0.017336
0.018216
0.022366
0.016107
0.018896
0.014078
0.019461
0.017515
0.02066
0.017556
0.016418
0.017246
0.014345
0.016795
0.014671
0.038765
0.034427
0.033083
0.030432
0.034075
0.035273
0.032439
0.0332
0.036976
0.030506
0.032821
0.025851
0.030207
0.03909
0.028895
0.026419
0.028089
0.029518
0.031402
0.034623
0.034479
0.036455
0.030656
0.032663
0.030099
0.033342
0.034371
0.027079
0.037436
0.02984
0.033048
0.035189
0.034912
0.027148
0.043343
0.037529
0.043929
0.039013
0.031391
0.039203
0.031136
0.025713
0.033117
0.02677
0.031579
0.029988
0.038313
0.042101
0.032974
0.032843
0.03205
0.026194
0.02769
0.030837
0.031755
0.029095
0.030226
0.032943
0.03125
0.026134
0.029234
0.025682
0.019938
0.025778
0.025194
0.025781
0.022251
0.028075
0.024224
0.037656
0.036029
0.042778
0.03916
0.036771
0.042317
0.031298
0.031286
0.032072
0.029354
0.03255
0.030115
0.024323
0.029597
0.028203
0.032361
0.021333
0.028827
0.029199
0.043523
0.038801
0.034372
0.034088
0.03187
0.02645
0.033339
0.027777
0.028182
0.02526
0.025931
0.029075
0.02349
0.025943
0.032886
0.023739
0.025847
0.028647
0.023835
0.034291
0.024413
0.027948
0.026546
0.021566
0.022937
0.025688
0.029282
0.031037
0.022827
0.0251
0.035058
0.031611
0.036734
0.03331
0.031728
0.033236
0.024508
0.021414
0.029413
0.026276
0.022546
0.024268
0.024372
0.024661
0.025461
0.029471
0.030095
0.025689
0.030229
0.024671
0.030634
0.027045
0.024831
0.031535
0.024375
0.023623
0.025828
0.029401
0.028118
0.034424
0.031971
0.03523
0.035061
0.029004
0.035456
0.037308
0.032027
0.033021
0.033994
0.041784
0.037652
0.042447
0.035354
0.040361
0.03726
0.023923
0.030909
0.030798
0.022838
0.028072
0.026426
0.024905
0.025364
0.024615
0.026245
0.024685
0.022626
0.03975
0.037343
0.030055
0.032373
0.029464
0.029334
0.031422
0.023721
0.022916
0.022509
0.033882
0.039676
0.024391
0.030274
0.029405
0.026309
0.028232
0.029105
0.033386
0.031654
0.031189
0.015043
0.028474
0.01289
0.043055
0.044233
0.038347
0.045658
0.04635
0.044195
0.036955
0.034453
0.043141
0.043223
0.039914
0.04137
0.03301
0.044336
0.037056
0.03574
0.040091
0.036692
0.04166
0.044201
0.035335
0.035449
0.03365
0.031461
0.037175
0.033296
0.034793
0.030506
0.027018
0.026693
0.024721
0.040654
0.042551
0.047846
0.046552
0.027584
0.027582
0.050402
0.023492
0.023199
0.028834
0.015035
0.024164
0.027331
0.022675
0.024871
0.02327
0.025111
0.032508
0.029071
0.022621
0.019412
0.023068
0.021655
0.017223
0.02754
0.020576
0.017204
0.02143
0.016431
0.031744
0.028649
0.028802
0.01546
0.027885
0.032709
0.029109
0.027447
0.032413
0.027254
0.047927
0.029361
0.048498
0.026658
0.033485
0.027783
0.030333
0.04737
0.030829
0.026314
0.03087
0.02976
0.032175
0.030489
0.027002
0.026366
0.025276
0.035436
0.03354
0.015772
0.016079
0.01204
0.011239
0.012846
0.014242
0.013845
0.010962
0.013516
0.015719
0.013262
0.014793
0.012247
0.014039
0.048657
0.047792
0.045583
0.038996
0.033773
0.047589
0.04919
0.041329
0.046083
0.042458
0.042894
0.041376
0.036225
0.035497
0.030935
0.030756
0.034061
0.041793
0.037258
0.030617
0.022139
0.019604
0.024692
0.024102
0.018532
0.034838
0.026778
0.026378
0.018649
0.028992
0.030755
0.035183
0.033163
0.031334
0.03429
0.026128
0.030673
0.025454
0.028305
0.026106
0.026774
0.028788
0.024915
0.032169
0.023699
0.02422
0.016887
0.029469
0.018415
0.013794
0.022223
0.018846
0.015978
0.016105
0.026712
0.034485
0.021661
0.024343
0.025333
0.027339
0.032692
0.038129
0.032623
0.033653
0.027307
0.028554
0.03168
0.034518
0.027211
0.028331
0.028855
0.02999
0.025839
0.023844
0.022464
0.043315
0.028491
0.023318
0.021534
0.020004
0.020412
0.01764
0.018437
0.017941
0.016755
0.019195
0.017694
0.043279
0.017076
0.013542
0.016599
0.014563
0.024262
0.012965
0.015077
0.018006
0.019079
0.014543
0.018633
0.012352
0.012495
0.013909
0.015179
0.012874
0.015852
0.013275
0.015885
0.015621
0.015839
0.014321
0.025887
0.02021
0.024469
0.023105
0.022766
0.016417
0.019026
0.01453
0.022616
0.01501
0.013539
0.015306
0.016692
0.022344
0.020416
0.015919
0.02091
0.021627
0.022191
0.021454
0.020158
0.025042
0.018491
0.01651
0.014628
0.014849
0.014884
0.011751
0.019175
0.013274
0.01387
0.014412
0.017395
0.016932
0.013719
0.020646
0.019803
0.011647
0.012824
0.024112
0.018855
0.012607
0.021043
0.024918
0.021072
0.042839
0.023576
0.015904
0.017903
0.017263
0.01393
0.014963
0.012658
0.015838
0.024495
0.029256
0.025106
0.026615
0.013025
0.014686
0.01438
0.015401
0.016283
0.013723
0.01364
0.011104
0.019282
0.015371
0.018504
0.013256
0.016697
0.016399
0.009541
0.010278
0.014882
0.014405
0.012766
0.013255
0.015455
0.017014
0.012857
0.010754
0.014956
0.011611
0.02796
0.025876
0.037932
0.027488
0.018195
0.020392
0.024152
0.021841
0.020787
0.017178
0.01976
0.023021
0.017858
0.020361
0.019371
0.025694
0.022339
0.022777
0.03146
0.027157
0.022394
0.018028
0.020733
0.020942
0.019518
0.02452
0.022948
0.024352
0.022788
0.01879
0.017607
0.017279
0.021947
0.020491
0.017479
0.020456
0.016909
0.019648
0.018074
0.015774
0.018061
0.017813
0.018758
0.01333
0.018449
0.016434
0.014995
0.018258
0.027122
0.020189
0.020089
0.018076
0.017667
0.014402
0.017953
0.017742
0.019167
0.016313
0.011059
0.019994
0.013328
0.014865
0.016874
0.021275
0.014777
0.0143
0.014622
0.015487
0.01821
0.015156
0.01583
0.017271
0.016153
0.014267
0.016741
0.014969
0.012248
0.01498
0.017775
0.018046
0.01393
0.016147
0.014244
0.014532
0.019188
0.013543
0.015039
0.016702
0.018677
0.016023
0.016751
0.015527
0.012794
0.01276
0.021836
0.018604
0.018389
0.020075
0.020841
0.016788
0.021036
0.024356
0.025228
0.023292
0.021039
0.027212
0.0229
0.021755
0.024049
0.01971
0.027604
0.02043
0.020635
0.023224
0.022897
0.020933
0.017477
0.019738
0.022146
0.019128
0.019243
0.025128
0.018814
0.021567
0.018882
0.021988
0.022754
0.02173
0.022259
0.018068
0.020691
0.014962
0.016543
0.021627
0.014473
0.022985
0.015198
0.019826
0.017013
0.020275
0.015398
0.01332
0.015427
0.01594
0.018191
0.01729
0.020969
0.018449
0.01503
0.016387
0.01527
0.016989
0.016948
0.01655
0.020039
0.020106
0.014999
0.02087
0.017432
0.012456
0.013406
0.02545
0.019191
0.017974
0.019617
0.020977
0.016474
0.015181
0.014034
0.019653
0.020378
0.014115
0.014957
0.015335
0.017312
0.016753
0.011713
0.014872
0.015351
0.017051
0.016229
0.014854
0.012207
0.014387
0.014804
0.011089
0.016551
0.013633
0.015454
0.019328
0.01698
0.019856
0.018737
0.018909
0.015846
0.017422
0.015009
0.018401
0.019021
0.018754
0.020871
0.020116
0.01932
0.018171
0.018249
0.017764
0.018834
0.017535
0.016574
0.01885
0.018214
0.019372
0.014049
0.017253
0.018735
0.019101
0.019634
0.019954
0.018981
0.014147
0.019281
0.015959
0.014505
0.015514
0.014605
0.020219
0.016634
0.016636
0.017641
0.021649
0.022014
0.022055
0.019003
0.02452
0.017385
0.015809
0.01481
0.013777
0.01941
0.015529
0.021975
0.019299
0.013719
0.015121
0.020982
0.01859
0.012864
0.014369
0.019482
0.019819
0.014327
0.019645
0.025621
0.02165
0.022393
0.023712
0.022373
0.021351
0.022831
0.021352
0.017613
0.02137
0.020481
0.027381
0.027628
0.02576
0.028108
0.028666
0.029351
0.02763
0.026424
0.022086
0.024961
0.027445
0.024855
0.025594
0.031574
0.025932
0.022956
0.020906
0.023689
0.025769
0.022556
0.021487
0.019381
0.019895
0.024139
0.02386
0.024942
0.020022
0.028348
0.02909
0.023045
0.02843
0.025263
0.025156
0.027215
0.022217
0.022706
0.025789
0.029789
0.024981
0.023394
0.027369
0.027593
0.02463
0.023141
0.01935
0.021709
0.016288
0.027058
0.012215
0.015202
0.022864
0.025189
0.017692
0.02028
0.013827
0.016291
0.026486
0.020216
0.043559
0.040798
0.04387
0.041636
0.032317
0.030259
0.029602
0.040888
0.03821
0.039582
0.033327
0.04374
0.039817
0.038241
0.034619
0.031887
0.039738
0.026967
0.036715
0.037994
0.028675
0.032137
0.028343
0.026234
0.032086
0.03788
0.035078
0.023916
0.023668
0.021252
0.026717
0.026644
0.021859
0.024817
0.025431
0.02412
0.02286
0.026993
0.023512
0.025901
0.028059
0.026359
0.028267
0.031291
0.034525
0.038957
0.040245
0.029752
0.035621
0.038279
0.04019
0.037047
0.038881
0.041764
0.03613
0.04072
0.043568
0.040162
0.044972
0.039453
0.041843
0.043499
0.040892
0.042939
0.040954
0.027779
0.022141
0.025356
0.028731
0.0279
0.026569
0.037183
0.035571
0.030112
0.034227
0.037597
0.029672
0.034838
0.040155
0.029446
0.037213
0.025502
0.024293
0.031681
0.032362
0.025413
0.027207
0.032047
0.031412
0.034489
0.026285
0.033734
0.033878
0.032096
0.024386
0.029413
0.027577
0.028311
0.027672
0.025319
0.025096
0.024139
0.024564
0.023267
0.026787
0.021804
0.020772
0.021424
0.022468
0.02858
0.028064
0.026134
0.031801
0.030918
0.025401
0.020193
0.022793
0.022065
0.019141
0.024912
0.020927
0.029769
0.026342
0.025461
0.028281
0.025143
0.026557
0.024686
0.025438
0.025034
0.024146
0.028214
0.026417
0.029082
0.028629
0.028512
0.026272
0.030049
0.024379
0.023235
0.025306
0.023701
0.029643
0.022179
0.033715
0.032466
0.034635
0.03217
0.028369
0.037399
0.035923
0.031478
0.026497
0.032386
0.022686
0.025859
0.043984
0.036898
0.022719
0.033154
0.029301
0.032275
0.030363
0.026554
0.030883
0.033045
0.026577
0.026525
0.039583
0.02639
0.029009
0.022823
0.025314
0.024583
0.025525
0.022524
0.028746
0.022569
0.022237
0.023435
0.026454
0.02175
0.022388
0.024994
0.022129
0.025845
0.019942
0.023494
0.026856
0.026964
0.023981
0.026803
0.024308
0.024893
0.022076
0.025158
0.024104
0.024422
0.023992
0.02558
0.026964
0.022083
0.027865
0.04007
0.034678
0.035674
0.033125
0.03737
0.035299
0.036377
0.029986
0.033279
0.035196
0.034324
0.032129
0.031498
0.031272
0.03496
0.037062
0.03396
0.032391
0.031042
0.022765
0.027474
0.032601
0.04021
0.034681
0.03615
0.037254
0.038476
0.029116
0.037271
0.036428
0.024448
0.024922
0.025684
0.022865
0.029458
0.030764
0.03087
0.037018
0.03134
0.02145
0.02491
0.019452
0.021341
0.02843
0.025201
0.024201
0.020633
0.021272
0.021152
0.021854
0.024295
0.021083
0.020333
0.022859
0.01782
0.022318
0.021986
0.022387
0.022436
0.019619
0.020863
0.021249
0.020016
0.019492
0.020616
0.023355
0.018388
0.016372
0.016365
0.017622
0.020587
0.0193
0.017493
0.020771
0.015958
0.017822
0.016504
0.020756
0.023169
0.020065
0.019853
0.017441
0.03303
0.031856
0.034867
0.032121
0.036531
0.035331
0.033523
0.037535
0.035227
0.029226
0.036514
0.038967
0.026998
0.031516
0.032165
0.039364
0.035218
0.031663
0.035242
0.03365
0.034525
0.025946
0.032243
0.026014
0.020127
0.016898
0.017795
0.016369
0.021994
0.014216
0.016404
0.015756
0.014841
0.022016
0.019178
0.018083
0.017457
0.018775
0.012071
0.017423
0.018597
0.017858
0.018639
0.017708
0.013431
0.019997
0.0205
0.014613
0.018452
0.017254
0.018041
0.019251
0.016012
0.017543
0.016782
0.024204
0.022611
0.02233
0.027494
0.024097
0.023214
0.02346
0.021665
0.025896
0.020048
0.022898
0.024809
0.022767
0.022798
0.022185
0.025783
0.022595
0.022095
0.02223
0.024522
0.025628
0.028428
0.020569
0.027607
0.022221
0.02352
0.024851
0.023035
0.02499
0.026795
0.02386
0.023093
0.02158
0.02051
0.020885
0.019198
0.021663
0.011283
0.016149
0.015124
0.022066
0.016365
0.014459
0.015485
0.02281
0.015882
0.023006
0.013657
0.014976
0.018475
0.016279
0.012549
0.022738
0.015993
0.014482
0.017211
0.018956
0.014538
0.018551
0.010519
0.01388
0.022124
0.019136
0.017665
0.017369
0.015691
0.014019
0.016263
0.013858
0.013786
0.023934
0.022111
0.025256
0.019647
0.018626
0.019376
0.015716
0.018489
0.026402
0.021742
0.018364
0.019947
0.023333
0.013275
0.013473
0.018834
0.017996
0.017562
0.024178
0.020717
0.022539
0.020645
0.021027
0.024414
0.024419
0.0185
0.020069
0.023371
0.021876
0.018885
0.024777
0.023832
0.023333
0.019668
0.020083
0.018704
0.021857
0.015383
0.017716
0.018804
0.016066
0.01949
0.016549
0.021239
0.023355
0.018831
0.02584
0.020753
0.021244
0.020164
0.02063
0.021435
0.018161
0.017758
0.017424
0.020664
0.024149
0.024301
0.02709
0.025449
0.026392
0.023912
0.026032
0.022724
0.025464
0.021811
0.018346
0.01889
0.027954
0.027023
0.025841
0.024204
0.02271
0.024277
0.019991
0.018882
0.013804
0.015353
0.016932
0.0185
0.020646
0.013288
0.020121
0.015043
0.016865
0.021224
0.020118
0.019401
0.020479
0.016893
0.018376
0.012505
0.020097
0.017366
0.019209
0.017891
0.015653
0.013874
0.019033
0.012505
0.011968
0.019306
0.017367
0.013773
0.018261
0.013368
0.017851
0.017993
0.014
0.011417
0.013682
0.012711
0.013414
0.015696
0.015236
0.016424
0.01456
0.015752
0.018371
0.013831
0.014288
0.01299
0.016754
0.015981
0.019694
0.017208
0.020048
0.017351
0.017354
0.018382
0.02
0.018071
0.017215
0.018227
0.016432
0.016408
0.020727
0.017848
0.01272
0.019769
0.01435
0.01713
0.017998
0.017678
0.017999
0.01613
0.013354
0.017296
0.014638
0.014103
0.017004
0.015961
0.014695
0.015629
0.016563
0.01661
0.01549
0.017914
0.015467
0.013426
0.01437
0.01592
0.01743
0.017404
0.01611
0.017407
0.015402
0.018485
0.019102
0.019588
0.01749
0.019321
0.01892
0.020559
0.018718
0.022338
0.016815
0.016381
0.022555
0.014563
0.018376
0.018448
0.017914
0.021256
0.020096
0.020094
0.01974
0.012844
0.020781
0.020418
0.017557
0.025465
0.029136
0.021168
0.022542
0.019661
0.024635
0.015366
0.016908
0.017074
0.019697
0.020462
0.023016
0.01953
0.019665
0.018702
0.015481
0.013916
0.01714
0.019066
0.01999
0.021609
0.019875
0.021542
0.016684
0.02086
0.024108
0.024439
0.024684
0.021727
0.023922
0.021532
0.021196
0.023851
0.022058
0.023746
0.018795
0.023754
0.024335
0.023938
0.026879
0.026786
0.02534
0.015522
0.017984
0.020765
0.030013
0.028716
0.020313
0.022659
0.025155
0.021264
0.027549
0.022139
0.035059
0.026274
0.027801
0.029217
0.029158
0.032292
0.020621
0.033672
0.021645
0.018944
0.024211
0.025981
0.027345
0.025268
0.026099
0.024955
0.024876
0.023445
0.026862
0.02372
0.027084
0.023483
0.022914
0.021746
0.023878
0.023771
0.024001
0.026875
0.026198
0.025033
0.022385
0.026901
0.021533
0.018241
0.019044
0.017081
0.025316
0.016182
0.015969
0.023164
0.020428
0.016476
0.012038
0.016772
0.016912
0.024301
0.018134
0.031875
0.018761
0.020666
0.022864
0.028405
0.024754
0.025393
0.031175
0.034234
0.025857
0.031759
0.03454
0.023571
0.02212
0.030014
0.010494
0.013649
0.021331
0.011445
0.029312
0.013951
0.018219
0.011193
0.032161
0.021292
0.019785
0.019756
0.013154
0.019609
0.027794
0.021191
0.022109
0.021699
0.026853
0.024306
0.022573
0.021002
0.020624
0.023119
0.024807
0.020611
0.030136
0.031885
0.033906
0.032359
0.024721
0.027735
0.029801
0.027378
0.026163
0.02325
0.029376
0.027837
0.024593
0.02583
0.023127
0.028659
0.021769
0.021909
0.039362
0.039947
0.030667
0.02976
0.035568
0.025944
0.037899
0.03379
0.032292
0.027102
0.03384
0.03172
0.025304
0.029784
0.036257
0.02753
0.027965
0.029294
0.027378
0.028856
0.02578
0.02872
0.028268
0.025732
0.02956
0.026821
0.026356
0.038546
0.027166
0.040462
0.054839
0.036064
0.032938
0.033212
0.026799
0.030069
0.021969
0.034818
0.027
0.027398
0.021281
0.028777
0.031427
0.027532
0.025981
0.024931
0.022413
0.032743
0.025261
0.024698
0.027903
0.030506
0.027866
0.03266
0.024153
0.027514
0.023017
0.030483
0.02801
0.0242
0.02801
0.028292
0.027059
0.028647
0.032332
0.027368
0.027243
0.028452
0.02957
0.029618
0.030702
0.029644
0.024575
0.037278
0.037865
0.035633
0.034042
0.033667
0.032908
0.031236
0.035998
0.033368
0.030509
0.036431
0.027251
0.035061
0.029426
0.029959
0.031674
0.039253
0.025191
0.024193
0.021999
0.022884
0.026533
0.028587
0.026683
0.027359
0.026193
0.023816
0.026495
0.024499
0.022867
0.020266
0.023234
0.026033
0.020496
0.020853
0.025525
0.023503
0.021103
0.024196
0.02394
0.024569
0.026259
0.024168
0.027655
0.022939
0.027991
0.028054
0.027057
0.02918
0.022927
0.031225
0.023859
0.026906
0.025384
0.03036
0.026751
0.022993
0.026445
0.026216
0.027116
0.025665
0.02909
0.031583
0.034119
0.030139
0.042153
0.02725
0.023963
0.034539
0.032954
0.020607
0.033288
0.024669
0.027128
0.026776
0.023964
0.023658
0.024728
0.025075
0.022361
0.024122
0.028135
0.024496
0.024853
0.028294
0.026502
0.023808
0.025325
0.023426
0.02422
0.022567
0.025332
0.022689
0.025009
0.021584
0.024816
0.025894
0.024311
0.028285
0.028622
0.027781
0.029951
0.021895
0.023022
0.025468
0.02081
0.021335
0.025031
0.019428
0.021135
0.019472
0.019112
0.018191
0.017876
0.022084
0.018561
0.018528
0.021937
0.020398
0.019493
0.021295
0.020084
0.019844
0.017404
0.018397
0.029319
0.028063
0.028028
0.022849
0.025702
0.022638
0.02541
0.023834
0.026166
0.020887
0.02237
0.022963
0.021884
0.021643
0.020288
0.019882
0.016
0.019619
0.018998
0.021488
0.020224
0.021532
0.019725
0.019918
0.017111
0.0206
0.015415
0.02033
0.019161
0.021453
0.019977
0.02249
0.016692
0.020549
0.021828
0.026277
0.019971
0.021481
0.018059
0.023564
0.019543
0.020598
0.021446
0.020682
0.020011
0.023944
0.01794
0.023048
0.02352
0.017577
0.012486
0.013597
0.01495
0.016514
0.011235
0.014147
0.012863
0.014462
0.015087
0.011885
0.016493
0.017772
0.013692
0.016293
0.019133
0.015903
0.016059
0.016278
0.017247
0.014333
0.017581
0.016211
0.013908
0.015869
0.023475
0.020028
0.020912
0.024941
0.021048
0.017018
0.022183
0.014419
0.018423
0.017091
0.020199
0.016832
0.019546
0.017369
0.020195
0.020834
0.021004
0.019368
0.015372
0.017753
0.018017
0.017652
0.015578
0.018543
0.03221
0.018431
0.02247
0.014324
0.018632
0.015888
0.014763
0.016348
0.018552
0.016962
0.015513
0.019992
0.014845
0.021615
0.017422
0.014552
0.011994
0.014359
0.019296
0.016444
0.017859
0.019409
0.017562
0.021607
0.018261
0.026058
0.026059
0.021697
0.023178
0.014005
0.019551
0.021452
0.021447
0.01807
0.016533
0.015649
0.01316
0.016762
0.015866
0.014717
0.017533
0.01663
0.015214
0.01373
0.013445
0.013274
0.013855
0.012471
0.015953
0.01818
0.0099448
0.012106
0.013757
0.012996
0.013859
0.016335
0.016746
0.017943
0.020826
0.021568
0.023459
0.0211
0.025358
0.019333
0.016546
0.020261
0.015444
0.017592
0.016027
0.013304
0.015891
0.017289
0.013625
0.016423
0.015948
0.014413
0.016142
0.013828
0.014791
0.013957
0.01469
0.011546
0.013322
0.015187
0.015597
0.015359
0.014016
0.015515
0.012095
0.01512
0.019631
0.014439
0.023507
0.020946
0.021471
0.026414
0.022067
0.021005
0.022049
0.022301
0.024665
0.021505
0.020585
0.02357
0.024273
0.018159
0.020636
0.02322
0.021151
0.018676
0.017089
0.021335
0.028048
0.023125
0.02139
0.0162
0.027489
0.013814
0.011748
0.012458
0.022363
0.014887
0.017136
0.01324
0.014268
0.014171
0.016586
0.014919
0.014956
0.015464
0.020037
0.018484
0.019586
0.015988
0.025296
0.020593
0.021505
0.023759
0.024124
0.024364
0.026661
0.024023
0.022567
0.02128
0.022698
0.023719
0.021822
0.025586
0.027786
0.022537
0.021639
0.024486
0.020809
0.019356
0.020843
0.015253
0.018636
0.020707
0.017004
0.015359
0.01532
0.016378
0.019193
0.01612
0.013405
0.017135
0.023922
0.025284
0.028468
0.023784
0.021707
0.026002
0.021517
0.02814
0.02197
0.027337
0.023668
0.023377
0.034448
0.0357
0.03151
0.031459
0.029743
0.026593
0.029626
0.027601
0.02385
0.030845
0.021134
0.030396
0.01991
0.023406
0.023996
0.025066
0.021319
0.024272
0.020432
0.02028
0.021189
0.025951
0.024685
0.028701
0.025631
0.02934
0.025824
0.027078
0.027746
0.025394
0.022131
0.025633
0.024644
0.028257
0.032003
0.02719
0.029227
0.025624
0.029286
0.02582
0.031057
0.026464
0.028556
0.025912
0.029054
0.023589
0.021981
0.026252
0.024773
0.023565
0.020672
0.025708
0.022532
0.022087
0.024647
0.02328
0.023221
0.024062
0.028061
0.028689
0.022216
0.024161
0.021406
0.022937
0.02508
0.02378
0.02544
0.02642
0.028235
0.027851
0.030983
0.027475
0.027163
0.034996
0.027998
0.027846
0.026399
0.028672
0.030321
0.025694
0.029064
0.026123
0.024314
0.027513
0.030985
0.023939
0.021973
0.030116
0.027806
0.029559
0.046793
0.026544
0.03158
0.025233
0.029982
0.029242
0.044406
0.02898
0.03239
0.03096
0.033373
0.025995
0.026306
0.027235
0.026294
0.027429
0.024948
0.037053
0.0378
0.026625
0.027228
0.029137
0.029934
0.035254
0.027479
0.027817
0.035458
0.036872
0.034033
0.035691
0.034329
0.03388
0.034015
0.035456
0.037436
0.035435
0.029194
0.033275
0.034342
0.037343
0.038611
0.034127
0.039475
0.0355
0.034614
0.027493
0.031697
0.035719
0.034624
0.026072
0.032755
0.02576
0.026279
0.036972
0.030317
0.031767
0.036476
0.027041
0.025339
0.032718
0.035584
0.035759
0.029558
0.035051
0.034812
0.030654
0.032261
0.034658
0.03307
0.035059
0.034525
0.03782
0.039694
0.035001
0.037978
0.040747
0.040441
0.03723
0.036754
0.034312
0.023743
0.033827
0.031604
0.037735
0.034786
0.030572
0.036574
0.038055
0.035497
0.029846
0.026425
0.030735
0.032868
0.030076
0.035553
0.036407
0.038826
0.040347
0.042607
0.038837
0.03981
0.042753
0.041613
0.038815
0.04365
0.029032
0.016904
0.016808
0.018384
0.01986
0.017501
0.019481
0.015195
0.01925
0.023782
0.022123
0.017277
0.022813
0.017793
0.017689
0.018254
0.024839
0.019908
0.025297
0.020586
0.023976
0.015715
0.019365
0.02117
0.014924
0.022142
0.017258
0.020576
0.017297
0.019121
0.019537
0.020296
0.019554
0.018624
0.019311
0.019353
0.019746
0.016519
0.016505
0.017025
0.018583
0.016747
0.018114
0.016031
0.017506
0.016909
0.017665
0.017084
0.016973
0.014117
0.013138
0.016702
0.014928
0.015749
0.020256
0.019616
0.014464
0.015317
0.013813
0.020949
0.015588
0.013953
0.018815
0.020197
0.018361
0.016719
0.015526
0.015939
0.015591
0.01459
0.016245
0.015049
0.015944
0.018126
0.018072
0.016643
0.019033
0.017065
0.018288
0.014747
0.017613
0.019053
0.020209
0.017579
0.015537
0.023601
0.016488
0.01633
0.019714
0.023568
0.01981
0.019318
0.015882
0.01704
0.018869
0.017946
0.017128
0.017123
0.01691
0.015534
0.015958
0.015149
0.015242
0.016806
0.013174
0.014302
0.016281
0.014
0.013903
0.020834
0.013937
0.016815
0.017713
0.015741
0.013637
0.015354
0.013788
0.011985
0.023165
0.012765
0.016801
0.019541
0.015515
0.011082
0.011706
0.021004
0.019419
0.02021
0.01954
0.016292
0.01218
0.015236
0.016185
0.01535
0.016481
0.014907
0.018588
0.01717
0.013758
0.020369
0.017187
0.015058
0.017528
0.014563
0.016554
0.020198
0.012819
0.013206
0.024735
0.014329
0.013702
0.018942
0.019412
0.016317
0.01893
0.013414
0.016334
0.018764
0.011804
0.020336
0.021257
0.018645
0.018642
0.015289
0.013571
0.015775
0.020829
0.02449
0.021683
0.027058
0.018888
0.023206
0.022254
0.023789
0.018848
0.020843
0.017339
0.018645
0.023983
0.016584
0.021162
0.018258
0.016819
0.020879
0.018964
0.019875
0.015663
0.021631
0.024802
0.021236
0.018239
0.02293
0.024387
0.021523
0.019847
0.023286
0.021198
0.022612
0.023549
0.022958
0.024931
0.018447
0.021213
0.022137
0.02448
0.017805
0.021277
0.019599
0.01826
0.017457
0.024099
0.019397
0.022136
0.021862
0.02635
0.023366
0.024837
0.025235
0.028431
0.018912
0.021393
0.025585
0.022875
0.025517
0.026478
0.027993
0.027185
0.029627
0.025998
0.030203
0.027922
0.028323
0.026076
0.024501
0.028735
0.029174
0.027788
0.031763
0.028189
0.032751
0.030467
0.029638
0.029226
0.029484
0.025668
0.026413
0.026802
0.031396
0.029277
0.030877
0.029322
0.029339
0.032231
0.031908
0.022269
0.023149
0.024022
0.020368
0.025518
0.019267
0.0272
0.022584
0.019765
0.029401
0.024548
0.020905
0.025575
0.029266
0.027499
0.028409
0.029414
0.031106
0.029614
0.029195
0.0306
0.030734
0.028091
0.028226
0.029828
0.029744
0.029698
0.028818
0.022244
0.028255
0.027441
0.030243
0.032425
0.027375
0.033342
0.030672
0.032179
0.034502
0.032741
0.030859
0.032922
0.03027
0.03519
0.030433
0.02675
0.027931
0.021989
0.029943
0.028377
0.034315
0.025787
0.031739
0.03229
0.034491
0.033955
0.030363
0.026746
0.035994
0.034966
0.035643
0.034749
0.033713
0.033394
0.031816
0.035363
0.033225
0.032912
0.030755
0.032019
0.036451
0.03455
0.035169
0.034673
0.039704
0.035608
0.032147
0.03481
0.032267
0.038059
0.035002
0.031125
0.034818
0.039981
0.034706
0.035794
0.037338
0.032918
0.040644
0.036976
0.034598
0.039439
0.036387
0.039324
0.037255
0.042582
0.041993
0.033946
0.036765
0.033642
0.037494
0.035216
0.036418
0.033722
0.033136
0.032011
0.034168
0.036542
0.033306
0.034775
0.039662
0.032859
0.038292
0.030722
0.030954
0.03306
0.033435
0.034074
0.031462
0.03604
0.038629
0.033663
0.031816
0.039171
0.034625
0.034768
0.033394
0.029822
0.033709
0.034827
0.03465
0.03298
0.038285
0.037429
0.038891
0.033263
0.033203
0.036475
0.038408
0.037342
0.035625
0.039579
0.04057
0.042093
0.016734
0.015717
0.015006
0.015938
0.017898
0.014881
0.017345
0.016564
0.025499
0.015542
0.013206
0.012608
0.013944
0.014132
0.013821
0.016923
0.014769
0.013352
0.012328
0.01241
0.014199
0.014521
0.012559
0.012234
0.018832
0.010285
0.015649
0.01528
0.017819
0.01506
0.017247
0.011778
0.012909
0.014242
0.017175
0.014916
0.014364
0.015753
0.014285
0.014576
0.015287
0.012419
0.017315
0.0077842
0.013438
0.018368
0.013606
0.014453
0.017707
0.015576
0.018466
0.014514
0.022713
0.015824
0.012145
0.018303
0.012626
0.012044
0.014207
0.014828
0.021445
0.019571
0.020993
0.022521
0.017435
0.019807
0.017097
0.015356
0.013152
0.016508
0.021448
0.014873
0.017292
0.020557
0.017818
0.025983
0.017377
0.019426
0.016431
0.013854
0.018612
0.016002
0.015798
0.017661
0.014461
0.015692
0.016225
0.022314
0.01447
0.024816
0.017397
0.019425
0.022795
0.016626
0.021417
0.020461
0.021542
0.021995
0.020844
0.021215
0.022037
0.025784
0.021619
0.023695
0.023748
0.029827
0.019448
0.030288
0.027172
0.024332
0.024214
0.021122
0.02409
0.019903
0.022193
0.023366
0.02182
0.024745
0.027453
0.026839
0.026437
0.028801
0.025591
0.022876
0.026553
0.027658
0.028781
0.029743
0.033712
0.030405
0.026446
0.030513
0.02399
0.029359
0.028821
0.029237
0.028615
0.025404
0.028236
0.022733
0.028643
0.033608
0.025939
0.026451
0.031158
0.035424
0.031507
0.031048
0.026189
0.032443
0.034195
0.032879
0.031068
0.027132
0.028134
0.031518
0.030433
0.030975
0.02962
0.033015
0.033195
0.032285
0.034919
0.0318
0.034996
0.031355
0.034794
0.033997
0.029379
0.03577
0.030509
0.029771
0.033608
0.032635
0.034626
0.033528
0.034337
0.034364
0.033275
0.030673
0.038175
0.03443
0.033477
0.038857
0.036409
0.031019
0.031957
0.036442
0.031825
0.035471
0.03573
0.038698
0.037121
0.036001
0.036796
0.031746
0.039619
0.032201
0.031551
0.03632
0.038649
0.035735
0.042108
0.034225
0.038935
0.037825
0.039668
0.043636
0.039539
0.039624
0.03872
0.043438
0.040184
0.039537
0.034661
0.03154
0.040817
0.040888
0.041199
0.038845
0.040192
0.039983
0.037918
0.038403
0.037311
0.040079
0.039184
0.038395
0.036492
0.036994
0.035798
0.034833
0.039209
0.040646
0.03865
0.039899
0.039987
0.038239
0.040919
0.03934
0.039487
0.039113
0.038084
0.040035
0.041983
0.043985
0.041842
0.037254
0.030736
0.032903
0.027769
0.034456
0.021694
0.023521
0.029516
0.032137
0.025408
0.014584
0.01715
0.017507
0.046785
0.024236
0.019475
0.040045
0.025212
0.023932
0.021956
0.022137
0.019091
0.046491
0.044637
0.036525
