0.039609
0.039801
0.038156
0.0449
0.039261
0.039633
0.03191
0.031385
0.016738
0.012627
0.042465
0.015155
0.011639
0.02682
0.011801
0.015476
0.037704
0.047249
0.039104
0.041706
0.017748
0.019127
0.037036
0.015952
0.038833
0.044557
0.054058
0.049658
0.04233
0.018862
0.049721
0.063831
0.052221
0.049333
0.064263
0.016016
0.01969
0.057314
0.056849
0.04749
0.05872
0.053631
0.052352
0.055437
0.05525
0.059752
0.051758
0.03011
0.027018
0.027515
0.040904
0.039972
0.043467
0.03683
0.030594
0.041132
0.035099
0.034496
0.044563
0.054571
0.051082
0.036503
0.015328
0.056557
0.06487
0.056813
0.061284
0.016537
0.01725
0.06388
0.022092
0.057401
0.05894
0.051081
0.066742
0.059075
0.051226
0.048875
0.06423
0.031048
0.032037
0.028983
0.028601
0.037353
0.033961
0.039772
0.040433
0.037803
0.045439
0.051079
0.047408
0.022429
0.025166
0.022038
0.026967
0.027963
0.03518
0.02871
0.026173
0.034582
0.027155
0.04119
0.033476
0.032305
0.014392
0.031556
0.037127
0.017686
0.01815
0.024368
0.029384
0.020014
0.039934
0.035619
0.039652
0.041042
0.039357
0.037824
0.0347
0.042264
0.047491
0.046388
0.012333
0.04198
0.042164
0.038748
0.048974
0.037357
0.046155
0.048342
0.021452
0.01158
0.04228
0.032319
0.039421
0.036687
0.037247
0.038212
0.032524
0.032858
0.03281
0.033822
0.03081
0.031663
0.050453
0.019593
0.051291
0.033047
0.034198
0.013083
0.057669
0.066866
0.054061
0.061232
0.055884
0.05456
0.055385
0.061266
0.062568
0.059616
0.06136
0.053578
0.054315
0.057734
0.016536
0.05078
0.049471
0.047005
0.025606
0.045655
0.04616
0.041895
0.039663
0.020928
0.058993
0.049783
0.060669
0.057249
0.04453
0.013536
0.051984
0.065589
0.05503
0.063441
0.066641
0.057078
0.057047
0.038334
0.048086
0.051482
0.06129
0.053268
0.0554
0.06229
0.056864
0.061806
0.047404
0.058893
0.053922
0.035006
0.042331
0.044426
0.048882
0.04667
0.042117
0.046543
0.028942
0.017875
0.050621
0.022094
0.053885
0.05414
0.055782
0.048389
0.050975
0.065707
0.050384
0.053415
0.054763
0.054341
0.046712
0.016588
0.050141
0.05952
0.048719
0.054501
0.056834
0.013913
0.054334
0.051341
0.027478
0.055085
0.048738
0.053084
0.053355
0.052155
0.052518
0.052327
0.049512
0.044317
0.035778
0.044683
0.046448
0.029607
0.037509
0.037484
0.037229
0.035227
0.034257
0.035509
0.035503
0.049629
0.029079
0.032955
0.036346
0.040602
0.046138
0.043369
0.029126
0.039414
0.033648
0.035867
0.030148
0.034807
0.045985
0.050148
0.047325
0.045472
0.04361
0.032294
0.036305
0.051198
0.057318
0.045452
0.05799
0.053041
0.056121
0.059564
0.052836
0.055744
0.055479
0.052962
0.056639
0.048767
0.023821
0.028501
0.050386
0.047254
0.048791
0.050534
0.049641
0.046813
0.050767
0.045463
0.048597
0.04538
0.045686
0.048498
0.052458
0.042654
0.046608
0.04588
0.049118
0.050595
0.052527
0.050296
0.044698
0.044742
0.045232
0.033107
0.035317
0.047169
0.046408
0.043042
0.037742
0.0151
0.046556
0.048544
0.01039
0.043429
0.045994
0.043094
0.018045
0.048089
0.041098
0.035283
0.035591
0.03903
0.040407
0.013022
0.035531
0.033017
0.047592
0.0514
0.036012
0.028633
0.025893
0.048402
0.030405
0.026483
0.029696
0.029907
0.02608
0.029104
0.034822
0.031217
0.019204
0.021469
0.017427
0.01758
0.017521
0.023243
0.020306
0.0302
0.027535
0.021004
0.029039
0.029524
0.032301
0.026025
0.023576
0.024409
0.017713
0.026685
0.033789
0.01826
0.026232
0.032644
0.053159
0.028892
0.025086
0.023344
0.018537
0.039906
0.032268
0.048517
0.024065
0.025952
0.020936
0.034001
0.019451
0.025369
0.03348
0.019018
0.037875
0.022115
0.018979
0.025943
0.021708
0.024241
0.026705
0.022184
0.025334
0.024166
0.027515
0.030058
0.023394
0.044631
0.044399
0.040674
0.042476
0.04598
0.044803
0.044209
0.047804
0.036946
0.043913
0.027187
0.042125
0.038476
0.03476
0.046218
0.042342
0.043714
0.056762
0.050353
0.043194
0.052603
0.0507
0.046474
0.04417
0.047718
0.059643
0.042908
0.041793
0.054294
0.046954
0.05174
0.048702
0.054211
0.02247
0.018364
0.026756
0.027904
0.028935
0.049488
0.040422
0.023692
0.027926
0.041842
0.032282
0.041324
0.04776
0.044743
0.023072
0.017796
0.048395
0.041795
0.038532
0.028656
0.050356
0.034729
0.049857
0.050161
0.053073
0.04223
0.053466
0.045831
0.030634
0.060508
0.052653
0.057796
0.051801
0.051238
0.030212
0.041871
0.042453
0.022411
0.029853
0.019628
0.029467
0.023052
0.026739
0.028219
0.015973
0.039767
0.023662
0.014612
0.038073
0.039662
0.041392
0.017885
0.025133
0.024277
0.022621
0.022577
0.026598
0.025866
0.027303
0.021434
0.021778
0.020296
0.040831
0.041308
0.016638
0.028013
0.027164
0.031566
0.020284
0.014841
0.018679
0.023024
0.01668
0.025615
0.023138
0.017096
0.023555
0.024943
0.02134
0.028468
0.038943
0.023776
0.030492
0.032127
0.021295
0.032096
0.026822
0.029176
0.032591
0.034665
0.035445
0.034504
0.036739
0.034832
0.037884
0.019193
0.027024
0.025221
0.025675
0.024956
0.03552
0.025224
0.028447
0.038825
0.027837
0.028995
0.030397
0.028577
0.023763
0.027257
0.022636
0.026672
0.040787
0.023961
0.030056
0.027538
0.025753
0.024659
0.030169
0.029868
0.027656
0.027801
0.022904
0.025282
0.022998
0.023108
0.020493
0.021872
0.024149
0.022443
0.023989
0.041491
0.035261
0.039363
0.042777
0.043377
0.039139
0.051465
0.054493
0.051346
0.043903
0.044579
0.049485
0.046696
0.050741
0.052555
0.042808
0.049799
0.051598
0.04759
0.044901
0.046769
0.046295
0.045479
0.045283
0.051589
0.037162
0.048264
0.049991
0.040474
0.044525
0.041507
0.038002
0.043039
0.041931
0.038443
0.035557
0.042179
0.039214
0.03756
0.020678
0.056013
0.061095
0.054938
0.062936
0.065599
0.054497
0.050886
0.023265
0.0202
0.062023
0.03785
0.065234
0.03829
0.043195
0.040129
0.061489
0.041337
0.036314
0.037611
0.050899
0.047374
0.062745
0.049995
0.050612
0.051681
0.055689
0.062587
0.05131
0.05889
0.059885
0.042168
0.06363
0.057961
0.061237
0.063254
0.017834
0.057116
0.039035
0.033846
0.050891
0.036361
0.036883
0.041204
0.045839
0.043889
0.042657
0.040468
0.059823
0.043092
0.048045
0.046212
0.043408
0.047532
0.060538
0.062531
0.05129
0.043502
0.057719
0.043374
0.064173
0.035451
0.032643
0.037133
0.033802
0.033875
0.038807
0.038974
0.041417
0.038497
0.043663
0.050667
0.024092
0.034031
0.052782
0.033831
0.03703
0.040894
0.04026
0.041943
0.024948
0.031227
0.026026
0.024011
0.032056
0.021927
0.03077
0.031943
0.029818
0.041635
0.022568
0.032818
0.025267
0.025531
0.037299
0.03138
0.034628
0.03693
0.028928
0.040366
0.031891
0.036537
0.016691
0.02488
0.032493
0.030294
0.025082
0.035323
0.03821
0.032116
0.032699
0.038037
0.034901
0.030883
0.034186
0.036682
0.03185
0.030772
0.029187
0.033928
0.036731
0.031133
0.031908
0.047151
0.037281
0.040954
0.033439
0.025463
0.027757
0.027105
0.026977
0.026631
0.025833
0.030222
0.032677
0.028412
0.028836
0.025576
0.029671
0.043656
0.042627
0.038025
0.041319
0.042638
0.042075
0.029377
0.031453
0.019943
0.034514
0.032096
0.031282
0.033667
0.018137
0.028401
0.037625
0.037314
0.040173
0.038023
0.043765
0.040264
0.048673
0.044007
0.040348
0.02282
0.040935
0.038105
0.036238
0.034223
0.031411
0.035305
0.036462
0.030139
0.025969
0.025323
0.025686
0.02489
0.029701
0.024195
0.028159
0.027811
0.026296
0.026387
0.021507
0.022424
0.022029
0.032356
0.027705
0.028905
0.029728
0.026869
0.022567
0.028373
0.022601
0.020983
0.038485
0.018172
0.038344
0.035368
0.038684
0.036454
0.03897
0.039906
0.017708
0.049484
0.046713
0.044003
0.039335
0.039137
0.045546
0.043039
0.028722
0.039366
0.050572
0.042152
0.039668
0.051183
0.021483
0.01828
0.045306
0.036991
0.032348
0.033713
0.028913
0.032344
0.036684
0.048286
0.054216
0.029627
0.045107
0.041541
0.028912
0.033132
0.037372
0.044375
0.038732
0.044601
0.037734
0.042846
0.047615
0.034224
0.035684
0.04129
0.038462
0.036839
0.040893
0.039236
0.033365
0.030603
0.043441
0.035786
0.034259
0.03339
0.035636
0.036288
0.032064
0.033474
0.028823
0.029387
0.025942
0.028154
0.027704
0.02527
0.028889
0.01855
0.022932
0.019668
0.020222
0.016112
0.020977
0.019161
0.018404
0.018964
0.021411
0.019773
0.021372
0.034164
0.023435
0.024524
0.029109
0.020616
0.020331
0.016671
0.01975
0.020705
0.01924
0.020472
0.019554
0.02165
0.022933
0.016422
0.016484
0.019093
0.020211
0.016655
0.021111
0.023339
0.018637
0.022397
0.022091
0.017529
0.020006
0.021763
0.022191
0.023568
0.023015
0.022742
0.024087
0.023364
0.022618
0.021187
0.031387
0.035344
0.032226
0.035139
0.034171
0.025886
0.045686
0.047854
0.04996
0.052914
0.045014
0.051114
0.047016
0.018961
0.019958
0.022539
0.017055
0.017382
0.01585
0.01523
0.014791
0.009208
0.017022
0.0176
0.013806
0.012711
0.011509
0.014308
0.024337
0.01692
0.018439
0.016535
0.013287
0.023751
0.016861
0.012046
0.015456
0.018969
0.014266
0.016271
0.012926
0.020032
0.022712
0.023073
0.02346
0.02212
0.0193
0.020743
0.020376
0.017091
0.020191
0.025351
0.024637
0.022961
0.02198
0.022563
0.025233
0.025093
0.021451
0.02218
0.025625
0.021127
0.020921
0.016081
0.021698
0.020108
0.021459
0.018358
0.021466
0.023316
0.023442
0.015772
0.041411
0.036343
0.025086
0.044634
0.043097
0.02541
0.026693
0.029465
0.044878
0.038786
0.029735
0.030687
0.0486
0.047987
0.054532
0.042495
0.046126
0.050354
0.053849
0.059176
0.052454
0.056037
0.047608
0.048416
0.051306
0.047521
0.046003
0.064578
0.043741
0.051005
0.037052
0.049538
0.063927
0.061239
0.061101
0.045437
0.019321
0.019065
0.01817
0.026239
0.023147
0.022763
0.027805
0.040044
0.025622
0.020274
0.028056
0.021266
0.025617
0.027141
0.023889
0.022156
0.017929
0.032045
0.046095
0.041856
0.03033
0.03129
0.038419
0.028089
0.037782
0.039393
0.028567
0.022638
0.019486
0.024275
0.024388
0.022352
0.025345
0.021489
0.046686
0.046599
0.049321
0.048869
0.042433
0.050134
0.044831
0.039286
0.039156
0.028858
0.025284
0.023439
0.017869
0.022891
0.019122
0.023585
0.019126
0.025297
0.02068
0.024883
0.024593
0.02592
0.020449
0.023231
0.026219
0.024491
0.022619
0.022753
0.022474
0.025573
0.026171
0.019648
0.019024
0.021144
0.02021
0.021523
0.023186
0.031903
0.030456
0.051236
0.019731
0.021321
0.021762
0.020876
0.021206
0.019899
0.01691
0.024068
0.016652
0.019049
0.017064
0.020954
0.024105
0.035312
0.037606
0.035199
0.036449
0.035441
0.035043
0.038507
0.032023
0.034122
0.033959
0.03549
0.037528
0.038008
0.032964
0.031503
0.038391
0.032479
0.036826
0.035207
0.036565
0.03577
0.035284
0.037242
0.036189
0.035979
0.032437
0.034426
0.033871
0.031082
0.032851
0.033496
0.031973
0.030491
0.028233
0.028954
0.030537
0.031069
0.033297
0.032164
0.033359
0.029804
0.032153
0.028817
0.055105
0.026128
0.02557
0.02699
0.025157
0.028509
0.026299
0.025121
0.024626
0.027887
0.026599
0.021658
0.028085
0.026361
0.021227
0.020156
0.029754
0.033151
0.025529
0.029538
0.034647
0.029812
0.033185
0.026303
0.033502
0.024648
0.032256
0.019927
0.026422
0.024593
0.020332
0.023633
0.022449
0.022519
0.020681
0.018332
0.022179
0.024125
0.021629
0.018451
0.023684
0.015763
0.022242
0.018839
0.018415
0.015674
0.016902
0.022236
0.021694
0.022258
0.020851
0.018886
0.020403
0.012292
0.017588
0.018408
0.019257
0.01298
0.016395
0.01748
0.014471
0.019095
0.018088
0.02113
0.019923
0.019285
0.016083
0.022082
0.021139
0.015279
0.021119
0.018443
0.0157
0.020899
0.017936
0.017283
0.024193
0.019971
0.019845
0.020559
0.014371
0.016921
0.01802
0.018787
0.018928
0.015687
0.015716
0.014223
0.020295
0.020182
0.017226
0.017611
0.022604
0.015483
0.012264
0.029582
0.026252
0.022049
0.021247
0.014769
0.016533
0.016028
0.015059
0.011862
0.014642
0.015774
0.012953
0.013414
0.016608
0.014931
0.016793
0.018053
0.01592
0.015959
0.016684
0.012084
0.015811
0.01402
0.016706
0.014009
0.012155
0.015619
0.017164
0.013719
0.014329
0.012298
0.016576
0.015689
0.018071
0.019195
0.020161
0.020362
0.02008
0.014332
0.018718
0.018963
0.015073
0.014649
0.011538
0.014211
0.012046
0.0138
0.018248
0.016167
0.017508
0.013477
0.013551
0.019478
0.014761
0.021793
0.020679
0.028998
0.019456
0.060797
0.011032
0.017211
0.015917
0.013977
0.014002
0.012935
0.01292
0.010103
0.011595
0.011891
0.009568
0.011287
0.016142
0.012489
0.015156
0.014111
0.014762
0.018373
0.010536
0.011851
0.0097945
0.011233
0.010214
0.014032
0.012423
0.019291
0.015023
0.022236
0.025165
0.025734
0.025295
0.018255
0.024652
0.027569
0.022152
0.026453
0.022557
0.053092
0.014461
0.017541
0.012419
0.017224
0.014401
0.013688
0.014418
0.019176
0.018365
0.016721
0.014233
0.016437
0.017241
0.016774
0.015408
0.018167
0.017976
0.017911
0.015966
0.016429
0.016987
0.01751
0.015838
0.025581
0.022522
0.019209
0.023277
0.017953
0.018506
0.020993
0.019948
0.021867
0.018188
0.01713
0.019646
0.024536
0.019635
0.017354
0.019386
0.022795
0.020175
0.01541
0.015639
0.015867
0.014621
0.01699
0.018311
0.01687
0.019777
0.020183
0.017736
0.017278
0.019037
0.014634
0.016892
0.017846
0.019167
0.018797
0.017393
0.017624
0.015978
0.021556
0.017005
0.018815
0.015743
0.016737
0.018781
0.019678
0.017278
0.018147
0.016569
0.021325
0.019109
0.016098
0.017713
0.013242
0.013893
0.01987
0.01817
0.03359
0.028452
0.03435
0.033916
0.033332
0.032862
0.033342
0.032417
0.032502
0.034387
0.034722
0.033305
0.030324
0.034709
0.032084
0.029937
0.032657
0.036395
0.037322
0.03649
0.038142
0.036841
0.032642
0.033598
0.026334
0.033565
0.029373
0.024357
0.029431
0.026048
0.026063
0.012891
0.0342
0.032307
0.025625
0.027067
0.029429
0.029212
0.030774
0.028598
0.028334
0.034577
0.034988
0.030445
0.026993
0.024257
0.022761
0.030187
0.02123
0.027905
0.018598
0.029857
0.023368
0.019813
0.017824
0.025436
0.026716
0.024349
0.014072
0.018379
0.020349
0.021695
0.020873
0.019876
0.021604
0.020197
0.02077
0.019513
0.02193
0.016954
0.014252
0.019448
0.018902
0.016971
0.02223
0.020779
0.018616
0.019205
0.018164
0.016911
0.020303
0.022331
0.017851
0.029098
0.022963
0.021315
0.020697
0.020166
0.015395
0.013767
0.017121
0.012765
0.017278
0.017786
0.01311
0.014839
0.012931
0.015266
0.016255
0.01671
0.0097211
0.019122
0.016834
0.013877
0.014392
0.020713
0.014426
0.014209
0.022231
0.019341
0.020802
0.046817
0.014969
0.018748
0.016808
0.016694
0.017993
0.019941
0.014645
0.01724
0.015468
0.014398
0.017447
0.024451
0.018309
0.017912
0.022222
0.016367
0.0527
0.017056
0.02355
0.047402
0.019932
0.014045
0.018149
0.018432
0.019362
0.016813
0.016631
0.019886
0.019584
0.019902
0.017526
0.013997
0.015107
0.018796
0.017831
0.015643
0.019855
0.037497
0.018319
0.022034
0.014046
0.020365
0.019785
0.017633
0.021676
0.012681
0.01505
0.014525
0.014493
0.020592
0.013907
0.01804
0.016373
0.016263
0.016057
0.016777
0.014317
0.014893
0.014234
0.015209
0.016598
0.01629
0.014761
0.013726
0.017113
0.01242
0.012613
0.0099048
0.014168
0.012379
0.014113
0.018488
0.014581
0.016705
0.009667
0.01404
0.020961
0.014186
0.015039
0.021309
0.02504
0.01218
0.015193
0.016865
0.017827
0.020134
0.016233
0.019226
0.016466
0.015784
0.018822
0.020122
0.017826
0.01381
0.017898
0.015187
0.012828
0.013863
0.015044
0.014109
0.014137
0.013393
0.014755
0.013466
0.015562
0.012674
0.015662
0.01461
0.01512
0.017958
0.017889
0.018786
0.020661
0.015426
0.017218
0.020754
0.01847
0.01776
0.018444
0.04767
0.025835
0.026296
0.018231
0.020761
0.020453
0.024973
0.019504
0.054685
0.021831
0.021334
0.013056
0.020315
0.018924
0.020538
0.019057
0.016452
0.017465
0.016058
0.017346
0.016492
0.01345
0.01786
0.052394
0.016584
0.010885
0.014726
0.012347
0.01256
0.015732
0.01284
0.015944
0.042095
0.012482
0.015618
0.011566
0.01595
0.011965
0.012274
0.013309
0.013078
0.013391
0.017184
0.015621
0.016422
0.012749
0.017995
0.014803
0.018231
0.022459
0.010158
0.015768
0.016803
0.017689
0.01973
0.0208
0.017721
0.016
0.011003
0.016372
0.017789
0.015597
0.014409
0.012298
0.014994
0.014197
0.01671
0.012959
0.011894
0.015516
0.018453
0.016015
0.014424
0.013168
0.015178
0.01806
0.01513
0.01666
0.014746
0.018672
0.015129
0.017603
0.018751
0.013629
0.016333
0.018418
0.040763
0.038319
0.038711
0.048337
0.045159
0.044933
0.042481
0.044097
0.040727
0.039979
0.028119
0.026381
0.026762
0.029542
0.029846
0.027887
0.02831
0.028107
0.030409
0.027237
0.023345
0.031927
0.017346
0.061524
0.028016
0.050799
0.028441
0.026109
0.026255
0.031067
0.027891
0.028717
0.028235
0.040339
0.026022
0.012266
0.030292
0.024813
0.02959
0.015564
0.030199
0.063873
0.027078
0.014883
0.029637
0.029244
0.029284
0.030558
0.029307
0.028931
0.026816
0.029251
0.019401
0.027746
0.024184
0.023983
0.021789
0.022055
0.022024
0.023044
0.021453
0.022787
0.027642
0.02369
0.026376
0.011229
0.021349
0.028385
0.025089
0.023756
0.02359
0.027573
0.029752
0.023819
0.026641
0.029313
0.026096
0.028058
0.029783
0.025373
0.025
0.024284
0.026686
0.028952
0.025248
0.021893
0.021436
0.023286
0.02344
0.024482
0.019372
0.017932
0.020052
0.019287
0.020155
0.017793
0.016109
0.011264
0.021415
0.019224
0.021739
0.021616
0.014623
0.016245
0.01751
0.019576
0.024286
0.017028
0.013718
0.012837
0.014315
0.016596
0.015049
0.014523
0.062601
0.013624
0.019292
0.017055
0.014646
0.017232
0.019009
0.018459
0.020692
0.018418
0.016407
0.022713
0.021182
0.017578
0.015543
0.020758
0.016285
0.013437
0.016857
0.012477
0.016402
0.017076
0.019966
0.0090224
0.017264
0.019645
0.010002
0.01497
0.014946
0.016941
0.015408
0.014299
0.014775
0.013488
0.016115
0.021909
0.05011
0.012883
0.013242
0.017326
0.020126
0.019936
0.021551
0.022986
0.021236
0.018631
0.016278
0.019466
0.020386
0.019442
0.021443
0.022107
0.016919
0.013762
0.015094
0.015735
0.014723
0.014596
0.016023
0.014674
0.013849
0.011731
0.01744
0.016579
0.016419
0.015013
0.011203
0.019245
0.020055
0.017235
0.019738
0.017316
0.016053
0.016138
0.024361
0.012769
0.010775
0.011451
0.011515
0.015532
0.012656
0.019388
0.017759
0.015146
0.019788
0.017024
0.016206
0.015759
0.017153
0.016084
0.01762
0.014054
0.018218
0.011804
0.014408
0.015161
0.01865
0.013099
0.015264
0.019712
0.017519
0.019147
0.01411
0.01556
0.014469
0.015822
0.01339
0.016588
0.014486
0.017743
0.011618
0.015649
0.01503
0.014841
0.014495
0.013635
0.015938
0.011394
0.013262
0.012148
0.011717
0.015887
0.016095
0.013415
0.016839
0.0167
0.017012
0.011323
0.017015
0.01277
0.012241
0.017826
0.017243
0.017309
0.017221
0.017936
0.014224
0.017705
0.019756
0.022766
0.023369
0.013785
0.013825
0.015387
0.015013
0.018211
0.019306
0.011457
0.017544
0.013383
0.014896
0.011146
0.011792
0.014209
0.018954
0.018812
0.01795
0.015725
0.014014
0.016496
0.011699
0.01109
0.013897
0.012888
0.012453
0.01625
0.01396
0.014436
0.013954
0.014977
0.051096
0.055294
0.049608
0.051087
0.039895
0.047181
0.051325
0.055784
0.048195
0.048248
0.052144
0.052446
0.048392
0.056938
0.053386
0.039585
0.034994
0.043364
0.051428
0.049558
0.031883
0.036183
0.033535
0.04159
0.031672
0.027848
0.036526
0.034595
0.042707
0.044009
0.049348
0.048327
0.047306
0.036439
0.046063
0.024647
0.044061
0.047731
0.030892
0.033486
0.040672
0.038165
0.039336
0.035173
0.036777
0.032787
0.031108
0.031255
0.035062
0.036951
0.034818
0.035668
0.035722
0.03692
0.033427
0.032862
0.042919
0.036921
0.034592
0.039762
0.036069
0.037823
0.033365
0.033209
0.032666
0.030093
0.021284
0.036165
0.025792
0.026117
0.025944
0.02138
0.034509
0.033562
0.028081
0.029995
0.029831
0.026151
0.024532
0.028609
0.035739
0.035154
0.034628
0.034575
0.039574
0.036253
0.03213
0.028607
0.031233
0.040475
0.031004
0.0357
0.029907
0.031622
0.033232
0.028595
0.01993
0.02212
0.02952
0.02552
0.0231
0.024433
0.02599
0.023685
0.030784
0.029572
0.026531
0.027432
0.026717
0.023495
0.024853
0.026518
0.021734
0.04074
0.039399
0.026211
0.021762
0.031216
0.028257
0.025596
0.029888
0.046399
0.03189
0.023001
0.026969
0.025523
0.02301
0.019914
0.023632
0.025878
0.022314
0.026634
0.025047
0.028445
0.02248
0.021918
0.0281
0.027197
0.02514
0.024177
0.028213
0.027041
0.025806
0.027186
0.024984
0.029483
0.028236
0.026059
0.026896
0.023314
0.023554
0.054654
0.021129
0.025626
0.015884
0.022831
0.02247
0.027731
0.019182
0.020432
0.025172
0.021657
0.021601
0.023142
0.023154
0.021231
0.021832
0.024529
0.022564
0.022804
0.025481
0.019011
0.022919
0.021917
0.020867
0.017653
0.019797
0.017357
0.016851
0.017572
0.015902
0.016643
0.015613
0.019445
0.020132
0.019272
0.01755
0.021199
0.014377
0.019366
0.014944
0.032651
0.032116
0.026162
0.031532
0.030028
0.034616
0.032739
0.029547
0.02771
0.029938
0.029081
0.028726
0.024516
0.023428
0.024667
0.031446
0.019999
0.028467
0.019327
0.024628
0.026582
0.021762
0.02202
0.026127
0.016423
0.029451
0.016923
0.021294
0.017302
0.014718
0.05407
0.012579
0.024499
0.060367
0.017856
0.018713
0.019757
0.031105
0.031226
0.027199
0.029183
0.02759
0.028563
0.027119
0.027925
0.027045
0.021686
0.025417
0.024682
0.023797
0.022569
0.018315
0.019089
0.018859
0.019995
0.019412
0.015518
0.013698
0.019437
0.014863
0.014925
0.015494
0.018856
0.017962
0.019662
0.019505
0.0198
0.020167
0.021642
0.016695
0.017188
0.014529
0.013687
0.017716
0.064959
0.01855
0.01503
0.019869
0.02035
0.016036
0.018284
0.016538
0.016102
0.014691
0.026491
0.019753
0.02904
0.031234
0.030946
0.029671
0.020784
0.020569
0.028027
0.025089
0.030805
0.025715
0.023105
0.018252
0.018812
0.028168
0.021439
0.025713
0.020826
0.033052
0.027857
0.020355
0.021045
0.02993
0.019452
0.015743
0.019879
0.018216
0.023545
0.01776
0.02156
0.022397
0.021664
0.020187
0.020307
0.01994
0.022217
0.026506
0.022756
0.026468
0.0179
0.022866
0.021944
0.023738
0.014306
0.017208
0.015215
0.015668
0.021591
0.013841
0.020963
0.016996
0.014374
0.01861
0.015014
0.013842
0.015128
0.012901
0.015434
0.014226
0.019433
0.011143
0.018276
0.012977
0.018844
0.01853
0.013741
0.020396
0.020867
0.019106
0.01826
0.013131
0.012888
0.014056
0.013129
0.015901
0.0098497
0.018166
0.015297
0.015828
0.014065
0.013787
0.019788
0.017946
0.017541
0.01036
0.014861
0.014208
0.013067
0.014138
0.015067
0.020832
0.019993
0.021043
0.018537
0.020166
0.017174
0.020103
0.019135
0.016569
0.014896
0.022707
0.021806
0.012585
0.022207
0.018788
0.01953
0.018518
0.017288
0.019551
0.017102
0.015927
0.016058
0.017793
0.017856
0.014547
0.018778
0.014369
0.016738
0.015493
0.015374
0.014148
0.016405
0.010263
0.018986
0.014232
0.014511
0.016615
0.013641
0.016491
0.019197
0.020598
0.016432
0.019651
0.019063
0.013912
0.013636
0.01374
0.019105
0.021209
0.015765
0.0216
0.021186
0.018951
0.02039
0.016043
0.01121
0.013919
0.016735
0.012966
0.011407
0.013685
0.015774
0.015783
0.018393
0.014416
0.016279
0.015601
0.013545
0.016245
0.014417
0.013378
0.013717
0.012203
0.020418
0.017414
0.013086
0.016596
0.016229
0.018358
0.015498
0.017455
0.018523
0.012611
0.047312
0.042937
0.036144
0.03888
0.045852
0.041504
0.032262
0.038842
0.043589
0.042024
0.039684
0.037513
0.035566
0.044294
0.043487
0.054916
0.043729
0.039168
0.03152
0.03663
0.039196
0.029107
0.032842
0.028969
0.037967
0.038514
0.03417
0.039533
0.028123
0.032995
0.034931
0.027458
0.034533
0.032979
0.028105
0.027566
0.03521
0.029765
0.034801
0.034664
0.030216
0.028122
0.026493
0.037536
0.029354
0.027037
0.031881
0.024124
0.029853
0.036968
0.031232
0.029438
0.033083
0.030722
0.031488
0.034183
0.025538
0.035074
0.033892
0.035487
0.028663
0.030279
0.025333
0.024649
0.028732
0.029499
0.028016
0.024018
0.022262
0.02108
0.023194
0.021647
0.022203
0.018301
0.01851
0.020786
0.028757
0.032787
0.035022
0.034205
0.030781
0.029789
0.02925
0.025062
0.022356
0.025642
0.027825
0.026518
0.025453
0.025444
0.024779
0.023868
0.031165
0.027358
0.028832
0.02735
0.030768
0.025027
0.028075
0.025206
0.018491
0.037831
0.032681
0.025316
0.009769
0.019076
0.017582
0.019118
0.019544
0.018334
0.020322
0.024104
0.016404
0.015879
0.01638
0.022043
0.022517
0.021777
0.0197
0.023084
0.019568
0.022407
0.022552
0.017267
0.020763
0.019583
0.024407
0.022872
0.021698
0.022934
0.025485
0.022565
0.019914
0.020019
0.017825
0.023976
0.022316
0.02276
0.023542
0.022856
0.018889
0.023049
0.020983
0.021029
0.020069
0.018052
0.019707
0.016838
0.017129
0.018485
0.02984
0.027154
0.028572
0.018409
0.026077
0.019071
0.017223
0.018776
0.026158
0.029369
0.01867
0.025172
0.024208
0.032271
0.020716
0.023168
0.029238
0.025569
0.027789
0.02367
0.026599
0.028349
0.031136
0.021985
0.021336
0.024754
0.024887
0.018712
0.02521
0.025336
0.025101
0.019692
0.020994
0.023916
0.017138
0.021003
0.021615
0.023782
0.022793
0.019958
0.020141
0.010311
0.021631
0.021997
0.014705
0.019381
0.050019
0.022081
0.02154
0.028867
0.027842
0.031194
0.028494
0.027712
0.025768
0.020426
0.023426
0.035831
0.031877
0.035796
0.031873
0.036589
0.031651
0.03321
0.025034
0.018247
0.024814
0.026536
0.027125
0.029405
0.022318
0.021741
0.024555
0.019169
0.017643
0.031515
0.037507
0.03507
0.028348
0.034807
0.033462
0.025721
0.029657
0.028695
0.031928
0.025003
0.018152
0.022679
0.016213
0.017831
0.019807
0.017211
0.031073
0.016131
0.016729
0.016215
0.017985
0.017361
0.017215
0.024894
0.022735
0.020091
0.026451
0.020311
0.023347
0.015916
0.019463
0.01983
0.020058
0.021446
0.032928
0.018228
0.019614
0.017693
0.022124
0.024894
0.019325
0.019134
0.018988
0.018036
0.018762
0.020005
0.018183
0.01421
0.015005
0.016518
0.016895
0.019391
0.014753
0.017322
0.017016
0.01698
0.018971
0.0182
0.019717
0.018733
0.025029
0.021503
0.015517
0.020312
0.021831
0.016285
0.020476
0.019376
0.016917
0.017247
0.018023
0.018177
0.013812
0.013009
0.014747
0.023598
0.024676
0.026057
0.02627
0.028128
0.02609
0.023254
0.022554
0.026951
0.023286
0.023626
0.02221
0.015355
0.022327
0.018354
0.019378
0.020584
0.017322
0.019159
0.021008
0.013238
0.018484
0.020832
0.016711
0.019434
0.02577
0.019144
0.016476
0.01916
0.024948
0.016501
0.016942
0.017606
0.018641
0.01815
0.018643
0.02156
0.018604
0.018795
0.020144
0.02071
0.020142
0.026923
0.015384
0.020518
0.016011
0.016718
0.018792
0.018266
0.016583
0.0177
0.017994
0.013775
0.015011
0.012773
0.016348
0.01688
0.010077
0.020351
0.017401
0.019825
0.015466
0.026563
0.023128
0.018013
0.020168
0.022446
0.021395
0.016832
0.023319
0.023054
0.024237
0.024886
0.019336
0.020343
0.02224
0.021949
0.021551
0.020023
0.023596
0.018566
0.020013
0.018121
0.023387
0.020992
0.017506
0.022494
0.024735
0.024636
0.023123
0.021606
0.026782
0.031312
0.022138
0.026735
0.021054
0.022895
0.021025
0.019008
0.02353
0.028421
0.015574
0.017761
0.015855
0.015116
0.013325
0.018707
0.021208
0.020074
0.020648
0.022029
0.025851
0.02312
0.019434
0.019773
0.019077
0.017382
0.020613
0.018986
0.020442
0.019559
0.022122
0.024349
0.018261
0.020634
0.020433
0.019724
0.021606
0.017686
0.018805
0.017966
0.019313
0.018749
0.018549
0.017303
0.020534
0.022602
0.029187
0.020896
0.017954
0.021164
0.022119
0.018869
0.015886
0.018569
0.018493
0.030498
0.029799
0.030373
0.032069
0.029655
0.030621
0.035624
0.033709
0.032396
0.030235
0.031703
0.031223
0.035045
0.03327
0.034895
0.033087
0.024274
0.028572
0.030271
0.028766
0.029155
0.030485
0.031151
0.02874
0.030169
0.028949
0.027519
0.029861
0.028454
0.024025
0.025629
0.024924
0.027239
0.022278
0.027702
0.025162
0.022714
0.025277
0.020747
0.022552
0.02052
0.02227
0.021769
0.021125
0.019065
0.02188
0.022309
0.020191
0.021344
0.02079
0.021204
0.019737
0.029612
0.022706
0.022221
0.025446
0.026023
0.023734
0.02123
0.023004
0.024146
0.02208
0.027509
0.024136
0.02544
0.02606
0.021867
0.023416
0.021589
0.026383
0.024367
0.021656
0.020462
0.022902
0.020411
0.019209
0.019115
0.040947
0.019224
0.019195
0.029062
0.029602
0.030323
0.01731
0.015809
0.015383
0.01701
0.016821
0.019214
0.026652
0.051035
0.028484
0.027774
0.049916
0.029141
0.030708
0.030297
0.02663
0.026128
0.016088
0.020823
0.016914
0.021327
0.018379
0.019708
0.01461
0.023539
0.025961
0.027348
0.028057
0.02686
0.027096
0.031161
0.025787
0.020441
0.026109
0.028822
0.02949
0.028863
0.031098
0.026994
0.027117
0.01424
0.014948
0.017958
0.020846
0.018941
0.014897
0.017038
0.015589
0.025482
0.014385
0.013999
0.019216
0.014288
0.021979
0.016625
0.016159
0.017509
0.015745
0.01505
0.018188
0.021303
0.016301
0.028126
0.028096
0.01629
0.027685
0.017228
0.023676
0.023678
0.016905
0.020784
0.021313
0.019359
0.02159
0.013566
0.020376
0.016774
0.020623
0.017236
0.034263
0.032737
0.034685
0.034855
0.038481
0.035813
0.031651
0.030725
0.038258
0.037398
0.03278
0.037649
0.025847
0.030694
0.035056
0.034342
0.030837
0.029032
0.031486
0.029498
0.018803
0.020116
0.02438
0.022754
0.021714
0.022616
0.01929
0.025381
0.027612
0.019469
0.026557
0.023586
0.022335
0.024526
0.023363
0.026417
0.019518
0.027698
0.017553
0.022116
0.020886
0.021013
0.023181
0.022809
0.02429
0.025366
0.022224
0.023184
0.025529
0.026464
0.022221
0.020309
0.013724
0.017254
0.02222
0.017197
0.017481
0.017692
0.014245
0.016155
0.013058
0.017513
0.021682
0.028749
0.016678
0.020246
0.018945
0.024926
0.018409
0.016406
0.016652
0.01429
0.012668
0.019014
0.013849
0.019039
0.016
0.016602
0.013462
0.028125
0.01643
0.025032
0.027165
0.024313
0.027987
0.027716
0.029279
0.031244
0.032127
0.026542
0.029319
0.025114
0.022925
0.02464
0.026344
0.022412
0.023951
0.026061
0.026784
0.020762
0.02299
0.023388
0.024313
0.032896
0.030264
0.026056
0.021003
0.024074
0.019566
0.019851
0.01745
0.014892
0.01253
0.013719
0.012899
0.014512
0.014173
0.015044
0.015025
0.014399
0.029261
0.012665
0.028384
0.023068
0.015005
0.016806
0.0192
0.026058
0.027279
0.025995
0.014943
0.015556
0.016587
0.015905
0.029979
0.021961
0.020745
0.014009
0.024047
0.019891
0.034447
0.016361
0.025559
0.013123
0.021587
0.016526
0.019507
0.012162
0.014151
0.01708
0.02751
0.02568
0.025311
0.035917
0.031927
0.025576
0.031262
0.030739
0.030198
0.024812
0.029072
0.029257
0.029584
0.026618
0.023967
0.026616
0.024556
0.028247
0.025708
0.021811
0.026095
0.019904
0.023123
0.022925
0.017053
0.022261
0.024793
0.022316
0.020123
0.032238
0.027367
0.038615
0.025466
0.022422
0.032555
0.026664
0.019516
0.019171
0.020874
0.01914
0.018943
0.01571
0.014216
0.013323
0.015255
0.01673
0.014225
0.015152
0.018068
0.019221
0.019425
0.019856
0.017862
0.020539
0.016055
0.016967
0.016541
0.021782
0.019805
0.018885
0.025769
0.020432
0.020206
0.017817
0.021323
0.021231
0.020141
0.023184
0.022918
0.020011
0.021092
0.023902
0.026871
0.022571
0.020851
0.023948
0.024
0.02418
0.021818
0.022111
0.026169
0.01644
0.018492
0.015872
0.016779
0.015379
0.01638
0.013488
0.015469
0.015875
0.017713
0.015213
0.015454
0.022032
0.017331
0.017841
0.020316
0.024565
0.016783
0.019429
0.019347
0.019513
0.01974
0.019919
0.020675
0.026779
0.027347
0.023221
0.021312
0.025806
0.02055
0.023057
0.026177
0.023792
0.022106
0.024849
0.02314
0.025493
0.028134
0.025755
0.020352
0.024468
0.023683
0.024747
0.027497
0.024144
0.029965
0.022452
0.025426
0.026798
0.023626
0.028472
0.026227
0.028082
0.03025
0.024451
0.023486
0.023656
0.023573
0.023241
0.026226
0.027592
0.028337
0.029141
0.029713
0.025926
0.026303
0.030333
0.025297
0.025968
0.029468
0.03375
0.033672
0.02972
0.031489
0.02749
0.02831
0.030188
0.032772
0.033288
0.026464
0.02834
0.029983
0.030266
0.024234
0.02761
0.028473
0.02849
0.023928
0.028772
0.028745
0.026665
0.022195
0.026205
0.024982
0.024155
0.025979
0.028716
0.021567
0.024281
0.020863
0.030164
0.021517
0.015146
0.019712
0.026984
0.024561
0.021239
0.029232
0.028398
0.02535
0.024052
0.020688
0.024102
0.025517
0.025643
0.026768
0.023646
0.023167
0.021402
0.025484
0.024603
0.026359
0.023278
0.027048
0.030166
0.022262
0.024295
0.023727
0.021249
0.025142
0.020729
0.024756
0.024469
0.021624
0.021512
0.018003
0.015803
0.020436
0.021451
0.021443
0.024479
0.020324
0.024379
0.024002
0.022255
0.020165
0.021366
0.024758
0.02945
0.027076
0.023606
0.020954
0.020959
0.02542
0.021243
0.019037
0.025238
0.021685
0.020865
0.019705
0.01772
0.025682
0.025051
0.019527
0.02505
0.018699
0.026026
0.019558
0.020378
0.020541
0.018367
0.022315
0.019881
0.025281
0.031372
0.024138
0.029899
0.029549
0.035855
0.032031
0.02752
0.031776
0.032308
0.029301
0.029789
0.023155
0.031562
0.031682
0.034014
0.03254
0.029622
0.033762
0.034327
0.024367
0.034139
0.032356
0.014936
0.019424
0.017482
0.025149
0.019799
0.02359
0.019537
0.021179
0.017976
0.020272
0.025597
0.01821
0.017231
0.023185
0.02169
0.02114
0.01792
0.022226
0.021309
0.019846
0.025471
0.025002
0.022471
0.023121
0.021555
0.032225
0.024484
0.022611
0.027331
0.028384
0.025219
0.026556
0.023542
0.028731
0.025266
0.024887
0.022453
0.027522
0.026359
0.025875
0.025304
0.021409
0.017364
0.021434
0.017932
0.023187
0.020393
0.017676
0.021116
0.021239
0.023635
0.026266
0.021855
0.020582
0.022349
0.020689
0.021548
0.02176
0.024158
0.021964
0.026987
0.02456
0.028907
0.029207
0.018446
0.021772
0.019721
0.019671
0.021849
0.026232
0.018742
0.019549
0.018466
0.015884
0.019485
0.015263
0.021853
0.020603
0.054155
0.017271
0.026506
0.016138
0.023318
0.025443
0.024307
0.019084
0.0447
0.019636
0.021211
0.020861
0.023112
0.027192
0.025326
0.019207
0.024084
0.024815
0.019897
0.024498
0.020688
0.019907
0.021197
0.023204
0.019642
0.017156
0.027923
0.026002
0.023545
0.023534
0.03111
0.023571
0.026081
0.034505
0.026231
0.024252
0.028714
0.02702
0.026121
0.023248
0.019214
0.026507
0.01748
0.015315
0.021938
0.015537
0.017112
0.014318
0.023389
0.021831
0.020523
0.02361
0.022178
0.0267
0.02534
0.027505
0.024375
0.026021
0.019882
0.02273
0.025022
0.020766
0.02313
0.022953
0.029926
0.026997
0.022983
0.024429
0.026881
0.024808
0.023831
0.021099
0.013872
0.016766
0.013481
0.013926
0.014629
0.014765
0.018107
0.017852
0.012128
0.015632
0.017475
0.017549
0.016437
0.015592
0.015342
0.016589
0.016785
0.018658
0.019407
0.022834
0.020827
0.01445
0.018784
0.013673
0.028176
0.02726
0.027046
0.025519
0.027162
0.029354
0.023685
0.024283
0.025413
0.030112
0.023143
0.032956
0.030934
0.030462
0.028133
0.021376
0.041985
0.015141
0.018265
0.017301
0.019852
0.018366
0.018354
0.019614
0.017419
0.01482
0.018468
0.015146
0.020501
0.017612
0.014305
0.016891
0.018757
0.014891
0.017638
0.014308
0.015163
0.013116
0.021237
0.014899
0.012288
0.029383
0.024852
0.023739
0.031811
0.027731
0.024286
0.029775
0.024098
0.021016
0.03456
0.014767
0.018472
0.013681
0.01658
0.019087
0.016965
0.018575
0.015017
0.020451
0.015397
0.019205
0.012107
0.012965
0.0186
0.016002
0.016204
0.018855
0.019264
0.022585
0.027941
0.025691
0.027891
0.026319
0.029918
0.027024
0.032716
0.021888
0.024004
0.042329
0.019052
0.020331
0.027863
0.029741
0.029495
0.025129
0.01539
0.030849
0.025499
0.023423
0.033031
0.029115
0.030849
0.029344
0.024582
0.02772
0.027226
0.034014
0.027147
0.030861
0.029448
0.032401
0.032127
0.029024
0.031988
0.033945
0.03045
0.03164
0.028999
0.027546
0.031183
0.029642
0.032186
0.028173
0.026904
0.02501
0.03229
0.032288
0.029589
0.028262
0.03036
0.026884
0.027745
0.029533
0.028855
0.025096
0.029052
0.030926
0.024851
0.030009
0.028415
0.02459
0.024445
0.028871
0.026374
0.026561
0.024101
0.024231
0.029464
0.030946
0.024166
0.027343
0.025292
0.03107
0.023129
0.026279
0.027199
0.028412
0.030504
0.032482
0.026453
0.025397
0.0295
0.032709
0.02094
0.024405
0.026884
0.023102
0.031206
0.024182
0.027848
0.02544
0.024024
0.023451
0.022817
0.038985
0.037368
0.032249
0.037782
0.035919
0.028724
0.032325
0.026481
0.031255
0.024859
0.022327
0.02306
0.038243
0.027091
0.022443
0.028767
0.026077
0.023362
0.026767
0.026842
0.021738
0.022906
0.018902
0.022458
0.025268
0.021008
0.019752
0.02116
0.02437
0.030307
0.029241
0.026004
0.025177
0.028981
0.030995
0.019834
0.019336
0.023634
0.018486
0.021823
0.022202
0.021794
0.022923
0.023317
0.027059
0.021032
0.024331
0.023191
0.016314
0.026745
0.031954
0.030576
0.027502
0.028861
0.030416
0.023714
0.02114
0.021638
0.028106
0.027336
0.025633
0.026241
0.024059
0.033551
0.032637
0.031025
0.032903
0.023584
0.030216
0.03061
0.034738
0.030896
0.027693
0.025608
0.031249
0.028538
0.033877
0.033558
0.025319
0.030593
0.025449
0.033474
0.027727
0.027449
0.021582
0.030605
0.017829
0.014001
0.019433
0.017841
0.020425
0.022211
0.020971
0.039061
0.016571
0.02387
0.019341
0.018742
0.019793
0.027693
0.028891
0.024375
0.025964
0.025233
0.025045
0.02131
0.020306
0.023475
0.022173
0.025736
0.030676
0.025088
0.019877
0.020852
0.022493
0.020543
0.019523
0.021563
0.029184
0.023931
0.024343
0.023233
0.021249
0.018282
0.019764
0.017154
0.0202
0.019082
0.024293
0.019914
0.020881
0.023707
0.023182
0.020192
0.019606
0.020564
0.024922
0.02315
0.01476
0.02242
0.021621
0.022829
0.01996
0.02307
0.016486
0.02509
0.015405
0.015593
0.018846
0.016782
0.017442
0.02458
0.01694
0.018481
0.019745
0.024309
0.026743
0.022802
0.020634
0.025793
0.027588
0.024929
0.025951
0.01935
0.019824
0.020603
0.022576
0.020192
0.027978
0.01644
0.018716
0.019789
0.018919
0.019166
0.017202
0.017682
0.020617
0.015349
0.024102
0.018076
0.019165
0.021334
0.027725
0.024077
0.025827
0.026797
0.028976
0.025905
0.029469
0.026778
0.027264
0.02514
0.033241
0.033071
0.018869
0.01506
0.014966
0.014313
0.0144
0.019785
0.01757
0.016862
0.015506
0.013734
0.015708
0.013242
0.015239
0.014155
0.011755
0.029654
0.026479
0.029991
0.031199
0.032153
0.028581
0.029843
0.027182
0.032582
0.028716
0.027377
0.028394
0.018565
0.013945
0.017442
0.012741
0.018556
0.014032
0.018121
0.018146
0.014492
0.015668
0.017981
0.01747
0.033042
0.02984
0.029675
0.032111
0.032242
0.030602
0.037104
0.031522
0.034172
0.035992
0.029252
0.032508
0.030584
0.034619
0.030283
0.035379
0.029128
0.030508
0.034809
0.032227
0.032957
0.03147
0.035637
0.031592
0.032364
0.036443
0.034086
0.031926
0.035319
0.037173
0.03383
0.033175
0.033458
0.036125
0.033229
0.03439
0.034144
0.029725
0.031613
0.034103
0.028756
0.032612
0.034031
0.019255
0.01991
0.020501
0.01475
0.015879
0.019213
0.01818
0.029618
0.022259
0.019921
0.01912
0.02179
0.02467
0.021462
0.018426
0.023117
0.021522
0.031858
0.026735
0.035495
0.019473
0.03367
0.024812
0.026
0.017647
0.037189
0.021661
0.041009
0.036816
0.024947
0.014934
0.036341
0.015472
0.025713
0.026502
0.019993
0.022447
0.023047
0.023878
0.031388
0.03631
0.024627
0.034376
0.027947
0.033096
0.03089
0.031725
0.029397
0.033656
0.016776
0.019997
0.022784
0.012443
0.019858
0.022391
0.019299
0.023214
0.024477
0.015582
0.021264
0.02203
0.022137
0.025208
0.022461
0.022545
0.023275
0.021282
0.024292
0.022036
0.024667
0.019963
0.028905
0.022735
0.026612
0.032313
0.028826
0.028295
0.025421
0.025143
0.025251
0.021769
0.020574
0.019172
0.02171
0.022135
0.025143
0.023508
0.01416
0.023334
0.022068
0.020719
0.020551
0.021565
0.019282
0.01634
0.017766
0.017674
0.013806
0.023392
0.02123
0.019285
0.02051
0.020353
0.019052
0.021006
0.023874
0.020694
0.017749
0.016855
0.022325
0.018722
0.021089
0.016731
0.018252
0.021038
0.018813
0.022843
0.015727
0.018106
0.011386
0.017499
0.020692
0.019317
0.019051
0.018077
0.020833
0.019444
0.018697
0.020979
0.023156
0.017944
0.026432
0.021393
0.020961
0.020538
0.021117
0.022481
0.024066
0.02243
0.019002
0.019634
0.019543
0.019874
0.017007
0.018234
0.014699
0.014025
0.019175
0.019209
0.018922
0.016491
0.023894
0.020291
0.024205
0.02253
0.024832
0.019675
0.023073
0.023032
0.022064
0.025686
0.021025
0.022759
0.031628
0.021349
0.021343
0.02499
0.025939
0.023554
0.02271
0.018944
0.021214
0.019662
0.020918
0.019726
0.020456
0.019088
0.018946
0.01357
0.017734
0.017799
0.01918
0.014587
0.024722
0.01928
0.026829
0.027385
0.033293
0.029621
0.031703
0.03149
0.031793
0.031022
0.026021
0.023607
0.026651
0.031025
0.025605
0.023598
0.027656
0.033131
0.017137
0.017821
0.016018
0.014671
0.014986
0.015877
0.014076
0.020373
0.018855
0.016903
0.02097
0.017005
0.019276
0.015059
0.016747
0.014006
0.014186
0.014042
0.013661
0.013123
0.014291
0.014556
0.011931
0.034702
0.032923
0.029491
0.034866
0.034339
0.031795
0.038632
0.033888
0.030407
0.036678
0.034271
0.036303
0.037434
0.034859
0.030206
0.033775
0.03387
0.033257
0.030121
0.032322
0.036427
0.036232
0.035411
0.03474
0.034115
0.035419
0.032811
0.038121
0.035914
0.033891
0.034105
0.03888
0.037728
0.035312
0.03226
0.036324
0.035719
0.032663
0.028447
0.031652
0.035813
0.039282
0.03541
0.034877
0.037381
0.033431
0.02897
0.039347
0.036063
0.033679
0.034498
0.033719
0.035817
0.036854
0.034445
0.030071
0.030163
0.033538
0.035937
0.041256
0.032671
0.035004
0.036257
0.03797
0.03311
0.027502
0.029526
0.028411
0.030655
0.028735
0.032001
0.031934
0.029425
0.031374
0.02508
0.026707
0.028737
0.028868
0.020643
0.027862
0.028999
0.026505
0.034228
0.026985
0.023093
0.021342
0.022663
0.023175
0.023999
0.023584
0.021596
0.026365
0.032281
0.028829
0.019433
0.02637
0.029985
0.034049
0.024035
0.028341
0.026879
0.026071
0.025992
0.021972
0.022548
0.024884
0.02408
0.019669
0.020404
0.021593
0.024062
0.017987
0.024553
0.017831
0.022534
0.025262
0.018269
0.0209
0.019385
0.021373
0.019238
0.028253
0.028381
0.024107
0.014866
0.029817
0.026325
0.016763
0.026635
0.028377
0.016378
0.022922
0.028383
0.026938
0.034019
0.028363
0.014975
0.017106
0.030936
0.036758
0.019363
0.020859
0.032292
0.037096
0.019986
0.026778
0.039849
0.020904
0.027273
0.038766
0.029262
0.020266
0.020531
0.02488
0.030491
0.019263
0.029205
0.016005
0.020295
0.020035
0.021852
0.016282
0.017302
0.012157
0.02158
0.018696
0.023221
0.020672
0.024598
0.016591
0.037647
0.019672
0.017044
0.020006
0.021646
0.018534
0.016987
0.015446
0.017642
0.020013
0.020488
0.01931
0.018917
0.02243
0.016659
0.016889
0.020874
0.017216
0.017413
0.018428
0.019895
0.016102
0.01882
0.020518
0.017622
0.019979
0.017698
0.021784
0.01634
0.021244
0.016005
0.018305
0.017793
0.017047
0.023281
0.019797
0.014982
0.014789
0.021225
0.017695
0.020485
0.017432
0.020051
0.0174
0.019012
0.01987
0.020581
0.01817
0.020126
0.01488
0.018791
0.017014
0.016916
0.015072
0.014744
0.019543
0.021535
0.023472
0.019345
0.019256
0.018398
0.018368
0.015796
0.016363
0.028731
0.031846
0.034872
0.02342
0.023369
0.022121
0.025065
0.025075
0.022249
0.025834
0.027933
0.027353
0.029549
0.033395
0.026808
0.029552
0.031214
0.014925
0.017195
0.018054
0.019114
0.017144
0.017348
0.013591
0.017022
0.014817
0.020201
0.018079
0.018984
0.035616
0.035001
0.039288
0.040269
0.040114
0.038635
0.035717
0.038624
0.037428
0.03818
0.03967
0.035946
0.037733
0.037731
0.033933
0.030008
0.02782
0.036387
0.036655
0.034214
0.036677
0.037389
0.037753
0.035846
0.032595
0.030787
0.036604
0.033917
0.024687
0.029726
0.035995
0.035661
0.026937
0.022579
0.030939
0.021408
0.026085
0.030935
0.03327
0.031926
0.035499
0.033768
0.03426
0.035034
0.03279
0.034861
0.031696
0.035814
0.035467
0.034103
0.032807
0.035794
0.031551
0.023402
0.032951
0.03484
0.034115
0.037349
0.037213
0.039434
0.042688
0.037414
0.03178
0.032109
0.035045
0.029985
0.02189
0.022493
0.02436
0.024084
0.020879
0.022629
0.02216
0.019984
0.019742
0.023118
0.017029
0.01903
0.031614
0.030277
0.023404
0.034287
0.025606
0.02853
0.025804
0.028209
0.0249
0.024295
0.02541
0.026181
0.026697
0.021828
0.030577
0.031907
0.016742
0.018784
0.022088
0.017045
0.018296
0.028561
0.019452
0.020966
0.021038
0.025029
0.027117
0.014337
0.018401
0.020403
0.0155
0.018344
0.016006
0.021622
0.02004
0.013742
0.021415
0.013031
0.017231
0.034103
0.021935
0.017934
0.019904
0.026995
0.025229
0.014175
0.015465
0.01544
0.016299
0.035394
0.037288
0.019272
0.017842
0.021207
0.016409
0.017454
0.014953
0.013783
0.017212
0.033214
0.014392
0.018869
0.017856
0.015138
0.019066
0.022936
0.013596
0.016784
0.017694
0.019039
0.014341
0.017483
0.020584
0.016544
0.01784
0.021013
0.02092
0.016051
0.023709
0.021093
0.016046
0.017953
0.017094
0.019799
0.01978
0.018023
0.02209
0.018026
0.022762
0.021177
0.019405
0.019627
0.021261
0.018736
0.020368
0.018805
0.016942
0.016144
0.015466
0.015215
0.021588
0.018553
0.019459
0.019418
0.021747
0.017301
0.022697
0.020517
0.017711
0.01458
0.015754
0.019408
0.016161
0.019477
0.016692
0.019304
0.020073
0.017978
0.018271
0.014538
0.015714
0.015271
0.01638
0.012469
0.014459
0.015444
0.016618
0.01649
0.018569
0.016597
0.012945
0.015642
0.015241
0.013552
0.014737
0.016128
0.014407
0.012964
0.018608
0.016071
0.016877
0.01394
0.0185
0.015947
0.01775
0.016777
0.016173
0.01482
0.017126
0.017883
0.015536
0.014528
0.014411
0.016199
0.01629
0.016299
0.018443
0.015219
0.014208
0.019166
0.012393
0.010265
0.014628
0.019619
0.017275
0.01563
0.018949
0.015789
0.016095
0.016316
0.015774
0.015323
0.017152
0.016765
0.021018
0.017664
0.014603
0.018317
0.017024
0.019078
0.018027
0.018199
0.018269
0.016222
0.01786
0.0186
0.019037
0.022517
0.016596
0.019303
0.021986
0.021796
0.019843
0.017671
0.021882
0.018404
0.020254
0.018929
0.021209
0.017911
0.021907
0.018891
0.019951
0.019817
0.018035
0.018109
0.021649
0.019781
0.020739
0.01759
0.019139
0.017751
0.022358
0.019591
0.021856
0.020689
0.016273
0.017724
0.01732
0.020957
0.016551
0.020039
0.017181
0.017594
0.016918
0.016903
0.016714
0.015492
0.014294
0.01866
0.018317
0.015616
0.030298
0.020622
0.017919
0.017203
0.019361
0.019452
0.016321
0.013731
0.014503
0.034869
0.019119
0.02616
0.020854
0.028018
0.036951
0.054527
0.023364
0.026442
0.03636
0.0298
0.030273
0.02643
0.034406
0.061167
0.054848
0.047578
0.054061
0.061974
0.052043
0.059577
0.052613
0.038106
0.047529
0.053356
0.045717
0.060336
0.055891
0.053937
0.053261
0.052508
0.049574
0.055421
0.05613
0.021439
0.023489
0.056455
0.041653
0.050143
0.05313
0.044211
0.041139
0.039344
0.051882
0.051952
0.05601
0.050158
0.061541
0.044522
0.051707
0.049605
0.048475
0.033358
0.046195
0.056455
0.055184
0.048836
0.036815
0.049949
0.049736
0.053385
0.046535
0.057251
0.04611
0.047408
0.043786
0.015091
0.011829
0.049574
0.054472
0.054214
0.047662
0.050629
0.053913
0.050963
