0.056185
0.02873
0.035377
0.026842
0.022323
0.026924
0.025708
0.028138
0.030658
0.025789
0.028931
0.029476
0.023895
0.028697
0.0293
0.029776
0.027143
0.022848
0.026856
0.039141
0.027
0.027478
0.016528
0.018788
0.040722
0.037819
0.026233
0.026264
0.023951
0.024407
0.025034
0.02085
0.025662
0.023247
0.021969
0.021291
0.025155
0.024584
0.022189
0.017057
0.038914
0.014442
0.015626
0.02918
0.027946
0.041158
0.040227
0.020999
0.024964
0.023889
0.017694
0.018562
0.017314
0.021166
0.016931
0.02302
0.021812
0.023304
0.027281
0.028876
0.020458
0.023503
0.034362
0.018524
0.02201
0.020442
0.020649
0.038799
0.025628
0.024293
0.0358
0.022321
0.034338
0.058349
0.020831
0.022689
0.019252
0.019034
0.020761
0.019129
0.030116
0.027832
0.021853
0.030317
0.028154
0.026562
0.029865
0.029433
0.022389
0.02194
0.026964
0.030081
0.030953
0.024334
0.023982
0.029864
0.034096
0.030351
0.02838
0.023753
0.033813
0.035343
0.033755
0.036087
0.031155
0.03778
0.035095
0.036201
0.032526
0.036317
0.040866
0.034632
0.04012
0.042845
0.036522
0.043397
0.03514
0.029259
0.021611
0.026425
0.024545
0.028686
0.031941
0.029139
0.023426
0.022797
0.032127
0.030565
0.016988
0.035241
0.040546
0.01981
0.035169
0.014393
0.032714
0.033667
0.028984
0.027384
0.030413
0.028253
0.031917
0.040709
0.020506
0.026997
0.019081
0.044335
0.035235
0.037641
0.02629
0.030366
0.044348
0.032785
0.024788
0.017653
0.035771
0.019251
0.040065
0.022148
0.031161
0.024887
0.02406
0.018577
0.035561
0.03025
0.030571
0.025217
0.029377
0.025627
0.03564
0.027999
0.038649
0.022407
0.019332
0.022067
0.024097
0.027406
0.024224
0.021996
0.019591
0.025138
0.027551
0.071489
0.067575
0.03436
0.03472
0.037232
0.028447
0.042541
0.035559
0.027396
0.023729
0.038874
0.025751
0.023243
0.03313
0.035423
0.028934
0.0303
0.03256
0.039223
0.038499
0.041639
0.035413
0.041771
0.044079
0.044572
0.035488
0.035985
0.023714
0.026908
0.026304
0.024658
0.02711
0.023953
0.023593
0.026848
0.022673
0.021553
0.025945
0.023107
0.035098
0.035382
0.028461
0.035036
0.026944
0.020412
0.024739
0.038389
0.037029
0.029852
0.035486
0.034824
0.036418
0.040627
0.039531
0.027789
0.037931
0.027547
0.02856
0.028892
0.040859
0.028483
0.031825
0.04217
0.039499
0.040334
0.039034
0.037503
0.026971
0.037615
0.028748
0.034929
0.023729
0.029026
0.037408
0.038922
0.03113
0.036808
0.027785
0.026384
0.022458
0.029947
0.027081
0.032173
0.027779
0.029022
0.026513
0.026357
0.030129
0.029585
0.030574
0.033137
0.033177
0.029172
0.030654
0.029939
0.041259
0.031825
0.036367
0.029796
0.030833
0.038353
0.031649
0.020823
0.023546
0.039497
0.031777
0.037461
0.039297
0.031993
0.03406
0.037414
0.033133
0.014487
0.030887
0.039098
0.035703
0.032317
0.03109
0.030922
0.032971
0.037196
0.030407
0.039818
0.04114
0.042855
0.036535
0.040737
0.017337
0.024909
0.038301
0.032999
0.03086
0.023524
0.033696
0.022446
0.023371
0.037544
0.035682
0.042079
0.037156
0.04167
0.033424
0.034979
0.038048
0.034299
0.027993
0.033362
0.049438
0.033795
0.030513
0.031913
0.031614
0.048588
0.037733
0.030425
0.030077
0.028128
0.029874
0.028581
0.031926
0.050406
0.034379
0.035968
0.025947
0.030054
0.027843
0.026742
0.032406
0.026123
0.031183
0.027339
0.030021
0.026426
0.033153
0.020829
0.030519
0.018972
0.027215
0.027683
0.022334
0.020807
0.02656
0.025013
0.039413
0.03526
0.025709
0.02812
0.023102
0.026773
0.024129
0.030423
0.022561
0.026823
0.03114
0.032009
0.03347
0.01881
0.033439
0.040854
0.028408
0.028778
0.027595
0.026228
0.02761
0.026866
0.025776
0.02869
0.022387
0.029369
0.028037
0.024966
0.023382
0.031566
0.024238
0.024009
0.024673
0.049432
0.047278
0.026122
0.05063
0.049701
0.05254
0.054197
0.049406
0.05141
0.042674
0.020538
0.043777
0.045952
0.047337
0.044526
0.053843
0.041734
0.021806
0.053374
0.016548
0.019452
0.055598
0.039528
0.046927
0.054586
0.055296
0.044378
0.051309
0.055791
0.047532
0.053644
0.042799
0.054319
0.052487
0.049875
0.038567
0.041714
0.048335
0.042458
0.043752
0.049995
0.043141
0.046943
0.047694
0.050502
0.041599
0.013973
0.048281
0.047035
0.04171
0.051135
0.048585
0.051319
0.036873
0.051198
0.043412
0.047046
0.047703
0.041781
0.03183
0.048238
0.039047
0.049827
0.054554
0.020626
0.043435
0.048312
0.016078
0.047891
0.047607
0.046865
0.01341
0.043875
0.05282
0.049172
0.051764
0.044483
0.053425
0.0098097
0.05267
0.052178
0.052113
0.054658
0.052629
0.051067
0.041602
0.052377
0.050922
0.043381
0.042407
0.047126
0.047023
0.046597
0.044531
0.047622
0.04205
0.041432
0.040562
0.047273
0.042025
0.023998
0.022807
0.024575
0.021177
0.021809
0.017266
0.019482
0.01677
0.01271
0.026772
0.024617
0.026549
0.012172
0.031961
0.014624
0.022497
0.029744
0.028602
0.024125
0.031987
0.010379
0.030703
0.025538
0.024195
0.02631
0.029694
0.018303
0.028095
0.013913
0.019147
0.019598
0.012006
0.018804
0.017175
0.018237
0.019063
0.022189
0.013512
0.022568
0.022742
0.014397
0.018757
0.011432
0.026412
0.017718
0.026817
0.018739
0.015368
0.015671
0.028429
0.021689
0.061374
0.020812
0.024003
0.010449
0.021572
0.055588
0.01493
0.021203
0.019934
0.018654
0.025645
0.012867
0.016935
0.016491
0.01491
0.013484
0.013463
0.01699
0.018583
0.012463
0.024141
0.014661
0.014847
0.013937
0.044586
0.016002
0.018676
0.024932
0.014209
0.020343
0.014732
0.01169
0.015741
0.01911
0.01544
0.012915
0.021856
0.014536
0.020375
0.01354
0.016909
0.018222
0.01585
0.065775
0.064402
0.015397
0.015398
0.018287
0.01477
0.014151
0.021903
0.016763
0.014926
0.015218
0.015613
0.013893
0.01312
0.015122
0.016113
0.012624
0.012182
0.01047
0.018412
0.014701
0.060329
0.049842
0.011792
0.016581
0.018277
0.021544
0.022499
0.013057
0.055625
0.057278
0.017354
0.021339
0.027571
0.015034
0.015088
0.023563
0.014258
0.013999
0.0191
0.012132
0.019347
0.016804
0.021238
0.016668
0.020467
0.017608
0.028702
0.020398
0.029215
0.015443
0.012793
0.014234
0.014726
0.011925
0.014077
0.010797
0.01551
0.027984
0.029898
0.023806
0.023015
0.032794
0.03714
0.019655
0.01585
0.016143
0.020443
0.018703
0.015037
0.019434
0.016778
0.014658
0.016142
0.024325
0.014207
0.016577
0.012573
0.016211
0.01383
0.016759
0.02583
0.015774
0.016038
0.031227
0.041961
0.015772
0.015578
0.041449
0.067819
0.017249
0.017313
0.014839
0.017773
0.01527
0.021677
0.022115
0.014059
0.018527
0.040756
0.039719
0.038751
0.036275
0.038804
0.035625
0.040739
0.037238
0.038485
0.031713
0.034586
0.020164
0.016072
0.028323
0.029741
0.023284
0.020107
0.02308
0.035404
0.024972
0.016688
0.016605
0.021386
0.025174
0.021507
0.040272
0.018262
0.034542
0.029301
0.019128
0.033718
0.037406
0.02301
0.040863
0.037688
0.033171
0.031859
0.031455
0.039902
0.037454
0.040634
0.041477
0.036486
0.042744
0.030671
0.04432
0.038216
0.045337
0.036833
0.036735
0.036897
0.041613
0.043172
0.040992
0.046613
0.040086
0.036386
0.046017
0.038592
0.038806
0.043517
0.035359
0.030129
0.036925
0.02291
0.015833
0.016905
0.017744
0.017977
0.019806
0.016879
0.017363
0.018487
0.020555
0.039062
0.01355
0.04077
0.018366
0.016644
0.022021
0.018595
0.021128
0.014654
0.018116
0.020099
0.016803
0.014105
0.017657
0.013852
0.019449
0.017426
0.015513
0.016908
0.018367
0.029489
0.018218
0.019267
0.016307
0.025972
0.031022
0.027862
0.02459
0.023143
0.027979
0.02889
0.048264
0.034451
0.035484
0.024896
0.019668
0.01932
0.017484
0.019264
0.031633
0.026614
0.025162
0.025345
0.029937
0.028224
0.023802
0.0265
0.023843
0.021837
0.023137
0.040306
0.042455
0.030901
0.028608
0.024255
0.020536
0.02629
0.023435
0.020429
0.019634
0.022606
0.022782
0.026235
0.020621
0.018572
0.026643
0.021174
0.027607
0.023908
0.029463
0.029756
0.026421
0.029304
0.026004
0.024702
0.030177
0.026875
0.024489
0.023222
0.031849
0.028139
0.028476
0.028814
0.030383
0.023958
0.030685
0.021405
0.030116
0.027907
0.028755
0.031025
0.028696
0.02656
0.026265
0.030206
0.029339
0.028907
0.02827
0.020384
0.021906
0.027065
0.027212
0.025429
0.034733
0.033074
0.027976
0.030539
0.026051
0.024151
0.024833
0.024259
0.023431
0.023181
0.028297
0.022865
0.025239
0.026091
0.027154
0.025391
0.042051
0.029379
0.032813
0.026267
0.054319
0.022097
0.044096
0.018895
0.020638
0.020782
0.021206
0.023352
0.019047
0.021162
0.022052
0.026794
0.02713
0.026567
0.025918
0.041768
0.025205
0.024535
0.027996
0.024955
0.026149
0.023645
0.021543
0.027776
0.020936
0.029562
0.030513
0.02647
0.029877
0.021417
0.027896
0.023888
0.026537
0.020446
0.038768
0.042455
0.037334
0.037862
0.039611
0.039407
0.041001
0.038548
0.040353
0.032726
0.036315
0.034259
0.034041
0.026503
0.038576
0.035096
0.032981
0.033715
0.037578
0.036377
0.037263
0.037952
0.032366
0.034321
0.035789
0.033474
0.036082
0.046432
0.041051
0.032232
0.036908
0.037806
0.041254
0.03836
0.028861
0.038554
0.036718
0.040594
0.034312
0.040195
0.032242
0.039145
0.037492
0.039074
0.035829
0.017338
0.037868
0.040227
0.040701
0.038085
0.044137
0.038084
0.030485
0.038675
0.037861
0.042788
0.043273
0.034834
0.034636
0.040527
0.044975
0.041463
0.034215
0.045283
0.037113
0.026412
0.02514
0.042556
0.039532
0.042836
0.041818
0.042892
0.036359
0.03819
0.047334
0.041537
0.047498
0.04259
0.038824
0.046822
0.042013
0.032863
0.037031
0.03572
0.031645
0.042565
0.036814
0.038749
0.037493
0.036083
0.032923
0.026026
0.030814
0.031692
0.024099
0.02494
0.046969
0.037937
0.033836
0.033892
0.03043
0.030138
0.029663
0.026576
0.027828
0.026792
0.026063
0.025409
0.015731
0.026414
0.02542
0.027444
0.012562
0.027074
0.015507
0.017537
0.015034
0.026381
0.023577
0.023876
0.020814
0.021685
0.040107
0.016069
0.028794
0.029407
0.013019
0.026458
0.027903
0.031013
0.031109
0.030621
0.038306
0.026366
0.027192
0.024167
0.029905
0.028279
0.023487
0.01992
0.023892
0.026222
0.021587
0.023174
0.023138
0.021017
0.018717
0.0138
0.018176
0.014225
0.013477
0.010988
0.017821
0.016746
0.019527
0.015439
0.014866
0.016258
0.017732
0.014355
0.016745
0.017897
0.012774
0.013262
0.012046
0.019048
0.016129
0.017811
0.013969
0.020534
0.015749
0.019281
0.020544
0.020321
0.040622
0.036216
0.020388
0.020182
0.010841
0.014324
0.032391
0.012818
0.013584
0.015335
0.013695
0.019608
0.059188
0.062205
0.059301
0.060991
0.055819
0.056494
0.053805
0.041898
0.015324
0.017314
0.020933
0.045995
0.013781
0.016909
0.016895
0.014014
0.015315
0.01496
0.015727
0.015034
0.014384
0.021005
0.021674
0.015101
0.017209
0.016401
0.017372
0.017961
0.021721
0.021716
0.019067
0.020668
0.020947
0.053171
0.017953
0.048704
0.053481
0.050617
0.047555
0.04736
0.042483
0.046818
0.034778
0.028408
0.038644
0.028604
0.024059
0.047972
0.05537
0.035602
0.021291
0.050252
0.029089
0.03205
0.044083
0.026303
0.019855
0.030862
0.036704
0.015523
0.020039
0.022944
0.023765
0.037027
0.035675
0.039226
0.039789
0.040859
0.045182
0.036267
0.031711
0.036939
0.035675
0.041045
0.023003
0.020763
0.026418
0.021332
0.022787
0.022025
0.021215
0.029035
0.020075
0.020532
0.019842
0.0219
0.013122
0.015536
0.021078
0.01725
0.011928
0.014251
0.015577
0.016975
0.01621
0.012869
0.016446
0.016644
0.016732
0.017519
0.01956
0.020389
0.016617
0.016348
0.021271
0.015411
0.021907
0.014789
0.030726
0.016865
0.018451
0.018967
0.014224
0.019365
0.020168
0.017899
0.014163
0.022107
0.021283
0.040364
0.037773
0.035517
0.025915
0.038385
0.037281
0.049929
0.027141
0.02568
0.033159
0.029142
0.028564
0.021815
0.035805
0.02302
0.025943
0.033927
0.022834
0.016437
0.019628
0.03401
0.02563
0.030778
0.045298
0.01756
0.04113
0.018512
0.047121
0.040484
0.045229
0.046921
0.015203
0.047978
0.048753
0.022053
0.021051
0.019275
0.017642
0.023507
0.020845
0.02005
0.019763
0.022487
0.021217
0.017454
0.023122
0.022263
0.020983
0.017748
0.016305
0.018342
0.019463
0.018637
0.020464
0.020401
0.021201
0.016777
0.018116
0.017116
0.01819
0.016741
0.020997
0.019428
0.016144
0.021199
0.022119
0.01831
0.020825
0.015825
0.017163
0.024385
0.017313
0.025069
0.020355
0.021949
0.015401
0.018183
0.020153
0.018376
0.020815
0.020893
0.030139
0.032858
0.028588
0.026651
0.02578
0.024554
0.024886
0.025542
0.019635
0.019915
0.024856
0.018734
0.024474
0.021647
0.021467
0.015623
0.017749
0.020925
0.016757
0.020167
0.025879
0.026584
0.026716
0.021748
0.02103
0.02085
0.020368
0.019041
0.022374
0.021835
0.022531
0.025343
0.020628
0.023407
0.022438
0.025887
0.024512
0.018633
0.050779
0.019876
0.020608
0.024106
0.055812
0.053963
0.016648
0.023682
0.02061
0.027888
0.026183
0.0211
0.020765
0.029165
0.021546
0.021195
0.025193
0.031363
0.027876
0.03209
0.029885
0.028298
0.026327
0.023911
0.015239
0.021234
0.029633
0.025272
0.026749
0.03046
0.022326
0.026432
0.026378
0.026383
0.026113
0.01959
0.016465
0.016886
0.025506
0.028462
0.023068
0.031882
0.027441
0.033986
0.033782
0.03231
0.035105
0.029372
0.027057
0.030084
0.029686
0.033353
0.031908
0.032162
0.035811
0.029956
0.025194
0.032008
0.029993
0.030699
0.032198
0.02919
0.026181
0.032847
0.032787
0.030567
0.032215
0.0334
0.034069
0.037697
0.03446
0.038489
0.034208
0.039327
0.034522
0.035307
0.038085
0.029867
0.033606
0.035042
0.018151
0.034097
0.034137
0.029993
0.037385
0.030496
0.027434
0.028903
0.027232
0.037984
0.033124
0.028526
0.040214
0.032812
0.028725
0.028418
0.031395
0.033586
0.032736
0.032148
0.026993
0.025988
0.020436
0.036161
0.031147
0.031018
0.033024
0.033866
0.030703
0.013372
0.027486
0.030531
0.030181
0.03086
0.031697
0.04127
0.029524
0.031218
0.033566
0.02526
0.028687
0.02213
0.029705
0.034043
0.017654
0.032551
0.026564
0.035011
0.026559
0.02587
0.028832
0.020488
0.021144
0.018076
0.01914
0.020645
0.019743
0.020271
0.017389
0.034927
0.026249
0.026321
0.023493
0.029197
0.02223
0.027743
0.020812
0.022607
0.018957
0.024904
0.017456
0.014431
0.017394
0.019134
0.02188
0.021073
0.02561
0.027069
0.028084
0.017907
0.015943
0.014896
0.014435
0.01963
0.01719
0.019359
0.016251
0.017578
0.016794
0.016741
0.021368
0.021359
0.018889
0.01329
0.014877
0.016867
0.012333
0.015243
0.016935
0.016787
0.030553
0.049386
0.02022
0.016892
0.02608
0.022155
0.02057
0.025675
0.024317
0.033594
0.024076
0.015812
0.015672
0.017356
0.018746
0.016241
0.014198
0.01944
0.018258
0.014659
0.01666
0.014779
0.020563
0.019868
0.02237
0.01516
0.017631
0.013016
0.02159
0.014346
0.028438
0.023215
0.015012
0.019699
0.017017
0.014483
0.031088
0.035861
0.034098
0.035653
0.017026
0.017496
0.014214
0.013226
0.016304
0.013903
0.014926
0.011446
0.017309
0.02428
0.019032
0.021461
0.022947
0.016856
0.036856
0.031473
0.030588
0.057946
0.055102
0.029055
0.036589
0.052002
0.029756
0.031058
0.034978
0.026519
0.025955
0.031989
0.025349
0.047339
0.033699
0.022621
0.020764
0.016995
0.017313
0.017984
0.015774
0.019237
0.018544
0.017794
0.015657
0.020051
0.020774
0.019804
0.01818
0.023851
0.019539
0.019959
0.022997
0.02228
0.021055
0.034758
0.028757
0.045634
0.027774
0.04549
0.035707
0.028776
0.032913
0.043977
0.032181
0.042418
0.030043
0.033292
0.035638
0.029888
0.027835
0.030217
0.022213
0.023363
0.0221
0.022855
0.021768
0.024543
0.038112
0.033522
0.023172
0.024909
0.018728
0.027083
0.029111
0.020273
0.021566
0.030577
0.030701
0.022986
0.03697
0.035089
0.027411
0.034826
0.024657
0.034101
0.039755
0.014959
0.017364
0.017984
0.021167
0.015299
0.021544
0.022757
0.018279
0.025738
0.022492
0.023602
0.019621
0.015981
0.024229
0.019425
0.023862
0.022851
0.017059
0.023586
0.024548
0.022837
0.020769
0.021051
0.018873
0.020485
0.022351
0.028694
0.021827
0.020996
0.022429
0.020207
0.018965
0.01626
0.017652
0.01961
0.019817
0.023417
0.022184
0.018528
0.020574
0.026047
0.019837
0.024759
0.022658
0.02078
0.019018
0.019117
0.0197
0.020657
0.021889
0.018098
0.018456
0.020821
0.018586
0.02016
0.022489
0.021289
0.018125
0.021012
0.019936
0.02002
0.017533
0.020325
0.023807
0.022571
0.021433
0.021971
0.023806
0.028327
0.022252
0.024395
0.02302
0.025353
0.026093
0.020612
0.02417
0.025188
0.023467
0.024947
0.020873
0.020624
0.023216
0.029457
0.02375
0.024912
0.024411
0.02469
0.023361
0.02577
0.024003
0.021803
0.024176
0.027017
0.024287
0.02367
0.022864
0.025287
0.022487
0.024354
0.02483
0.027672
0.025342
0.023895
0.022266
0.026117
0.025263
0.025917
0.016547
0.019352
0.019036
0.020064
0.020929
0.021218
0.020997
0.022983
0.024058
0.019005
0.02623
0.026053
0.022936
0.028444
0.022643
0.025585
0.024008
0.021053
0.024179
0.030958
0.031232
0.022844
0.029875
0.028706
0.01827
0.027539
0.025831
0.018925
0.036631
0.021561
0.037949
0.023674
0.027108
0.022175
0.01934
0.023549
0.036549
0.015651
0.030629
0.02631
0.027404
0.024747
0.021192
0.026086
0.022259
0.027004
0.024218
0.019344
0.030793
0.020581
0.021375
0.029167
0.02757
0.024802
0.032774
0.020904
0.029977
0.043121
0.035964
0.037567
0.040796
0.035073
0.0346
0.030414
0.063131
0.027631
0.038412
0.016231
0.016967
0.01813
0.018986
0.017336
0.018715
0.018401
0.022018
0.01818
0.025083
0.018018
0.030101
0.019255
0.024639
0.032207
0.034984
0.023729
0.0338
0.023756
0.033164
0.029284
0.033418
0.018236
0.028606
0.021428
0.022254
0.029054
0.024871
0.029015
0.025278
0.026793
0.031621
0.026857
0.057456
0.025766
0.026374
0.025326
0.065643
0.024226
0.025341
0.021632
0.027349
0.031302
0.031144
0.024388
0.024549
0.027635
0.018732
0.022554
0.02433
0.024494
0.025766
0.022035
0.020907
0.024176
0.02066
0.020137
0.026068
0.026139
0.028537
0.024978
0.021312
0.022542
0.024544
0.019916
0.02816
0.023279
0.022249
0.021651
0.031443
0.04358
0.021317
0.026191
0.052064
0.030669
0.021206
0.019825
0.034838
0.019231
0.025341
0.019104
0.046117
0.0341
0.023562
0.045942
0.03909
0.034172
0.042868
0.026161
0.034729
0.027342
0.036137
0.042553
0.041579
0.043088
0.036114
0.032632
0.028348
0.036539
0.027191
0.042803
0.036231
0.038047
0.037112
0.027177
0.027853
0.036351
0.022818
0.032116
0.03087
0.027751
0.027333
0.027245
0.027243
0.028267
0.030604
0.023351
0.024048
0.02568
0.032678
0.024981
0.026287
0.028637
0.027679
0.02888
0.029282
0.031628
0.031644
0.035075
0.033408
0.030206
0.028725
0.022391
0.030324
0.026878
0.031355
0.030054
0.03768
0.037694
0.033169
0.035661
0.036011
0.038082
0.034694
0.037418
0.038844
0.037623
0.030942
0.034538
0.031356
0.032335
0.034961
0.029741
0.023153
0.022021
0.025789
0.024516
0.029269
0.022754
0.026896
0.022238
0.02338
0.019704
0.022252
0.027809
0.022382
0.020811
0.027124
0.021564
0.040101
0.036109
0.037129
0.040443
0.034672
0.035394
0.038947
0.03953
0.03925
0.033855
0.023346
0.035609
0.03565
0.035239
0.031967
0.035998
0.032087
0.031808
0.028741
0.028547
0.026745
0.030363
0.028324
0.025183
0.02504
0.021371
0.022841
0.024231
0.026674
0.02964
0.025185
0.026545
0.022957
0.027816
0.027439
0.025301
0.02296
0.021159
0.028039
0.031445
0.023169
0.024304
0.023603
0.028545
0.028142
0.024232
0.024712
0.025275
0.022604
0.028804
0.032114
0.024005
0.027042
0.026163
0.027874
0.023517
0.022573
0.021705
0.027016
0.027981
0.028288
0.0253
0.029685
0.025804
0.024723
0.023822
0.025123
0.030858
0.027577
0.026149
0.022938
0.024341
0.025421
0.022814
0.024384
0.021176
0.02381
0.033563
0.026092
0.028719
0.024237
0.02507
0.033127
0.034474
0.030785
0.030249
0.033381
0.032281
0.027675
0.030442
0.028135
0.032492
0.027433
0.026948
0.032405
0.025668
0.02859
0.02559
0.031647
0.032654
0.030665
0.031478
0.029696
0.031761
0.029683
0.027715
0.028751
0.03352
0.025664
0.030291
0.034385
0.028938
0.031427
0.029222
0.032842
0.031883
0.028901
0.033179
0.030363
0.030634
0.035084
0.032859
0.023274
0.034204
0.034546
0.029432
0.028279
0.029243
0.029609
0.024549
0.027457
0.028035
0.029077
0.025209
0.026873
0.024303
0.023842
0.021032
0.028569
0.02472
0.020562
0.028967
0.035204
0.033592
0.026884
0.029662
0.033467
0.030787
0.029373
0.033151
0.037365
0.027031
0.032598
0.031997
0.03088
0.029044
0.030569
0.027289
0.017761
0.017073
0.015684
0.018779
0.018287
0.016343
0.015882
0.020036
0.0215
0.023193
0.021467
0.020865
0.021374
0.018542
0.018755
0.018655
0.021901
0.018033
0.020129
0.018509
0.021724
0.021703
0.019654
0.016747
0.018557
0.015753
0.015815
0.018896
0.017692
0.017346
0.017536
0.019573
0.030809
0.028118
0.029354
0.029872
0.031726
0.033878
0.033283
0.030298
0.030347
0.029089
0.024776
0.02916
0.02035
0.02221
0.018785
0.015737
0.021926
0.02436
0.024865
0.024671
0.027412
0.029423
0.031598
0.027618
0.02849
0.029089
0.02838
0.028363
0.030926
0.033318
0.03506
0.032298
0.018985
0.0265
0.033349
0.028977
0.027782
0.032297
0.029404
0.028566
0.030302
0.028282
0.026484
0.027887
0.033793
0.032108
0.036237
0.028419
0.03313
0.030983
0.03343
0.035676
0.037694
0.033153
0.028787
0.029927
0.034649
0.036901
0.036363
0.035734
0.032428
0.036137
0.035329
0.032316
0.023774
0.034454
0.027661
0.031092
0.030349
0.027873
0.035559
0.032505
0.026164
0.02482
0.031174
0.031594
0.038328
0.036835
0.035438
0.048816
0.040469
0.042929
0.028921
0.016884
0.015936
0.026425
0.022153
0.025394
0.02793
0.030693
0.031696
0.026578
0.026899
0.027818
0.025659
0.02703
0.024794
0.025261
0.024229
0.026306
0.027242
0.023997
0.030314
0.022775
0.03292
0.027378
0.025563
0.033642
0.028842
0.027272
0.027538
0.024425
0.028347
0.027304
0.029331
0.024175
0.024561
0.024565
0.027598
0.02835
0.031608
0.024369
0.024642
0.019049
0.023831
0.026648
0.028381
0.028432
0.024226
0.022961
0.024642
0.026632
0.023462
0.021882
0.025159
0.021247
0.026318
0.026915
0.021123
0.022351
0.032559
0.019951
0.038047
0.047284
0.049356
0.042637
0.046431
0.032907
0.047042
0.024472
0.018327
0.024321
0.023493
0.025575
0.027218
0.027389
0.024946
0.020012
0.02771
0.026928
0.021921
0.026383
0.02506
0.021474
0.024896
0.025816
0.024114
0.024503
0.020307
0.019237
0.021672
0.021628
0.019334
0.020334
0.018236
0.015125
0.016955
0.012647
0.015588
0.017014
0.016392
0.014225
0.01906
0.020477
0.019578
0.013419
0.021798
0.035485
0.027457
0.028185
0.02369
0.033807
0.029897
0.027636
0.028701
0.024711
0.024698
0.030746
0.028118
0.021994
0.026056
0.030488
0.026954
0.018091
0.01961
0.019214
0.014689
0.015708
0.019744
0.018799
0.017186
0.021117
0.019047
0.018642
0.01747
0.020494
0.0155
0.018608
0.016159
0.018646
0.018043
0.019529
0.018363
0.018278
0.017356
0.017432
0.017932
0.017322
0.017185
0.018735
0.018029
0.019986
0.01864
0.018166
0.015397
0.018322
0.017964
0.020267
0.01807
0.024563
0.021169
0.025456
0.022827
0.025787
0.021964
0.028365
0.024409
0.028774
0.025116
0.025383
0.026693
0.025107
0.028412
0.028423
0.027703
0.026236
0.016993
0.012828
0.015016
0.011975
0.013307
0.016724
0.013454
0.013577
0.01783
0.015647
0.013913
0.012534
0.018385
0.019334
0.016367
0.01558
0.017615
0.025221
0.022653
0.018077
0.01518
0.017519
0.01889
0.021035
0.019926
0.018778
0.017841
0.023665
0.011978
0.016633
0.02091
0.018537
0.017321
0.025943
0.024713
0.024175
0.018288
0.030989
0.026498
0.026023
0.029035
0.042437
0.025635
0.038346
0.029179
0.049382
0.046464
0.051912
0.02592
0.025473
0.024854
0.04505
0.029969
0.039233
0.04365
0.024965
0.015865
0.021534
0.024464
0.02314
0.024121
0.027863
0.029476
0.048493
0.04807
0.04951
0.030744
0.027009
0.026248
0.045493
0.049164
0.045227
0.051836
0.049
0.048974
0.024227
0.046414
0.050693
0.046838
0.050297
0.045265
0.04807
0.044345
0.038613
0.045668
0.04627
0.02571
0.05029
0.046452
0.030806
0.036887
0.034067
0.031243
0.036907
0.030349
0.031637
0.03143
0.033254
0.027797
0.03717
0.027718
0.035688
0.032932
0.033874
0.029028
0.039057
0.023206
0.028858
0.019159
0.030776
0.017186
0.028246
0.022164
0.039894
0.02954
0.031504
0.023416
0.036625
0.026594
0.028161
0.028001
0.031113
0.026792
0.030041
0.016942
0.019132
0.02166
0.021072
0.021265
0.02583
0.02664
0.02663
0.031763
0.027748
0.029764
0.025397
0.026527
0.027376
0.03165
0.02979
0.026934
0.028165
0.024522
0.02555
0.022998
0.029375
0.020143
0.022952
0.022029
0.021567
0.020575
0.024173
0.028456
0.025727
0.031601
0.033661
0.02656
0.025833
0.027718
0.033634
0.027508
0.03182
0.024589
0.0224
0.02151
0.022198
0.021357
0.018536
0.026953
0.02222
0.023847
0.026595
0.024773
0.030102
0.02873
0.025584
0.026373
0.02701
0.025367
0.026189
0.025433
0.024285
0.023966
0.023447
0.025234
0.027436
0.030147
0.027161
0.028523
0.025223
0.022772
0.028745
0.034066
0.031352
0.020031
0.020188
0.024985
0.029052
0.025276
0.019286
0.02789
0.023611
0.028332
0.02919
0.028418
0.027164
0.035215
0.033173
0.036568
0.034244
0.033281
0.037455
0.039054
0.036564
0.028348
0.038706
0.026395
0.031742
0.025241
0.035349
0.029112
0.023445
0.03016
0.035114
0.035776
0.027085
0.03957
0.035707
0.030042
0.033726
0.033635
0.038719
0.034811
0.04001
0.040552
0.043432
0.040864
0.042096
0.041497
0.043969
0.046431
0.022542
0.024806
0.02531
0.026395
0.026097
0.032358
0.032298
0.025667
0.031399
0.032325
0.035591
0.031656
0.035659
0.032907
0.03544
0.041413
0.036319
0.042055
0.037525
0.034359
0.039609
0.036425
0.036476
0.033659
0.042265
0.03929
0.042259
0.044112
0.040525
0.047461
0.043982
0.045842
0.045105
0.047874
0.039156
0.049715
0.040171
0.040406
0.038851
0.030899
0.043194
0.037602
0.04396
0.039801
0.03624
0.033781
0.035587
0.034837
0.036106
0.039103
0.036184
0.041417
0.032961
0.038741
0.034638
0.033318
0.036711
0.03979
0.033959
0.034308
0.035595
0.029825
0.032146
0.029699
0.029467
0.031793
0.028387
0.026891
0.02689
0.022781
0.024885
0.033365
0.031465
0.031919
0.031152
0.032863
0.029726
0.032919
0.030293
0.030643
0.03205
0.032253
0.028806
0.031675
0.034605
0.035214
0.032759
0.025342
0.032361
0.032609
0.029621
0.034627
0.038568
0.030871
0.036004
0.038784
0.034392
0.01938
0.022488
0.026256
0.021648
0.028861
0.028921
0.029143
0.023735
0.023863
0.019713
0.02458
0.022872
0.022503
0.027517
0.030095
0.028275
0.028182
0.028117
0.036629
0.037497
0.030112
0.037521
0.036383
0.027215
0.033177
0.03898
0.031479
0.035877
0.038844
0.039327
0.038424
0.035236
0.029223
0.038209
0.033019
0.02508
0.033104
0.03196
0.032342
0.021393
0.021987
0.018056
0.017268
0.022871
0.024216
0.020811
0.02989
0.031111
0.038675
0.026284
0.031594
0.029544
0.030868
0.037838
0.041838
0.043327
0.030372
0.046272
0.044699
0.03746
0.048124
0.038273
0.043499
0.048451
0.029039
0.029337
0.029392
0.030009
0.029105
0.026125
0.026942
0.028467
0.02077
0.022963
0.018147
0.019066
0.023361
0.022717
0.018099
0.021101
0.023945
0.03255
0.023716
0.016054
0.025134
0.019734
0.029804
0.023236
0.021759
0.026668
0.02677
0.026263
0.02785
0.023349
0.024414
0.026492
0.020494
0.028596
0.022403
0.024317
0.027267
0.027819
0.023527
0.030175
0.018562
0.025978
0.022078
0.023452
0.027472
0.026408
0.023143
0.028352
0.021864
0.022197
0.021314
0.031598
0.02696
0.024962
0.022023
0.027373
0.027205
0.027358
0.025895
0.020996
0.024034
0.025031
0.020216
0.020714
0.039341
0.045994
0.048385
0.043314
0.045754
0.036941
0.047552
0.049457
0.049026
0.047524
0.036631
0.05242
0.048631
0.04649
0.047182
0.041253
0.045792
0.030428
0.025666
0.032516
0.024944
0.030407
0.027703
0.025237
0.025999
0.025925
0.02616
0.030031
0.028766
0.025984
0.019765
0.021707
0.0187
0.026906
0.020985
0.021391
0.02238
0.019832
0.018055
0.018728
0.018997
0.018981
0.019337
0.022731
0.020877
0.019881
0.02048
0.024579
0.017448
0.0211
0.020849
0.018391
0.020209
0.021878
0.02301
0.021909
0.020155
0.020367
0.017
0.018746
0.017258
0.050077
0.042342
0.035176
0.026316
0.036832
0.034295
0.050936
0.034632
0.038546
0.036533
0.038448
0.029473
0.023882
0.028699
0.030227
0.022891
0.030963
0.027297
0.056082
0.029566
0.0378
0.026514
0.029541
0.018429
0.019079
0.016715
0.020414
0.013347
0.017529
0.015244
0.019451
0.015632
0.016068
0.033472
0.03681
0.032024
0.031752
0.029359
0.030668
0.027594
0.030469
0.029925
0.028816
0.015352
0.015962
0.018668
0.019891
0.01919
0.016629
0.012985
0.016312
0.014055
0.010121
0.012819
0.015408
0.01354
0.018266
0.014042
0.010417
0.01572
0.015972
0.018078
0.015365
0.018863
0.015722
0.010978
0.015293
0.013945
0.011994
0.014147
0.013792
0.014981
0.013584
0.014972
0.010227
0.012966
0.013741
0.012226
0.013302
0.017094
0.016666
0.018239
0.019714
0.018576
0.015835
0.016513
0.01836
0.023482
0.015247
0.01608
0.024612
0.01874
0.021952
0.022077
0.021315
0.014287
0.015003
0.019209
0.014954
0.013978
0.016665
0.014574
0.011225
0.015921
0.015341
0.018659
0.020437
0.022858
0.022697
0.019636
0.020034
0.042076
0.040428
0.043314
0.042674
0.043116
0.03513
0.042188
0.044394
0.042552
0.038938
0.03491
0.035744
0.034388
0.035139
0.037373
0.041403
0.039681
0.041178
0.039277
0.033145
0.04329
0.043988
0.041659
0.038775
0.036899
0.03655
0.038037
0.036523
0.032083
0.035877
0.034591
0.033878
0.031005
0.037587
0.03383
0.030692
0.029018
0.030636
0.030746
0.024851
0.025255
0.026371
0.024543
0.024029
0.024605
0.024065
0.024773
0.025753
0.024442
0.022249
0.022458
0.022549
0.031225
0.020952
0.026841
0.023156
0.027393
0.023443
0.027708
0.025035
0.024651
0.030977
0.030613
0.024595
0.030808
0.025866
0.027809
0.030021
0.030429
0.024333
0.027068
0.030648
0.029333
0.0283
0.024993
0.031783
0.031476
0.025257
0.031409
0.02871
0.02876
0.029026
0.030908
0.025002
0.029424
0.032657
0.025
0.026893
0.02978
0.026932
0.026659
0.026345
0.029576
0.031353
0.034523
0.030248
0.02485
0.027324
0.033674
0.03103
0.02753
0.031842
0.027521
0.025424
0.023826
0.026967
0.029836
0.035911
0.026207
0.025456
0.026507
0.024816
0.025962
0.022286
0.028943
0.025094
0.026044
0.020637
0.023754
0.02434
0.023066
0.022893
0.023136
0.02026
0.030791
0.021457
0.02904
0.025239
0.028995
0.028587
0.034648
0.036218
0.030481
0.024399
0.026617
0.029619
0.025785
0.030122
0.026966
0.028902
0.027493
0.027903
0.029597
0.03186
0.026531
0.02969
0.030145
0.034169
0.03264
0.02698
0.028987
0.029898
0.033536
0.029437
0.040854
0.041824
0.029076
0.035734
0.033249
0.037733
0.027638
0.04241
0.04468
0.044932
0.042045
0.043789
0.041504
0.045797
0.046695
0.04616
0.042206
0.043583
0.040293
0.034743
0.042087
0.038695
0.035625
0.03032
0.029005
0.035796
0.043899
0.03271
0.038071
0.039717
0.032856
0.029964
0.029512
0.038381
0.038556
0.042003
0.043717
0.04213
0.042704
0.041553
0.040194
0.040822
0.044239
0.042545
0.035457
0.041464
0.030794
0.03841
0.035952
0.040129
0.038732
0.040471
0.035245
0.037221
0.032811
0.041023
0.040014
0.035659
0.036327
0.039038
0.038226
0.035554
0.043049
0.041712
0.037785
0.043332
0.038722
0.041624
0.049502
0.03576
0.038237
0.036124
0.044939
0.040267
0.036869
0.039638
0.038866
0.034031
0.035642
0.039606
0.036827
0.032258
0.033815
0.03989
0.036448
0.040268
0.033255
0.036131
0.039369
0.040452
0.04848
0.047764
0.049022
0.03937
0.038962
0.049238
0.051294
0.056629
0.04747
0.038169
0.057213
0.051591
0.051509
0.041048
0.041291
0.042136
0.049315
0.039767
0.042931
0.041445
0.049017
0.041579
0.041213
0.041054
0.043422
0.04179
0.034163
0.032991
0.042293
0.03393
0.037595
0.028645
0.027307
0.032939
0.039526
0.023202
0.028372
0.036732
0.024553
0.031782
0.021046
0.02646
0.021041
0.022693
0.021983
0.05147
0.035533
0.036855
0.049439
0.03815
0.036079
0.040247
0.039233
0.054576
0.040557
0.039421
0.037638
0.043092
0.055119
0.05309
0.035957
0.032058
0.055001
0.020031
0.016444
0.014832
0.033981
0.029774
0.026954
0.031105
0.030641
0.028189
0.029738
0.032158
0.025074
0.030981
0.027929
0.02856
0.035563
0.02637
0.026788
0.026445
0.025727
0.031946
0.022457
0.020047
0.019725
0.0529
0.046581
0.049533
0.050946
0.054367
0.05376
0.039252
0.036961
0.032894
0.054977
0.058043
0.054408
0.033163
0.048723
0.054946
0.057889
0.057924
0.029737
0.034003
0.034312
0.052282
0.054233
0.035956
0.061091
0.053595
0.034077
0.042212
0.035005
0.032237
0.027191
0.031735
0.03057
0.022973
0.025974
0.023078
0.025153
0.020312
0.024819
0.02503
0.027147
0.02697
0.023749
0.02178
0.026215
0.021603
0.024583
0.020776
0.019186
0.022634
0.067062
0.070922
0.023198
0.06708
0.023867
0.019119
0.023904
0.01886
0.021146
0.02154
0.017501
0.022507
0.018477
0.019661
0.018991
0.017492
0.01884
0.020656
0.019306
0.017378
0.023472
0.020708
0.026782
0.025771
0.022873
0.02308
0.018895
0.019972
0.029092
0.023889
0.026435
0.027253
0.021646
0.026968
0.024247
0.023231
0.052761
0.055167
0.052025
0.049608
0.046056
0.04431
0.044681
0.042599
0.042216
0.036276
0.040761
0.040441
0.039975
0.037409
0.039958
0.041713
0.040289
0.035183
0.033733
0.037673
0.0373
0.030031
0.033165
0.039427
0.031223
0.034135
0.042852
0.031909
0.031295
0.039809
0.021455
0.020487
0.019864
0.019642
0.02034
0.020344
0.021414
0.018849
0.015788
0.018635
0.019675
0.021759
0.019944
0.018925
0.031834
0.032246
0.030312
0.033856
0.027673
0.03241
0.03606
0.029211
0.012593
0.01957
0.015288
0.022488
0.013852
0.021214
0.022267
0.017219
0.016561
0.014848
0.017021
0.01435
0.015499
0.017367
0.018201
0.018805
0.018869
0.018429
0.01497
0.015503
0.017959
0.015677
0.016552
0.017862
0.011719
0.017251
0.013617
0.01456
0.01558
0.014735
0.01811
0.016331
0.016241
0.018964
0.016565
0.015625
0.025671
0.028882
0.015866
0.014762
0.016687
0.014879
0.025667
0.024951
0.025773
0.028686
0.034191
0.031445
0.025999
0.030753
0.02879
0.027421
0.032197
0.030319
0.031121
0.029029
0.031298
0.02533
0.023718
0.021922
0.02749
0.02548
0.026256
0.02972
0.0256
0.031929
0.031723
0.02644
0.025652
0.034495
0.034004
0.026311
0.029812
0.031285
0.025984
0.026243
0.023878
0.027827
0.027358
0.03341
0.02568
0.028847
0.030143
0.02608
0.032118
0.024235
0.02946
0.029153
0.026743
0.029958
0.030621
0.033777
0.036561
0.029273
0.032709
0.029128
0.029426
0.031823
0.031276
0.036212
0.032325
0.036666
0.032755
0.036963
0.03627
0.031284
0.037706
0.034672
0.026382
0.024163
0.026063
0.023298
0.03574
0.027765
0.033931
0.041636
0.037463
0.035934
0.037324
0.044558
0.043876
0.033688
0.04139
0.040664
0.033468
0.037031
0.038299
0.034533
0.028758
0.027377
0.031371
0.035579
0.035198
0.035671
0.039343
0.032206
0.030286
0.033989
0.033319
0.03269
0.028257
0.02911
0.028022
0.033067
0.029549
0.025583
0.02859
0.030705
0.031036
0.024422
0.031018
0.030603
0.033058
0.033481
0.039086
0.035907
0.038908
0.030994
0.03498
0.042456
0.037664
0.032614
0.038005
0.040886
0.039835
0.038147
0.023557
0.037525
0.055037
0.035521
0.036494
0.040292
0.037859
0.049049
0.048769
0.042468
0.050632
0.052609
0.055142
0.045986
0.045517
0.051616
0.03913
0.060231
0.030956
0.027594
0.02896
0.031701
0.033226
0.039844
0.029061
0.032457
0.040463
0.026135
0.024405
0.030458
0.026259
0.023957
0.033589
0.035363
0.024377
0.054763
0.056779
0.056491
0.064406
0.055835
0.059907
0.050435
0.044301
0.041318
0.048151
0.041427
0.041966
0.041893
0.05457
0.019256
0.019113
0.038376
0.034365
0.017461
0.034405
0.026001
0.021077
0.027486
0.034108
0.019984
0.019284
0.017679
0.071397
0.057669
0.04541
0.061745
0.061982
0.058138
0.043744
0.053111
0.044388
0.047141
0.018612
0.016513
0.017795
0.024343
0.022602
0.017609
0.027615
0.020757
0.022432
0.022124
0.016347
0.014548
0.018755
0.019658
0.021451
0.015802
0.023666
0.019854
0.025115
0.01895
0.022666
0.019301
0.019676
0.018126
0.017738
0.021192
0.01979
0.016941
0.020038
0.016242
0.017598
0.016722
0.016718
0.018076
0.016474
0.020356
0.01898
0.018048
0.061166
0.036026
0.045816
0.056329
0.054823
0.058011
0.056756
0.057484
0.041055
0.057413
0.036656
0.042672
0.059493
0.042789
0.034273
0.061096
0.054347
0.042244
0.053775
0.04994
0.04681
0.041406
0.055633
0.038917
0.047358
0.041951
0.047919
0.046901
0.018886
0.019616
0.017019
0.020591
0.018245
0.019292
0.015884
0.015915
0.015682
0.012053
0.018654
0.015604
0.016701
0.023457
0.019096
0.019126
0.023515
0.019495
0.021879
0.021694
0.021293
0.018824
0.023207
0.021352
0.020391
0.018093
0.01962
0.01772
0.016741
0.023657
0.022138
0.013322
0.019698
0.016583
0.016994
0.020915
0.018536
0.017102
0.041246
0.052123
0.053719
0.052032
0.045713
0.044301
0.015207
0.011971
0.021916
0.019928
0.018875
0.018058
0.011832
0.017531
0.015061
0.015582
0.016086
0.015099
0.014081
0.015858
0.019923
0.015478
0.018497
0.016822
0.020425
0.017079
0.017874
0.018242
0.017446
0.01534
0.015775
0.016535
0.016383
0.016089
0.020978
0.021652
0.017029
0.013858
0.019095
0.015142
0.019475
0.015761
0.015611
0.018185
0.014831
0.012735
0.01606
0.016468
0.016433
0.016798
0.011428
0.016787
0.018311
0.015479
0.016056
0.015763
0.021372
0.013506
0.013734
0.01999
0.017815
0.015319
0.030793
0.030804
0.034273
0.033446
0.035354
0.032118
0.033883
0.036369
0.038094
0.029993
0.032854
0.031834
0.032215
0.028707
0.029693
0.028984
0.031607
0.030329
0.03166
0.0335
0.031422
0.032947
0.025284
0.032239
0.02649
0.017607
0.019647
0.028497
0.028841
0.028293
0.030771
0.028518
0.029546
0.025451
0.027544
0.022522
0.027754
0.027814
0.023894
0.025351
0.032145
0.036651
0.031167
0.039792
0.042916
0.041448
0.050187
0.048554
0.052516
0.050382
0.043988
0.042967
0.056218
0.059664
0.055603
0.048498
0.058078
0.048317
0.045888
0.042032
0.035656
0.042606
0.048205
0.047132
0.050131
0.047927
0.045088
0.033436
0.02978
0.023122
0.033914
0.02674
0.039652
0.026152
0.016273
0.022433
0.017264
0.019487
0.014288
0.017492
0.021016
0.016603
0.021333
0.020109
0.02297
0.0191
0.022871
0.027713
0.028553
0.059647
0.051382
0.058976
0.059812
0.064133
0.050505
0.050906
0.052977
0.060852
0.06091
0.062858
0.051774
0.058394
0.048366
0.058384
0.062359
0.056572
0.0549
0.055337
0.056525
0.059498
0.070172
0.059089
0.062234
0.056856
0.052735
0.064186
0.058463
0.065504
0.059014
0.047068
0.052548
0.054926
0.061659
0.035451
0.033519
0.017284
0.021959
0.016353
0.023848
0.022052
0.021885
0.016336
0.018025
0.021545
0.021131
0.028439
0.018336
0.0222
0.022645
0.017338
0.025468
0.020572
0.021928
0.019251
0.022248
0.023646
0.016631
0.016465
0.017385
0.019236
0.019103
0.020272
0.022685
0.019004
0.020296
0.017526
0.02337
0.021069
0.028816
0.021755
0.018604
0.018665
0.066917
0.063552
0.065077
0.061407
0.064336
0.059966
0.063094
0.057545
0.063171
0.067508
0.064497
0.058849
0.064028
0.063561
0.066165
0.05651
0.067887
0.045257
0.058899
0.065597
0.057787
0.066284
0.05629
0.057732
0.054058
0.053184
0.056872
0.046818
0.05574
0.056275
0.052628
0.057023
0.019992
0.020157
0.027589
0.023257
0.0206
0.021569
0.023107
0.018154
0.018428
0.022153
0.022221
0.018926
0.019004
0.021467
0.026421
0.017843
0.01575
0.015509
0.017354
0.015313
0.018238
0.018991
0.018054
0.05858
0.062186
0.060414
0.06002
0.060222
0.062765
0.054742
0.055406
0.049891
0.045022
0.055888
0.056118
0.051123
0.056502
0.020236
0.020068
0.024116
0.014601
0.017738
0.018818
0.019865
0.018871
0.018053
0.017614
0.017364
0.017244
0.017094
0.015119
0.01537
0.017276
0.016528
0.016698
0.013796
0.016522
0.023207
0.02029
0.016526
0.021003
0.016817
0.017317
0.013964
0.018707
0.016702
0.014508
0.01865
0.017179
0.015144
0.016857
0.018529
0.013769
0.017468
0.013792
0.015342
0.013823
0.015914
0.015594
0.012409
0.016035
0.01862
0.017121
0.017219
0.017274
0.014958
0.013563
0.017043
0.017378
0.013333
0.017831
0.012475
0.017516
0.013002
0.01119
0.015725
0.011769
0.014732
0.014275
0.016319
0.016172
0.015832
0.014533
0.012943
0.01493
0.014129
0.017372
0.03023
0.033319
0.035474
0.022425
0.022043
0.024668
0.024783
0.022253
0.030065
0.035589
0.033692
0.032328
0.023517
0.024133
0.024003
0.032178
0.01784
0.033992
0.032756
0.02767
0.022584
0.024882
0.027426
0.030039
0.028208
0.025856
0.024691
0.030829
0.028086
0.02823
0.026473
0.023526
0.02728
0.024642
0.023131
0.023223
0.022217
0.020102
0.019908
0.019593
0.032156
0.034919
0.032587
0.033273
0.035648
0.033429
0.032372
0.033849
0.021445
0.01812
0.014516
0.023193
0.021496
0.023293
0.02376
0.024535
0.031307
0.022476
0.029358
0.023923
0.020301
0.059889
0.060512
0.05841
0.062944
0.019874
0.015518
0.027636
0.017399
0.019966
0.019335
0.022776
0.022739
0.01783
0.021873
0.016838
0.022447
0.017229
0.018391
0.020442
0.024688
0.018171
0.022537
0.016851
0.020357
0.021772
0.01743
0.014708
0.018799
0.018018
0.019281
0.016757
0.018936
0.019197
0.01307
0.014857
0.015232
0.014489
0.015949
0.013715
0.016134
0.015697
0.018088
0.015996
0.012121
0.016765
0.017413
0.014089
0.014487
0.028313
0.027984
0.042563
0.032707
0.033229
0.033092
0.034912
0.031052
0.028508
0.034405
0.028268
0.031555
0.028251
0.030509
0.033936
0.036531
0.040567
0.030821
0.035725
0.037518
0.039171
0.035015
0.036725
0.03949
0.026731
0.028061
0.037828
0.038863
0.039749
0.027959
0.035253
0.029652
0.030831
0.030295
0.028076
0.027844
0.024837
0.024732
0.030259
0.027141
0.026691
0.026419
0.021972
0.018225
0.036314
0.02769
0.0251
0.030838
0.032924
0.041479
0.029115
0.034253
0.02311
0.02266
0.026017
0.031748
0.020681
0.038438
0.036709
0.016861
0.041194
0.039641
0.063689
0.021324
0.016934
0.03626
0.025248
0.024535
0.038431
0.022296
0.017279
0.03627
0.030796
0.026261
0.027829
0.026634
0.022805
0.02856
0.02454
0.022473
0.023529
0.017197
0.023044
0.031166
0.023823
0.027369
0.020763
0.025613
0.021956
0.020617
0.020545
0.024365
0.025803
0.021808
0.024331
0.0195
0.024771
0.02926
0.02729
0.031014
0.026681
0.024073
0.023045
0.023299
0.020056
0.023199
0.022607
0.019592
0.016281
0.021612
0.019844
0.019944
0.018166
0.021422
0.02139
0.016088
0.020898
0.016676
0.018901
0.026791
0.01583
0.021159
0.015773
0.026562
0.024026
0.021031
0.022475
0.019681
0.01832
0.018106
0.019322
0.018509
0.021969
0.021711
0.024841
0.023316
0.025234
0.016528
0.022164
0.014809
0.017655
0.015684
0.018158
0.016157
0.017511
0.01546
0.018303
0.020648
0.01672
0.023794
0.016742
0.01734
0.019006
0.01848
0.020142
0.016518
0.018068
0.016362
0.017024
0.019441
0.013791
0.021274
0.016542
0.020902
0.014344
0.015218
0.016445
0.013998
0.01452
0.017851
0.020185
0.017545
0.017502
0.01538
0.017048
0.018021
0.020646
0.025609
0.024644
0.02819
0.023577
0.021341
0.0281
0.02364
0.022739
0.020349
0.02719
0.025201
0.029078
0.033764
0.035923
0.028802
0.025488
0.025779
0.02967
0.029947
0.029953
0.028615
0.025873
0.030298
0.031508
0.022906
0.033085
0.030837
0.031164
0.034561
0.026209
0.029411
0.022426
0.026851
0.024144
0.030095
0.028789
0.025377
0.034249
0.026299
0.031172
0.028301
0.031208
0.031455
0.029036
0.036733
0.028217
0.030125
0.02673
0.027246
0.032116
0.03428
0.038338
0.036029
0.028986
0.032367
0.030873
0.027924
0.027647
0.029665
0.019397
0.029061
0.025894
0.027442
0.029706
0.020519
0.022742
0.025187
0.023979
0.021464
0.021778
0.023247
0.025447
0.019302
0.028208
0.025294
0.026138
0.031859
0.038833
0.028381
0.026264
0.028011
0.037877
0.016478
0.020444
0.017824
0.019105
0.019728
0.021577
0.015884
0.018491
0.035453
0.020857
0.021821
0.018453
0.027536
0.016336
0.024397
0.024926
0.025403
0.020668
0.019329
0.027221
0.016989
0.031385
0.015733
0.020334
0.018648
0.021409
0.027289
0.027362
0.018575
0.033091
0.021917
0.020365
0.017938
0.017935
0.021031
0.021154
0.017613
0.018177
0.015262
0.025716
0.021057
0.020135
0.028699
0.028678
0.021002
0.01889
0.026228
0.021733
0.021234
0.019568
0.014913
0.020815
0.019266
0.024223
0.017759
0.020206
0.016339
0.013738
0.021021
0.020577
0.024038
0.015356
0.023053
0.025841
0.021368
0.020988
0.017382
0.020462
0.020812
0.019506
0.020864
0.022098
0.022912
0.018979
0.020639
0.017495
0.016379
0.017983
0.01835
0.020522
0.017159
0.017231
0.019281
0.021347
0.018802
0.018044
0.017853
0.017251
0.032326
0.032679
0.028646
0.025524
0.024414
0.021615
0.025131
0.027702
0.022131
0.038457
0.036659
0.028908
0.038694
0.028232
0.038026
0.029868
0.02562
0.028881
0.026807
0.023988
0.02304
0.022817
0.023436
0.024327
0.026003
0.01688
0.02079
0.022531
0.021199
0.021709
0.019507
0.021037
0.018227
0.018103
0.018649
0.019265
0.023541
0.018973
0.022565
0.020393
0.017585
0.021151
0.021871
0.01931
0.01729
0.017724
0.020653
0.021402
0.020282
0.01293
0.016637
0.028814
0.0187
0.017365
0.023197
0.011629
0.014974
0.015535
0.015762
0.014958
0.011338
0.018304
0.019293
0.016018
0.013624
0.015934
0.0178
0.020068
0.032041
0.020651
0.018857
0.017385
0.019657
0.020592
0.021124
0.015434
0.017526
0.022902
0.01785
0.022651
0.026037
0.018166
0.031719
0.021331
0.023751
0.022459
0.025226
0.019481
0.021911
0.020729
0.02049
0.022671
0.018468
0.024638
0.026058
0.019677
0.022056
0.026448
0.018594
0.018266
0.019086
0.017991
0.025
0.023125
0.025511
0.018378
0.018339
0.02227
0.023506
0.019123
0.013261
0.01742
0.018596
0.018243
0.017944
0.01945
0.017747
0.019536
0.018723
0.01589
0.017477
0.016248
0.017389
0.019359
0.019317
0.01883
0.017363
0.013826
0.015031
0.014578
0.017168
0.015629
0.014727
0.019821
0.017245
0.014012
0.015449
0.018528
0.020942
0.016646
0.018194
0.020599
0.019944
0.021288
0.017691
0.024882
0.022901
0.019118
0.019462
0.025274
0.02218
0.020286
0.02146
0.023897
0.024391
0.022042
0.022932
0.023349
0.025333
0.018331
0.022583
0.023464
0.023349
0.027006
0.019419
0.019207
0.023195
0.021536
0.019342
0.021329
0.021605
0.022289
0.021953
0.021179
0.022164
0.025629
0.023183
0.021696
0.021035
0.023821
0.021993
0.02426
0.023472
0.023493
0.021085
0.017819
0.023232
0.021987
0.022139
0.022
0.023393
0.024068
0.024384
0.024943
0.02456
0.022068
0.022941
0.024206
0.024989
0.021997
0.023683
0.021845
0.023869
0.02095
0.026998
0.026167
0.025242
0.026598
0.022005
0.022259
0.027924
0.021864
0.024617
0.019755
0.02072
0.018436
0.020024
0.028659
0.01725
0.027508
0.021198
0.02107
0.018921
0.01798
0.024877
0.029556
0.031007
0.027954
0.03035
0.025411
0.02699
0.028628
0.020117
0.048403
0.046368
0.022649
0.046404
0.025426
0.020505
0.020627
0.051391
0.054476
0.037617
0.022755
0.032404
0.037993
0.034864
0.033805
0.039572
0.020798
0.017473
0.01843
0.01937
0.032178
0.034666
0.034831
0.04043
0.042166
0.037865
0.046576
0.045636
0.043281
0.044456
0.033782
0.036017
0.04245
0.031849
0.029333
0.033604
0.035936
0.025249
0.052696
0.025941
0.022957
0.034441
0.036282
0.0511
0.035101
0.031288
0.039297
0.042189
0.042186
0.042446
0.042711
0.059132
0.061545
