0.043026
0.043833
0.042297
0.042866
0.037827
0.036617
0.034387
0.040045
0.042755
0.043123
0.029914
0.041626
0.044514
0.056803
0.041408
0.038747
0.041874
0.040553
0.032852
0.03623
0.035449
0.038175
0.034969
0.035214
0.036883
0.040688
0.041219
0.036238
0.024172
0.036686
0.055707
0.047478
0.05243
0.037699
0.03932
0.03941
0.048984
0.032736
0.050583
0.048334
0.041019
0.036191
0.030288
0.029408
0.015058
0.025406
0.023961
0.026316
0.0286
0.019845
0.031467
0.032536
0.024699
0.033371
0.031943
0.034301
0.032355
0.017217
0.050911
0.036386
0.048257
0.029674
0.050383
0.046198
0.028619
0.048931
0.049307
0.041729
0.046739
0.045838
0.045403
0.052058
0.04679
0.044711
0.044356
0.048292
0.040248
0.043918
0.022007
0.049431
0.044911
0.056029
0.042839
0.038048
0.033768
0.044497
0.04018
0.046502
0.030515
0.034488
0.035794
0.043152
0.019421
0.052819
0.044677
0.039825
0.052022
0.056316
0.040918
0.026789
0.041097
0.02486
0.036652
0.052887
0.037369
0.037037
0.035154
0.033311
0.036544
0.032318
0.051733
0.054243
0.054633
0.056904
0.053672
0.050703
0.050505
0.034967
0.059382
0.048637
0.056151
0.050407
0.048597
0.024447
0.057522
0.045182
0.059074
0.041718
0.050141
0.047305
0.040027
0.051225
0.049701
0.030912
0.04806
0.045972
0.046989
0.049243
0.044887
0.036465
0.024996
0.043901
0.05564
0.058257
0.056501
0.04664
0.023203
0.023274
0.039691
0.026786
0.02536
0.02859
0.031268
0.028876
0.026965
0.029509
0.029258
0.028537
0.037507
0.036225
0.035542
0.029557
0.031396
0.032643
0.040881
0.031507
0.0387
0.041029
0.036974
0.032253
0.037946
0.041441
0.029581
0.032464
0.035673
0.032117
0.031159
0.037562
0.037825
0.037646
0.030079
0.037341
0.035887
0.039461
0.036412
0.037601
0.035982
0.03428
0.04006
0.040885
0.04289
0.038758
0.037291
0.045478
0.039067
0.036899
0.03816
0.037023
0.043285
0.033111
0.038383
0.032627
0.034797
0.035547
0.03006
0.02711
0.029094
0.033007
0.023247
0.029283
0.028682
0.035176
0.025248
0.031102
0.025574
0.022682
0.024395
0.035379
0.021675
0.041186
0.027418
0.026132
0.02516
0.028097
0.039005
0.034871
0.027088
0.034079
0.029736
0.035347
0.047806
0.044493
0.040493
0.041659
0.049152
0.028032
0.050551
0.033686
0.027751
0.030766
0.041299
0.030865
0.034755
0.033879
0.032564
0.032386
0.033182
0.041095
0.037811
0.036651
0.042194
0.034557
0.039653
0.045524
0.031586
0.039998
0.035106
0.038683
0.040253
0.036001
0.037794
0.040565
0.044243
0.036431
0.029969
0.035413
0.030589
0.033081
0.027933
0.030499
0.038462
0.034297
0.03396
0.0301
0.038114
0.031322
0.036822
0.037453
0.036778
0.028623
0.038886
0.032111
0.03495
0.034723
0.032239
0.036437
0.034869
0.033629
0.026319
0.03736
0.042508
0.035213
0.036397
0.031448
0.044456
0.03419
0.031186
0.029071
0.030407
0.032311
0.033566
0.02429
0.028305
0.028618
0.026526
0.030692
0.03452
0.031061
0.028724
0.038869
0.039648
0.034764
0.031777
0.036011
0.035884
0.029713
0.027514
0.03479
0.034246
0.037818
0.033573
0.033681
0.033358
0.046143
0.034995
0.037274
0.030276
0.044086
0.036938
0.034249
0.02921
0.032798
0.028571
0.02858
0.042881
0.041528
0.037817
0.031725
0.040599
0.039009
0.03173
0.04124
0.033891
0.036441
0.032472
0.035543
0.029204
0.031259
0.035808
0.029399
0.039433
0.034879
0.036408
0.033871
0.034603
0.039254
0.048381
0.032813
0.035711
0.033925
0.034738
0.023793
0.034661
0.01773
0.044892
0.035413
0.034896
0.036758
0.035958
0.041298
0.017339
0.035084
0.034591
0.036733
0.033701
0.032237
0.049607
0.031531
0.034931
0.0329
0.030028
0.037088
0.045147
0.035603
0.031444
0.025743
0.027393
0.032816
0.031299
0.033194
0.033833
0.032308
0.029771
0.013695
0.032134
0.032366
0.012308
0.033262
0.031109
0.034329
0.033645
0.034719
0.033447
0.036121
0.034339
0.03594
0.03382
0.03601
0.047192
0.029301
0.036431
0.039013
0.028677
0.035378
0.037955
0.042923
0.036987
0.03483
0.040858
0.03476
0.030798
0.036657
0.043425
0.044528
0.050098
0.035023
0.039135
0.034464
0.033781
0.035014
0.029847
0.045511
0.019437
0.038407
0.029268
0.035443
0.040586
0.037017
0.036102
0.036363
0.033998
0.053547
0.034603
0.029798
0.038414
0.031843
0.032404
0.032007
0.031996
0.034284
0.03088
0.029621
0.036751
0.033648
0.032963
0.038673
0.0379
0.032007
0.035608
0.036059
0.040929
0.045476
0.040322
0.040662
0.035065
0.038562
0.037247
0.045847
0.046998
0.042156
0.033805
0.035914
0.032596
0.033634
0.029824
0.028115
0.028633
0.02937
0.031683
0.031266
0.03149
0.031138
0.027417
0.027123
0.030265
0.030349
0.027618
0.028787
0.037777
0.035455
0.029577
0.022165
0.031576
0.036855
0.030759
0.033678
0.026424
0.029614
0.029063
0.031622
0.032937
0.032421
0.035386
0.034652
0.038519
0.028496
0.038781
0.029604
0.029658
0.040058
0.031533
0.028465
0.030386
0.02733
0.027653
0.029039
0.037835
0.033099
0.03113
0.028696
0.025421
0.03073
0.027815
0.030403
0.027867
0.026982
0.029362
0.034189
0.039564
0.030617
0.029209
0.034858
0.03225
0.027687
0.029242
0.028211
0.031865
0.035507
0.029286
0.028562
0.03318
0.025582
0.027639
0.024556
0.032573
0.02482
0.028236
0.026448
0.027655
0.025562
0.025211
0.035761
0.026022
0.026879
0.028017
0.02466
0.028842
0.031241
0.035348
0.028097
0.028391
0.02721
0.02842
0.03453
0.027377
0.028493
0.035528
0.036709
0.026624
0.035527
0.03508
0.036414
0.033971
0.03378
0.033902
0.042072
0.03127
0.036136
0.029749
0.035899
0.03368
0.031717
0.032766
0.031897
0.03311
0.036881
0.030445
0.042691
0.037749
0.042367
0.047272
0.037566
0.041421
0.046181
0.034787
0.037078
0.036291
0.033383
0.037207
0.032876
0.031978
0.040242
0.033358
0.032076
0.02904
0.036703
0.036722
0.03157
0.037127
0.030059
0.031298
0.032213
0.027429
0.039529
0.028149
0.029184
0.036519
0.029303
0.038672
0.034565
0.034417
0.02917
0.029734
0.031197
0.032203
0.038464
0.028899
0.031277
0.032359
0.03414
0.030382
0.028542
0.027394
0.024455
0.039337
0.026937
0.035143
0.020967
0.019989
0.02931
0.032604
0.030492
0.030602
0.028214
0.025191
0.027975
0.039079
0.036288
0.026881
0.019427
0.031552
0.031438
0.033239
0.029239
0.025236
0.029688
0.026833
0.024025
0.028069
0.027225
0.024533
0.020436
0.023489
0.025465
0.030717
0.026685
0.02896
0.035785
0.028172
0.02614
0.023928
0.029424
0.025426
0.028639
0.039599
0.029346
0.029156
0.026806
0.027957
0.05353
0.024859
0.025202
0.025505
0.022805
0.02103
0.024577
0.023509
0.030584
0.034851
0.033017
0.025504
0.027028
0.026758
0.023955
0.025133
0.03058
0.036326
0.028153
0.02601
0.028251
0.025051
0.027356
0.039903
0.022936
0.028392
0.029761
0.024509
0.023519
0.028438
0.023697
0.025482
0.021757
0.026522
0.034287
0.029851
0.024083
0.02195
0.029451
0.022555
0.031827
0.022176
0.022639
0.018174
0.02236
0.025449
0.021001
0.023154
0.027263
0.021492
0.015178
0.029416
0.012819
0.018487
0.016262
0.027365
0.027922
0.022587
0.024157
0.027258
0.024338
0.022168
0.023776
0.02503
0.041521
0.025638
0.029591
0.023065
0.026488
0.023827
0.030243
0.022053
0.029282
0.018081
0.020272
0.026341
0.024302
0.026161
0.020685
0.042569
0.019661
0.017803
0.024439
0.021357
0.024598
0.023277
0.024703
0.025444
0.023128
0.023173
0.021745
0.021848
0.03041
0.023026
0.024641
0.021485
0.020899
0.03658
0.033733
0.028066
0.029764
0.045207
0.029796
0.028452
0.033872
0.046155
0.027472
0.022628
0.033303
0.033413
0.022956
0.021429
0.023216
0.024697
0.023347
0.023532
0.024393
0.031077
0.0275
0.031117
0.026568
0.033453
0.032684
0.032587
0.033487
0.038011
0.029377
0.028982
0.028396
0.035484
0.038155
0.038416
0.038491
0.029657
0.026273
0.033837
0.034042
0.031616
0.033686
0.036415
0.034435
0.024057
0.029847
0.033948
0.032699
0.032497
0.038241
0.030232
0.036205
0.029759
0.029831
0.042036
0.036102
0.027423
0.025263
0.029684
0.036516
0.033357
0.030822
0.032974
0.035258
0.033312
0.032616
0.03289
0.03841
0.034419
0.036157
0.043543
0.037679
0.03852
0.027661
0.032387
0.037586
0.035386
0.03058
0.042023
0.04048
0.040791
0.023732
0.024212
0.025104
0.03165
0.051133
0.039203
0.040206
0.040096
0.026527
0.02771
0.029256
0.021384
0.018133
0.015449
0.022984
0.02327
0.037993
0.037444
0.035832
0.03849
0.026911
0.037432
0.022776
0.027297
0.025437
0.025034
0.022003
0.023284
0.01937
0.020585
0.026777
0.019705
0.022951
0.023486
0.024129
0.024387
0.023797
0.02411
0.029477
0.023108
0.019842
0.031502
0.02683
0.031104
0.022902
0.021773
0.018527
0.020161
0.01872
0.015174
0.020478
0.015084
0.023528
0.010906
0.024425
0.042629
0.012729
0.019899
0.01424
0.017656
0.02138
0.018646
0.022062
0.012845
0.013344
0.022601
0.019917
0.036292
0.027793
0.026141
0.026628
0.032661
0.025049
0.030472
0.031863
0.032295
0.014421
0.01441
0.016985
0.014833
0.015975
0.019263
0.022849
0.02132
0.016458
0.017275
0.016363
0.016445
0.012448
0.014396
0.016189
0.012918
0.015789
0.013261
0.021801
0.016602
0.016862
0.014922
0.012927
0.039239
0.034691
0.030487
0.038556
0.02844
0.028565
0.035306
0.041513
0.031469
0.036688
0.03128
0.033028
0.023595
0.026572
0.03166
0.03154
0.029714
0.02404
0.032761
0.035444
0.032677
0.023375
0.036982
0.03434
0.036932
0.039574
0.032564
0.030693
0.033815
0.020563
0.029734
0.037251
0.025113
0.018623
0.017645
0.01884
0.029734
0.020438
0.020572
0.019229
0.019793
0.014333
0.017372
0.015188
0.0159
0.018834
0.017107
0.015054
0.013096
0.014514
0.016307
0.017135
0.013526
0.016798
0.016212
0.020673
0.019081
0.013759
0.017354
0.028899
0.015204
0.016703
0.027267
0.018698
0.014048
0.027568
0.023513
0.022904
0.014594
0.015431
0.020209
0.020392
0.014909
0.017551
0.029265
0.019193
0.017811
0.012258
0.017307
0.024725
0.012551
0.013826
0.018559
0.016006
0.025603
0.01616
0.01841
0.01892
0.015899
0.018824
0.015083
0.017914
0.015873
0.013526
0.015623
0.016576
0.04082
0.014797
0.01796
0.017934
0.0157
0.012754
0.01704
0.014644
0.017224
0.038923
0.014893
0.027522
0.025617
0.029074
0.025188
0.024578
0.025348
0.020307
0.022418
0.023977
0.024673
0.022421
0.020884
0.024167
0.022585
0.028523
0.021377
0.023246
0.021311
0.01896
0.020856
0.028241
0.027436
0.02102
0.019211
0.021103
0.022013
0.025508
0.019818
0.017842
0.016795
0.015621
0.013358
0.016081
0.015805
0.014008
0.016669
0.024164
0.021538
0.021927
0.023807
0.020843
0.019178
0.021203
0.02179
0.019064
0.023149
0.019857
0.017869
0.02761
0.020148
0.020473
0.02185
0.020152
0.020358
0.024643
0.018007
0.02518
0.02752
0.019647
0.022934
0.027991
0.025279
0.023846
0.021437
0.02403
0.023886
0.019514
0.026003
0.027055
0.024088
0.027194
0.027228
0.022621
0.025661
0.024552
0.023122
0.018865
0.021592
0.022117
0.02238
0.020849
0.021206
0.020472
0.025922
0.030269
0.029519
0.022387
0.028125
0.024638
0.021977
0.026309
0.029461
0.028899
0.024821
0.026312
0.027256
0.027978
0.031367
0.029286
0.026655
0.029707
0.030635
0.036958
0.033113
0.026623
0.026637
0.030776
0.027583
0.030148
0.021069
0.023754
0.029108
0.02091
0.022105
0.027463
0.025418
0.026216
0.023642
0.024361
0.025649
0.02237
0.021544
0.031976
0.026249
0.019444
0.021381
0.024727
0.020475
0.020645
0.044046
0.038998
0.043355
0.034623
0.037274
0.035857
0.036235
0.037232
0.037483
0.034547
0.03565
0.029639
0.033207
0.031703
0.032597
0.041042
0.036696
0.035133
0.030456
0.034117
0.037141
0.032828
0.033976
0.032366
0.032926
0.033698
0.0301
0.039028
0.032443
0.036037
0.035421
0.038904
0.032412
0.036044
0.032094
0.034117
0.034952
0.028449
0.029319
0.037981
0.032633
0.036176
0.030471
0.036969
0.035805
0.038872
0.034865
0.039484
0.039606
0.050195
0.028371
0.042289
0.040605
0.035564
0.037148
0.037846
0.032461
0.030808
0.03278
0.030658
0.035523
0.031626
0.036279
0.02957
0.030727
0.036834
0.028275
0.035445
0.029597
0.049436
0.042643
0.044825
0.047172
0.042807
0.045275
0.044959
0.047363
0.045516
0.048189
0.046742
0.046309
0.052884
0.055304
0.048526
0.041448
0.032796
0.05291
0.030506
0.046735
0.048653
0.041804
0.053381
0.056059
0.037409
0.035886
0.041713
0.036482
0.04314
0.039628
0.038245
0.039895
0.039249
0.030965
0.0436
0.036111
0.035356
0.036918
0.036297
0.04187
0.039563
0.037846
0.034122
0.039231
0.042689
0.036638
0.033421
0.035088
0.042762
0.038925
0.039248
0.038128
0.036231
0.038181
0.036187
0.033876
0.042514
0.048354
0.04487
0.046524
0.036243
0.047866
0.037343
0.042186
0.047312
0.039368
0.041911
0.039596
0.05124
0.03246
0.047961
0.048091
0.052538
0.050859
0.050691
0.049091
0.048246
0.045633
0.050775
0.047675
0.044611
0.045954
0.043557
0.048713
0.03342
0.043531
0.043514
0.049104
0.050362
0.04356
0.046374
0.044452
0.051567
0.03615
0.046859
0.05483
0.049828
0.042182
0.043457
0.040183
0.039645
0.04319
0.038639
0.054999
0.047142
0.03637
0.0518
0.044186
0.053449
0.033691
0.029763
0.031496
0.034722
0.030546
0.032344
0.039079
0.033913
0.028624
0.038621
0.038448
0.046629
0.039502
0.038806
0.04115
0.041139
0.043097
0.036105
0.039503
0.042689
0.02846
0.028906
0.026873
0.023247
0.020642
0.033306
0.026377
0.031505
0.03259
0.029271
0.033478
0.037622
0.037879
0.033185
0.032495
0.030374
0.031718
0.03294
0.037566
0.029632
0.031742
0.14841
0.016188
0.018195
0.017978
0.02268
0.023315
0.022459
0.027266
0.019987
0.028812
0.023311
0.019112
0.030735
0.027569
0.027644
0.026555
0.027962
0.03062
0.029522
0.03073
0.031199
0.026834
0.016158
0.019097
0.01944
0.017843
0.017053
0.018539
0.01765
0.020265
0.022919
0.021271
0.016301
0.017714
0.01998
0.020271
0.021811
0.014541
0.012319
0.013645
0.01699
0.020057
0.011958
0.022726
0.024709
0.02874
0.033166
0.031683
0.03924
0.024725
0.02422
0.032425
0.028425
0.038388
0.041793
0.026686
0.022554
0.01991
0.024282
0.028715
0.015448
0.016198
0.014665
0.020066
0.027578
0.018574
0.014119
0.022001
0.031095
0.0079282
0.034453
0.037467
0.012201
0.021458
0.015
0.014434
0.0099626
0.015659
0.022036
0.015585
0.013245
0.012684
0.012161
0.017093
0.0175
0.022473
0.020757
0.022543
0.018979
0.022315
0.021484
0.019972
0.0226
0.014539
0.016799
0.01514
0.019309
0.019468
0.014786
0.013196
0.015584
0.018376
0.013383
0.016951
0.020228
0.014386
0.016802
0.015578
0.013815
0.015762
0.018178
0.018889
0.013108
0.020734
0.01698
0.01589
0.016427
0.018804
0.019424
0.014991
0.01432
0.016636
0.01193
0.012799
0.013999
0.015019
0.014885
0.014274
0.012152
0.017695
0.012098
0.01743
0.014313
0.015484
0.017896
0.015417
0.01838
0.017528
0.019665
0.020863
0.016212
0.017203
0.017281
0.015316
0.020594
0.01628
0.015822
0.02426
0.014734
0.016712
0.017851
0.01372
0.018624
0.01381
0.013256
0.014424
0.015227
0.015411
0.022657
0.016281
0.017821
0.019537
0.018484
0.018284
0.022933
0.021477
0.022305
0.032713
0.024386
0.018446
0.020083
0.020241
0.018898
0.017424
0.023929
0.023018
0.019434
0.019874
0.018909
0.020487
0.019141
0.017759
0.021916
0.021132
0.015863
0.01862
0.02103
0.015342
0.015925
0.01947
0.016608
0.023849
0.034722
0.026092
0.03055
0.033172
0.024795
0.027839
0.032714
0.020505
0.027406
0.02016
0.028712
0.029745
0.025552
0.022285
0.028153
0.027639
0.018492
0.023917
0.021957
0.020684
0.024194
0.019191
0.018011
0.021642
0.022419
0.026337
0.028453
0.026092
0.075084
0.079966
0.039365
0.050215
0.042587
0.039706
0.036608
0.033897
0.041157
0.039571
0.030527
0.036758
0.034266
0.03057
0.027231
0.030976
0.032901
0.033955
0.034088
0.0317
0.031717
0.02755
0.033424
0.035947
0.030612
0.030028
0.030539
0.025987
0.026511
0.031919
0.029088
0.029871
0.028689
0.02642
0.027029
0.027853
0.025485
0.021839
0.026013
0.028009
0.030154
0.03152
0.035662
0.031182
0.036414
0.030749
0.025908
0.027442
0.035063
0.03199
0.033642
0.026228
0.028925
0.030792
0.025017
0.026321
0.025052
0.032689
0.028912
0.036627
0.03078
0.026901
0.047483
0.043555
0.050303
0.049678
0.046636
0.035484
0.041212
0.035307
0.042288
0.038771
0.033045
0.039384
0.033123
0.033717
0.029644
0.031637
0.029601
0.029662
0.033201
0.034006
0.033133
0.034373
0.03329
0.032198
0.032205
0.031677
0.030012
0.035592
0.030502
0.027742
0.033098
0.029416
0.031074
0.027571
0.038761
0.035338
0.038779
0.033573
0.036242
0.037023
0.032659
0.033466
0.032431
0.028738
0.034111
0.034289
0.036382
0.036946
0.028072
0.034739
0.033526
0.029666
0.042001
0.043431
0.042402
0.041655
0.042725
0.042355
0.045743
0.051424
0.049916
0.048739
0.050873
0.052613
0.05417
0.048915
0.046442
0.056468
0.056988
0.041538
0.047065
0.045813
0.047749
0.044542
0.046518
0.045378
0.049858
0.047751
0.049192
0.050314
0.044087
0.042123
0.044761
0.044871
0.047498
0.044586
0.047041
0.039911
0.045225
0.046309
0.045699
0.050943
0.054077
0.055217
0.04281
0.048097
0.057329
0.046867
0.053236
0.046503
0.050273
0.15026
0.040268
0.039785
0.045402
0.042602
0.043072
0.042493
0.04419
0.045211
0.043114
0.044301
0.048582
0.045789
0.047063
0.03757
0.034763
0.022934
0.029715
0.0356
0.037898
0.043314
0.041471
0.033946
0.037822
0.042341
0.040703
0.03104
0.043627
0.035934
0.044368
0.026877
0.028956
0.02264
0.027078
0.023044
0.022603
0.021553
0.030107
0.02594
0.017855
0.022807
0.033122
0.021574
0.028062
0.036017
0.029926
0.031476
0.032909
0.034329
0.035516
0.031823
0.040264
0.020867
0.02529
0.033427
0.034202
0.041932
0.030407
0.046614
0.030974
0.029376
0.026452
0.02986
0.028317
0.024395
0.02525
0.026791
0.030648
0.023153
0.024391
0.01987
0.021156
0.02314
0.031051
0.026243
0.031911
0.029545
0.017354
0.014401
0.019728
0.02494
0.020455
0.034751
0.03565
0.042798
0.040541
0.048882
0.0191
0.014935
0.028426
0.021643
0.02563
0.022654
0.028153
0.02451
0.02261
0.023602
0.018169
0.01854
0.021126
0.020769
0.018744
0.018616
0.022795
0.01895
0.028168
0.026874
0.018841
0.021323
0.01463
0.017897
0.01986
0.019173
0.016894
0.023706
0.019782
0.023075
0.024211
0.017902
0.016869
0.017732
0.027531
0.021033
0.016874
0.013685
0.013044
0.017615
0.019223
0.020067
0.01509
0.01664
0.020856
0.012464
0.019581
0.015345
0.012511
0.02215
0.021337
0.016637
0.015721
0.013766
0.013518
0.018219
0.019929
0.018463
0.017418
0.024572
0.016744
0.020426
0.018756
0.020144
0.022376
0.022294
0.073855
0.062379
0.071674
0.074304
0.061273
0.070453
0.071648
0.073452
0.071606
0.071983
0.060766
0.056049
0.053826
0.025581
0.019471
0.029937
0.019926
0.026156
0.017542
0.021854
0.015153
0.015833
0.027897
0.026001
0.023107
0.024457
0.026094
0.018339
0.0232
0.021592
0.019873
0.067299
0.07015
0.025165
0.061318
0.06857
0.061291
0.06829
0.05928
0.057851
0.060556
0.060462
0.060167
0.064338
0.067758
0.060195
0.059329
0.056238
0.070852
0.058448
0.073628
0.071715
0.078619
0.050855
0.073886
0.050632
0.073166
0.072438
0.060571
0.051748
0.057508
0.073721
0.071005
0.060049
0.066724
0.02781
0.068211
0.059849
0.058681
0.056732
0.053305
0.051791
0.063379
0.051146
0.058405
0.051658
0.040707
0.045313
0.052778
0.055519
0.03868
0.048583
0.054224
0.042936
0.036808
0.027007
0.031922
0.037167
0.044723
0.036571
0.033308
0.044387
0.040331
0.043463
0.047603
0.032353
0.036394
0.03772
0.050405
0.042558
0.051803
0.046406
0.029238
0.038439
0.046187
0.039988
0.024073
0.021453
0.02776
0.02224
0.027603
0.034077
0.026706
0.027302
0.033806
0.030373
0.024879
0.033389
0.027496
0.03064
0.032318
0.029261
0.024522
0.031306
0.028876
0.075333
0.074494
0.071165
0.066224
0.05726
0.064958
0.063269
0.08071
0.077256
0.073366
0.078631
0.072055
0.06533
0.063564
0.021733
0.065607
0.070204
0.066424
0.064054
0.060646
0.057297
0.057089
0.056771
0.057222
0.057423
0.055917
0.055131
0.062759
0.056248
0.057402
0.050654
0.047995
0.055335
0.05672
0.032351
0.030355
0.036071
0.039526
0.040697
0.040669
0.044322
0.036422
0.043807
0.041701
0.050625
0.042455
0.042884
0.043207
0.044946
0.033574
0.032546
0.029124
0.032698
0.033218
0.032202
0.033304
0.0334
0.037035
0.034934
0.037516
0.033838
0.037247
0.040325
0.033987
0.036474
0.034456
0.032936
0.03268
0.034625
0.037329
0.034462
0.033836
0.03762
0.031121
0.036691
0.032185
0.027847
0.027079
0.032057
0.03453
0.03483
0.029753
0.034803
0.034803
0.037304
0.050176
0.052701
0.044574
0.047177
0.04449
0.044658
0.052494
0.037683
0.025838
0.044871
0.045893
0.046231
0.045503
0.046843
0.072852
0.043876
0.046448
0.045794
0.043192
0.04191
0.044531
0.043571
0.044753
0.041309
0.047927
0.043142
0.041995
0.045197
0.043098
0.040746
0.046604
0.047941
0.046416
0.047309
0.046918
0.049957
0.045582
0.045797
0.042379
0.046298
0.048232
0.046676
0.046769
0.044459
0.043458
0.042375
0.043092
0.037712
0.036964
0.041373
0.04207
0.036688
0.038704
0.044244
0.047097
0.048502
0.04517
0.045798
0.041387
0.034043
0.032263
0.025257
0.030712
0.038589
0.033026
0.041264
0.03837
0.038912
0.036511
0.040086
0.036346
0.039799
0.045882
0.040384
0.038993
0.023348
0.028823
0.028043
0.028915
0.026487
0.031135
0.029449
0.028905
0.02567
0.036696
0.031586
0.03244
0.033892
0.03914
0.035829
0.031394
0.023168
0.024155
0.022111
0.025758
0.02487
0.029693
0.028906
0.025404
0.030772
0.02784
0.02955
0.026024
0.024623
0.0258
0.029148
0.049562
0.047257
0.048156
0.043533
0.046591
0.049463
0.044565
0.046714
0.044535
0.023708
0.072978
0.075341
0.017783
0.017165
0.020546
0.024317
0.015449
0.024024
0.022826
0.02692
0.025998
0.025632
0.022175
0.022767
0.024917
0.022348
0.029827
0.024371
0.026909
0.025563
0.04119
0.074962
0.068479
0.022385
0.025665
0.029096
0.050277
0.056504
0.047759
0.040323
0.041752
0.049018
0.043517
0.043906
0.038912
0.03812
0.051619
0.051304
0.056375
0.040988
0.045022
0.042249
0.039154
0.035652
0.019819
0.017174
0.019925
0.017952
0.019693
0.02063
0.018731
0.021466
0.022895
0.023917
0.046109
0.021732
0.054989
0.050261
0.054459
0.050921
0.047042
0.04473
0.042732
0.038276
0.054415
0.041897
0.050723
0.057562
0.055095
0.05434
0.05505
0.054961
0.057794
0.052828
0.05193
0.053548
0.046429
0.053612
0.056378
0.050715
0.048313
0.054035
0.053344
0.048574
0.045075
0.03667
0.017324
0.021667
0.017063
0.012806
0.01457
0.019959
0.015686
0.019459
0.023666
0.012905
0.016194
0.019647
0.019738
0.023322
0.023146
0.022731
0.021281
0.050201
0.056194
0.049739
0.054324
0.05869
0.057065
0.057433
0.058655
0.05556
0.047358
0.053218
0.043701
0.048532
0.049797
0.020692
0.019594
0.01924
0.018045
0.02325
0.019142
0.01789
0.022058
0.019367
0.02171
0.021357
0.019605
0.019656
0.022777
0.019816
0.024354
0.020721
0.01873
0.019076
0.077344
0.072531
0.075868
0.063529
0.073024
0.069455
0.063823
0.059525
0.051154
0.060761
0.063567
0.048962
0.049325
0.047851
0.035343
0.046688
0.044827
0.05147
0.036292
0.041769
0.055984
0.053964
0.034899
0.036031
0.029462
0.04072
0.029683
0.031693
0.034287
0.0258
0.031527
0.031773
0.033691
0.030959
0.034615
0.031547
0.027304
0.031171
0.030718
0.026873
0.03702
0.025211
0.027715
0.021179
0.032871
0.026782
0.029706
0.020516
0.028384
0.028745
0.022378
0.027783
0.019726
0.024878
0.025868
0.021485
0.016869
0.021227
0.01758
0.016312
0.013989
0.019803
0.02043
0.016214
0.017328
0.01873
0.02725
0.020765
0.015517
0.014632
0.018579
0.019754
0.016704
0.017825
0.021507
0.018603
0.023364
0.019317
0.020507
0.021785
0.066894
0.072345
0.065745
0.068716
0.050699
0.051849
0.051715
0.047384
0.061874
0.04776
0.060775
0.061109
0.045422
0.051118
0.043178
0.055172
0.049374
0.046157
0.041884
0.04092
0.043891
0.043851
0.036869
0.047736
0.039054
0.043392
0.042727
0.043828
0.044506
0.041756
0.066504
0.056916
0.054566
0.044229
0.05012
0.043929
0.048912
0.03112
0.032477
0.037431
0.059775
0.03407
0.035779
0.050736
0.047251
0.056076
0.056231
0.050696
0.042383
0.037058
0.038273
0.050636
0.026957
0.030615
0.026331
0.026614
0.031278
0.021502
0.018421
0.022691
0.019364
0.021812
0.022217
0.020295
0.021355
0.024672
0.023891
0.05197
0.048073
0.049543
0.057457
0.049862
0.046756
0.05154
0.05167
0.049129
0.047061
0.036737
0.047736
0.045265
0.045717
0.049863
0.052237
0.048506
0.048645
0.051058
0.044685
0.035969
0.041735
0.046406
0.038253
0.032943
0.030805
0.037884
0.035747
0.031409
0.03285
0.043686
0.034618
0.03703
0.034631
0.034408
0.033215
0.031841
0.03049
0.032398
0.02399
0.03107
0.033501
0.032787
0.034573
0.032928
0.031964
0.031027
0.02888
0.030405
0.031612
0.035271
0.029131
0.030749
0.033302
0.031239
0.029319
0.024791
0.054684
0.060087
0.061748
0.061338
0.062098
0.073419
0.041218
0.067411
0.060166
0.067565
0.039509
0.067429
0.048271
0.053441
0.06942
0.057386
0.061562
0.057407
0.05856
0.058627
0.061215
0.059393
0.056286
0.061273
0.046594
0.0478
0.061958
0.059747
0.049999
0.056216
0.055665
0.056225
0.057557
0.056536
0.04859
0.059476
0.051198
0.049642
0.061434
0.060587
0.059999
0.063066
0.049029
0.05826
0.063299
0.057229
0.043251
0.060106
0.05072
0.042024
0.042335
0.055882
0.051428
0.047489
0.044798
0.047021
0.059352
0.049848
0.047077
0.042218
0.040603
0.045142
0.037648
0.043729
0.047906
0.048845
0.039974
0.055283
0.054684
0.048858
0.036691
0.041431
0.04351
0.045848
0.03914
0.045509
0.042932
0.046822
0.038229
0.041178
0.040001
0.040465
0.0418
0.050463
0.045064
0.043505
0.040857
0.039914
0.036015
0.039044
0.041059
0.04106
0.040372
0.040962
0.048316
0.037501
0.055698
0.057499
0.055928
0.056064
0.061462
0.058251
0.055676
0.057375
0.053996
0.053569
0.05525
0.057984
0.054619
0.05196
0.047279
0.05255
0.053456
0.05256
0.05557
0.050203
0.046607
0.035341
0.037723
0.038512
0.035634
0.037521
0.033584
0.032762
0.038001
0.035432
0.040704
0.035737
0.036455
0.037744
0.034919
0.05623
0.042888
0.039982
0.041005
0.044608
0.048842
0.049997
0.048602
0.046553
0.04456
0.048128
0.042261
0.040421
0.053342
0.051298
0.045819
0.051805
0.057289
0.054221
0.056543
0.045187
0.054956
0.036424
0.04787
0.045858
0.047889
0.058609
0.042306
0.038599
0.035313
0.036995
0.029905
0.032048
0.029901
0.027008
0.032488
0.030259
0.032386
0.03434
0.030794
0.031089
0.028438
0.032192
0.031238
0.03526
0.034448
0.031618
0.041019
0.04257
0.040353
0.044289
0.045078
0.040791
0.043166
0.050903
0.043243
0.043373
0.041358
0.049513
0.040549
0.045965
0.04533
0.037877
0.036605
0.041974
0.045199
0.03932
0.037303
0.040186
0.046198
0.044114
0.042825
0.039572
0.042575
0.036418
0.036796
0.022755
0.028013
0.023409
0.020833
0.02862
0.030377
0.029362
0.027586
0.029899
0.032374
0.030418
0.02402
0.026185
0.024735
0.029215
0.028256
0.029481
0.02443
0.027745
0.026977
0.027614
0.043555
0.051864
0.052693
0.04493
0.051631
0.04703
0.043979
0.043385
0.042784
0.044784
0.039783
0.040716
0.041213
0.042085
0.042735
0.040378
0.041234
0.03583
0.040777
0.036054
0.0463
0.040214
0.040036
0.036386
0.036477
0.040661
0.035181
0.043813
0.037687
0.03884
0.0364
0.035326
0.033333
0.033946
0.033498
0.030474
0.030106
0.028723
0.034331
0.031397
0.019497
0.022519
0.023654
0.023702
0.024645
0.027071
0.023144
0.019091
0.024491
0.023298
0.028424
0.022181
0.024916
0.021442
0.025458
0.024979
0.027857
0.020257
0.026409
0.024927
0.025121
0.023735
0.044444
0.03878
0.036565
0.04559
0.038932
0.04133
0.042688
0.046099
0.038279
0.03855
0.041342
0.03873
0.035389
0.057576
0.044402
0.0398
0.032221
0.033327
0.036888
0.035224
0.03047
0.036809
0.034668
0.043964
0.034447
0.029067
0.032468
0.037859
0.03006
0.033151
0.034026
0.029962
0.035104
0.031733
0.035095
0.031092
0.037244
0.029614
0.033502
0.031632
0.034521
0.030182
0.028701
0.018582
0.017514
0.018826
0.019338
0.014991
0.022335
0.024524
0.0219
0.020832
0.023173
0.019042
0.015644
0.017872
0.019964
0.017839
0.018327
0.019945
0.021653
0.021643
0.022479
0.019523
0.020969
0.01997
0.021616
0.022616
0.02552
0.02282
0.022169
0.043931
0.045767
0.046612
0.039743
0.04522
0.035374
0.043733
0.047917
0.044363
0.040479
0.041207
0.046145
0.046079
0.050341
0.040162
0.041768
0.040874
0.042602
0.044124
0.048632
0.047068
0.045625
0.055336
0.041097
0.045769
0.047175
0.049696
0.04571
0.039757
0.047805
0.043137
0.039648
0.034118
0.041028
0.033493
0.034464
0.04061
0.043402
0.038651
0.044876
0.045301
0.035594
0.043683
0.044359
0.042939
0.039995
0.043926
0.032641
0.05076
0.054921
0.05314
0.033365
0.057846
0.055463
0.056302
0.029968
0.057652
0.060154
0.059231
0.058792
0.031136
0.034426
0.029896
0.026863
0.031175
0.06641
0.027685
0.02678
0.025248
0.02585
0.022221
0.017331
0.019346
0.01853
0.019245
0.019107
0.016465
0.018681
0.018607
0.019746
0.018933
0.016539
0.01629
0.019909
0.021803
0.017789
0.021731
0.01606
0.019146
0.01951
0.018327
0.023962
0.022595
0.021523
0.018956
0.017846
0.050832
0.058949
0.043184
0.04783
0.051074
0.04565
0.052617
0.055196
0.049168
0.05528
0.055044
0.038151
0.056336
0.055787
0.042551
0.056633
0.045222
0.042284
0.033985
0.037271
0.044479
0.037457
0.048261
0.030325
0.026804
0.030345
0.028956
0.061799
0.024662
0.023359
0.030191
0.027941
0.019493
0.018846
0.019927
0.021981
0.023037
0.023783
0.023201
0.022759
0.025124
0.02233
0.021509
0.015026
0.020397
0.016179
0.017786
0.017782
0.019394
0.0369
0.022529
0.042122
0.019788
0.023008
0.024106
0.019585
0.020993
0.017638
0.021547
0.018615
0.02349
0.021068
0.024955
0.025481
0.022823
0.020851
0.019305
0.02008
0.024698
0.022228
0.024333
0.024701
0.021582
0.023576
0.028542
0.02242
0.025217
0.027881
0.021031
0.021972
0.018906
0.02793
0.024674
0.02329
0.017546
0.022071
0.023865
0.023449
0.037263
0.044549
0.037243
0.03734
0.042212
0.041316
0.040983
0.044167
0.04473
0.036999
0.03379
0.045516
0.034827
0.031892
0.036704
0.036931
0.037522
0.035671
0.034056
0.036337
0.041675
0.040542
0.041784
0.04684
0.038029
0.021058
0.026142
0.020929
0.023362
0.020973
0.023447
0.02221
0.023588
0.024376
0.025993
0.024931
0.02223
0.020395
0.022608
0.023498
0.026515
0.026317
0.023105
0.026671
0.024944
0.02548
0.024835
0.025468
0.025157
0.044623
0.046651
0.046593
0.051024
0.048997
0.044656
0.044238
0.047276
0.051028
0.05051
0.046435
0.042501
0.042288
0.030825
0.041035
0.041915
0.039537
0.030848
0.043883
0.032378
0.044127
0.028719
0.036538
0.040603
0.039783
0.026081
0.027588
0.02631
0.026842
0.029139
0.024669
0.030045
0.029977
0.028021
0.028263
0.027812
0.027789
0.029152
0.028842
0.029717
0.029911
0.034392
0.028579
0.031391
0.027437
0.028175
0.023554
0.022667
0.028017
0.024814
0.032072
0.025127
0.026725
0.022474
0.024211
0.021618
0.025704
0.023394
0.022343
0.021748
0.022274
0.061609
0.064128
0.056283
0.059925
0.050614
0.059829
0.045851
0.064863
0.052704
0.058856
0.053888
0.060314
0.050013
0.063244
0.060537
0.058179
0.048617
0.045661
0.046322
0.046423
0.039366
0.054324
0.047754
0.048497
0.049157
0.043371
0.046068
0.04803
0.047036
0.048178
0.050832
0.04645
0.042371
0.044918
0.044806
0.044442
0.044159
0.048631
0.042941
0.049969
0.043157
0.049067
0.040247
0.044257
0.046283
0.044466
0.046497
0.048133
0.045531
0.048432
0.047352
0.04406
0.044854
0.042634
0.040468
0.04259
0.045817
0.048607
0.04486
0.050526
0.058782
0.053847
0.046478
0.049985
0.044084
0.04149
0.048097
0.043885
0.040668
0.054653
0.044262
0.060315
0.046347
0.042803
0.047171
0.060725
0.06218
0.052112
0.059176
0.063632
0.057509
0.051056
0.044082
0.055457
0.053917
0.052498
0.042106
0.038977
0.040005
0.041577
0.043259
0.046337
0.044031
0.042498
0.048274
0.046158
0.05053
0.044305
0.049937
0.051025
0.053239
0.038612
0.045745
0.040552
0.047628
0.042149
0.041876
0.070971
0.050808
0.059199
0.0663
0.046471
0.053543
0.050854
0.046909
0.044208
0.043108
0.050682
0.043517
0.04216
0.035647
0.043243
0.048629
0.043724
0.041031
0.040285
0.03876
0.038482
0.042742
0.038634
0.030812
0.035904
0.032743
0.034794
0.054852
0.037159
0.03704
0.038569
0.042997
0.043234
0.044497
0.053807
0.045973
0.051613
0.050583
0.053494
0.052948
0.048704
0.053295
0.053379
0.050542
0.052118
0.053164
0.042017
0.045003
0.043134
0.050341
0.040466
0.042785
0.040082
0.047001
0.041016
0.039079
0.036386
0.037981
0.040395
0.041916
0.038273
0.041202
0.033354
0.034053
0.031493
0.03349
0.032546
0.03544
0.034722
0.042491
0.042524
0.046101
0.042892
0.03552
0.048543
0.045737
0.045725
0.050594
0.045287
0.040574
0.033077
0.044866
0.033049
0.038275
0.036349
0.034308
0.041328
0.035053
0.042377
0.04605
0.039936
0.039686
0.032152
0.047643
0.045454
0.046069
0.051334
0.045723
0.042481
0.048981
0.05692
0.044208
0.042459
0.049229
0.043966
0.04188
0.042204
0.034809
0.038753
0.030354
0.047787
0.041877
0.045953
0.042676
0.04217
0.047443
0.045341
0.043747
0.035304
0.044048
0.045051
0.045177
0.047095
0.047248
0.044249
0.048105
0.033443
0.044691
0.04456
0.028357
0.04159
0.036259
0.038596
0.038681
0.034253
0.03919
0.034095
0.03882
0.041489
0.032765
0.025606
0.029485
0.031447
0.031187
0.032183
0.024667
0.027255
0.024291
0.032039
0.030272
0.030515
0.031809
0.033797
0.037322
0.03173
0.027072
0.028047
0.02668
0.027998
0.027681
0.026868
0.042488
0.041985
0.036087
0.045781
0.034307
0.040246
0.03394
0.033277
0.032636
0.030148
0.034358
0.035656
0.034777
0.028
0.030472
0.035784
0.030227
0.030623
0.03066
0.028888
0.027633
0.031543
0.02889
0.029552
0.027543
0.025094
0.027977
0.029618
0.029689
0.020669
0.024441
0.021568
0.024175
0.02926
0.026937
0.026973
0.039536
0.034807
0.035666
0.0339
0.041448
0.039861
0.03596
0.03342
0.032077
0.035483
0.038444
0.037658
0.035035
0.030677
0.030105
0.021781
0.03275
0.032262
0.032234
0.035602
0.029379
0.02939
0.031254
0.028233
0.034993
0.03145
0.039038
0.025681
0.027854
0.026813
0.03097
0.029317
0.031285
0.030189
0.031439
0.02218
0.031514
0.02273
0.026237
0.0256
0.027916
0.024928
0.027111
0.030986
0.031822
0.033915
0.032716
0.030355
0.031129
0.035742
0.04013
0.029687
0.02978
0.034522
0.029589
0.027962
0.033097
0.035719
0.028668
0.032347
0.021048
0.020003
0.020689
0.016987
0.015701
0.021423
0.016323
0.020932
0.017435
0.023693
0.030179
0.035581
0.044389
0.036247
0.036119
0.034055
0.027485
0.034708
0.030696
0.031249
0.030388
0.032328
0.031098
0.032635
0.030273
0.027325
0.059846
0.023061
0.057829
0.056051
0.054827
0.046903
0.050941
0.023262
0.023705
0.017595
0.019824
0.022692
0.02145
0.027322
0.021046
0.023621
0.018428
0.021086
0.019367
0.016559
0.015023
0.019932
0.0181
0.014116
0.018154
0.023985
0.019296
0.019065
0.01958
0.022405
0.020042
0.01759
0.02051
0.031413
0.037446
0.045885
0.046033
0.04002
0.033255
0.037415
0.035211
0.027923
0.023644
0.03096
0.028503
0.024813
0.026074
0.026116
0.022977
0.022787
0.019737
0.024035
0.02329
0.026432
0.022995
0.023115
0.02225
0.021731
0.024187
0.02314
0.02217
0.022689
0.019999
0.02195
0.022716
0.018694
0.020345
0.016196
0.021422
0.017586
0.017985
0.01388
0.015995
0.013907
0.015254
0.018172
0.021658
0.015523
0.013703
0.016791
0.019584
0.018221
0.019527
0.016844
0.020563
0.017977
0.016058
0.01664
0.020339
0.023303
0.025868
0.02422
0.018143
0.020351
0.021396
0.023707
0.022897
0.025695
0.020218
0.024363
0.022582
0.020301
0.022648
0.02304
0.019198
0.027848
0.021841
0.025191
0.021332
0.019021
0.018247
0.034398
0.036092
0.033378
0.032731
0.034714
0.029393
0.033434
0.031876
0.029629
0.040163
0.037948
0.039369
0.038576
0.035621
0.035667
0.02767
0.029894
0.021759
0.033715
0.030055
0.029588
0.026248
0.02545
0.024463
0.028366
0.025228
0.028915
0.029476
0.028688
0.032516
0.024665
0.030153
0.023962
0.024411
0.02955
0.032296
0.028779
0.02361
0.022087
0.020493
0.020278
0.024852
0.024375
0.024104
0.024475
0.023269
0.023453
0.045071
0.038692
0.038309
0.032531
0.032936
0.030581
0.031941
0.028992
0.029447
0.027712
0.031774
0.031032
0.031803
0.02879
0.032585
0.026795
0.02659
0.026147
0.031248
0.02657
0.028361
0.031211
0.028847
0.027794
0.027916
0.031899
0.028446
0.028995
0.026888
0.02638
0.030426
0.026011
0.027104
0.029387
0.026655
0.032292
0.031049
0.029808
0.031271
0.031011
0.027772
0.030549
0.030497
0.030048
0.027214
0.028395
0.031207
0.026545
0.031187
0.02908
0.028939
0.027874
0.03156
0.028628
0.034588
0.032924
0.025888
0.039276
0.045813
0.047706
0.043377
0.041388
0.046662
0.037651
0.034926
0.038243
0.038329
0.040304
0.03738
0.042844
0.036544
0.041451
0.038078
0.03566
0.034403
0.034487
0.036374
0.034569
0.047573
0.043469
0.041882
0.037985
0.040621
0.045188
0.037159
0.03296
0.035349
0.03799
0.034905
0.034728
0.037054
0.036194
0.038294
0.029642
0.030979
0.029281
0.059965
0.051132
0.057897
0.044259
0.03504
0.043246
0.042084
0.036055
0.035714
0.036535
0.031987
0.036223
0.030451
0.033601
0.032043
0.033027
0.030734
0.030379
0.029393
0.035038
0.028509
0.053528
0.049382
0.055467
0.051038
0.048781
0.050051
0.03762
0.037437
0.035611
0.032377
0.036763
0.035789
0.037625
0.043908
0.036635
0.035188
0.034849
0.035657
0.037206
0.030763
0.051456
0.052597
0.046566
0.053728
0.043701
0.042764
0.037308
0.037628
0.040041
0.03982
0.033289
0.036024
0.038356
0.031807
0.035833
0.031614
0.03224
0.034629
0.03097
0.036141
0.031806
0.033581
0.049255
0.048305
0.044391
0.045171
0.047385
0.046883
0.032811
0.03586
0.03466
0.031941
0.032979
0.032782
0.029508
0.028865
0.02887
0.024327
0.02586
0.034424
0.027712
0.029755
0.031975
0.029335
0.034712
0.025
0.030585
0.024791
0.025046
0.040336
0.043658
0.035083
0.034681
0.035716
0.037329
0.024945
0.024548
0.029123
0.03164
0.024636
0.023924
0.026824
0.025163
0.031259
0.032458
0.026847
0.022
0.032602
0.026323
0.030062
0.031318
0.033753
0.029873
0.028398
0.023442
0.024801
0.026019
0.025504
0.028359
0.026335
0.026454
0.031678
0.025977
0.024811
0.029062
0.024692
0.025211
0.024451
0.034917
0.024778
0.023188
0.023847
0.025733
0.025755
0.025508
0.02409
0.027155
0.023012
0.024078
0.02572
0.02829
0.026546
0.030594
0.029816
0.026325
0.026019
0.026417
0.024481
0.020335
0.034108
0.032938
0.028287
0.028032
0.021111
0.014784
0.018036
0.02285
0.021098
0.02377
0.030155
0.026133
0.031488
0.030341
0.026
0.02326
0.018847
0.025652
0.020945
0.020965
0.016131
0.022535
0.017876
0.023137
0.018035
0.020848
0.022981
0.020305
0.023183
0.018646
0.020107
0.024203
0.026254
0.027369
0.025161
0.024601
0.021204
0.025671
0.024424
0.024289
0.022016
0.021999
0.022997
0.023973
0.021799
0.026128
0.022052
0.021986
0.024952
0.023677
0.025718
0.022514
0.027087
0.021751
0.026584
0.023217
0.022705
0.021579
0.018907
0.019822
0.016573
0.023037
0.019409
0.022917
0.023665
0.023513
0.023718
0.023642
0.022756
0.018478
0.027575
0.024395
0.026812
0.026327
0.02636
0.027395
0.029135
0.022698
0.025284
0.027621
0.024423
0.02499
0.026331
0.027714
0.027461
0.03343
0.027537
0.029651
0.023754
0.024167
0.026219
0.024328
0.025885
0.024721
0.025139
0.027564
0.031023
0.029313
0.026712
0.027388
0.027771
0.028921
0.024992
0.027238
0.026663
0.02866
0.02657
0.022876
0.031116
0.03135
0.025801
0.027705
0.030552
0.029279
0.025498
0.032241
0.031232
0.02938
0.031578
0.03156
0.027617
0.024177
0.030049
0.026353
0.027671
0.02604
0.027771
0.028898
0.028859
0.028744
0.024021
0.025141
0.030218
0.026327
0.027268
0.028914
0.029721
0.027811
0.027142
0.027996
0.024047
0.029158
0.031303
0.026296
0.026903
0.025457
0.027242
0.027088
0.025489
0.027231
0.027054
0.025126
0.02352
0.028255
0.02474
0.025733
0.030692
0.034512
0.033784
0.025229
0.029261
0.032725
0.032721
0.028506
0.033596
0.039235
0.03204
0.03135
0.03814
0.030534
0.028655
0.026645
0.026142
0.026938
0.038867
0.027439
0.026166
0.025003
0.025949
0.047213
0.034235
0.048849
0.089959
0.036421
0.04655
0.04096
0.097885
0.074524
0.031184
0.027022
0.032016
0.026302
0.02591
0.024177
0.060335
0.046719
0.093296
0.027568
0.044968
0.043126
0.024229
0.045104
0.022112
0.041219
0.041595
0.023981
0.026765
0.032051
0.023026
0.025034
0.023872
0.026475
0.035791
0.042068
0.040132
0.040306
0.036979
0.031772
0.02581
0.024799
0.02825
0.023195
0.039471
0.030721
0.036393
0.028706
0.029742
0.029518
0.0296
0.029752
0.035499
0.037119
0.027061
0.029064
0.031691
0.031606
0.028912
0.027467
0.030554
0.02737
0.027269
0.029426
0.033891
0.029597
0.029639
0.03614
0.03022
0.035439
0.029973
0.025835
0.028813
0.030611
0.027742
0.024473
0.024714
0.02516
0.022139
0.028461
0.025132
0.022365
0.024084
0.025588
0.025788
0.023684
0.029543
0.024795
0.027458
0.029669
0.022079
0.0236
0.025317
0.023568
0.021353
0.024654
0.024463
0.024025
0.024209
0.022415
0.021161
0.025836
0.025086
0.022232
0.025118
0.024806
0.02594
0.023778
0.02219
0.025502
0.027542
0.025337
0.02592
0.025202
0.022116
0.023837
0.024769
0.022982
0.024555
0.022128
0.025398
0.023574
0.022154
0.024048
0.025944
0.017691
0.02313
0.022836
0.021621
0.024816
0.025463
0.020828
0.025373
0.024422
0.023748
0.020776
0.021481
0.022455
0.022396
0.018349
0.021363
0.018994
0.01907
0.023295
0.019521
0.020863
0.020081
0.018173
0.020946
0.024218
0.024392
0.02241
0.027005
0.018733
0.026323
0.020383
0.024223
0.022744
0.025239
0.020959
0.021716
0.022318
0.020664
0.022043
0.017498
0.020897
0.023488
0.025038
0.022946
0.024766
0.020513
0.027353
0.026975
0.024918
0.025021
0.024238
0.023245
0.024746
0.022894
0.026094
0.02167
0.027046
0.027121
0.022837
0.024716
0.023225
0.022268
0.025441
0.021605
0.016717
0.024135
0.028139
0.02757
0.025334
0.027146
0.023702
0.026541
0.025928
0.025746
0.025848
0.03089
0.024592
0.022701
0.024496
0.025506
0.023891
0.024899
0.023877
0.025514
0.027848
0.023283
0.019763
0.020996
0.022904
0.022453
0.023514
0.028375
0.02815
0.027368
0.024594
0.030448
0.028836
0.0291
0.028542
0.029186
0.025665
0.026237
0.024599
0.027036
0.023804
0.02284
0.021695
0.016778
0.024292
0.039046
0.057536
0.024462
0.020024
0.024008
0.020353
0.02587
0.019676
0.031389
0.027778
0.023564
0.025004
0.02404
0.02671
0.03017
0.023359
0.037209
0.037751
0.035441
0.037838
0.057784
0.023653
0.023553
0.027804
0.030042
0.027006
0.02643
0.040887
0.041562
0.041543
0.039485
0.026672
0.026081
0.025401
0.024667
0.042919
0.037541
0.040764
0.04039
0.035472
0.040077
0.029119
0.027451
0.029971
0.029933
0.028983
0.035805
0.028134
0.029607
0.0331
0.033161
0.030952
0.032241
0.035653
0.027698
0.028145
0.022851
0.029537
0.027894
0.029684
0.035427
0.035852
0.029487
0.031416
0.025459
0.027781
0.027489
0.02619
0.029026
0.027714
0.03047
0.030236
0.03138
0.025199
0.028029
0.03349
0.029216
0.031093
0.031642
0.028657
0.023184
0.025826
0.027849
0.029547
0.020717
0.020118
0.026486
0.025971
0.026102
0.028985
0.029799
0.028905
0.02803
0.028447
0.024083
0.029575
0.024966
0.026277
0.028791
0.027509
0.026612
0.021513
0.023326
0.02704
0.025997
0.025356
0.027495
0.021134
0.023216
0.021912
0.025055
0.026528
0.02605
0.023944
0.029981
0.026292
0.026164
0.024912
0.024293
0.023405
0.021539
0.026649
0.02327
0.022555
0.024672
0.020789
0.027834
0.024684
0.027009
0.021284
0.021602
0.022841
0.020768
0.026958
0.024977
0.019526
0.024401
0.024697
0.024758
0.021302
0.023617
0.022197
0.022453
0.024788
0.023437
0.02028
0.019319
0.02164
0.023411
0.020753
0.021153
0.020724
0.022491
0.019255
0.023029
0.022622
0.018475
0.023779
0.022417
0.02324
0.022891
0.023155
0.026324
0.023772
0.026158
0.024222
0.022871
0.0208
0.017155
0.021519
0.019044
0.017457
0.019808
0.019533
0.023593
0.021252
0.018061
0.022302
0.023039
0.02075
0.021725
0.022574
0.021696
0.018071
0.026785
0.024432
0.025857
0.021156
0.022824
0.020038
0.02494
0.024833
0.030154
0.029718
0.03395
0.030497
0.032329
0.028067
0.032208
0.029995
0.033981
0.034828
0.033584
0.036285
0.036192
0.033049
0.036863
0.037587
0.032519
0.035729
0.027368
0.034662
0.030046
0.026916
0.029229
0.02835
0.030427
0.029693
0.034027
0.030014
0.029332
0.032473
0.030556
0.035667
0.030056
0.030901
0.031078
0.036072
0.030671
0.022493
0.026188
0.030018
0.029086
0.025339
0.031896
0.029392
0.028807
0.037739
0.030337
0.031254
0.029219
0.034146
0.032533
0.036892
0.0276
0.033077
0.029531
0.031606
0.031321
0.032247
0.033037
0.031112
0.02864
0.031392
0.024821
0.026202
0.028689
0.027039
0.032768
0.029552
0.031991
0.028467
0.033214
0.02787
0.029225
0.026466
0.027781
0.028383
0.023387
0.024009
0.023615
0.023454
0.022513
0.024691
0.027875
0.026861
0.027996
0.030321
0.029881
0.029551
0.026313
0.027795
0.023984
0.02939
0.025955
0.027264
0.026003
0.025789
0.024255
0.023595
0.026259
0.023235
0.02705
0.027859
0.025093
0.026665
0.026655
0.025447
0.027622
0.028347
0.024279
0.024197
0.021782
0.021321
0.027988
0.022624
0.025187
0.022768
0.024921
0.023855
0.025243
0.026367
0.023712
0.026077
0.023128
0.022881
0.025621
0.025057
0.024575
0.024602
0.021296
0.024667
0.023032
0.023408
0.019978
0.022906
0.025078
0.023025
0.025196
0.02587
0.02679
0.024889
0.028854
0.026754
0.025603
0.024719
0.023141
0.031865
0.027688
0.024868
0.023924
0.024814
0.027491
0.024112
0.024658
0.026577
0.030835
0.025627
0.028927
0.028401
0.024949
0.022261
0.021819
0.02345
0.03179
0.032113
0.038054
0.039922
0.035718
0.034597
0.039324
0.041032
0.033458
0.034233
0.039126
0.035835
0.041071
0.037462
0.03906
0.036512
0.030287
0.037766
0.039257
0.034971
0.038199
0.039452
0.038678
0.032095
0.034322
0.035683
0.033083
0.035049
0.035049
0.027981
0.028842
0.033138
0.033905
0.031795
0.033996
0.03157
0.036941
0.031408
0.032051
0.033487
0.033441
0.034563
0.035998
0.036981
0.033191
0.036395
0.030845
0.028066
0.029643
0.032285
0.029907
0.029912
0.033581
0.031742
0.029586
0.031669
0.030687
0.031925
0.031697
0.029829
0.033576
0.03258
0.029758
0.032737
0.03171
0.033835
0.032713
0.033745
0.030253
0.033048
0.029817
0.031342
0.031748
0.027109
0.032057
0.03072
0.028611
0.029418
0.030867
0.027144
0.026649
0.024981
0.025628
0.026038
0.025883
0.026515
0.032406
0.028844
0.03447
0.040365
0.018417
0.018868
0.042105
0.05928
0.021079
0.025241
0.039995
0.044052
0.043718
0.050309
0.027095
0.021344
0.020002
0.013788
0.015463
0.023123
0.040003
0.042432
0.024874
0.030614
0.043819
0.043286
0.050089
0.039846
0.038816
0.04786
0.03813
0.039535
0.038675
0.036323
0.035585
0.037996
0.042252
0.045978
0.054227
0.057543
0.055801
0.061607
0.049666
0.078551
0.078648
0.056629
0.053954
0.056537
0.04327
0.054504
0.041361
0.050565
0.052264
0.023586
0.015377
0.050877
0.028353
0.036707
0.021683
0.016909
0.015767
0.01786
0.04779
0.031857
0.013691
0.039474
0.050805
0.017825
0.048836
0.03875
0.018037
0.01526
0.047049
0.04905
0.039897
0.015916
0.016865
0.027889
0.038724
0.023482
0.016822
0.016562
0.020012
0.023195
0.038103
0.03845
