0.048053
0.047913
0.046312
0.045894
0.045996
0.042395
0.051866
0.04801
0.050711
0.04549
0.0438
0.041863
0.039102
0.044537
0.043893
0.044683
0.043404
0.044285
0.016745
0.045767
0.047405
0.039562
0.043085
0.04412
0.03793
0.047136
0.047616
0.041264
0.04198
0.04115
0.046479
0.039203
0.039483
0.042488
0.042828
0.044251
0.044526
0.043207
0.044273
0.042095
0.035139
0.036912
0.041124
0.044144
0.046526
0.049281
0.043553
0.044817
0.044592
0.041428
0.044022
0.020588
0.043956
0.046679
0.047259
0.040486
0.04356
0.042384
0.040979
0.044728
0.038267
0.039288
0.014182
0.043481
0.039315
0.03621
0.036443
0.037818
0.042608
0.045676
0.04747
0.046614
0.018375
0.036754
0.035799
0.038479
0.046055
0.047463
0.045136
0.036711
0.034565
0.041919
0.035348
0.043479
0.040551
0.044738
0.016437
0.039436
0.043887
0.039371
0.048289
0.045488
0.044881
0.034224
0.031921
0.031776
0.026787
0.044326
0.020051
0.021768
0.028107
0.044536
0.035204
0.034207
0.036594
0.034535
0.035586
0.032169
0.034662
0.030818
0.02929
0.031194
0.036258
0.034454
0.034719
0.04457
0.044809
0.039329
0.036674
0.036293
0.033453
0.040727
0.037265
0.029783
0.035069
0.032632
0.034915
0.039276
0.039584
0.03373
0.038571
0.038585
0.038476
0.033919
0.037306
0.019185
0.039837
0.036415
0.037139
0.038362
0.040674
0.037809
0.04164
0.038168
0.039055
0.027356
0.028394
0.031008
0.029286
0.030961
0.03039
0.026708
0.031809
0.028938
0.027808
0.029316
0.027071
0.030396
0.028583
0.025665
0.030613
0.029556
0.031866
0.02558
0.033114
0.023264
0.034873
0.02973
0.03242
0.029869
0.033082
0.036296
0.031152
0.033657
0.035728
0.037612
0.035756
0.041169
0.032721
0.040574
0.028741
0.039235
0.033093
0.03818
0.03416
0.014412
0.018834
0.020361
0.019067
0.020785
0.021039
0.014385
0.029457
0.025756
0.026704
0.025297
0.024448
0.024156
0.029744
0.031398
0.028675
0.023254
0.028779
0.029862
0.02114
0.030934
0.028318
0.02989
0.029825
0.03078
0.031569
0.029814
0.03301
0.033343
0.031763
0.032773
0.033914
0.0394
0.035784
0.020886
0.020934
0.03235
0.044279
0.039855
0.041289
0.039107
0.04004
0.01348
0.040909
0.037547
0.034327
0.034737
0.041883
0.039222
0.044011
0.038023
0.041074
0.036314
0.037003
0.036954
0.035411
0.036659
0.040902
0.03432
0.024045
0.034208
0.032123
0.036065
0.035491
0.031701
0.033301
0.036593
0.036118
0.029869
0.033647
0.031958
0.030616
0.030519
0.030629
0.026082
0.03564
0.03746
0.033961
0.038467
0.036099
0.036942
0.035285
0.032178
0.033507
0.017423
0.033237
0.032744
0.033561
0.029254
0.031566
0.028045
0.037895
0.035032
0.036211
0.034555
0.034264
0.033168
0.052882
0.050722
0.058278
0.052847
0.05005
0.051072
0.053741
0.051951
0.047443
0.047698
0.049385
0.045203
0.038204
0.018881
0.047304
0.043316
0.046269
0.043205
0.045427
0.046253
0.023816
0.04323
0.033763
0.052203
0.050808
0.050714
0.048849
0.049045
0.042311
0.043685
0.043561
0.047968
0.047731
0.045033
0.048295
0.044949
0.048027
0.046191
0.045604
0.046866
0.045622
0.044189
0.047583
0.045303
0.050244
0.046612
0.042787
0.044441
0.045713
0.037265
0.044494
0.040723
0.041898
0.036484
0.042577
0.032295
0.044706
0.036765
0.048311
0.046809
0.04507
0.041772
0.037709
0.01676
0.044094
0.042162
0.036514
0.041341
0.040821
0.035668
0.035812
0.035733
0.032132
0.03128
0.033945
0.018861
0.021224
0.043149
0.030554
0.041404
0.043662
0.043614
0.022244
0.039459
0.046258
0.034994
0.041293
0.040232
0.039371
0.04287
0.041707
0.036976
0.041114
0.045833
0.049064
0.042727
0.042113
0.043179
0.041397
0.048417
0.03793
0.037394
0.049129
0.035205
0.040752
0.03391
0.04593
0.045515
0.038885
0.044229
0.043193
0.040245
0.043846
0.042726
0.039526
0.04665
0.046585
0.046299
0.045932
0.04789
0.035184
0.04471
0.050598
0.053447
0.049359
0.043726
0.046271
0.041059
0.034794
0.040897
0.037172
0.050359
0.051195
0.047741
0.037564
0.031185
0.033638
0.053518
0.050568
0.051202
0.031732
0.049682
0.031816
0.052489
0.051162
0.060921
0.055874
0.042843
0.048514
0.047091
0.038416
0.04398
0.040271
0.040575
0.047954
0.038362
0.046726
0.037558
0.034008
0.034431
0.028338
0.029151
0.033037
0.021763
0.021321
0.030914
0.032348
0.035365
0.047976
0.039227
0.043027
0.025882
0.023716
0.023871
0.02595
0.024281
0.02973
0.033464
0.022561
0.033111
0.025659
0.025909
0.023957
0.024169
0.021365
0.023819
0.02852
0.021889
0.019818
0.020668
0.028082
0.024162
0.018676
0.019521
0.0205
0.021473
0.019649
0.017619
0.01631
0.02249
0.020007
0.020239
0.022862
0.025481
0.023403
0.022561
0.020311
0.024894
0.019145
0.018892
0.019172
0.024675
0.024183
0.022392
0.021192
0.023545
0.028858
0.031316
0.023004
0.021105
0.032782
0.031468
0.029894
0.019878
0.020321
0.021702
0.022985
0.020507
0.02334
0.023967
0.023182
0.022895
0.028577
0.02177
0.021921
0.026637
0.023229
0.02528
0.026057
0.026995
0.0261
0.028127
0.027891
0.027153
0.034907
0.030626
0.028654
0.027907
0.026273
0.029572
0.02966
0.029338
0.041681
0.045433
0.030706
0.048871
0.043321
0.030635
0.043557
0.041854
0.042812
0.038514
0.03812
0.042397
0.039166
0.043462
0.035205
0.038862
0.041306
0.039383
0.033853
0.032479
0.03756
0.033606
0.036442
0.035761
0.035796
0.031865
0.034644
0.054488
0.0528
0.051209
0.03627
0.042336
0.045299
0.041212
0.028541
0.03164
0.037866
0.040535
0.0339
0.037051
0.039037
0.038266
0.030984
0.039856
0.038844
0.034248
0.031635
0.032917
0.030891
0.031173
0.034759
0.032319
0.031303
0.052225
0.042357
0.039584
0.03081
0.055306
0.042866
0.049286
0.025137
0.041886
0.050789
0.041743
0.032576
0.029928
0.031396
0.036551
0.037198
0.038589
0.032348
0.030062
0.028068
0.028401
0.026185
0.027839
0.029577
0.033035
0.030677
0.031721
0.034133
0.029865
0.030929
0.032236
0.024973
0.031148
0.030309
0.028947
0.033025
0.024235
0.028833
0.033083
0.032281
0.027907
0.032117
0.029987
0.027759
0.027535
0.025941
0.027113
0.026934
0.027984
0.029631
0.024676
0.029634
0.027225
0.032558
0.038009
0.030546
0.024369
0.025581
0.016435
0.029844
0.022661
0.025471
0.025854
0.032507
0.030692
0.027626
0.029199
0.026966
0.018038
0.024403
0.027091
0.028245
0.028475
0.020872
0.024284
0.024025
0.022879
0.021796
0.020454
0.025883
0.022796
0.026335
0.028555
0.018585
0.02409
0.020881
0.025148
0.024006
0.02485
0.028586
0.022965
0.021092
0.025822
0.024592
0.021816
0.023676
0.023513
0.024838
0.02439
0.027872
0.024992
0.020798
0.024242
0.021866
0.024926
0.02353
0.024287
0.026219
0.027046
0.024583
0.017731
0.018564
0.021435
0.024041
0.025441
0.042798
0.04999
0.040312
0.039719
0.035801
0.032941
0.041445
0.041579
0.044296
0.031721
0.037731
0.030004
0.029401
0.031768
0.037398
0.029026
0.031796
0.034784
0.029978
0.03444
0.039716
0.030896
0.022877
0.021924
0.024488
0.025952
0.023043
0.025985
0.022061
0.021763
0.018703
0.020476
0.023022
0.022055
0.024384
0.022207
0.025112
0.02118
0.020278
0.019227
0.021919
0.022908
0.026154
0.01728
0.019999
0.020261
0.022389
0.024997
0.032659
0.037576
0.034413
0.033676
0.039656
0.035526
0.037984
0.035178
0.033289
0.033434
0.034615
0.035421
0.033474
0.03624
0.03578
0.033164
0.033605
0.036408
0.033638
0.037915
0.035734
0.035663
0.030886
0.036368
0.034509
0.030296
0.035072
0.03504
0.032501
0.034954
0.036495
0.030735
0.016915
0.018485
0.032589
0.037012
0.030711
0.034579
0.032735
0.035412
0.027728
0.025224
0.024602
0.032166
0.038923
0.036213
0.03926
0.03494
0.030443
0.028451
0.030157
0.025084
0.030799
0.032484
0.021665
0.024354
0.028901
0.021405
0.022228
0.027843
0.02326
0.022562
0.022725
0.020022
0.017987
0.016577
0.024639
0.017352
0.022538
0.019778
0.01858
0.023012
0.018234
0.022495
0.0206
0.017667
0.017686
0.021671
0.025928
0.020202
0.024305
0.022718
0.019884
0.019438
0.028748
0.029656
0.02941
0.027822
0.029323
0.028318
0.029491
0.029577
0.024813
0.027006
0.024
0.024082
0.021958
0.022865
0.025973
0.026897
0.025661
0.027655
0.028345
0.025114
0.026677
0.026703
0.021919
0.0196
0.01841
0.031302
0.029102
0.032354
0.032984
0.031015
0.029148
0.034305
0.034565
0.027271
0.026361
0.033183
0.022832
0.021167
0.018538
0.023321
0.01856
0.019664
0.014604
0.020766
0.013805
0.017922
0.01638
0.022598
0.025776
0.02267
0.021212
0.01798
0.023567
0.026294
0.02624
0.022725
0.022205
0.017919
0.023735
0.028614
0.019377
0.017972
0.02474
0.032797
0.034845
0.029554
0.022639
0.022432
0.024352
0.01977
0.021551
0.024601
0.020535
0.020959
0.020314
0.024287
0.018907
0.021781
0.022301
0.017566
0.021865
0.025272
0.021868
0.019824
0.023702
0.024154
0.023164
0.023801
0.021515
0.024026
0.018122
0.019564
0.020394
0.022072
0.017194
0.021927
0.021087
0.019923
0.019755
0.023615
0.022302
0.025572
0.021526
0.022291
0.020787
0.02278
0.024785
0.022234
0.022989
0.02245
0.024442
0.022401
0.017595
0.0209
0.018078
0.023761
0.02077
0.023363
0.023947
0.021172
0.021732
0.019251
0.016053
0.018399
0.021448
0.026119
0.020252
0.022926
0.02345
0.018895
0.019305
0.017361
0.017255
0.017181
0.018557
0.019698
0.014342
0.016959
0.019753
0.018545
0.017429
0.010439
0.042167
0.048027
0.046286
0.050594
0.050198
0.043165
0.051263
0.053516
0.038971
0.055876
0.045954
0.038875
0.043951
0.046451
0.041615
0.043564
0.042249
0.050797
0.040687
0.044287
0.050556
0.042701
0.051769
0.057632
0.039185
0.045567
0.053853
0.046866
0.046774
0.056631
0.040634
0.051754
0.047985
0.048298
0.048154
0.048661
0.049743
0.043023
0.051863
0.039048
0.045778
0.042928
0.044343
0.055882
0.041582
0.036043
0.058063
0.04529
0.051776
0.050222
0.039846
0.054216
0.048818
0.049859
0.038287
0.051079
0.049652
0.044941
0.045138
0.044258
0.045899
0.043051
0.038523
0.037856
0.03679
0.040773
0.041366
0.037616
0.038251
0.023842
0.026352
0.026989
0.026091
0.029434
0.029538
0.028777
0.030212
0.029612
0.033561
0.026817
0.032388
0.030813
0.033072
0.013803
0.016461
0.031397
0.029826
0.030107
0.030727
0.030617
0.033342
0.026102
0.0314
0.032485
0.027207
0.031391
0.029301
0.028754
0.029621
0.033142
0.0356
0.036718
0.025211
0.025578
0.027941
0.030371
0.030264
0.027756
0.030949
0.018592
0.022569
0.021453
0.020865
0.022383
0.020441
0.017849
0.021789
0.021777
0.018356
0.021598
0.02017
0.020117
0.018952
0.018127
0.021074
0.019449
0.021942
0.023446
0.021335
0.022421
0.022551
0.021175
0.024697
0.019997
0.020895
0.019963
0.023693
0.025489
0.027351
0.024007
0.021092
0.020855
0.023718
0.023404
0.019416
0.021218
0.031264
0.031274
0.033899
0.03402
0.03671
0.035179
0.035116
0.034367
0.02927
0.033631
0.031731
0.03648
0.0322
0.019853
0.029885
0.027919
0.029831
0.020716
0.018822
0.018173
0.021992
0.020903
0.017282
0.016346
0.017149
0.016282
0.019468
0.018191
0.01726
0.014939
0.016302
0.017437
0.018075
0.014433
0.026044
0.026266
0.025867
0.025691
0.027173
0.02807
0.023989
0.024344
0.022625
0.019902
0.017625
0.027468
0.025241
0.024516
0.02403
0.018288
0.020449
0.017594
0.02002
0.015732
0.021746
0.016581
0.0188
0.014329
0.01921
0.026141
0.0187
0.01895
0.018555
0.034841
0.036368
0.018982
0.028212
0.032502
0.028927
0.025758
0.02601
0.025223
0.017745
0.018504
0.018673
0.020556
0.019764
0.020693
0.018901
0.017567
0.018333
0.020234
0.018872
0.020619
0.020522
0.021756
0.01919
0.023399
0.020184
0.016397
0.014825
0.015211
0.013426
0.016686
0.021504
0.018962
0.014923
0.017576
0.017429
0.018569
0.018215
0.015621
0.014943
0.014579
0.012388
0.017067
0.015281
0.016612
0.022138
0.025003
0.021963
0.021303
0.020687
0.020807
0.017559
0.02083
0.022305
0.020874
0.025744
0.01765
0.01683
0.021034
0.023519
0.019078
0.013382
0.01945
0.01668
0.014546
0.016526
0.022649
0.018581
0.016448
0.017146
0.014591
0.019772
0.021149
0.017111
0.019375
0.019098
0.020732
0.020988
0.019114
0.021494
0.020631
0.017199
0.020357
0.023663
0.019993
0.019972
0.021704
0.023299
0.019339
0.01808
0.019848
0.022711
0.024229
0.022139
0.025941
0.024009
0.024886
0.022622
0.022277
0.021116
0.021623
0.023589
0.01915
0.023015
0.021607
0.021044
0.017375
0.019733
0.017097
0.013788
0.018952
0.018983
0.015495
0.020442
0.015737
0.015393
0.015102
0.01699
0.016171
0.016666
0.017851
0.015395
0.018483
0.016853
0.016123
0.016374
0.015232
0.015381
0.014691
0.012441
0.015974
0.021285
0.01384
0.015199
0.015906
0.012301
0.021838
0.020202
0.018968
0.01834
0.018584
0.021903
0.019074
0.015448
0.018572
0.018928
0.015698
0.01568
0.016419
0.016511
0.01695
0.014385
0.018931
0.017319
0.016783
0.016528
0.016246
0.015664
0.015303
0.017444
0.018985
0.015004
0.017998
0.016474
0.016446
0.016583
0.015236
0.015809
0.017426
0.015231
0.016453
0.016105
0.015871
0.014589
0.015596
0.016672
0.014584
0.033331
0.03503
0.030282
0.036086
0.03747
0.0349
0.040069
0.019603
0.035453
0.040362
0.040117
0.035714
0.03863
0.037963
0.036176
0.036515
0.036077
0.037558
0.041301
0.039973
0.034091
0.035189
0.035728
0.034402
0.03586
0.034436
0.038309
0.029956
0.040426
0.036784
0.037145
0.035056
0.032414
0.036244
0.036517
0.03364
0.038659
0.038457
0.036
0.038104
0.034272
0.036934
0.036245
0.033005
0.030612
0.028764
0.026288
0.03325
0.033499
0.039378
0.037262
0.041363
0.036546
0.033125
0.038857
0.028401
0.032521
0.033649
0.032109
0.029937
0.032101
0.037665
0.027589
0.030395
0.038032
0.038342
0.038798
0.028911
0.037361
0.043259
0.038473
0.041741
0.018371
0.024508
0.019159
0.025447
0.037208
0.034769
0.038268
0.033545
0.028805
0.022229
0.034839
0.021129
0.020735
0.033205
0.035531
0.039204
0.031426
0.042321
0.033663
0.028492
0.037469
0.034586
0.033457
0.030292
0.037395
0.035845
0.017969
0.023211
0.03
0.023315
0.031585
0.024177
0.025787
0.028371
0.023134
0.025401
0.024751
0.031654
0.027361
0.026395
0.020679
0.022344
0.019821
0.026331
0.02203
0.017863
0.026545
0.025273
0.02381
0.025174
0.022654
0.026264
0.018672
0.016
0.022712
0.021085
0.027295
0.022863
0.018086
0.016351
0.015309
0.016107
0.017714
0.019254
0.024213
0.017678
0.022566
0.017167
0.028769
0.017104
0.023408
0.020249
0.017704
0.016535
0.021198
0.015836
0.017083
0.021846
0.017194
0.019117
0.018674
0.018197
0.01859
0.018403
0.019955
0.017248
0.01874
0.017796
0.033425
0.019945
0.01855
0.022134
0.019539
0.016129
0.022303
0.026569
0.028186
0.026097
0.01867
0.023015
0.025314
0.017929
0.027127
0.030209
0.028154
0.019464
0.019071
0.018957
0.019224
0.018625
0.018726
0.024431
0.024108
0.018169
0.021017
0.020815
0.021368
0.022638
0.024213
0.024876
0.043773
0.029273
0.027992
0.016312
0.017053
0.013187
0.015299
0.017597
0.01828
0.035453
0.011685
0.032087
0.018068
0.017168
0.016762
0.015504
0.017369
0.014776
0.016488
0.021236
0.014231
0.015269
0.016886
0.016332
0.018855
0.030607
0.021206
0.020563
0.022541
0.01875
0.018173
0.018615
0.01655
0.016611
0.019376
0.016283
0.014768
0.016095
0.017674
0.017522
0.01704
0.018022
0.011937
0.022535
0.018585
0.015748
0.015846
0.014424
0.015087
0.019099
0.036876
0.018071
0.015672
0.019384
0.031681
0.018324
0.017518
0.01724
0.015289
0.01728
0.013211
0.018934
0.018526
0.013197
0.020423
0.014857
0.019105
0.015438
0.013557
0.013989
0.028352
0.021618
0.018227
0.01774
0.014373
0.010483
0.017401
0.019218
0.017715
0.01777
0.018033
0.0199
0.018565
0.014114
0.017632
0.019273
0.021532
0.021307
0.031954
0.021119
0.029122
0.020122
0.021421
0.021627
0.018893
0.018814
0.014846
0.019549
0.017718
0.015698
0.014822
0.019004
0.01933
0.01909
0.019352
0.0234
0.01987
0.018703
0.017562
0.018289
0.016719
0.015549
0.013907
0.01653
0.018127
0.014486
0.012704
0.015269
0.014621
0.016197
0.017893
0.013846
0.019379
0.020789
0.019512
0.020993
0.017776
0.026556
0.019232
0.021855
0.024065
0.016992
0.021809
0.018821
0.01709
0.018652
0.020112
0.019274
0.018302
0.019316
0.017004
0.019181
0.018634
0.018866
0.018244
0.018415
0.020225
0.018885
0.016016
0.018098
0.022392
0.01804
0.019412
0.018352
0.021734
0.017405
0.018908
0.019406
0.017724
0.018904
0.019098
0.01692
0.018023
0.020544
0.015235
0.017132
0.017921
0.016487
0.019026
0.018532
0.01882
0.015787
0.017879
0.017246
0.019345
0.020585
0.01792
0.017178
0.019084
0.015042
0.020067
0.016404
0.015352
0.016344
0.015574
0.014303
0.019744
0.017139
0.017746
0.018373
0.019691
0.018753
0.020398
0.018806
0.021395
0.018801
0.022266
0.018261
0.017228
0.017811
0.019382
0.018813
0.018053
0.023825
0.016301
0.017732
0.020004
0.018468
0.020616
0.016702
0.017616
0.019294
0.015879
0.017526
0.017433
0.014107
0.014693
0.033514
0.017397
0.014974
0.016054
0.0111
0.014624
0.017584
0.016111
0.013899
0.015314
0.014306
0.011261
0.018275
0.034769
0.035035
0.033814
0.032729
0.036334
0.03249
0.033016
0.037183
0.03638
0.032687
0.033528
0.034853
0.034377
0.035864
0.036064
0.036193
0.038914
0.038804
0.032684
0.034987
0.031401
0.033859
0.029672
0.03821
0.030388
0.032431
0.033018
0.03522
0.032515
0.036502
0.03368
0.031871
0.032787
0.027837
0.029402
0.030278
0.025997
0.022821
0.024119
0.034839
0.041465
0.043916
0.037983
0.037609
0.021238
0.018881
0.017363
0.020167
0.02039
0.022654
0.024503
0.020212
0.023787
0.024123
0.022838
0.025201
0.024748
0.025959
0.025843
0.023553
0.025573
0.024166
0.025662
0.025213
0.019151
0.037307
0.032383
0.026989
0.038915
0.022121
0.032788
0.026132
0.02822
0.028308
0.023905
0.019889
0.026748
0.032186
0.021487
0.022128
0.021456
0.017605
0.022508
0.021642
0.020959
0.022598
0.026746
0.020059
0.018923
0.017889
0.020311
0.019126
0.016149
0.01939
0.019446
0.018922
0.01781
0.019504
0.020977
0.018679
0.024153
0.022214
0.018776
0.025821
0.022302
0.016944
0.025566
0.021496
0.021384
0.017964
0.024468
0.018001
0.021039
0.017701
0.022745
0.02177
0.020764
0.019926
0.016219
0.019114
0.01727
0.01948
0.017723
0.034334
0.036332
0.03509
0.035212
0.034424
0.036203
0.032682
0.032951
0.034012
0.035844
0.037306
0.033042
0.031517
0.036151
0.034125
0.026701
0.032604
0.030598
0.031574
0.029362
0.03443
0.032937
0.028179
0.032659
0.029638
0.024546
0.022778
0.024598
0.019018
0.021922
0.024027
0.023062
0.02014
0.019856
0.017117
0.021816
0.024603
0.024578
0.026264
0.026005
0.023721
0.02411
0.025156
0.022374
0.021202
0.020522
0.021849
0.015408
0.022087
0.01843
0.016045
0.018483
0.016053
0.015106
0.015628
0.042454
0.041357
0.04037
0.018227
0.01569
0.022989
0.029622
0.024526
0.024582
0.023391
0.02657
0.023475
0.022073
0.025818
0.021768
0.021398
0.020693
0.021844
0.023407
0.02041
0.014459
0.021322
0.025647
0.028781
0.02758
0.024111
0.022843
0.019467
0.023217
0.017956
0.01533
0.018937
0.022159
0.021839
0.02045
0.017608
0.018346
0.022505
0.019712
0.021082
0.015979
0.015094
0.019572
0.021374
0.017477
0.016285
0.017547
0.0195
0.016669
0.021808
0.01841
0.014883
0.017163
0.014829
0.017902
0.018676
0.013751
0.027361
0.022651
0.023333
0.028693
0.024676
0.020863
0.018308
0.02726
0.014113
0.018202
0.023567
0.016537
0.02121
0.017453
0.01161
0.010388
0.010844
0.015774
0.015204
0.013724
0.018974
0.017269
0.019876
0.01782
0.018714
0.019449
0.01847
0.020981
0.019381
0.020423
0.019227
0.018424
0.019886
0.015163
0.015886
0.015513
0.013758
0.014872
0.018752
0.015604
0.015791
0.013141
0.01192
0.023651
0.019347
0.017958
0.01734
0.011761
0.023555
0.015574
0.019679
0.021751
0.01763
0.020021
0.017494
0.019051
0.020755
0.014915
0.018267
0.019356
0.021227
0.017522
0.018198
0.018643
0.013658
0.015209
0.013856
0.016518
0.017134
0.015473
0.016979
0.02122
0.016678
0.013388
0.017339
0.015557
0.017978
0.015424
0.015352
0.016809
0.013297
0.015486
0.015706
0.016969
0.020746
0.022229
0.017417
0.013733
0.01401
0.016328
0.011345
0.016123
0.01746
0.015791
0.01534
0.013647
0.018756
0.019603
0.01347
0.014198
0.010198
0.016031
0.019856
0.016716
0.015347
0.014105
0.016331
0.013117
0.014935
0.015536
0.019074
0.016601
0.014569
0.019541
0.017608
0.01822
0.016155
0.015029
0.015398
0.015868
0.014192
0.013755
0.01448
0.014255
0.01091
0.016109
0.013086
0.013474
0.023547
0.01536
0.0084214
0.012644
0.016702
0.015968
0.016794
0.01807
0.019859
0.016126
0.019787
0.021659
0.015167
0.020514
0.018885
0.016927
0.016467
0.019952
0.01888
0.015226
0.018743
0.016165
0.016619
0.016827
0.020005
0.020953
0.020334
0.022311
0.020854
0.021784
0.010584
0.011253
0.018313
0.019037
0.014782
0.010941
0.014661
0.017584
0.01641
0.013855
0.017171
0.012526
0.015176
0.017512
0.015665
0.017667
0.013625
0.015756
0.017474
0.014214
0.016336
0.015079
0.017589
0.012743
0.018497
0.015022
0.01516
0.01652
0.016144
0.015447
0.016686
0.018994
0.015262
0.018583
0.018243
0.018
0.014797
0.014526
0.014386
0.0199
0.014751
0.013405
0.016437
0.027318
0.027186
0.028178
0.025719
0.026611
0.027588
0.03426
0.035678
0.030263
0.029453
0.033092
0.029842
0.029542
0.030794
0.030616
0.029569
0.03193
0.034563
0.031043
0.031958
0.034248
0.040105
0.03139
0.030967
0.032878
0.027784
0.03008
0.029622
0.029166
0.027909
0.03001
0.027453
0.027315
0.033991
0.027171
0.03019
0.028061
0.018538
0.023049
0.031861
0.036787
0.026538
0.037806
0.031865
0.03378
0.030825
0.03039
0.027645
0.033759
0.027661
0.030448
0.022095
0.020925
0.021769
0.018354
0.019224
0.020633
0.018653
0.021027
0.019824
0.020872
0.020481
0.019632
0.024238
0.02356
0.018058
0.019925
0.020065
0.01808
0.01996
0.025418
0.02585
0.022089
0.021568
0.024427
0.024183
0.023348
0.01929
0.025254
0.021811
0.021202
0.022405
0.026089
0.022857
0.021491
0.023074
0.024105
0.02627
0.023937
0.023737
0.020596
0.01935
0.022789
0.021942
0.025007
0.027095
0.022753
0.025071
0.02411
0.021285
0.024401
0.021623
0.02425
0.024735
0.024061
0.026776
0.022931
0.032975
0.022225
0.027793
0.029721
0.027244
0.022357
0.01829
0.019198
0.019534
0.017624
0.017373
0.018856
0.017674
0.017269
0.016992
0.017278
0.018405
0.016169
0.017105
0.019345
0.014804
0.019757
0.017579
0.025042
0.022615
0.018225
0.026111
0.018942
0.018012
0.015637
0.019934
0.016448
0.016605
0.018991
0.015525
0.01631
0.014036
0.031993
0.022659
0.024374
0.021022
0.022395
0.023419
0.020811
0.020911
0.021009
0.022708
0.026136
0.020531
0.020156
0.021462
0.026382
0.022218
0.022391
0.019679
0.022272
0.021894
0.021583
0.025344
0.025648
0.025321
0.019888
0.028651
0.021621
0.025923
0.023474
0.019734
0.02244
0.015795
0.021323
0.022012
0.017248
0.017973
0.017791
0.018921
0.015778
0.01923
0.020687
0.013163
0.01713
0.014699
0.025765
0.022956
0.01795
0.02065
0.02203
0.022489
0.024839
0.019783
0.025852
0.022531
0.025893
0.023434
0.022842
0.026519
0.019973
0.02047
0.025226
0.023742
0.023847
0.022437
0.02106
0.026519
0.02313
0.022729
0.025548
0.025153
0.01781
0.020612
0.019763
0.022425
0.018862
0.018164
0.018438
0.018672
0.021154
0.022537
0.02513
0.02071
0.019421
0.02525
0.016866
0.014233
0.016732
0.018471
0.019669
0.019583
0.014156
0.014818
0.017245
0.02442
0.019049
0.017401
0.018534
0.02278
0.013293
0.018124
0.026816
0.020755
0.018636
0.020154
0.016962
0.023927
0.023784
0.021748
0.014424
0.016061
0.010517
0.014647
0.017397
0.015049
0.010491
0.018712
0.012481
0.0096662
0.026554
0.016759
0.021047
0.022053
0.023002
0.019059
0.01804
0.020481
0.018313
0.027041
0.019997
0.020786
0.030675
0.029664
0.024022
0.021882
0.02578
0.025173
0.022713
0.017691
0.01783
0.013358
0.013649
0.011871
0.012752
0.013476
0.012768
0.014851
0.015708
0.018832
0.015062
0.016332
0.017817
0.013466
0.011515
0.015077
0.020464
0.021656
0.027357
0.017736
0.017436
0.018344
0.024254
0.016178
0.018352
0.021464
0.016552
0.016393
0.016472
0.014964
0.014633
0.017112
0.018264
0.017433
0.017118
0.020171
0.018604
0.012348
0.018568
0.016584
0.02007
0.012072
0.014041
0.016888
0.015941
0.017089
0.014316
0.020413
0.01315
0.016967
0.022895
0.015137
0.012138
0.012694
0.01828
0.015877
0.010222
0.019022
0.016187
0.020566
0.01707
0.021481
0.013131
0.014362
0.015534
0.017445
0.015315
0.017006
0.014939
0.01796
0.016167
0.026406
0.029709
0.031448
0.027682
0.029425
0.030317
0.032645
0.026666
0.031662
0.030801
0.029961
0.033458
0.033657
0.033032
0.03229
0.030017
0.02938
0.033273
0.027948
0.031261
0.033761
0.030407
0.026358
0.033732
0.027712
0.032927
0.031736
0.034253
0.02713
0.03254
0.032267
0.034233
0.035006
0.032925
0.033365
0.029622
0.031129
0.030196
0.028987
0.030796
0.035683
0.029233
0.026462
0.025923
0.032849
0.026961
0.036282
0.031577
0.026391
0.033026
0.03231
0.030723
0.027756
0.025754
0.027473
0.027195
0.029451
0.024209
0.027309
0.030518
0.02897
0.028965
0.02999
0.031484
0.032743
0.02898
0.029053
0.027839
0.028451
0.027775
0.025377
0.02788
0.027623
0.024885
0.027707
0.026151
0.027777
0.019473
0.036371
0.03423
0.028316
0.028388
0.031015
0.032509
0.0278
0.031459
0.027761
0.024278
0.037141
0.038924
0.03428
0.021149
0.038109
0.027313
0.030451
0.042357
0.039964
0.042849
0.048376
0.042619
0.050857
0.050987
0.04956
0.048767
0.048488
0.052853
0.049438
0.047856
0.025097
0.025765
0.024266
0.018467
0.024253
0.019377
0.024298
0.021615
0.018363
0.018056
0.019696
0.019921
0.026996
0.024586
0.024921
0.020259
0.030023
0.024963
0.036801
0.028428
0.041316
0.039042
0.040961
0.023441
0.035199
0.033447
0.040592
0.027105
0.021298
0.029463
0.036076
0.040485
0.042376
0.030794
0.046314
0.046095
0.048216
0.054505
0.045514
0.048478
0.046298
0.04967
0.053238
0.044672
0.02173
0.021281
0.019817
0.036575
0.025943
0.038862
0.033948
0.024264
0.023487
0.034711
0.041119
0.047807
0.025695
0.050869
0.036892
0.022716
0.019324
0.022253
0.028146
0.030197
0.041151
0.033504
0.036145
0.030685
0.051117
0.048686
0.024703
0.028522
0.026128
0.02767
0.030311
0.027713
0.025531
0.030071
0.024092
0.028914
0.02333
0.026528
0.030363
0.023101
0.02847
0.02493
0.028164
0.025058
0.024136
0.025304
0.01752
0.021712
0.024165
0.022986
0.024008
0.020003
0.036043
0.023459
0.021325
0.03188
0.025657
0.029162
0.027814
0.029108
0.030247
0.032765
0.031907
0.02864
0.027894
0.030469
0.027347
0.028919
0.030677
0.032936
0.022917
0.025012
0.027321
0.024914
0.021064
0.02609
0.026157
0.018202
0.023512
0.021288
0.020145
0.017748
0.022946
0.020639
0.017876
0.021604
0.016428
0.014373
0.020167
0.01959
0.0172
0.03027
0.032864
0.029996
0.026317
0.027555
0.028867
0.027996
0.031668
0.027613
0.027154
0.031262
0.023964
0.025061
0.027171
0.022499
0.021193
0.021101
0.029115
0.027914
0.025481
0.024589
0.018833
0.014904
0.016076
0.026795
0.026627
0.023493
0.025771
0.022191
0.026646
0.024175
0.019484
0.02213
0.025279
0.021817
0.020197
0.024602
0.032903
0.036539
0.030229
0.034278
0.030869
0.03222
0.035129
0.025992
0.025544
0.032458
0.033306
0.01462
0.0135
0.017594
0.014558
0.019724
0.016786
0.01916
0.019371
0.018092
0.016041
0.018539
0.021149
0.019136
0.023614
0.023218
0.017804
0.016757
0.019088
0.014317
0.016625
0.01818
0.013951
0.020496
0.018458
0.02188
0.024095
0.026686
0.024943
0.021032
0.026534
0.023338
0.023953
0.021715
0.023447
0.024174
0.028913
0.023093
0.025803
0.025428
0.023853
0.027071
0.019102
0.026277
0.021302
0.026159
0.025737
0.023495
0.015741
0.021731
0.023674
0.028717
0.025517
0.023736
0.030377
0.041734
0.014328
0.015804
0.016885
0.021483
0.01625
0.014593
0.012815
0.017552
0.020158
0.014804
0.016596
0.014603
0.016025
0.019924
0.01627
0.026094
0.024741
0.021677
0.023182
0.022547
0.023156
0.025823
0.022924
0.022438
0.024425
0.02261
0.022206
0.024987
0.025157
0.0226
0.022489
0.024023
0.022675
0.021874
0.022358
0.023898
0.027677
0.024147
0.020871
0.017544
0.022409
0.017924
0.024202
0.01783
0.02171
0.010325
0.021814
0.017172
0.015776
0.012746
0.011919
0.021281
0.015965
0.014206
0.0188
0.028207
0.023144
0.027456
0.024979
0.021836
0.02321
0.026082
0.025158
0.023488
0.022926
0.02532
0.027975
0.023508
0.026148
0.02927
0.023055
0.023767
0.024329
0.021045
0.020346
0.024651
0.013208
0.015625
0.019793
0.019778
0.01362
0.015341
0.016675
0.015697
0.013552
0.01244
0.011179
0.015275
0.0151
0.011697
0.015474
0.011734
0.014205
0.014549
0.0203
0.029092
0.025328
0.023748
0.024646
0.026364
0.021897
0.024598
0.026818
0.021678
0.026843
0.023252
0.023897
0.026721
0.015167
0.014869
0.016644
0.015376
0.017326
0.018154
0.014369
0.017086
0.017222
0.015235
0.012832
0.013524
0.01499
0.013068
0.019325
0.02455
0.021701
0.023614
0.018555
0.017589
0.024367
0.021571
0.020888
0.019848
0.018238
0.021681
0.020841
0.022465
0.024683
0.019833
0.02106
0.028839
0.024229
0.018734
0.022727
0.020735
0.016574
0.016945
0.016101
0.019803
0.017498
0.019707
0.03127
0.027053
0.028845
0.028176
0.031906
0.028322
0.028068
0.026736
0.027361
0.026408
0.023659
0.022031
0.028936
0.028432
0.025434
0.030822
0.027888
0.025703
0.030794
0.022096
0.026037
0.02549
0.027165
0.022685
0.028634
0.026532
0.02419
0.027092
0.024765
0.022346
0.022854
0.023452
0.027627
0.028216
0.029493
0.02926
0.020425
0.029495
0.025555
0.025703
0.028552
0.025634
0.060348
0.062107
0.041952
0.050323
0.051383
0.033619
0.024805
0.048888
0.059108
0.036641
0.028357
0.059737
0.027111
0.039046
0.030454
0.02394
0.024211
0.029798
0.026393
0.025418
0.025666
0.024769
0.021166
0.024451
0.022897
0.027619
0.021217
0.026584
0.019992
0.027921
0.019529
0.01835
0.018654
0.018842
0.020167
0.053733
0.053444
0.04513
0.060163
0.040287
0.051767
0.047914
0.046353
0.039445
0.049133
0.047884
0.035163
0.047221
0.044236
0.036565
0.031305
0.034363
0.028465
0.025393
0.024623
0.034698
0.024278
0.025054
0.02817
0.024883
0.030757
0.029894
0.024357
0.022649
0.031813
0.025234
0.022687
0.030702
0.028631
0.036279
0.025457
0.044164
0.030057
0.047796
0.034938
0.042602
0.039345
0.020031
0.022395
0.024767
0.018114
0.019185
0.021371
0.020122
0.022529
0.024906
0.017374
0.016546
0.022389
0.018732
0.015554
0.016337
0.01498
0.018544
0.022373
0.020526
0.014285
0.016508
0.015774
0.036216
0.043654
0.033088
0.044827
0.038342
0.045794
0.030009
0.046777
0.036808
0.034885
0.020887
0.027151
0.022958
0.019967
0.044417
0.038581
0.044774
0.031378
0.037764
0.032218
0.045992
0.03328
0.043963
0.035803
0.030004
0.041201
0.03764
0.019711
0.01687
0.014579
0.012495
0.015353
0.019343
0.015971
0.014797
0.014852
0.014758
0.016646
0.021375
0.015536
0.015102
0.011648
0.01844
0.015773
0.020347
0.022123
0.019849
0.025643
0.025471
0.025304
0.027422
0.020574
0.026194
0.033154
0.040419
0.039236
0.054763
0.045232
0.036118
0.039381
0.037766
0.028483
0.032314
0.0452
0.028492
0.016599
0.016895
0.014614
0.016383
0.018272
0.017672
0.017002
0.012479
0.015261
0.012234
0.017696
0.011548
0.013943
0.014634
0.017501
0.01711
0.014307
0.021603
0.021136
0.022883
0.016347
0.020413
0.017525
0.022266
0.020392
0.020363
0.021681
0.027332
0.027791
0.033398
0.032227
0.03126
0.023623
0.022532
0.021954
0.029216
0.033744
0.022584
0.029463
0.029135
0.02672
0.023354
0.028267
0.028901
0.014545
0.0097686
0.014219
0.011424
0.018227
0.013165
0.014285
0.011434
0.0091519
0.015993
0.012862
0.013898
0.010916
0.01663
0.013663
0.017216
0.013864
0.01624
0.019862
0.015442
0.018115
0.014393
0.01408
0.011024
0.014043
0.015095
0.018005
0.019809
0.027331
0.02202
0.022031
0.017618
0.017121
0.017055
0.018893
0.021011
0.021033
0.019929
0.019487
0.017848
0.01945
0.020136
0.019917
0.016668
0.021176
0.014676
0.018852
0.016119
0.020735
0.018806
0.01984
0.015491
0.015213
0.018021
0.017587
0.028307
0.025543
0.023556
0.025396
0.030592
0.029626
0.030508
0.026336
0.030149
0.028414
0.024936
0.033528
0.028607
0.028579
0.029392
0.033982
0.030956
0.031466
0.028207
0.028114
0.021807
0.027627
0.029661
0.022816
0.028788
0.022922
0.026454
0.032012
0.03075
0.027851
0.031858
0.029936
0.014856
0.012373
0.016465
0.011017
0.016698
0.014202
0.014396
0.016006
0.017054
0.014899
0.013674
0.016937
0.015667
0.01462
0.013687
0.028117
0.027152
0.021506
0.021149
0.026495
0.025303
0.026173
0.034036
0.028186
0.026385
0.02721
0.029659
0.027846
0.030431
0.030336
0.010143
0.022606
0.016718
0.013556
0.018115
0.014778
0.012741
0.016349
0.015744
0.016636
0.016944
0.025446
0.024086
0.026248
0.025426
0.027768
0.023005
0.028594
0.026926
0.030188
0.03036
0.028838
0.036815
0.034453
0.029276
0.029191
0.030508
0.0253
0.023484
0.027996
0.025779
0.025193
0.011888
0.016316
0.014496
0.014654
0.012146
0.015017
0.015802
0.010821
0.014278
0.012763
0.015535
0.015803
0.01824
0.015237
0.015052
0.011469
0.012307
0.02588
0.030385
0.030435
0.028547
0.023911
0.024106
0.027863
0.026424
0.023505
0.020209
0.02714
0.020094
0.026493
0.029103
0.028099
0.028338
0.03065
0.015522
0.017629
0.014243
0.013476
0.016256
0.015774
0.014395
0.01152
0.016077
0.013623
0.0097885
0.013366
0.014243
0.012418
0.013209
0.014592
0.012756
0.025841
0.024103
0.02341
0.024002
0.02497
0.028131
0.029797
0.024675
0.024072
0.028136
0.02917
0.026931
0.02876
0.028605
0.029056
0.030538
0.024641
0.03061
0.028287
0.027681
0.016318
0.019316
0.014554
0.012396
0.016163
0.025424
0.024984
0.023078
0.024459
0.024399
0.019522
0.022848
0.024552
0.024593
0.026207
0.028714
0.023483
0.025596
0.022641
0.032882
0.031158
0.030079
0.031613
0.028074
0.026589
0.029576
0.028715
0.031354
0.026572
0.030551
0.028212
0.031325
0.029927
0.028872
0.03314
0.028536
0.024907
0.030881
0.033363
0.030309
0.03171
0.029361
0.033016
0.033628
0.032472
0.031258
0.038769
0.027333
0.031134
0.030638
0.029086
0.030837
0.024541
0.03421
0.027649
0.023716
0.040202
0.038773
0.028649
0.038879
0.028082
0.022689
0.063605
0.064717
0.054833
0.051672
0.05441
0.038707
0.051687
0.025199
0.020006
0.027285
0.024378
0.021977
0.024535
0.027748
0.024884
0.026123
0.022107
0.024284
0.018879
0.021379
0.021581
0.062287
0.061033
0.061581
0.053654
0.052112
0.056149
0.052167
0.047999
0.047929
0.043182
0.054361
0.029689
0.034981
0.052917
0.045167
0.038301
0.034908
0.048802
0.045629
0.033184
0.047205
0.044482
0.043294
0.036372
0.040239
0.033178
0.040885
0.025056
0.027134
0.027997
0.030023
0.022512
0.020723
0.016899
0.017397
0.02019
0.018864
0.022166
0.019678
0.019424
0.021711
0.02128
0.018993
0.016705
0.020564
0.020092
0.01758
0.023424
0.019198
0.023662
0.021817
0.016379
0.020385
0.018457
0.041541
0.037338
0.044714
0.025849
0.026783
0.032516
0.027594
0.037539
0.024165
0.033219
0.036785
0.023437
0.028707
0.028095
0.026462
0.030088
0.032463
0.032092
0.026529
0.027804
0.026743
0.034709
0.019273
0.01998
0.024158
0.01938
0.02386
0.021183
0.017697
0.01783
0.019283
0.022281
0.018782
0.022892
0.018533
0.018416
0.023441
0.022741
0.017576
0.019287
0.017383
0.023683
0.018861
0.017139
0.022185
0.021267
0.022485
0.023873
0.026484
0.027453
0.023921
0.024129
0.029977
0.02578
0.030952
0.029707
0.026451
0.029031
0.026709
0.035573
0.026923
0.028471
0.032361
0.023894
0.026667
0.022169
0.026997
0.025605
0.030369
0.024238
0.016459
0.016418
0.015759
0.025467
0.017803
0.022039
0.016283
0.020658
0.018936
0.019813
0.023503
0.02103
0.017921
0.019425
0.020605
0.01845
0.021219
0.017499
0.01876
0.020755
0.017859
0.015136
0.02365
0.015736
0.029114
0.026022
0.031198
0.028434
0.029678
0.025499
0.027875
0.029855
0.033912
0.023865
0.021827
0.028882
0.023616
0.020849
0.025901
0.022788
0.028221
0.026263
0.027805
0.014455
0.01651
0.017059
0.019676
0.016577
0.015271
0.018073
0.01574
0.019007
0.016806
0.013875
0.017193
0.019534
0.017879
0.017767
0.017194
0.019213
0.01906
0.019043
0.019658
0.034308
0.028502
0.029048
0.030767
0.029236
0.03157
0.040453
0.02733
0.026216
0.034379
0.035736
0.027127
0.029006
0.037389
0.027084
0.037068
0.01768
0.013828
0.015855
0.013181
0.018851
0.016855
0.017115
0.014185
0.011715
0.017111
0.012281
0.016044
0.01067
0.013815
0.016122
0.037667
0.033701
0.031533
0.039549
0.031151
0.03729
0.041084
0.031596
0.035013
0.034635
0.036611
0.035222
0.037792
0.013505
0.015758
0.012615
0.016263
0.018648
0.01437
0.011922
0.012422
0.010881
0.013881
0.012346
0.010539
0.032741
0.031205
0.036387
0.032297
0.03819
0.033327
0.031354
0.025632
0.033602
0.024278
0.03726
0.03142
0.039116
0.037167
0.036798
0.032576
0.031447
0.029713
0.031315
0.024458
0.012229
0.011471
0.016441
0.014055
0.011607
0.01201
0.012988
0.01328
0.017454
0.013869
0.016538
0.010648
0.014584
0.013755
0.027481
0.030218
0.032265
0.0286
0.029758
0.031064
0.035827
0.028953
0.033141
0.029471
0.032161
0.032731
0.034277
0.032084
0.032109
0.035012
0.032166
0.03438
0.033127
0.032762
0.017593
0.013285
0.013098
0.011725
0.01462
0.014443
0.029296
0.031472
0.033862
0.028491
0.027472
0.031748
0.03272
0.030818
0.031364
0.029207
0.032895
0.032808
0.030318
0.029985
0.030686
0.030843
0.02922
0.030362
0.028335
0.030787
0.032258
0.028342
0.031752
0.033591
0.030296
0.030329
0.030449
0.027853
0.026638
0.024983
0.024415
0.02887
0.027924
0.023915
0.025538
0.026434
0.025461
0.020476
0.031584
0.03301
0.028094
0.024471
0.028906
0.026194
0.037625
0.025634
0.019595
0.021828
0.037921
0.039992
0.038097
0.040548
0.038263
0.024847
0.02319
0.014697
0.028539
0.024219
0.020037
0.021166
0.038612
0.028602
0.021645
0.027862
0.025618
0.022353
0.020579
0.024038
0.024299
0.023996
0.023589
0.022628
0.02616
0.021518
0.019731
0.018707
0.024662
0.024141
0.01945
0.016706
0.01865
0.018013
0.019232
0.022289
0.020434
0.022644
0.018655
0.023229
0.020538
0.017475
0.020192
0.017489
0.017181
0.020882
0.024548
0.019663
0.016919
0.017772
0.020194
0.02031
0.020558
0.017826
0.023015
0.022882
0.020268
0.020751
0.01965
0.020492
0.015127
0.017219
0.017151
0.016564
0.019092
0.025346
0.025559
0.023831
0.025174
0.026365
0.025985
0.027648
0.028363
0.023588
0.027339
0.031129
0.025509
0.022223
0.031763
0.027993
0.020895
0.019575
0.018188
0.0204
0.020006
0.023007
0.021121
0.018721
0.0187
0.013238
0.030214
0.018661
0.01746
0.017235
0.035107
0.032492
0.033606
0.029207
0.036078
0.037753
0.038659
0.033893
0.034487
0.028383
0.025148
0.030614
0.032141
0.030681
0.028997
0.030163
0.035091
0.033228
0.028184
0.027212
0.031065
0.031486
0.019658
0.015336
0.016213
0.02006
0.020332
0.013187
0.014729
0.011988
0.017372
0.040924
0.039635
0.034256
0.038081
0.033675
0.040429
0.032538
0.037697
0.036877
0.032579
0.035
0.038261
0.038857
0.038712
0.032372
0.033436
0.032907
0.036125
0.009201
0.014756
0.013416
0.011724
0.010607
0.016009
0.014571
0.016244
0.01533
0.017477
0.015687
0.013356
0.014094
0.013731
0.011559
0.01657
0.014093
0.015223
0.013621
0.016169
0.037087
0.040639
0.035617
0.038698
0.038793
0.036735
0.032574
0.039276
0.034435
0.039533
0.039978
0.040494
0.039164
0.032981
0.033195
0.039148
0.036688
0.037885
0.032898
0.033686
0.040373
0.036071
0.035465
0.037807
0.036304
0.012023
0.01612
0.015923
0.011786
0.011053
0.016133
0.011012
0.016619
0.013209
0.013248
0.034086
0.036124
0.033992
0.037746
0.035528
0.033243
0.036321
0.036437
0.034905
0.038296
0.036887
0.038308
0.035965
0.0348
0.038329
0.03674
0.036815
0.039679
0.035702
0.036808
0.041891
0.033288
0.03795
0.040006
0.034616
0.039654
0.040572
0.035792
0.037356
0.03859
0.033171
0.030014
0.031788
0.03225
0.035213
0.034305
0.035294
0.036127
0.034324
0.030811
0.033267
0.031464
0.034268
0.032838
0.032514
0.036228
0.034934
0.030245
0.031676
0.036299
0.037783
0.040442
0.036298
0.031315
0.032167
0.042087
0.034948
0.029201
0.030225
0.033412
0.025994
0.034028
0.033317
0.033639
0.033201
0.033998
0.052329
0.041559
0.03966
0.04273
0.05175
0.043538
0.045881
0.045702
0.025236
0.024161
0.027924
0.02286
0.025306
0.02287
0.027994
0.03045
0.029044
0.027745
0.028839
0.028826
0.024556
0.03329
0.030865
0.027289
0.026304
0.033143
0.027189
0.043062
0.027437
0.026418
0.022328
0.029617
0.025365
0.030426
0.028156
0.030769
0.033368
0.030457
0.034823
0.035362
0.035603
0.048526
0.051588
0.030889
0.055036
0.044284
0.052682
0.036522
0.042291
0.043592
0.023238
0.023921
0.027459
0.024151
0.033047
0.022188
0.021218
0.038279
0.038038
0.041737
0.037565
0.019686
0.037612
0.021157
0.0168
0.01985
0.020248
0.016375
0.016558
0.038434
0.039753
0.024372
0.023733
0.021217
0.022986
0.021996
0.02628
0.022257
0.023617
0.021657
0.022982
0.024472
0.021422
0.024692
0.020105
0.019428
0.022057
0.018622
0.020595
0.025077
0.023604
0.023058
0.019597
0.019728
0.021508
0.021578
0.025701
0.022149
0.021988
0.025866
0.02347
0.022693
0.019306
0.020871
0.024384
0.020457
0.018241
0.020985
0.015123
0.015021
0.02163
0.016593
0.015169
0.024952
0.022579
0.018952
0.01985
0.019728
0.021545
0.022846
0.016519
0.019457
0.013258
0.019718
0.019198
0.016684
0.016984
0.021544
0.017246
0.020741
0.017501
0.01672
0.014912
0.017102
0.019178
0.01929
0.01473
0.016538
0.013809
0.023585
0.019085
0.017013
0.018949
0.015955
0.014598
0.017496
0.015738
0.020342
0.01594
0.018576
0.017115
0.017558
0.020006
0.019883
0.017308
0.01777
0.017788
0.014245
0.014272
0.014442
0.015711
0.017435
0.020043
0.017988
0.018671
0.014964
0.016513
0.012593
0.017773
0.018669
0.040898
0.036911
0.039712
0.040525
0.036924
0.039266
0.035153
0.036568
0.036101
0.037908
0.037049
0.032947
0.034756
0.034985
0.040303
0.039074
0.031801
0.018076
0.013965
0.017442
0.015571
0.014829
0.014483
0.01613
0.012097
0.014835
0.018743
0.01591
0.012436
0.035107
0.033725
0.039799
0.03596
0.034135
0.039184
0.03896
0.034091
0.03635
0.038052
0.035349
0.0359
0.036182
0.035685
0.03287
0.034452
0.033362
0.032114
0.032585
0.033109
0.031153
0.029875
0.030532
0.025744
0.030009
0.029859
0.032231
0.031626
0.037842
0.037661
0.037063
0.040485
0.03594
0.039317
0.033225
0.040073
0.0357
0.036384
0.035892
0.042167
0.037301
0.036007
0.03485
0.036883
0.039928
0.041961
0.051405
0.0421
0.04515
0.048084
0.051538
0.047846
0.050327
0.048321
0.05353
0.049923
0.050593
0.052633
0.044718
0.051577
0.055161
0.052335
0.058209
0.028953
0.026739
0.02898
0.026488
0.021635
0.025439
0.024952
0.023473
0.024856
0.023624
0.025008
0.024918
0.020916
0.024387
0.025042
0.025265
0.049618
0.047097
0.052244
0.0569
0.05338
0.054271
0.049398
0.052262
0.05145
0.042174
0.037748
0.03701
0.035055
0.037326
0.030417
0.061624
0.058341
0.02108
0.020712
0.01986
0.021295
0.020479
0.018831
0.016734
0.016474
0.020683
0.025595
0.031375
0.02814
0.027561
0.026617
0.027505
0.042921
0.027411
0.028306
0.026934
0.032487
0.019299
0.020735
0.021601
0.014956
0.018262
0.014609
0.017287
0.020762
0.036683
0.01575
0.025316
0.034808
0.02274
0.023418
0.02365
0.021126
0.019558
0.019254
0.021403
0.015526
0.022286
0.018403
0.021241
0.020813
0.018171
0.023422
0.017368
0.015567
0.016785
0.017564
0.015503
0.015976
0.012041
0.017463
0.019293
0.015807
0.017093
0.017356
0.021328
0.021004
0.019488
0.014946
0.014984
0.019976
0.018867
0.016738
0.018753
0.01796
0.021373
0.015777
0.023697
0.014975
0.019077
0.017452
0.012963
0.021271
0.014118
0.018782
0.022056
0.01653
0.015245
0.02006
0.016792
0.021917
0.01818
0.01585
0.01867
0.017673
0.017588
0.017951
0.013737
0.020514
0.018804
0.019869
0.01652
0.019437
0.014434
0.01615
0.013013
0.01721
0.023206
0.018616
0.016969
0.020877
0.021442
0.01665
0.013291
0.018221
0.015831
0.018522
0.014929
0.014843
0.01359
0.012731
0.014685
0.014936
0.013102
0.01541
0.015733
0.032835
0.035696
0.03253
0.027992
0.028233
0.028873
0.02364
0.038741
0.036645
0.035015
0.02538
0.032583
0.031468
0.026736
0.035981
0.030052
0.048703
0.03918
0.036507
0.052076
0.033451
0.045699
0.037975
0.028682
0.017729
0.028892
0.028581
0.032423
0.033837
0.021514
0.021214
0.031211
0.029948
0.028253
0.023538
0.019779
0.020975
0.023229
0.02252
0.047146
0.044297
0.03191
0.017521
0.018008
0.024524
0.022201
0.019463
0.018713
0.020709
0.015489
0.015615
0.020518
0.019419
0.021771
0.018664
0.014454
0.013354
0.018971
0.030723
0.016678
0.017237
0.015753
0.016286
0.019272
0.020379
0.015363
0.031613
0.031272
0.013776
0.019829
0.030423
0.013044
0.013304
0.012378
0.030358
0.015114
0.013921
0.014558
0.017766
0.017893
0.018747
0.015857
0.018335
0.015874
0.031839
0.014895
0.01469
0.013282
0.016342
0.015116
0.013688
0.020102
0.021555
0.017461
0.023085
0.015722
0.014972
0.018421
0.020241
0.014746
0.020229
0.020428
0.020499
0.01494
0.018926
0.015532
0.021144
0.019551
0.021274
0.015995
0.021056
0.020485
0.015602
0.021909
0.018603
0.016037
0.015175
0.019051
0.036021
0.016817
0.016047
0.018007
0.017976
0.022469
0.016613
0.016243
0.019501
0.014601
0.01853
0.017789
0.023475
0.016623
0.021661
0.017178
0.015687
0.017554
0.013861
0.016673
0.014738
0.01401
0.019057
0.013625
0.016489
0.017732
0.011942
0.01359
0.014261
0.015001
0.014408
0.01867
0.014917
0.017363
0.015026
0.016182
0.018644
0.020046
0.014247
0.013374
0.015422
0.013248
0.016142
0.015605
0.011886
0.014372
0.014887
0.014345
0.014877
0.017707
0.017094
0.018338
0.016873
0.017277
0.016345
0.01783
0.016503
0.01273
0.016136
0.018918
0.018985
0.022315
0.01879
0.020945
0.017544
0.021404
0.018084
0.017454
0.019157
0.01673
0.016568
0.013582
0.019583
0.020678
0.017729
0.019347
0.023245
0.021208
0.02355
0.019426
0.023444
0.020572
0.021876
0.021213
0.021787
0.016071
0.021752
0.020615
0.025845
0.022721
0.020973
0.020852
0.020805
0.018646
0.017395
0.019391
0.015969
0.017667
0.014276
0.015273
0.016334
0.020403
0.014034
0.017862
0.013804
0.015128
0.013333
0.01533
0.016533
0.022195
0.022607
0.020678
0.017856
0.016259
0.018205
0.017339
0.015663
0.01384
0.016691
0.013775
0.012691
0.017091
0.01512
0.015485
0.016674
0.017001
0.016923
0.017689
0.014938
0.017727
0.017332
0.018013
0.019016
0.02003
0.017586
0.017149
0.014469
0.016683
0.015802
0.016923
0.0146
0.020682
0.018204
0.016167
0.018941
0.016569
0.017549
0.016938
0.015691
0.018236
0.020059
0.018648
0.018793
0.023207
0.022804
0.018643
0.022135
0.022673
0.032828
0.027976
0.029712
0.018926
0.023354
0.022733
0.041029
0.022292
0.018846
0.017525
0.021655
0.022417
0.019004
0.018398
0.018805
0.031421
0.028769
0.018535
0.021647
0.035531
0.031254
0.028538
0.04031
0.046457
0.048213
0.046834
0.027071
0.028785
0.020984
0.021052
0.026791
0.033941
0.022941
0.020972
0.025872
0.031589
0.038222
0.022953
0.026366
0.021333
0.016745
0.017431
0.019008
0.014236
0.017843
0.023978
0.018522
0.016271
0.024855
0.023787
0.020664
0.021512
0.018077
0.025391
0.023373
0.025689
0.02483
0.019031
0.020318
0.021021
0.02464
0.021608
0.018883
0.02249
0.019751
0.044527
0.039959
0.043329
0.044423
0.034176
0.036528
0.043636
0.041332
