0.047013
0.049847
0.019848
0.054296
0.044497
0.046565
0.049544
0.047078
0.047632
0.047754
0.019224
0.017839
0.044802
0.043907
0.044866
0.044965
0.041721
0.019244
0.0397
0.040075
0.035537
0.028867
0.035283
0.035898
0.036654
0.02898
0.027199
0.025855
0.031028
0.025302
0.029571
0.030754
0.034625
0.028703
0.023896
0.024748
0.025521
0.029343
0.031179
0.031421
0.030178
0.019294
0.020842
0.019179
0.02295
0.024551
0.020665
0.020814
0.022146
0.034164
0.030443
0.031055
0.026957
0.029127
0.031836
0.032759
0.028981
0.029683
0.031196
0.030961
0.026711
0.0285
0.028185
0.02893
0.017479
0.021909
0.018434
0.021856
0.015053
0.017643
0.016138
0.022225
0.022374
0.015261
0.016145
0.018645
0.015956
0.022996
0.020353
0.022285
0.021944
0.024158
0.025123
0.023542
0.026433
0.02961
0.018255
0.03063
0.014003
0.013889
0.014456
0.016008
0.016134
0.020159
0.016201
0.016476
0.015279
0.019886
0.022433
0.021455
0.025898
0.026993
0.019491
0.031154
0.027252
0.011475
0.024211
0.025959
0.019995
0.024825
0.022176
0.016444
0.02049
0.020494
0.018674
0.017926
0.020853
0.017417
0.02017
0.018057
0.013376
0.021892
0.0178
0.017987
0.017715
0.019065
0.020443
0.017952
0.019041
0.019947
0.023843
0.027112
0.019841
0.023368
0.027571
0.018322
0.022642
0.018834
0.026982
0.020422
0.014698
0.025558
0.028046
0.028303
0.015895
0.020153
0.01168
0.034043
0.019162
0.035896
0.023498
0.031915
0.022694
0.035896
0.015691
0.036836
0.036784
0.024248
0.035939
0.030426
0.02449
0.027337
0.041709
0.025866
0.034772
0.029508
0.035071
0.028375
0.026588
0.019396
0.028603
0.028487
0.03271
0.025174
0.030773
0.023544
0.030595
0.027568
0.021943
0.02368
0.020948
0.019712
0.026165
0.027121
0.019197
0.023635
0.022573
0.03188
0.026747
0.020031
0.024451
0.029004
0.022042
0.024842
0.026771
0.020987
0.02175
0.021964
0.025553
0.020281
0.027661
0.023163
0.027448
0.026842
0.013868
0.031049
0.031146
0.030626
0.033059
0.031977
0.035441
0.031793
0.034684
0.032922
0.030568
0.033032
0.030607
0.03237
0.031491
0.032368
0.020337
0.023775
0.021129
0.022046
0.022777
0.027606
0.028479
0.02294
0.024572
0.0265
0.027299
0.02454
0.030538
0.028457
0.029174
0.028779
0.029113
0.033842
0.030581
0.032996
0.033586
0.032595
0.034736
0.031209
0.030042
0.033489
0.034572
0.031471
0.035094
0.034248
0.033298
0.017803
0.029083
0.037177
0.034589
0.022742
0.022717
0.02176
0.024632
0.021158
0.024739
0.024344
0.022762
0.023485
0.026015
0.024954
0.024221
0.026811
0.030783
0.027648
0.027694
0.032343
0.033354
0.032765
0.034974
0.031178
0.029288
0.016084
0.033514
0.032841
0.033311
0.017142
0.038202
0.015757
0.035955
0.037174
0.033654
0.041556
0.028322
0.039047
0.043045
0.031446
0.032477
0.025709
0.026973
0.03304
0.024162
0.023754
0.025652
0.029931
0.031549
0.032573
0.016072
0.030223
0.033357
0.030846
0.016336
0.03523
0.02917
0.040803
0.038792
0.029583
0.034031
0.035206
0.028859
0.030214
0.040175
0.030096
0.040297
0.031602
0.026723
0.041103
0.041276
0.015791
0.015164
0.021744
0.042271
0.033005
0.034961
0.025818
0.03171
0.034811
0.033217
0.023172
0.023195
0.031789
0.026944
0.02663
0.03112
0.023652
0.038878
0.026632
0.037013
0.030023
0.021423
0.034695
0.036212
0.025192
0.0199
0.025672
0.035333
0.024893
0.031828
0.03023
0.020933
0.022319
0.025996
0.022807
0.026195
0.025138
0.022535
0.023446
0.019547
0.01972
0.01856
0.031442
0.033407
0.031343
0.030603
0.03613
0.02818
0.03004
0.032066
0.032466
0.03156
0.026812
0.031581
0.031134
0.030464
0.026494
0.028376
0.027639
0.02924
0.029898
0.030693
0.026964
0.028987
0.028585
0.029566
0.028138
0.021098
0.026923
0.026351
0.026702
0.030754
0.044602
0.029866
0.03577
0.031334
0.033688
0.0386
0.029947
0.030716
0.043557
0.02365
0.035141
0.027884
0.038013
0.028665
0.029591
0.027853
0.030286
0.030738
0.025152
0.023881
0.022609
0.02506
0.024026
0.023105
0.023746
0.019497
0.022356
0.015537
0.02329
0.019282
0.036074
0.031582
0.031762
0.039096
0.040901
0.03175
0.028958
0.034349
0.027712
0.026912
0.027654
0.032325
0.028737
0.028309
0.025231
0.025346
0.021219
0.022106
0.020713
0.018624
0.021599
0.026681
0.025279
0.024286
0.016771
0.02498
0.01834
0.022204
0.020351
0.021782
0.027025
0.025699
0.021284
0.052879
0.047101
0.046848
0.052307
0.0447
0.048041
0.039951
0.043848
0.05144
0.047229
0.046082
0.041262
0.038296
0.032774
0.027141
0.03019
0.040468
0.04483
0.036753
0.037161
0.02776
0.043465
0.045835
0.031919
0.043446
0.035406
0.045963
0.034578
0.033484
0.04143
0.044757
0.039082
0.035454
0.04032
0.035211
0.027425
0.031737
0.031214
0.036746
0.031156
0.038417
0.026696
0.04004
0.025244
0.040997
0.031791
0.032485
0.036951
0.027267
0.032201
0.033946
0.025636
0.030553
0.032176
0.035005
0.037335
0.035518
0.032146
0.030464
0.029623
0.032174
0.030897
0.030404
0.032457
0.027172
0.028139
0.026822
0.028981
0.03216
0.030201
0.030945
0.034569
0.030506
0.031225
0.02619
0.032181
0.030651
0.02861
0.028125
0.030941
0.02746
0.029497
0.025071
0.027293
0.026561
0.028022
0.025483
0.035867
0.03526
0.026871
0.026312
0.025918
0.018681
0.030515
0.027521
0.025226
0.02603
0.02501
0.030545
0.028637
0.031728
0.031258
0.031798
0.030965
0.031359
0.028736
0.029329
0.030773
0.02769
0.029689
0.026621
0.017498
0.018235
0.016921
0.012802
0.016043
0.012583
0.018796
0.01722
0.021033
0.017269
0.018558
0.019357
0.015828
0.016051
0.015104
0.020617
0.019371
0.019135
0.015168
0.017482
0.015392
0.01885
0.014511
0.013559
0.017541
0.011751
0.017501
0.016884
0.023706
0.023617
0.027323
0.016347
0.024849
0.011
0.012889
0.013316
0.012636
0.016305
0.015086
0.015136
0.019708
0.020006
0.013767
0.019708
0.023095
0.012961
0.030352
0.018656
0.023219
0.013406
0.016521
0.01819
0.02098
0.0232
0.021058
0.014388
0.019837
0.027257
0.022556
0.021636
0.013965
0.013014
0.014031
0.017463
0.012153
0.014998
0.016172
0.018176
0.012907
0.015709
0.01488
0.013267
0.013806
0.013079
0.017613
0.012637
0.018844
0.014646
0.020357
0.016801
0.016122
0.018851
0.015712
0.014644
0.016046
0.01665
0.019358
0.015117
0.014829
0.013612
0.013757
0.016304
0.022223
0.013574
0.016561
0.021343
0.012982
0.022237
0.017561
0.013951
0.013254
0.011297
0.012642
0.015581
0.011233
0.012561
0.011064
0.014384
0.015591
0.01313
0.015524
0.0176
0.014207
0.013286
0.013018
0.013295
0.010727
0.011802
0.02059
0.011188
0.015885
0.012588
0.011978
0.014945
0.013497
0.014676
0.016716
0.017553
0.012258
0.012825
0.016149
0.016559
0.01354
0.0098803
0.020207
0.021515
0.0098263
0.013175
0.01296
0.01388
0.012969
0.012695
0.013143
0.015269
0.012009
0.011916
0.01405
0.016631
0.025504
0.014389
0.013739
0.017723
0.016361
0.017911
0.015026
0.021157
0.022242
0.025663
0.026279
0.021762
0.024585
0.027775
0.027107
0.013068
0.027301
0.024222
0.016826
0.015293
0.01215
0.017295
0.011964
0.020067
0.019571
0.014186
0.016537
0.022246
0.024129
0.027334
0.027965
0.027479
0.026542
0.029975
0.024451
0.039039
0.025841
0.028157
0.036161
0.033026
0.020926
0.016917
0.020529
0.018401
0.021674
0.021894
0.021669
0.019943
0.021875
0.020998
0.020079
0.019264
0.016383
0.033521
0.023755
0.015864
0.016995
0.01612
0.017365
0.01708
0.018338
0.017477
0.017706
0.019335
0.025664
0.01647
0.018571
0.015881
0.017083
0.021125
0.018011
0.016592
0.013435
0.015929
0.014194
0.012814
0.019893
0.017915
0.038217
0.02086
0.020188
0.014572
0.015492
0.016474
0.015754
0.019214
0.023091
0.020381
0.018702
0.01776
0.015839
0.015342
0.036009
0.033057
0.033959
0.035199
0.034525
0.037148
0.029546
0.034969
0.029775
0.040696
0.03294
0.032641
0.033741
0.029881
0.032316
0.029063
0.018448
0.028692
0.016072
0.01631
0.026879
0.027548
0.027994
0.028464
0.029626
0.023061
0.023453
0.017327
0.023031
0.031122
0.03107
0.015035
0.031658
0.030374
0.019406
0.030598
0.019207
0.018306
0.034183
0.034779
0.032921
0.029183
0.028595
0.03028
0.031678
0.031969
0.015626
0.031854
0.039089
0.027519
0.026591
0.026386
0.018872
0.018236
0.021363
0.022103
0.02053
0.023088
0.019349
0.021019
0.017087
0.01825
0.01538
0.025889
0.027651
0.025128
0.024878
0.024109
0.025404
0.033998
0.028281
0.028695
0.027837
0.026685
0.025813
0.026803
0.026733
0.028837
0.024386
0.030217
0.027579
0.022815
0.027994
0.0298
0.027746
0.024935
0.025891
0.032283
0.029346
0.027813
0.029966
0.027462
0.027714
0.020774
0.020307
0.021597
0.016319
0.018852
0.021351
0.02522
0.021068
0.019595
0.02218
0.019733
0.020005
0.030917
0.023465
0.023158
0.023316
0.020427
0.026189
0.026333
0.018543
0.017226
0.0163
0.020537
0.018978
0.01811
0.017744
0.019814
0.019422
0.017688
0.015579
0.01883
0.020564
0.012619
0.0183
0.01656
0.017223
0.030961
0.036463
0.033404
0.034758
0.027341
0.016834
0.023884
0.01966
0.02036
0.022601
0.025288
0.025613
0.021057
0.029621
0.032664
0.03269
0.028646
0.031113
0.028156
0.027391
0.01927
0.028238
0.028037
0.024737
0.021067
0.022541
0.022817
0.023759
0.027655
0.022957
0.027636
0.019483
0.026012
0.027181
0.023738
0.026904
0.028668
0.030686
0.03214
0.027878
0.023376
0.023359
0.027797
0.023982
0.020881
0.023263
0.02272
0.024867
0.02907
0.030531
0.028695
0.03174
0.031124
0.027727
0.025476
0.031355
0.028177
0.014966
0.02822
0.024211
0.022844
0.023408
0.02443
0.023176
0.024351
0.020391
0.025147
0.021036
0.015076
0.021258
0.026697
0.020908
0.02833
0.02469
0.025299
0.021909
0.029629
0.026411
0.027796
0.017045
0.018104
0.017359
0.024655
0.016168
0.021247
0.024234
0.016765
0.017542
0.018316
0.016769
0.014015
0.016574
0.025686
0.025213
0.027917
0.030326
0.028425
0.019675
0.023971
0.026268
0.020098
0.019272
0.01856
0.020188
0.023552
0.024338
0.017758
0.022336
0.013387
0.016641
0.018739
0.016523
0.014527
0.011047
0.012056
0.014646
0.011042
0.014636
0.013477
0.012911
0.011996
0.012922
0.019188
0.011228
0.012868
0.014885
0.025365
0.023913
0.027538
0.026681
0.026197
0.021131
0.022321
0.021018
0.02287
0.020851
0.019894
0.020588
0.01761
0.016699
0.017384
0.017893
0.018168
0.018322
0.01688
0.019207
0.018362
0.01957
0.018389
0.020859
0.020993
0.019106
0.016616
0.018682
0.020382
0.018344
0.017137
0.017517
0.016222
0.015184
0.019356
0.017661
0.012933
0.014853
0.016394
0.015285
0.015507
0.017193
0.016696
0.017912
0.016419
0.017186
0.015022
0.021204
0.026023
0.021555
0.018751
0.019129
0.014931
0.017799
0.015241
0.022801
0.017423
0.017966
0.020722
0.016857
0.016356
0.018685
0.036389
0.024743
0.014499
0.016905
0.016716
0.013954
0.015572
0.019238
0.017065
0.030821
0.030355
0.014961
0.01327
0.016758
0.022396
0.018821
0.016163
0.016332
0.016693
0.018003
0.016107
0.01907
0.017961
0.015846
0.014814
0.017896
0.016548
0.0167
0.016789
0.018238
0.014983
0.014497
0.01406
0.013562
0.018333
0.018373
0.013791
0.01155
0.012398
0.011563
0.012068
0.020323
0.016022
0.034359
0.01278
0.015059
0.024393
0.011351
0.032329
0.028265
0.012928
0.013331
0.01055
0.012838
0.01123
0.036451
0.034064
0.010501
0.01386
0.010156
0.013463
0.015635
0.015537
0.034476
0.029786
0.036534
0.030736
0.034169
0.037415
0.031352
0.033437
0.030874
0.030051
0.038494
0.03129
0.032496
0.032273
0.034695
0.035166
0.034004
0.033423
0.032628
0.034828
0.034322
0.033796
0.027658
0.031134
0.011565
0.013352
0.0094107
0.012565
0.013135
0.018477
0.020647
0.011221
0.014555
0.015515
0.014899
0.0080395
0.0172
0.014243
0.011819
0.011198
0.028011
0.028527
0.027748
0.010744
0.033767
0.035152
0.035785
0.03357
0.035219
0.027586
0.036073
0.036289
0.029821
0.024584
0.026304
0.026231
0.035325
0.035207
0.028872
0.021798
0.028506
0.020044
0.029729
0.02345
0.020718
0.021336
0.027567
0.014479
0.022278
0.016526
0.030303
0.017628
0.01775
0.015526
0.011889
0.017313
0.018286
0.010257
0.01003
0.016159
0.015777
0.015685
0.010805
0.012887
0.012207
0.01194
0.024499
0.029509
0.024726
0.02562
0.029339
0.023313
0.020117
0.02209
0.019261
0.02763
0.022671
0.032955
0.033466
0.028678
0.031099
0.024677
0.032232
0.034689
0.035104
0.035266
0.041254
0.03815
0.033618
0.036862
0.039395
0.038731
0.032641
0.032251
0.043156
0.025633
0.037627
0.044337
0.013159
0.018353
0.014292
0.017041
0.01906
0.018885
0.017349
0.015176
0.016493
0.01569
0.01547
0.016103
0.015276
0.016709
0.017568
0.011948
0.017593
0.014419
0.015135
0.01491
0.01326
0.014814
0.016079
0.015463
0.018911
0.013582
0.015917
0.015607
0.018804
0.01739
0.019342
0.018351
0.017253
0.017464
0.017965
0.011614
0.014947
0.015805
0.014013
0.013594
0.01309
0.014848
0.015726
0.015528
0.02469
0.026013
0.039796
0.03298
0.045184
0.04148
0.048932
0.037103
0.046997
0.034784
0.040895
0.047423
0.032799
0.033795
0.038557
0.030591
0.042503
0.02129
0.038959
0.025834
0.04173
0.016053
0.01754
0.016514
0.015947
0.017014
0.015555
0.017011
0.015612
0.015481
0.017191
0.015958
0.015104
0.019396
0.015651
0.013613
0.013037
0.014449
0.013987
0.014745
0.016508
0.010838
0.015746
0.016157
0.013028
0.016324
0.018199
0.016078
0.014108
0.016979
0.014907
0.017386
0.017535
0.014438
0.017536
0.015653
0.022491
0.028039
0.026607
0.023219
0.023512
0.020746
0.025133
0.025348
0.016814
0.014839
0.015178
0.023048
0.012254
0.01423
0.017186
0.013946
0.014695
0.010682
0.013609
0.024886
0.024435
0.019391
0.023376
0.01995
0.017838
0.018255
0.017681
0.017159
0.018879
0.019225
0.016352
0.015459
0.018554
0.015229
0.015474
0.016886
0.014678
0.016919
0.017664
0.018017
0.015386
0.014478
0.016404
0.015948
0.017971
0.014987
0.013429
0.012382
0.014566
0.020647
0.016213
0.017032
0.015175
0.014819
0.012965
0.012593
0.040799
0.037221
0.037316
0.036245
0.036784
0.036947
0.030557
0.0245
0.019411
0.034639
0.036043
0.034861
0.033452
0.038197
0.028242
0.036596
0.026564
0.023213
0.028921
0.033187
0.02555
0.020957
0.030752
0.033691
0.033258
0.027256
0.035861
0.0208
0.020746
0.023512
0.023582
0.023455
0.02474
0.019648
0.02092
0.01392
0.024764
0.022474
0.024358
0.022686
0.034173
0.02579
0.024905
0.023177
0.028535
0.028583
0.030305
0.031844
0.026177
0.025062
0.030282
0.030754
0.031589
0.033411
0.032781
0.029872
0.031352
0.034351
0.031747
0.028205
0.032327
0.027404
0.027413
0.028662
0.024535
0.0256
0.027379
0.024714
0.027208
0.032009
0.024836
0.029534
0.024597
0.021911
0.021026
0.024158
0.021101
0.020938
0.022298
0.022727
0.022441
0.029867
0.040687
0.031713
0.036901
0.031604
0.036239
0.027364
0.030918
0.038979
0.033162
0.030855
0.012571
0.033064
0.029925
0.029002
0.025769
0.025676
0.026739
0.023354
0.030774
0.02505
0.019621
0.026297
0.025448
0.018441
0.02093
0.019857
0.022314
0.01708
0.023083
0.024226
0.025356
0.02226
0.024335
0.024242
0.015543
0.028649
0.028616
0.024504
0.02447
0.025352
0.022391
0.023712
0.021957
0.019965
0.022691
0.029213
0.022852
0.028904
0.024845
0.026156
0.024314
0.02329
0.025696
0.025207
0.015859
0.019763
0.022073
0.024121
0.023913
0.028715
0.022403
0.022374
0.025223
0.01808
0.020626
0.023727
0.028901
0.022532
0.016503
0.02221
0.023665
0.025257
0.020944
0.025375
0.026331
0.025875
0.0276
0.026307
0.023082
0.023447
0.024363
0.023287
0.02373
0.025752
0.023837
0.024901
0.02699
0.026469
0.023298
0.026625
0.028062
0.021039
0.018771
0.020624
0.020229
0.020547
0.020109
0.022525
0.022669
0.02236
0.020078
0.022262
0.019974
0.021059
0.020433
0.021363
0.023501
0.023018
0.022845
0.016477
0.019164
0.022892
0.018735
0.02143
0.017535
0.018007
0.01898
0.022379
0.020211
0.023058
0.018931
0.020121
0.021958
0.018825
0.013623
0.016681
0.021555
0.020069
0.025822
0.030019
0.022371
0.020595
0.020702
0.021353
0.016317
0.028569
0.031074
0.029995
0.028397
0.030022
0.030568
0.023704
0.030429
0.030095
0.027518
0.030248
0.0296
0.029132
0.027136
0.026831
0.028873
0.029075
0.028562
0.029511
0.028095
0.02749
0.026143
0.02671
0.029373
0.030293
0.029308
0.023879
0.025293
0.02936
0.020759
0.027552
0.02118
0.012004
0.01288
0.022987
0.011806
0.01931
0.013674
0.023009
0.011745
0.02458
0.019525
0.014724
0.0089088
0.014958
0.018537
0.016449
0.012122
0.016049
0.011023
0.013937
0.015179
0.012238
0.016578
0.014038
0.014451
0.017254
0.020363
0.013951
0.018942
0.016815
0.028331
0.02565
0.02409
0.027597
0.024383
0.024737
0.026888
0.023382
0.024045
0.024139
0.020121
0.021862
0.020557
0.017712
0.016817
0.017079
0.016551
0.013394
0.016596
0.016957
0.015408
0.021829
0.014059
0.0099229
0.022155
0.012291
0.020302
0.015185
0.015833
0.012488
0.019213
0.016773
0.017314
0.013346
0.012697
0.013236
0.012974
0.01725
0.013994
0.01323
0.012727
0.014309
0.011409
0.014668
0.012297
0.020159
0.016444
0.018669
0.014727
0.01695
0.021153
0.019314
0.017029
0.018874
0.018738
0.016812
0.020679
0.017275
0.023347
0.018817
0.017141
0.026516
0.032043
0.025216
0.026322
0.019562
0.020625
0.016833
0.016287
0.010301
0.014871
0.015121
0.020609
0.01252
0.01929
0.0091295
0.014657
0.010361
0.01757
0.012863
0.016258
0.015406
0.017489
0.016005
0.015888
0.016541
0.021384
0.024168
0.017743
0.01959
0.020754
0.018263
0.018394
0.018282
0.022154
0.018527
0.017368
0.018862
0.018868
0.01601
0.016386
0.017563
0.020066
0.011709
0.013606
0.014706
0.013899
0.015483
0.02005
0.017483
0.012642
0.016744
0.015253
0.011814
0.012391
0.01475
0.016985
0.016192
0.015157
0.017659
0.015819
0.022921
0.023505
0.019614
0.01583
0.014283
0.025068
0.023813
0.02604
0.026228
0.020438
0.026584
0.020757
0.031047
0.023098
0.017663
0.02769
0.024914
0.029179
0.021059
0.02418
0.018182
0.014549
0.019833
0.014297
0.019432
0.02116
0.017111
0.017856
0.018348
0.023613
0.023109
0.025478
0.017138
0.023096
0.026123
0.025712
0.017104
0.021637
0.016315
0.017271
0.018535
0.016447
0.017785
0.014522
0.018479
0.011068
0.016217
0.015545
0.016505
0.016749
0.018005
0.015671
0.020457
0.015507
0.017206
0.017321
0.018625
0.017908
0.016664
0.01579
0.016442
0.016232
0.018341
0.019432
0.018743
0.018352
0.023413
0.032828
0.019848
0.024725
0.020092
0.024679
0.020444
0.023703
0.015788
0.020067
0.020718
0.019472
0.015333
0.02152
0.016133
0.022452
0.019095
0.023158
0.018552
0.019102
0.016802
0.017258
0.018882
0.013598
0.014985
0.016177
0.014867
0.014689
0.01589
0.027301
0.015282
0.018738
0.014406
0.015654
0.018138
0.015541
0.016539
0.014534
0.017765
0.022197
0.019817
0.013618
0.016014
0.015119
0.017907
0.016038
0.017433
0.011254
0.014075
0.017239
0.011451
0.022421
0.023547
0.016125
0.017394
0.015261
0.016228
0.019908
0.023907
0.017182
0.026286
0.022454
0.018984
0.021647
0.025664
0.020059
0.029136
0.022175
0.019888
0.018821
0.028327
0.038922
0.036527
0.037881
0.034554
0.031924
0.014644
0.021332
0.015776
0.016515
0.016107
0.017088
0.01778
0.014504
0.016475
0.016624
0.020332
0.019121
0.013942
0.017208
0.016424
0.016236
0.012103
0.01452
0.014481
0.016248
0.012679
0.016117
0.01576
0.013556
0.017502
0.014766
0.017159
0.01837
0.015773
0.015882
0.015643
0.016546
0.01467
0.011866
0.018051
0.01472
0.014548
0.015845
0.015148
0.012933
0.01604
0.021844
0.019433
0.019344
0.020451
0.019543
0.0158
0.017788
0.016484
0.015801
0.015535
0.014187
0.015146
0.01504
0.018017
0.014961
0.013348
0.013686
0.010413
0.016454
0.013965
0.011738
0.013535
0.014574
0.01424
0.015936
0.014885
0.013982
0.011943
0.016644
0.012106
0.01532
0.013977
0.014688
0.017118
0.015459
0.016721
0.015804
0.016752
0.014425
0.018227
0.013978
0.018022
0.029147
0.018349
0.015203
0.015442
0.015716
0.015093
0.018684
0.016004
0.016424
0.014383
0.014907
0.012364
0.016369
0.014474
0.01711
0.015026
0.010555
0.015691
0.017606
0.014403
0.020118
0.016076
0.02187
0.02037
0.020398
0.017339
0.018447
0.014432
0.015075
0.016732
0.011722
0.015337
0.013835
0.012781
0.014076
0.019198
0.015918
0.017984
0.014003
0.017164
0.017761
0.011511
0.014063
0.0099666
0.01503
0.015102
0.016839
0.014281
0.016437
0.013712
0.01431
0.016551
0.01696
0.013513
0.01351
0.016252
0.015092
0.013336
0.013139
0.017567
0.018204
0.014145
0.018165
0.017174
0.012342
0.016172
0.017164
0.0144
0.018654
0.018272
0.019607
0.018416
0.015975
0.019796
0.015573
0.012424
0.012555
0.015021
0.016217
0.013892
0.020687
0.016745
0.015065
0.016108
0.01643
0.015984
0.01589
0.014209
0.018216
0.014697
0.013239
0.015557
0.019559
0.02522
0.0208
0.015297
0.019817
0.017682
0.016557
0.016538
0.019714
0.016967
0.015851
0.015432
0.016276
0.017538
0.020747
0.016171
0.012127
0.015989
0.012713
0.01853
0.017821
0.015665
0.017267
0.015818
0.016578
0.018864
0.017493
0.017726
0.016128
0.017635
0.015789
0.018478
0.0184
0.018294
0.015583
0.01977
0.019837
0.017937
0.019593
0.019989
0.019565
0.014195
0.014409
0.016936
0.021216
0.015502
0.016253
0.017839
0.015656
0.017021
0.017103
0.016843
0.017773
0.017488
0.016518
0.020128
0.01801
0.016101
0.016276
0.014686
0.013709
0.014573
0.01589
0.013487
0.01654
0.012906
0.012826
0.040693
0.039683
0.038321
0.039484
0.040491
0.036929
0.033214
0.03353
0.034209
0.038051
0.034152
0.036815
0.036733
0.036091
0.032019
0.03677
0.036809
0.034013
0.034848
0.032568
0.027645
0.036558
0.030386
0.023057
0.037745
0.037897
0.038613
0.033409
0.030188
0.037378
0.031865
0.033317
0.033413
0.032815
0.02981
0.021972
0.022274
0.023406
0.025733
0.027126
0.027033
0.025618
0.030625
0.026509
0.025743
0.025671
0.029408
0.028065
0.028792
0.033327
0.029816
0.0308
0.024824
0.02529
0.028107
0.030478
0.023914
0.02827
0.025864
0.026814
0.026158
0.023921
0.024151
0.025652
0.023204
0.023344
0.022004
0.02011
0.022639
0.019504
0.019844
0.019998
0.018016
0.03285
0.030608
0.036231
0.028799
0.028259
0.032642
0.031364
0.035795
0.02759
0.029264
0.032565
0.022335
0.017679
0.023779
0.01609
0.018358
0.015177
0.02465
0.017122
0.019229
0.020151
0.029411
0.030475
0.02346
0.027096
0.017791
0.023113
0.021831
0.026121
0.023571
0.019252
0.021581
0.017472
0.021112
0.020504
0.021192
0.014838
0.021302
0.020458
0.02036
0.019149
0.019991
0.017104
0.017328
0.01841
0.022115
0.025492
0.022427
0.022986
0.024432
0.025768
0.025968
0.018605
0.025076
0.020864
0.0305
0.029462
0.02606
0.017579
0.019075
0.021761
0.017015
0.021456
0.022877
0.020614
0.021845
0.019424
0.017332
0.023805
0.022918
0.026408
0.020576
0.025084
0.025689
0.021922
0.044106
0.049386
0.052236
0.048872
0.050557
0.04721
0.047168
0.053088
0.050375
0.050249
0.049646
0.04541
0.03833
0.042853
0.04717
0.046068
0.046507
0.043554
0.047579
0.041272
0.045954
0.038233
0.034423
0.034702
0.025132
0.023155
0.021162
0.026629
0.024141
0.024855
0.024382
0.024375
0.024069
0.02469
0.021914
0.026241
0.020219
0.023899
0.021781
0.021049
0.024198
0.023085
0.026697
0.02538
0.027909
0.025274
0.02349
0.036475
0.034452
0.031072
0.034235
0.034796
0.036895
0.019073
0.022084
0.021884
0.015442
0.023414
0.021786
0.02189
0.021995
0.018927
0.022293
0.01907
0.02558
0.024126
0.030213
0.025193
0.026166
0.021983
0.019406
0.017483
0.017895
0.020902
0.020242
0.016525
0.018904
0.019095
0.019736
0.024424
0.020034
0.021942
0.022692
0.019705
0.017307
0.018048
0.020936
0.02378
0.01573
0.014741
0.017765
0.013992
0.018455
0.017535
0.012261
0.017085
0.013701
0.016532
0.016656
0.013727
0.018925
0.015992
0.013853
0.017346
0.014658
0.01692
0.015291
0.015729
0.016578
0.014979
0.021446
0.018014
0.018724
0.017053
0.018236
0.021441
0.021471
0.015062
0.017519
0.014367
0.016001
0.01199
0.015184
0.021335
0.020044
0.015655
0.01651
0.016275
0.017514
0.022632
0.019425
0.02256
0.01483
0.021074
0.014957
0.015805
0.021472
0.017254
0.015667
0.013756
0.020137
0.019355
0.021666
0.017305
0.021366
0.021476
0.015644
0.01537
0.014604
0.013193
0.01709
0.02506
0.020994
0.024129
0.02216
0.025095
0.016055
0.017068
0.022713
0.020322
0.020967
0.02097
0.014141
0.021418
0.016617
0.018223
0.015706
0.014363
0.014902
0.02001
0.015129
0.018243
0.019496
0.016533
0.019956
0.016206
0.020981
0.015198
0.015756
0.019448
0.027333
0.023421
0.018727
0.019948
0.021395
0.020852
0.020377
0.019867
0.024301
0.018012
0.02011
0.025504
0.020409
0.022738
0.025824
0.018464
0.020826
0.024531
0.028502
0.020474
0.024771
0.025621
0.023487
0.016164
0.022423
0.024145
0.02547
0.02639
0.02602
0.016971
0.021757
0.024494
0.025494
0.025813
0.020358
0.025605
0.017776
0.022188
0.020751
0.021498
0.017908
0.022613
0.016591
0.01736
0.022671
0.020804
0.018526
0.023091
0.019061
0.023981
0.01529
0.020166
0.018048
0.013969
0.017663
0.037099
0.020324
0.014216
0.020041
0.01459
0.020126
0.017425
0.019902
0.019133
0.019975
0.021871
0.017787
0.015193
0.018781
0.016539
0.016083
0.018151
0.016598
0.018148
0.019142
0.021742
0.016812
0.016823
0.014786
0.015078
0.016399
0.020435
0.01839
0.021664
0.015896
0.022073
0.022156
0.020106
0.019841
0.023128
0.022579
0.019285
0.015969
0.014038
0.020432
0.014507
0.019853
0.021796
0.014264
0.017433
0.011604
0.013723
0.014311
0.020456
0.020069
0.023552
0.023541
0.019606
0.01699
0.019718
0.018746
0.013819
0.015809
0.016563
0.014508
0.01344
0.016353
0.013375
0.017906
0.015074
0.01864
0.02125
0.020044
0.018653
0.020074
0.013251
0.01563
0.016719
0.022565
0.01805
0.015523
0.019066
0.019831
0.022768
0.016895
0.016977
0.012673
0.017275
0.018758
0.013761
0.015037
0.01635
0.011656
0.018129
0.01858
0.016973
0.017422
0.017716
0.017405
0.019681
0.019863
0.021349
0.018298
0.020713
0.019458
0.016423
0.011173
0.014713
0.016161
0.016279
0.016316
0.017647
0.017554
0.014767
0.018628
0.01812
0.015019
0.01434
0.017276
0.01852
0.0134
0.014275
0.016776
0.018646
0.013154
0.016097
0.014616
0.012807
0.012732
0.014831
0.012619
0.012822
0.015546
0.014066
0.01173
0.017413
0.014764
0.016943
0.021032
0.020792
0.017505
0.018062
0.018973
0.017262
0.015946
0.016686
0.015983
0.017724
0.016024
0.014438
0.01639
0.018287
0.018007
0.016049
0.01932
0.018826
0.016985
0.017761
0.014502
0.014364
0.019602
0.016198
0.010022
0.015578
0.014817
0.01534
0.011825
0.013903
0.010755
0.013703
0.01356
0.014135
0.015882
0.01788
0.013739
0.016325
0.013372
0.017547
0.02092
0.017609
0.01718
0.015573
0.017214
0.018114
0.014069
0.012334
0.015824
0.015582
0.015987
0.018124
0.017275
0.018667
0.016899
0.017934
0.017805
0.019867
0.018613
0.019285
0.017559
0.022814
0.02304
0.016525
0.022492
0.016676
0.01502
0.019942
0.017622
0.014364
0.016305
0.013973
0.016367
0.015386
0.020308
0.020384
0.01935
0.022186
0.017445
0.017989
0.015796
0.01814
0.020149
0.017748
0.019785
0.032229
0.033287
0.027919
0.026752
0.028433
0.027925
0.029907
0.02183
0.02442
0.021914
0.027149
0.023837
0.027521
0.035204
0.027554
0.017983
0.020125
0.021063
0.018638
0.02691
0.019853
0.037677
0.030056
0.026947
0.022307
0.027631
0.024256
0.02259
0.026273
0.029313
0.0208
0.019945
0.021784
0.023398
0.017577
0.021902
0.028803
0.026493
0.023189
0.018302
0.017044
0.019755
0.025707
0.022069
0.024621
0.019996
0.021325
0.020638
0.019473
0.013835
0.024969
0.020589
0.024408
0.017401
0.018719
0.025997
0.044666
0.04647
0.039997
0.051167
0.02234
0.025004
0.023499
0.026464
0.021406
0.019903
0.022242
0.023211
0.024441
0.024956
0.027218
0.026768
0.028398
0.026924
0.04945
0.042155
0.038086
0.038663
0.050667
0.044395
0.051729
0.051337
0.040121
0.043722
0.044301
0.03887
0.048013
0.049154
0.02659
0.042959
0.046997
0.039288
0.041577
0.036817
0.034049
0.035101
0.042175
0.027192
0.038639
0.025991
0.035531
0.028336
0.027686
0.026669
0.026371
0.024139
0.022558
0.022845
0.025089
0.023607
0.028916
0.024838
0.02765
0.02341
0.029013
0.023534
0.026602
0.023816
0.023936
0.023787
0.022298
0.027255
0.031449
0.0249
0.030844
0.031217
0.029652
0.031592
0.033097
0.031092
0.028836
0.036236
0.037157
0.027512
0.035387
0.030637
0.032554
0.030876
0.031074
0.027578
0.03117
0.03306
0.02953
0.031607
0.028066
0.026874
0.026954
0.026627
0.029265
0.029265
0.029788
0.034458
0.026359
0.023795
0.027883
0.027456
0.022083
0.024783
0.026403
0.024665
0.030176
0.022371
0.028541
0.026902
0.026893
0.023219
0.028829
0.024168
0.033052
0.032964
0.026297
0.028293
0.026957
0.028724
0.028395
0.027774
0.029138
0.031957
0.030186
0.02877
0.027134
0.028354
0.031449
0.032492
0.028166
0.029573
0.029668
0.028331
0.029804
0.022337
0.019834
0.022387
0.023647
0.021674
0.02831
0.025235
0.022893
0.024921
0.023682
0.027416
0.023998
0.026722
0.026067
0.023492
0.043839
0.026459
0.039843
0.023385
0.019534
0.028837
0.02971
0.027982
0.025774
0.027815
0.026411
0.025402
0.020471
0.019546
0.025423
0.019622
0.027156
0.023098
0.021272
0.023163
0.024604
0.023092
0.018603
0.020542
0.019587
0.029114
0.014295
0.018072
0.033755
0.032774
0.030533
0.034269
0.027389
0.030433
0.030322
0.031073
0.027983
0.029337
0.027189
0.033722
0.031443
0.034419
0.032733
0.029563
0.031252
0.030612
0.028654
0.021186
0.022792
0.022481
0.025098
0.025392
0.025462
0.025362
0.024201
0.026777
0.021608
0.027231
0.028672
0.025039
0.024184
0.023429
0.022687
0.025214
0.021217
0.02348
0.027519
0.026128
0.02182
0.025052
0.021388
0.024911
0.021543
0.016443
0.029542
0.028399
0.028566
0.025088
0.024093
0.028137
0.024455
0.023395
0.024291
0.020259
0.023685
0.023494
0.019963
0.022457
0.017785
0.020725
0.018563
0.019981
0.020962
0.015706
0.0202
0.021387
0.018575
0.022171
0.012767
0.018412
0.014361
0.012784
0.014512
0.02494
0.024317
0.022794
0.022393
0.019257
0.020424
0.016652
0.016712
0.016963
0.015449
0.015424
0.014404
0.015462
0.012912
0.014507
0.016709
0.011533
0.02682
0.024886
0.022146
0.021267
0.027884
0.022837
0.021493
0.024577
0.025338
0.024466
0.028441
0.017251
0.019934
0.02773
0.024928
0.015434
0.015435
0.015187
0.018749
0.01423
0.014729
0.014584
0.015802
0.016256
0.016637
0.018814
0.016738
0.018068
0.01749
0.020682
0.015475
0.017347
0.016836
0.017156
0.015815
0.016634
0.016448
0.018246
0.019095
0.016002
0.013462
0.020791
0.018614
0.016572
0.019115
0.018864
0.016718
0.016843
0.016681
0.015932
0.018198
0.012639
0.023744
0.025295
0.027744
0.025128
0.022724
0.022747
0.022775
0.027417
0.022326
0.019532
0.019458
0.016842
0.022408
0.022246
0.023843
0.019767
0.01802
0.01894
0.015149
0.015525
0.01697
0.016235
0.015049
0.016439
0.01474
0.015754
0.014473
0.015303
0.017268
0.019058
0.0142
0.034045
0.016816
0.018041
0.020169
0.019239
0.024354
0.017529
0.019276
0.016287
0.020005
0.016339
0.015486
0.017767
0.019979
0.011478
0.014393
0.01457
0.018514
0.017733
0.015731
0.020522
0.019128
0.016268
0.01712
0.017667
0.01879
0.01733
0.016355
0.010836
0.015504
0.015085
0.012249
0.019207
0.01654
0.017102
0.01755
0.016585
0.011528
0.014051
0.017944
0.016053
0.017201
0.013403
0.016911
0.017678
0.016404
0.013977
0.015714
0.013828
0.014177
0.013327
0.019244
0.01431
0.017136
0.01743
0.014676
0.017489
0.014866
0.010907
0.013322
0.016077
0.014484
0.01259
0.020848
0.016107
0.012733
0.0136
0.015951
0.013269
0.010676
0.013533
0.016951
0.012479
0.020297
0.016316
0.012838
0.015189
0.017378
0.014177
0.013715
0.011837
0.016202
0.01887
0.012069
0.015416
0.016862
0.015974
0.014411
0.018386
0.014983
0.016032
0.013041
0.015224
0.020312
0.01327
0.0095314
0.014606
0.013813
0.011268
0.013072
0.015556
0.01665
0.016391
0.015635
0.014686
0.0192
0.015462
0.013558
0.013332
0.01554
0.014614
0.01557
0.013741
0.012789
0.013991
0.015975
0.013898
0.015017
0.016592
0.014776
0.016243
0.021366
0.020052
0.021422
0.023416
0.019598
0.022858
0.030473
0.030922
0.026544
0.020573
0.029356
0.02844
0.031422
0.029956
0.028799
0.02958
0.029889
0.03269
0.029063
0.027151
0.024212
0.022249
0.022138
0.024599
0.020198
0.022341
0.025204
0.026296
0.028138
0.027529
0.02884
0.029501
0.030717
0.031737
0.039675
0.037116
0.029308
0.029839
0.029009
0.026938
0.028346
0.023707
0.029142
0.020987
0.026068
0.033664
0.024882
0.026176
0.028217
0.023685
0.025886
0.033763
0.02525
0.021662
0.02704
0.029411
0.025703
0.026922
0.02527
0.031398
0.032147
0.035941
0.037889
0.027753
0.031864
0.027372
0.036017
0.030384
0.029461
0.029814
0.037092
0.040369
0.028424
0.026934
0.033231
0.035451
0.029118
0.028593
0.028802
0.034623
0.029724
0.032661
0.031049
0.031317
0.036017
0.019666
0.027063
0.021898
0.030379
0.028523
0.025145
0.029908
0.025129
0.031739
0.030728
0.028393
0.032715
0.030936
0.024341
0.019859
0.036025
0.02896
0.027229
0.026944
0.026994
0.041234
0.029484
0.034494
0.035567
0.034022
0.028794
0.0399
0.03251
0.030424
0.025874
0.024203
0.032691
0.03112
0.027161
0.032818
0.033124
0.03584
0.033365
0.030997
0.030916
0.031347
0.032447
0.02919
0.028938
0.027928
0.027928
0.029473
0.02732
0.026917
0.028871
0.02854
0.023195
0.026468
0.023456
0.02632
0.019469
0.023932
0.019358
0.026467
0.024986
0.019216
0.031377
0.03095
0.026069
0.026282
0.03202
0.026663
0.028617
0.0303
0.028472
0.025612
0.023654
0.027004
0.025308
0.020961
0.020041
0.029069
0.027752
0.02421
0.022862
0.019437
0.022797
0.019763
0.02094
0.023112
0.019535
0.020972
0.024731
0.020247
0.020679
0.017677
0.029865
0.027061
0.028522
0.028776
0.025547
0.028489
0.025668
0.030391
0.026621
0.029355
0.024892
0.026573
0.019876
0.01944
0.017138
0.011961
0.015397
0.017934
0.012867
0.016655
0.014258
0.016343
0.013556
0.018403
0.013165
0.014479
0.011481
0.014007
0.016772
0.014915
0.013765
0.030644
0.030729
0.030438
0.029106
0.028888
0.031483
0.026111
0.028677
0.029758
0.030343
0.03012
0.026382
0.014837
0.019287
0.019254
0.01621
0.01684
0.016395
0.01989
0.028419
0.027887
0.017491
0.014847
0.018039
0.0218
0.023709
0.017161
0.02464
0.029395
0.033063
0.026199
0.026417
0.027556
0.028078
0.028378
0.026338
0.022195
0.022503
0.023248
0.022992
0.012778
0.024648
0.015574
0.020694
0.01912
0.015575
0.015929
0.014557
0.01409
0.013456
0.015686
0.012676
0.012133
0.014206
0.012543
0.012765
0.012799
0.013369
0.012018
0.015909
0.017261
0.019625
0.015594
0.019552
0.019245
0.019423
0.012206
0.016198
0.016351
0.01501
0.017514
0.017222
0.016913
0.014539
0.013905
0.017371
0.015641
0.018587
0.018458
0.016833
0.016502
0.019337
0.013739
0.019153
0.015108
0.016763
0.014857
0.0197
0.017244
0.024816
0.025459
0.026602
0.027514
0.026785
0.024085
0.023868
0.027139
0.029814
0.024739
0.027119
0.023778
0.024913
0.026039
0.01414
0.015519
0.012784
0.015484
0.015129
0.015548
0.016407
0.018682
0.014395
0.011205
0.019138
0.016354
0.012366
0.015774
0.017249
0.028186
0.019688
0.02433
0.025672
0.022731
0.022824
0.022264
0.026567
0.023424
0.024936
0.024965
0.026994
0.022323
0.019308
0.021224
0.016873
0.021788
0.016835
0.016003
0.012386
0.016394
0.014581
0.018274
0.017743
0.017974
0.021081
0.018199
0.01399
0.018131
0.014652
0.014291
0.014504
0.019624
0.016444
0.01772
0.021912
0.020067
0.02172
0.020401
0.021086
0.020133
0.014477
0.01715
0.016706
0.013321
0.015713
0.012178
0.013964
0.015824
0.018451
0.013425
0.016373
0.016914
0.014939
0.01812
0.017356
0.020251
0.017486
0.010058
0.01833
0.026727
0.021347
0.014966
0.019495
0.01643
0.018837
0.018702
0.013656
0.014067
0.019417
0.014117
0.015047
0.011312
0.016986
0.017174
0.01281
0.015744
0.019012
0.013562
0.015607
0.02013
0.018111
0.01931
0.016993
0.016023
0.014517
0.019454
0.013377
0.012486
0.013809
0.014792
0.016451
0.017332
0.016126
0.031023
0.025509
0.030345
0.030706
0.036727
0.039352
0.038081
0.034735
0.029994
0.036029
0.025412
0.03084
0.036776
0.038031
0.030471
0.026958
0.026431
0.030084
0.035261
0.028783
0.030112
0.024115
0.024055
0.024248
0.027148
0.021795
0.024956
0.031738
0.022908
0.029168
0.030154
0.028727
0.026271
0.029123
0.023245
0.029826
0.02822
0.026266
0.034014
0.02861
0.033143
0.032688
0.025295
0.026028
0.026902
0.025248
0.026203
0.026186
0.022036
0.038345
0.038838
0.037227
0.035529
0.040597
0.040693
0.042814
0.038604
0.043091
0.043902
0.041217
0.043523
0.043078
0.045529
0.039387
0.043743
0.039183
0.038549
0.028405
0.039215
0.034563
0.042409
0.030014
0.02558
0.027522
0.026072
0.016315
0.024321
0.023815
0.028622
0.024691
0.024508
0.022179
0.024862
0.021435
0.024107
0.030162
0.027538
0.026611
0.044212
0.039865
0.045528
0.037331
0.042509
0.044772
0.039056
0.03706
0.043181
0.039861
0.04115
0.036641
0.044934
0.037243
0.044157
0.036109
0.041218
0.036662
0.035591
0.038058
0.028966
0.025056
0.028219
0.027402
0.026841
0.029074
0.0201
0.022494
0.022293
0.017477
0.018197
0.01983
0.020515
0.017873
0.022241
0.018652
0.019346
0.025082
0.019351
0.020974
0.037279
0.038722
0.034124
0.040778
0.032269
0.036882
0.037125
0.035239
0.034701
0.029452
0.037313
0.037382
0.041186
0.034678
0.034285
0.022305
0.02135
0.034156
0.024744
0.019862
0.02813
0.026433
0.021197
0.024522
0.029631
0.022119
0.020076
0.019934
0.017437
0.022606
0.017732
0.015972
0.020987
0.013428
0.023133
0.01516
0.016336
0.014279
0.024249
0.017133
0.017838
0.0193
0.020826
0.020249
0.017354
0.017276
0.020192
0.033651
0.031243
0.035065
0.036359
0.040531
0.029926
0.03724
0.035391
0.031827
0.039805
0.039556
0.031814
0.024385
0.035251
0.04101
0.015667
0.016348
0.017595
0.017591
0.020206
0.015541
0.020253
0.01673
0.017146
0.01674
0.016445
0.017322
0.014924
0.015935
0.016895
0.018039
0.014857
0.017622
0.018592
0.019946
0.021896
0.017729
0.017298
0.0181
0.021088
0.017306
0.016738
0.01887
0.0211
0.018822
0.017364
0.018581
0.019941
0.02096
0.015986
0.040274
0.04116
0.034825
0.030302
0.033522
0.040254
0.033309
0.033016
0.037262
0.035364
0.022106
0.026492
0.025766
0.033098
0.028298
0.032404
0.035165
0.029517
0.0389
0.03363
0.029392
0.033302
0.030194
0.034657
0.03073
0.027337
0.016555
0.015265
0.017899
0.028763
0.013422
0.019249
0.018934
0.017634
0.021445
0.017536
0.020578
0.01498
0.029624
0.027162
0.028492
0.030362
0.030634
0.025071
0.027291
0.028422
0.028211
0.029337
0.020026
0.018109
0.01811
0.019732
0.015773
0.016108
0.01507
0.016701
0.022826
0.018872
0.016222
0.01153
0.018686
0.016376
0.013735
0.027615
0.017731
0.017145
0.012531
0.017623
0.015996
0.019105
0.012024
0.020899
0.018534
0.014586
0.018775
0.014594
0.016547
0.023833
0.019438
0.020025
0.01651
0.019143
0.01813
0.020926
0.017798
0.015644
0.015192
0.017267
0.017263
0.017418
0.018916
0.01682
0.015922
0.019011
0.013562
0.016127
0.016772
0.015574
0.014613
0.014273
0.013974
0.019204
0.015683
0.016099
0.014967
0.013954
0.015358
0.017975
0.013963
0.017487
0.015412
0.016095
0.014543
0.016056
0.015577
0.013807
0.016814
0.011902
0.01404
0.013829
0.014734
0.015907
0.01447
0.016763
0.017571
0.016237
0.015452
0.034172
0.027796
0.025351
0.031652
0.035284
0.03038
0.027579
0.028798
0.029493
0.04069
0.031619
0.028656
0.032365
0.043289
0.035574
0.036299
0.042182
0.044391
0.045371
0.032271
0.033302
0.045236
0.039495
0.033649
0.032509
0.032009
0.039566
0.040224
0.040364
0.036561
0.029151
0.027287
0.030306
0.027001
0.029823
0.032808
0.029162
0.031856
0.034442
0.031536
0.025458
0.029663
0.027528
0.029679
0.024455
0.03025
0.029648
0.024341
0.029206
0.033623
0.030041
0.026742
0.02466
0.034187
0.040814
0.030466
0.040345
0.030749
0.03155
0.036074
0.034321
0.028036
0.033969
0.028055
0.028355
0.036929
0.031028
0.032899
0.040894
0.039282
0.042849
0.034178
0.034047
0.035629
0.027223
0.028297
0.036191
0.03133
0.034964
0.026752
0.030399
0.030738
0.02769
0.029714
0.034829
0.036563
0.02787
0.033004
0.036222
0.028698
0.028196
0.035951
0.026432
0.028531
0.032927
0.027982
0.034197
0.032917
0.030044
0.031135
0.023444
0.031004
0.022598
0.030428
0.029071
0.025073
0.030997
0.025981
0.026175
0.025663
0.027065
0.025473
0.024
0.022905
0.01917
0.022656
0.021943
0.030724
0.031484
0.026218
0.030239
0.034812
0.02907
0.032173
0.033107
0.036651
0.032181
0.034655
0.032139
0.036114
0.034996
0.039413
0.026699
0.026567
0.019418
0.023704
0.024073
0.018406
0.03303
0.026412
0.019388
0.028142
0.019297
0.019199
0.017328
0.018015
0.020762
0.024407
0.020963
0.022666
0.039247
0.030011
0.030698
0.030372
0.037018
0.031889
0.02341
0.036628
0.0294
0.019793
0.041695
0.036093
0.021277
0.035832
0.017488
0.028672
0.025558
0.02215
0.024174
0.026084
0.026016
0.028043
0.024818
0.023984
0.027978
0.02309
0.021647
0.02471
0.026962
0.020969
0.021657
0.030437
0.013976
0.025132
0.01981
0.021578
0.022853
0.019114
0.020896
0.021623
0.020876
0.020507
0.023558
0.023302
0.02431
0.022044
0.026198
0.024025
0.013152
0.02285
0.025973
0.026615
0.022729
0.020136
0.025476
0.042375
0.047156
0.039942
0.041824
0.022161
0.022163
0.022874
0.024195
0.021928
0.021056
0.020698
0.019033
0.021675
0.025444
0.043513
0.038947
0.043362
0.038968
0.039733
0.037194
0.038827
0.037635
0.037262
0.040328
0.038026
0.022178
0.020169
0.020167
0.019729
0.01959
0.020942
0.019242
0.019536
0.022039
0.022192
0.022566
0.023763
0.021066
0.019944
0.02508
0.041516
0.037923
0.042156
0.04195
0.041835
0.042125
0.043156
0.041677
0.04247
0.044833
0.014842
0.02099
0.017417
0.013411
0.020744
0.02385
0.019606
0.024518
0.018318
0.018904
0.021327
0.037589
0.01799
0.020661
0.018144
0.018209
0.024419
0.024572
0.021242
0.01921
0.017226
0.01778
0.017942
0.022956
0.021096
0.016851
0.018319
0.017314
0.019156
0.016492
0.014967
0.02105
0.02096
0.021119
0.016259
0.01821
0.019081
0.015701
0.021632
0.018616
0.015834
0.020065
0.01978
0.022174
0.021869
0.017701
0.018662
0.014054
0.015881
0.014217
0.015649
0.017683
0.015797
0.017731
0.017146
0.024459
0.02546
0.020096
0.017542
0.018766
0.020236
0.017942
0.018494
0.014764
0.020217
0.018187
0.02042
0.017965
0.016882
0.014876
0.014016
0.018887
0.01645
0.014291
0.020006
0.017146
0.018298
0.030087
0.034235
0.040266
0.039909
0.030385
0.033107
0.030301
0.035111
0.033314
0.030859
0.028915
0.034485
0.036152
0.032552
0.036567
0.029048
0.028085
0.028412
0.027028
0.029556
0.028491
0.03071
0.031892
0.031279
0.031851
0.036027
0.039261
0.030686
0.035081
0.028298
0.031606
0.03064
0.030756
0.033755
0.032541
0.031311
0.038585
0.032363
0.028165
0.031824
0.033
0.033462
0.034205
0.03519
0.029949
0.033222
0.036715
0.026209
0.029626
0.02245
0.024512
0.035458
0.029748
0.023896
0.028799
0.028684
0.026868
0.023051
0.022411
0.029742
0.02249
0.025714
0.023709
0.025511
0.024596
0.028824
0.023423
0.023689
0.024487
0.024654
0.026308
0.025446
0.031889
0.022945
0.032691
0.031567
0.029781
0.021564
0.022239
0.02646
0.019801
0.021921
0.018425
0.023991
0.01724
0.016572
0.01949
0.017024
0.021782
0.021099
0.01766
0.016619
0.016469
0.017991
0.019907
0.015563
0.019554
0.030059
0.025566
0.021296
0.023222
0.025542
0.024354
0.022609
0.018675
0.020744
0.020264
0.018466
0.015617
0.024135
0.02013
0.025476
0.025029
0.033585
0.026839
0.022612
0.020802
0.023603
0.016271
0.022584
0.018017
0.014254
0.017988
0.015499
0.019308
0.02166
0.0225
0.018849
0.02175
0.022473
0.019
0.021468
0.019346
0.023354
0.023176
0.01928
0.022964
0.016456
0.025562
0.021604
0.02248
0.021038
0.019542
0.018093
0.01971
0.017449
0.019866
0.014936
0.018826
0.019861
0.018239
0.017857
0.017849
0.018065
0.015619
0.019325
0.018948
0.016942
0.024827
0.017965
0.019304
0.019497
0.018782
0.021442
0.019349
0.019178
0.01976
0.019234
0.021092
0.01902
0.022526
0.020201
0.020096
0.021164
0.019805
0.024236
0.017657
0.022329
0.019514
0.018317
0.012915
0.020066
0.023008
0.021526
0.022797
0.018011
0.02035
0.017897
0.016893
0.013259
0.02021
0.017419
0.015768
0.017604
0.016505
0.019848
0.017513
0.023482
0.024231
0.022807
0.021834
0.02062
0.025541
0.02489
0.01882
0.021
0.018823
0.016683
0.020173
0.018348
0.019481
0.017247
0.015191
0.017905
0.016052
0.017266
0.016436
0.017564
0.014837
0.016775
0.017017
0.014494
0.016918
0.014015
0.017194
0.014496
0.017965
0.017357
0.012625
0.02058
0.016527
0.015692
0.011671
0.016007
0.014381
0.016844
0.018157
0.018014
0.016657
0.017676
0.019519
0.017142
0.019646
0.01939
0.019166
0.01695
0.02409
0.023422
0.025035
0.022852
0.02096
0.021488
0.023673
0.018534
0.018889
0.018588
0.021752
0.016904
0.018782
0.023101
0.021754
0.021009
0.033845
0.011603
0.015916
0.021815
0.015917
0.032106
0.016484
0.017561
0.014869
0.017864
0.019683
0.012349
0.019231
0.018577
0.014347
0.016234
0.015793
0.017285
0.019887
0.018128
0.017346
0.016516
0.018953
0.037927
0.040493
0.017923
0.015242
0.020018
0.021306
0.015866
0.020469
0.014853
0.019232
0.014456
0.01856
0.022056
0.019573
0.020571
0.019394
0.021391
0.020553
0.017052
0.01681
0.017603
0.017995
0.016761
0.020967
0.016949
0.019946
0.02323
0.02004
0.0209
0.021264
0.023628
0.019718
0.021686
0.023469
0.022347
0.025125
0.02522
0.023004
0.021278
0.025142
0.020222
0.025414
0.018247
0.017839
0.022059
0.020168
0.021114
0.021902
0.021105
0.021387
0.016779
0.023323
0.02084
0.020035
0.018466
0.021496
0.018144
0.017621
0.022872
0.013995
0.016448
0.019533
0.018684
0.018123
0.019409
0.020286
0.016892
0.023638
0.02324
0.014902
0.023158
0.014553
0.018136
0.01566
0.021217
0.019656
0.01894
0.015267
0.015285
0.013408
0.017081
0.013043
0.017162
0.022176
0.018571
0.019889
0.014433
0.017521
0.02011
0.015923
0.019507
0.015706
0.017073
0.021539
0.017839
0.023275
0.029536
0.014817
0.019206
0.017948
0.019715
0.017575
0.017258
0.016847
0.015994
0.014433
0.019492
0.016881
0.014729
0.017646
0.017768
0.018022
0.016299
0.0171
0.015651
0.022919
0.021026
0.015513
0.019326
0.020878
0.019027
0.016255
0.018396
0.01502
0.015111
0.012426
0.01707
0.014947
0.016537
0.016486
0.018478
0.018404
0.017275
0.017265
0.018449
0.020336
0.021227
0.022574
0.017648
0.01927
0.019041
0.014756
0.014256
0.020122
0.024369
0.016925
0.017294
0.037991
0.015286
0.016238
0.015942
0.013758
0.016996
0.013755
0.016644
0.014577
0.016095
0.015773
0.019593
0.020106
0.018611
0.019794
0.018066
0.019073
0.01802
0.021949
0.017151
0.017517
0.0168
0.017525
0.020776
0.013829
0.016967
0.020339
0.018661
0.016504
0.018878
0.01736
0.018226
0.019672
0.02036
0.021809
0.019395
0.017607
0.018853
0.017753
0.019099
0.020215
0.017317
0.01702
0.021599
0.018322
0.016886
0.020859
0.020895
0.018999
0.01597
0.018558
0.020152
0.019153
0.017225
0.018897
0.017754
0.018936
0.016573
0.016201
0.017895
0.018256
0.01491
0.018384
0.015168
0.015722
0.018161
0.014001
0.015611
0.015239
0.015233
0.013807
0.015194
0.016133
0.013486
0.01427
0.0174
0.015547
0.017318
0.014062
0.034779
0.020044
0.012808
0.01691
0.025811
0.01593
0.012336
0.017086
0.048059
0.017135
0.032655
