0.10596
0.10982
0.11168
0.021367
0.10362
0.11079
0.020848
0.063041
0.035888
0.022986
0.10303
0.10723
0.022552
0.10754
0.10824
0.099154
0.091325
0.10419
0.096356
0.088952
0.090022
0.094986
0.10137
0.097128
0.10412
0.0929
0.023433
0.099195
0.086092
0.01883
0.093044
0.090773
0.094173
0.023728
0.011955
0.082361
0.089135
0.094366
0.094383
0.084396
0.019204
0.080468
0.088134
0.018148
0.079986
0.080049
0.085936
0.082489
0.071617
0.079904
0.080009
0.074509
0.072315
0.053482
0.050905
0.01548
0.053188
0.051733
0.057412
0.054052
0.052
0.044173
0.056943
0.061316
0.053001
0.017795
0.018983
0.05048
0.047139
0.016552
0.051027
0.046717
0.051773
0.050003
0.054134
0.053153
0.04458
0.055707
0.053443
0.05086
0.051793
0.054402
0.054755
0.054146
0.053544
0.017331
0.04269
0.052674
0.056627
0.053072
0.056232
0.050506
0.044943
0.047619
0.050209
0.043951
0.055553
0.057759
0.047281
0.04887
0.050633
0.055323
0.014662
0.054812
0.042544
0.053316
0.052067
0.01999
0.046975
0.043406
0.050059
0.043135
0.045221
0.034916
0.034428
0.025782
0.035364
0.041042
0.043294
0.052699
0.038737
0.035814
0.038479
0.037991
0.04702
0.0363
0.02858
0.028881
0.048585
0.043042
0.040559
0.0416
0.042096
0.044339
0.046926
0.049687
0.037969
0.040888
0.023175
0.024449
0.022474
0.022223
0.029724
0.022156
0.02641
0.043901
0.04911
0.024024
0.045463
0.021104
0.031515
0.02483
0.038086
0.040719
0.039657
0.02575
0.04924
0.035851
0.028789
0.033389
0.040002
0.04152
0.035187
0.038668
0.027494
0.038963
0.038191
0.017838
0.01718
0.019548
0.022786
0.018033
0.012822
0.015646
0.022194
0.014848
0.012534
0.047027
0.062231
0.024965
0.049085
0.063435
0.060921
0.054233
0.053803
0.05745
0.040063
0.050246
0.047204
0.059293
0.053337
0.051649
0.05062
0.033201
0.038927
0.052172
0.047538
0.054414
0.047773
0.053416
0.050871
0.052307
0.051717
0.050876
0.03751
0.049323
0.04557
0.047501
0.038855
0.033613
0.047167
0.045283
0.037555
0.04178
0.037872
0.037979
0.035421
0.035353
0.032831
0.016306
0.031325
0.050232
0.029582
0.036237
0.044677
0.048438
0.045227
0.036369
0.043245
0.03343
0.029008
0.036723
0.032511
0.044795
0.047327
0.040996
0.045065
0.030104
0.034076
0.026694
0.039269
0.042757
0.028784
0.038532
0.023217
0.023022
0.023822
0.04076
0.037077
0.025927
0.033918
0.040619
0.039605
0.028991
0.044777
0.032253
0.025444
0.035858
0.023155
0.020266
0.022354
0.019189
0.027824
0.03546
0.021507
0.038132
0.035162
0.028309
0.019275
0.029912
0.03569
0.034637
0.029362
0.033137
0.034103
0.037128
0.024941
0.025328
0.029503
0.036538
0.030942
0.018782
0.024756
0.025552
0.029676
0.026032
0.022746
0.032466
0.029939
0.026491
0.019741
0.029999
0.019631
0.0311
0.024868
0.024946
0.030351
0.025199
0.029567
0.017797
0.029829
0.019172
0.021414
0.032952
0.025478
0.02391
0.026989
0.01641
0.015828
0.029823
0.025523
0.020985
0.024294
0.023989
0.024213
0.022354
0.034812
0.023249
0.022663
0.03776
0.027211
0.028261
0.023248
0.026418
0.027728
0.020964
0.027958
0.021453
0.022657
0.020114
0.025537
0.02437
0.021962
0.027156
0.029378
0.022118
0.018042
0.023581
0.025898
0.023926
0.021561
0.020706
0.031896
0.018555
0.028297
0.019014
0.033726
0.021459
0.051052
0.038727
0.038905
0.035389
0.038053
0.032942
0.035971
0.027851
0.024011
0.036131
0.03569
0.031391
0.027963
0.023653
0.019775
0.035674
0.028776
0.025481
0.025053
0.014597
0.019783
0.015687
0.018036
0.023906
0.012595
0.039732
0.015291
0.020305
0.034614
0.023022
0.034751
0.032288
0.020476
0.026258
0.031177
0.029688
0.027936
0.015698
0.028965
0.030008
0.039545
0.030608
0.028981
0.024603
0.033656
0.049416
0.030368
0.028217
0.029533
0.026074
0.02602
0.013098
0.011076
0.030055
0.031588
0.032346
0.030817
0.037727
0.03259
0.029294
0.03324
0.031667
0.034228
0.021113
0.046629
0.032934
0.013781
0.022728
0.034745
0.020831
0.026233
0.024221
0.022387
0.027102
0.024477
0.025115
0.014102
0.024294
0.023258
0.027695
0.030411
0.018899
0.020193
0.022249
0.025054
0.018095
0.017883
0.018597
0.023987
0.019295
0.019861
0.034721
0.022751
0.028729
0.023135
0.021037
0.018071
0.019431
0.022219
0.02031
0.013863
0.044936
0.046016
0.013182
0.017338
0.0081001
0.015777
0.016531
0.017006
0.015549
0.01594
0.030582
0.033707
0.031269
0.03088
0.026396
0.026224
0.0261
0.024254
0.028135
0.026726
0.02388
0.024748
0.02181
0.020791
0.022824
0.021846
0.023779
0.021579
0.018977
0.020691
0.01893
0.042335
0.039478
0.019742
0.020226
0.015696
0.022562
0.016397
0.016622
0.021351
0.015293
0.018199
0.034547
0.029864
0.014784
0.029488
0.013416
0.020328
0.015335
0.015844
0.01407
0.011426
0.010432
0.012889
0.013842
0.01781
0.014782
0.017282
0.019829
0.015838
0.013595
0.027337
0.023036
0.024935
0.024567
0.023499
0.019041
0.023595
0.020545
0.020321
0.013929
0.018867
0.020251
0.018122
0.019455
0.018879
0.01351
0.022427
0.017223
0.022294
0.016299
0.016279
0.015622
0.016484
0.016491
0.014406
0.014406
0.015164
0.016241
0.014885
0.014881
0.018147
0.013187
0.012879
0.014674
0.012195
0.011566
0.013193
0.012522
0.019157
0.018767
0.018147
0.019407
0.021158
0.016268
0.016363
0.018076
0.01205
0.022047
0.022286
0.019001
0.015867
0.021395
0.021268
0.023846
0.021455
0.024905
0.026748
0.016068
0.022705
0.014979
0.035661
0.034564
0.018125
0.01606
0.012819
0.020948
0.020567
0.017746
0.01923
0.017249
0.023765
0.015723
0.015705
0.01313
0.013486
0.013722
0.012608
0.01362
0.014244
0.013427
0.014343
0.013433
0.016926
0.011996
0.014243
0.016329
0.016941
0.021212
0.02586
0.021994
0.025358
0.02123
0.018796
0.020107
0.016402
0.021299
0.020186
0.02232
0.020094
0.0177
0.091156
0.091971
0.083713
0.084136
0.086294
0.081425
0.076473
0.077756
0.078057
0.076771
0.060475
0.074357
0.013687
0.077746
0.074925
0.062595
0.062622
0.06839
0.075961
0.075257
0.073204
0.067741
0.075998
0.060883
0.067561
0.054436
0.055525
0.062039
0.027105
0.057672
0.056563
0.077725
0.049228
0.055219
0.016683
0.067328
0.063011
0.056652
0.070322
0.076756
0.011043
0.016929
0.017342
0.054804
0.064409
0.064926
0.048432
0.063826
0.05508
0.052787
0.020761
0.063893
0.049919
0.058299
0.04577
0.039134
0.070733
0.048618
0.045004
0.044363
0.054309
0.04525
0.015701
0.021376
0.060568
0.046326
0.022328
0.056255
0.048218
0.04822
0.041283
0.017273
0.045497
0.042766
0.044799
0.044601
0.045269
0.043057
0.041739
0.044273
0.027141
0.02831
0.048715
0.043033
0.04497
0.04276
0.039309
0.04002
0.041379
0.042235
0.042406
0.041175
0.033153
0.040315
0.038982
0.042553
0.039825
0.03848
0.019418
0.025175
0.023758
0.033901
0.037451
0.031766
0.037019
0.037063
0.031582
0.04041
0.039182
0.039016
0.03811
0.029617
0.048243
0.045597
0.02902
0.047582
0.029026
0.031432
0.030383
0.036935
0.024973
0.028979
0.028282
0.025729
0.029337
0.019449
0.032881
0.035599
0.032327
0.03984
0.03
0.029272
0.037722
0.035062
0.03279
0.040974
0.041293
0.032248
0.033309
0.038466
0.025654
0.032667
0.03548
0.031261
0.041432
0.029761
0.031469
0.030711
0.039294
0.022869
0.030254
0.033269
0.022491
0.023066
0.01919
0.034048
0.018628
0.022547
0.02216
0.019101
0.026978
0.024923
0.022718
0.028251
0.021915
0.016565
0.016795
0.02442
0.014885
0.015938
0.016331
0.013071
0.013778
0.016228
0.022213
0.011311
0.016961
0.017095
0.015933
0.016829
0.018044
0.015202
0.039108
0.039253
0.037986
0.038528
0.042145
0.05084
0.036213
0.039155
0.037891
0.030555
0.033568
0.026944
0.031582
0.025129
0.052575
0.026244
0.022392
0.03801
0.02707
0.020197
0.014063
0.016629
0.027169
0.025378
0.017071
0.024687
0.01555
0.02033
0.027802
0.029902
0.02045
0.017033
0.034923
0.012606
0.028118
0.028648
0.024592
0.014482
0.026377
0.021723
0.034012
0.027703
0.03083
0.020726
0.018242
0.013768
0.0221
0.023607
0.019754
0.026775
0.022285
0.016135
0.017415
0.014611
0.013479
0.012156
0.01579
0.013839
0.013115
0.010956
0.016436
0.013307
0.017657
0.017258
0.021476
0.023836
0.015516
0.020486
0.015579
0.015206
0.019528
0.018081
0.017355
0.014743
0.016877
0.020881
0.016069
0.014318
0.012545
0.016897
0.014697
0.017839
0.015491
0.064612
0.066824
0.062063
0.069813
0.069528
0.065536
0.068788
0.059466
0.066431
0.061337
0.058764
0.058834
0.062804
0.064153
0.063601
0.053144
0.057669
0.049892
0.045549
0.054425
0.059579
0.050043
0.053008
0.05394
0.048791
0.043323
0.049863
0.044127
0.04574
0.042825
0.013936
0.044546
0.049407
0.015486
0.041918
0.028947
0.037698
0.046176
0.044516
0.019299
0.042547
0.039237
0.038074
0.020735
0.015142
0.037965
0.032739
0.027925
0.028747
0.030846
0.027102
0.022236
0.046958
0.016919
0.018451
0.016358
0.017485
0.015138
0.015865
0.026844
0.016915
0.021156
0.023142
0.029241
0.025077
0.023197
0.027555
0.020927
0.021415
0.01928
0.021144
0.031336
0.032468
0.01955
0.016291
0.013382
0.019335
0.017115
0.013315
0.016972
0.011827
0.01432
0.017028
0.034992
0.033173
0.019224
0.020364
0.017145
0.017625
0.013283
0.016928
0.018234
0.022036
0.016766
0.018612
0.018746
0.019155
0.018189
0.017003
0.01518
0.015717
0.019239
0.018743
0.01705
0.017682
0.017
0.01611
0.014576
0.042602
0.043539
0.020004
0.036705
0.04077
0.038445
0.03017
0.039586
0.037104
0.038356
0.034481
0.031341
0.026828
0.031174
0.028116
0.027696
0.026274
0.026118
0.023963
0.021781
0.02444
0.022412
0.024263
0.029005
0.026527
0.035139
0.033867
0.02878
0.036963
0.033206
0.021167
0.037715
0.036068
0.034586
0.03486
0.029279
0.032999
0.032443
0.01731
0.027136
0.022378
0.026634
0.031608
0.029519
0.019512
0.020878
0.024991
0.019815
0.017038
0.026114
0.012395
0.02392
0.02547
0.024032
0.026255
0.031568
0.024988
0.024354
0.022651
0.022423
0.016889
0.016954
0.015855
0.013918
0.017379
0.020763
0.021304
0.02063
0.022133
0.01748
0.024788
0.01632
0.025081
0.024732
0.016377
0.019924
0.014359
0.017361
0.017366
0.017031
0.019719
0.021495
0.015878
0.015716
0.01754
0.0175
0.01668
0.015257
0.017756
0.01503
0.023566
0.024364
0.018733
0.017315
0.024909
0.023629
0.015146
0.018705
0.016373
0.016488
0.01627
0.016495
0.018072
0.014616
0.018758
0.019098
0.016526
0.012384
0.018197
0.017104
0.014536
0.018462
0.014489
0.020292
0.018931
0.013528
0.018111
0.018346
0.01659
0.015434
0.016684
0.013873
0.016978
0.020447
0.018848
0.01691
0.0227
0.024816
0.029187
0.051497
0.026777
0.024765
0.024184
0.028831
0.032893
0.030135
0.040205
0.018019
0.029685
0.046057
0.026058
0.02193
0.022975
0.018304
0.013697
0.014855
0.017781
0.016731
0.018388
0.020741
0.015644
0.015208
0.019043
0.017048
0.015797
0.04517
0.008515
0.015759
0.016145
0.015729
0.013291
0.019082
0.018062
0.01769
0.017465
0.013843
0.013518
0.016784
0.014465
0.018937
0.021272
0.037007
0.020349
0.015538
0.041817
0.021984
0.026496
0.024232
0.037261
0.026744
0.022403
0.028875
0.027136
0.023725
0.025712
0.02792
0.025231
0.016266
0.016159
0.013399
0.016136
0.016342
0.020493
0.015062
0.022784
0.020184
0.019007
0.014216
0.012048
0.018926
0.016838
0.014601
0.015318
0.013291
0.012603
0.010111
0.015237
0.015061
0.014151
0.013339
0.013608
0.011515
0.014439
0.0127
0.012406
0.01235
0.016873
0.012846
0.012394
0.017793
0.016482
0.014671
0.013269
0.012743
0.012025
0.020932
0.018634
0.017949
0.021674
0.020171
0.01832
0.019771
0.018979
0.015769
0.014335
0.013374
0.012613
0.012968
0.013022
0.011843
0.017225
0.012395
0.015202
0.016798
0.01591
0.017304
0.01441
0.01822
0.01725
0.013535
0.019221
0.021878
0.011723
0.0195
0.018423
0.018399
0.019418
0.021593
0.015482
0.014545
0.015721
0.015885
0.014138
0.015801
0.01544
0.022196
0.014229
0.016487
0.013409
0.014842
0.019914
0.015406
0.015473
0.014372
0.019015
0.019014
0.010963
0.017954
0.016146
0.01622
0.015819
0.01592
0.014171
0.013992
0.015202
0.01644
0.014512
0.013959
0.020473
0.021092
0.019642
0.016506
0.015137
0.015813
0.015844
0.016323
0.014524
0.015048
0.015593
0.014373
0.017558
0.01587
0.018248
0.014584
0.015593
0.015819
0.017543
0.046998
0.050596
0.047569
0.037176
0.039769
0.048747
0.034783
0.036303
0.04138
0.035715
0.03497
0.037331
0.037436
0.039296
0.040095
0.042042
0.041754
0.036615
0.039486
0.040096
0.04309
0.048288
0.039548
0.036148
0.031625
0.033673
0.034612
0.027598
0.029407
0.038692
0.043507
0.046233
0.043229
0.032383
0.04225
0.038087
0.034547
0.041483
0.032226
0.039169
0.041371
0.03875
0.032951
0.029215
0.038296
0.030141
0.033147
0.037512
0.045364
0.034138
0.037318
0.040304
0.038188
0.036454
0.037301
0.039714
0.038546
0.037889
0.036342
0.036083
0.036609
0.037571
0.037195
0.032933
0.039079
0.040225
0.038999
0.03543
0.033821
0.036876
0.04028
0.034034
0.03418
0.036916
0.029442
0.026808
0.02711
0.03042
0.031515
0.013381
0.035174
0.033894
0.034527
0.033655
0.033491
0.032743
0.029265
0.031324
0.034072
0.026688
0.014011
0.01422
0.017405
0.01558
0.024286
0.019123
0.020789
0.044869
0.041353
0.041509
0.037452
0.032441
0.035142
0.036503
0.034603
0.038621
0.03075
0.033865
0.030287
0.029158
0.031349
0.030394
0.017884
0.024295
0.023045
0.022633
0.026039
0.016005
0.026342
0.02179
0.013944
0.046002
0.044564
0.041825
0.04477
0.043401
0.041531
0.03572
0.038088
0.032615
0.026689
0.028011
0.028216
0.020249
0.021592
0.028108
0.027648
0.022533
0.024107
0.034471
0.029118
0.029382
0.025392
0.024068
0.025404
0.023353
0.019652
0.023197
0.025885
0.021998
0.021385
0.018362
0.032565
0.028172
0.027295
0.026224
0.031223
0.028488
0.023632
0.024656
0.024416
0.026555
0.031528
0.026508
0.022894
0.02756
0.021776
0.025277
0.017996
0.022822
0.026964
0.030022
0.026814
0.025359
0.021628
0.021524
0.028332
0.024021
0.025401
0.019356
0.018207
0.018624
0.018157
0.02418
0.021593
0.019469
0.018968
0.017262
0.018432
0.01738
0.021632
0.018362
0.01955
0.020103
0.013683
0.019467
0.014864
0.015725
0.015177
0.015096
0.018174
0.016488
0.016388
0.018012
0.02306
0.018564
0.018435
0.017168
0.016819
0.017449
0.018972
0.014118
0.022022
0.016964
0.023391
0.020036
0.014459
0.017335
0.019348
0.018491
0.016035
0.019876
0.013041
0.021835
0.015047
0.021852
0.02147
0.020618
0.021968
0.026363
0.01952
0.02276
0.022602
0.020748
0.013273
0.019376
0.021398
0.018267
0.015459
0.013875
0.015454
0.011997
0.014237
0.021201
0.017945
0.010882
0.016206
0.017795
0.019194
0.023181
0.022292
0.02114
0.013739
0.016539
0.018648
0.021251
0.026659
0.021144
0.025936
0.052266
0.05103
0.039144
0.040348
0.044476
0.040578
0.03611
0.036493
0.017834
0.01386
0.019339
0.018564
0.018931
0.015857
0.015234
0.020359
0.020765
0.017793
0.026909
0.023758
0.021578
0.021974
0.022012
0.025291
0.021068
0.018843
0.017648
0.023506
0.022507
0.044692
0.053887
0.043406
0.045518
0.039515
0.03438
0.038773
0.038146
0.04485
0.044835
0.047651
0.035486
0.043233
0.039835
0.040045
0.044748
0.040508
0.036805
0.041446
0.038477
0.041348
0.043207
0.040046
0.041998
0.026622
0.033441
0.033169
0.024252
0.02896
0.030615
0.026267
0.032844
0.024818
0.031129
0.025909
0.0231
0.025076
0.031861
0.032677
0.028804
0.023754
0.026752
0.033196
0.035948
0.030829
0.024719
0.022403
0.019053
0.016101
0.019446
0.020712
0.017678
0.019718
0.01177
0.015751
0.017169
0.01507
0.015205
0.014496
0.015391
0.014369
0.013363
0.019024
0.017435
0.014327
0.019451
0.021113
0.012289
0.019435
0.015455
0.020309
0.020812
0.017434
0.019178
0.017507
0.01685
0.028455
0.018125
0.025413
0.020749
0.018716
0.022218
0.018752
0.018373
0.022942
0.022433
0.019987
0.02469
0.022934
0.018991
0.023556
0.019984
0.022741
0.024474
0.020687
0.023659
0.039829
0.034427
0.038897
0.034756
0.02914
0.035415
0.0389
0.02768
0.037159
0.034879
0.034876
0.03579
0.032613
0.031373
0.032595
0.030753
0.030849
0.021683
0.02271
0.020013
0.020198
0.044663
0.033331
0.021652
0.0225
0.018343
0.018365
0.01805
0.016035
0.012983
0.016717
0.014388
0.016427
0.015355
0.013907
0.014184
0.018669
0.016855
0.015498
0.015148
0.016261
0.013617
0.015492
0.015867
0.015366
0.015219
0.012177
0.013554
0.0088474
0.016308
0.015683
0.014487
0.014452
0.015905
0.019792
0.01401
0.013956
0.015029
0.011854
0.016448
0.019982
0.02531
0.019619
0.016157
0.017895
0.012849
0.014504
0.016446
0.016376
0.022061
0.015699
0.017663
0.015604
0.021329
0.019104
0.01864
0.019423
0.020601
0.020438
0.019724
0.017623
0.025333
0.013377
0.01351
0.012264
0.014437
0.029956
0.030005
0.023285
0.027324
0.019775
0.014871
0.012338
0.017046
0.014325
0.016278
0.016179
0.015406
0.013424
0.018181
0.017898
0.012706
0.012653
0.012787
0.012766
0.014035
0.014664
0.014184
0.01377
0.010371
0.015004
0.017052
0.010892
0.016017
0.018406
0.015967
0.011556
0.017207
0.02269
0.02421
0.022803
0.019552
0.017362
0.016732
0.018705
0.020779
0.021217
0.018707
0.019238
0.0187
0.01886
0.019704
0.018187
0.022535
0.020012
0.018537
0.017292
0.016335
0.019529
0.018801
0.018147
0.021412
0.015848
0.018334
0.021756
0.026147
0.023973
0.027422
0.023671
0.02967
0.026326
0.032026
0.03125
0.01808
0.019938
0.02003
0.017886
0.019622
0.023029
0.016964
0.01894
0.020578
0.020041
0.018222
0.019478
0.022814
0.027961
0.019692
0.019757
0.021195
0.018074
0.017526
0.015938
0.01612
0.049367
0.056828
0.059044
0.044928
0.066994
0.064281
0.050768
0.063008
0.032978
0.048338
0.060386
0.059176
0.060857
0.055729
0.063223
0.066948
0.045868
0.067175
0.066457
0.059266
0.061187
0.057864
0.066614
0.062467
0.029843
0.060314
0.05977
0.039398
0.044288
0.035598
0.039324
0.043731
0.032337
0.036739
0.043803
0.058245
0.039328
0.045077
0.043611
0.044044
0.040376
0.037694
0.045337
0.035689
0.041949
0.038829
0.04332
0.046949
0.053812
0.051383
0.049275
0.046152
0.036855
0.041158
0.032425
0.037383
0.037223
0.039848
0.036987
0.037334
0.039963
0.038146
0.035339
0.043729
0.043362
0.044096
0.031087
0.046199
0.035296
0.03762
0.039496
0.039676
0.039055
0.038539
0.042364
0.039868
0.03756
0.036847
0.029182
0.041887
0.038935
0.036818
0.035302
0.034516
0.025371
0.037226
0.032334
0.034422
0.029765
0.029939
0.029808
0.038709
0.031884
0.034343
0.027664
0.032184
0.025684
0.027141
0.037023
0.031236
0.028005
0.033905
0.031559
0.026446
0.027932
0.029172
0.026462
0.027836
0.029222
0.028448
0.024264
0.02493
0.024479
0.03557
0.031201
0.035549
0.025477
0.031573
0.026948
0.027478
0.030212
0.033706
0.026564
0.034563
0.025322
0.02603
0.030947
0.027995
0.028767
0.026269
0.027106
0.023369
0.03221
0.025897
0.034509
0.026516
0.025222
0.025776
0.028353
0.028414
0.032441
0.024779
0.029453
0.032059
0.027034
0.03027
0.027219
0.033492
0.026661
0.031532
0.030386
0.031384
0.035184
0.031933
0.02897
0.030751
0.027474
0.036132
0.024518
0.025101
0.035089
0.02571
0.027434
0.032406
0.030332
0.025468
0.029734
0.030659
0.022405
0.033388
0.022502
0.02887
0.032081
0.030791
0.033937
0.032007
0.027746
0.028968
0.029285
0.03147
0.026522
0.031831
0.031121
0.030555
0.028233
0.027082
0.031017
0.02648
0.029489
0.025203
0.027924
0.027969
0.030911
0.030633
0.025579
0.031041
0.024801
0.023982
0.030521
0.019903
0.032217
0.030486
0.031915
0.031947
0.035841
0.035926
0.037954
0.048644
0.036547
0.038871
0.028382
0.032215
0.033026
0.030582
0.030126
0.031068
0.028364
0.026247
0.02512
0.025143
0.025706
0.028309
0.036955
0.041631
0.037339
0.024579
0.030861
0.02012
0.013779
0.017386
0.01705
0.025081
0.023558
0.021994
0.025605
0.020973
0.022112
0.025351
0.020106
0.018347
0.020389
0.024285
0.019823
0.018669
0.027286
0.026106
0.024176
0.028126
0.023824
0.0223
0.030744
0.025189
0.03978
0.036267
0.034694
0.03953
0.032056
0.036258
0.023547
0.02314
0.021018
0.024532
0.020977
0.018003
0.018315
0.020974
0.023154
0.017772
0.018895
0.020407
0.021452
0.019397
0.019218
0.01563
0.02186
0.01641
0.021419
0.021602
0.016706
0.019768
0.021933
0.017903
0.020457
0.022224
0.023052
0.023362
0.023682
0.022303
0.023078
0.026276
0.02309
0.022645
0.021624
0.021308
0.023383
0.023506
0.024409
0.021534
0.022726
0.024102
0.022469
0.026283
0.02079
0.026146
0.022705
0.0293
0.028318
0.026431
0.02643
0.01934
0.021776
0.031591
0.024075
0.033459
0.026223
0.030914
0.033633
0.035392
0.030316
0.019552
0.023254
0.017391
0.015149
0.020656
0.026295
0.021348
0.022776
0.024851
0.018352
0.019923
0.021394
0.016624
0.027532
0.023387
0.015435
0.026958
0.025297
0.025511
0.025551
0.029324
0.024363
0.026235
0.029411
0.02409
0.026378
0.028212
0.030618
0.028546
0.032321
0.029692
0.028316
0.025204
0.026487
0.028956
0.035138
0.029438
0.036179
0.022178
0.022017
0.033695
0.03225
0.036887
0.027687
0.043795
0.031427
0.037569
0.033381
0.037997
0.047258
0.043257
0.045266
0.044142
0.045805
0.03843
0.046406
0.046842
0.045119
0.043139
0.037538
0.043243
0.054169
0.052847
0.052049
0.060429
0.055822
0.050504
0.056858
0.055352
0.042559
0.047241
0.055082
0.04638
0.061865
0.056528
0.055762
0.055636
0.043268
0.055174
0.059826
0.059804
0.05001
0.049906
0.047403
0.056484
0.057439
0.048538
0.056024
0.049571
0.060548
0.038855
0.047514
0.048335
0.038215
0.040903
0.049927
0.051642
0.041575
0.040191
0.043766
0.041658
0.045168
0.039897
0.047748
0.043077
0.034234
0.02297
0.019372
0.018093
0.02383
0.020038
0.018401
0.017244
0.020391
0.022818
0.024604
0.024951
0.016463
0.021636
0.022136
0.020811
0.025763
0.031026
0.02814
0.028566
0.028823
0.030425
0.028627
0.027511
0.029898
0.035928
0.029095
0.022587
0.03145
0.024615
0.034125
0.028032
0.030099
0.02542
0.030468
0.032193
0.026728
0.025426
0.031072
0.027801
0.028003
0.028378
0.040399
0.030774
0.038026
0.037043
0.036242
0.033463
0.034068
0.036397
0.039731
0.03858
0.032021
0.032261
0.026064
0.041798
0.040758
0.043728
0.04138
0.036316
0.036129
0.036785
0.04088
0.031433
0.029249
0.030484
0.036072
0.029665
0.031161
0.029806
0.030114
0.031346
0.028001
0.033021
0.024959
0.028517
0.021683
0.028177
0.041985
0.034635
0.038524
0.029397
0.023817
0.027678
0.037656
0.038579
0.031548
0.027646
0.02529
0.028457
0.028532
0.024268
0.022501
0.018143
0.027803
0.028447
0.020755
0.023525
0.017305
0.02466
0.019212
0.017601
0.018386
0.019344
0.018789
0.023974
0.024001
0.023116
0.01964
0.025562
0.026944
0.026691
0.028509
0.023655
0.025908
0.027768
0.025544
0.020777
0.030293
0.026715
0.022266
0.032004
0.036733
0.023724
0.033407
0.026866
0.025335
0.028677
0.033459
0.02327
0.030574
0.031942
0.033729
0.037287
0.028333
0.027883
0.020303
0.021197
0.01386
0.020907
0.014226
0.016024
0.016183
0.016091
0.012813
0.016037
0.034149
0.026124
0.019724
0.02097
0.016156
0.019722
0.014256
0.021904
0.01681
0.01333
0.01177
0.015823
0.017215
0.01667
0.010797
0.014159
0.012965
0.013766
0.013266
0.015248
0.014917
0.017567
0.019423
0.0231
0.018928
0.024329
0.025111
0.024979
0.022595
0.016727
0.017671
0.023758
0.014912
0.020899
0.020761
0.018634
0.02032
0.017289
0.018351
0.015794
0.014993
0.016067
0.031375
0.029357
0.025278
0.024617
0.023218
0.022521
0.025535
0.021243
0.026613
0.022381
0.023435
0.0261
0.026019
0.024164
0.026982
0.023744
0.021754
0.02313
0.020708
0.021432
0.023554
0.021264
0.024942
0.023574
0.023898
0.017794
0.045599
0.049719
0.038423
0.035211
0.040886
0.059005
0.033349
0.023906
0.03631
0.056881
0.047551
0.029756
0.055996
0.030118
0.032173
0.035779
0.032896
0.035039
0.036409
0.034628
0.049481
0.043595
0.028532
0.034847
0.051829
0.033455
0.030354
0.026382
0.033423
0.03897
0.03617
0.029684
0.024239
0.028028
0.037888
0.040694
0.033848
0.03391
0.023961
0.035096
0.042835
0.023867
0.030482
0.050284
0.035048
0.02953
0.047171
0.042242
0.035902
0.030836
0.032505
0.04077
0.052056
0.049087
0.046926
0.047111
0.056912
0.039743
0.04522
0.038046
0.051393
0.039187
0.052429
0.042896
0.029455
0.032066
0.036749
0.044533
0.031031
0.038478
0.029928
0.038141
0.036355
0.035246
0.03639
0.046093
0.028736
0.034354
0.046923
0.032068
0.030878
0.039135
0.038073
0.032757
0.033554
0.031175
0.033048
0.035437
0.029272
0.028588
0.031464
0.037717
0.037065
0.028979
0.030844
0.03193
0.029606
0.028378
0.029032
0.028458
0.030713
0.031937
0.026874
0.029421
0.029673
0.027497
0.022986
0.025488
0.033344
0.03174
0.030215
0.025462
0.029489
0.03115
0.028067
0.025595
0.026263
0.026808
0.029001
0.029767
0.026721
0.027286
0.026005
0.026261
0.030382
0.026192
0.024907
0.031725
0.029809
0.02614
0.024468
0.028717
0.026973
0.02824
0.03116
0.0263
0.031273
0.029436
0.031346
0.027096
0.033058
0.033235
0.027245
0.029881
0.032778
0.030061
0.03178
0.030743
0.032675
0.033346
0.03945
0.028246
0.026732
0.028524
0.029041
0.031543
0.03072
0.030173
0.027511
0.041101
0.02818
0.027716
0.029976
0.033118
0.031675
0.0373
0.034608
0.035738
0.030845
0.029603
0.030366
0.03187
0.031835
0.040822
0.028374
0.032456
0.031377
0.031986
0.031414
0.038422
0.037952
0.032571
0.034236
0.032481
0.031435
0.025434
0.027618
0.031734
0.026499
0.025064
0.0242
0.027514
0.025662
0.028832
0.031852
0.031971
0.029038
0.031002
0.034978
0.029204
0.0318
0.031664
0.030158
0.029919
0.028681
0.028205
0.034761
0.027929
0.033474
0.028028
0.027659
0.027679
0.02996
0.029665
0.037049
0.032044
0.035197
0.032535
0.036794
0.032346
0.035893
0.040175
0.041074
0.034865
0.042033
0.025414
0.028142
0.022169
0.028826
0.028251
0.024191
0.033586
0.027982
0.029974
0.023815
0.034743
0.039095
0.035207
0.034378
0.038238
0.037146
0.036534
0.042208
0.033507
0.039192
0.04482
0.040148
0.043963
0.043965
0.028652
0.027832
0.026585
0.02098
0.019311
0.022062
0.014877
0.017746
0.014354
0.021644
0.046361
0.043022
0.041074
0.041231
0.041254
0.042624
0.038202
0.030579
0.031699
0.031898
0.04125
0.034964
0.036047
0.038541
0.037979
0.037828
0.037102
0.036012
0.032866
0.037795
0.037004
0.033136
0.016934
0.041894
0.042613
0.037947
0.037761
0.037863
0.040104
0.039473
0.039535
0.042554
0.039263
0.042551
0.035938
0.042597
0.037668
0.041124
0.035253
0.040707
0.039072
0.036758
0.038477
0.034114
0.033688
0.043999
0.035441
0.039068
0.036846
0.041405
0.039297
0.039579
0.034009
0.040375
0.039449
0.039412
0.036597
0.03531
0.037588
0.038376
0.039595
0.037463
0.043183
0.038527
0.039369
0.036913
0.042096
0.039056
0.043115
0.040279
0.041966
0.035151
0.039098
0.040916
0.046187
0.037084
0.0403
0.035497
0.028785
0.026312
0.031239
0.038549
0.036893
0.029873
0.039624
0.032305
0.029412
0.026405
0.025235
0.02918
0.027879
0.026279
0.028179
0.033727
0.027018
0.02825
0.024862
0.023335
0.024185
0.02283
0.023967
0.020321
0.042362
0.038779
0.029863
0.030306
0.028731
0.026421
0.023226
0.025923
0.031633
0.026554
0.028367
0.024964
0.024641
0.022463
0.02213
0.023879
0.022
0.021579
0.019175
0.023523
0.023934
0.025383
0.022693
0.0206
0.033006
0.0208
0.017531
0.022563
0.018807
0.015616
0.019401
0.022068
0.021266
0.019214
0.021807
0.023383
0.023018
0.027121
0.028669
0.021699
0.030606
0.024635
0.027976
0.019677
0.015354
0.02006
0.018766
0.019768
0.018763
0.018025
0.0175
0.0176
0.023022
0.019294
0.016321
0.01761
0.01475
0.016075
0.015438
0.017034
0.018737
0.02493
0.027765
0.014662
0.017524
0.015594
0.016906
0.013847
0.016718
0.016114
0.015194
0.017222
0.018614
0.019349
0.018075
0.015814
0.020608
0.015785
0.017732
0.016578
0.016579
0.012739
0.018247
0.016652
0.018986
0.015555
0.018745
0.021743
0.017608
0.022696
0.017151
0.014487
0.019165
0.018344
0.019334
0.01834
0.012685
0.023548
0.020943
0.017751
0.016175
0.018307
0.019219
0.019441
0.020647
0.017273
0.022125
0.019365
0.017845
0.021171
0.017547
0.018628
0.06276
0.060593
0.05381
0.061805
0.063523
0.057531
0.056428
0.058636
0.060996
0.060525
0.054534
0.059408
0.066105
0.054375
0.065623
0.054458
0.06432
0.060699
0.056276
0.060184
0.046708
0.044471
0.035677
0.056254
0.027656
0.045961
0.034104
0.025944
0.04321
0.05667
0.053614
0.028346
0.052623
0.066993
0.060362
0.058652
0.062632
0.067671
0.028894
0.040539
0.049887
0.047008
0.040473
0.065444
0.0536
0.057671
0.059669
0.05086
0.046922
0.04353
0.048751
0.048794
0.047605
0.050446
0.031524
0.02652
0.041922
0.045431
0.041257
0.052812
0.050786
0.036503
0.032793
0.045344
0.034281
0.034987
0.02665
0.029116
0.026247
0.027287
0.025098
0.024166
0.030767
0.028359
0.024836
0.026283
0.032802
0.03143
0.025606
0.02828
0.029407
0.037215
0.034779
0.033598
0.032205
0.031147
0.029473
0.037509
0.037507
0.032245
0.037067
0.034987
0.033823
0.041385
0.037348
0.032772
0.035275
0.035687
0.038047
0.038641
0.040423
0.038309
0.039778
0.04273
0.045152
0.03785
0.039375
0.041342
0.044387
0.043281
0.044162
0.043413
0.041419
0.041944
0.040976
0.046032
0.038186
0.041299
0.040526
0.037604
0.027124
0.027025
0.028601
0.024894
0.022877
0.029949
0.041475
0.023809
0.024866
0.024456
0.025656
0.028765
0.029153
0.024745
0.029489
0.026832
0.028764
0.022455
0.026402
0.020168
0.028685
0.024564
0.026726
0.019227
0.023179
0.023584
0.021386
0.013971
0.018895
0.026502
0.023803
0.02178
0.020942
0.025612
0.02286
0.025135
0.027026
0.018935
0.023998
0.023485
0.021662
0.023922
0.022196
0.021307
0.023183
0.02138
0.021107
0.025634
0.019188
0.024758
0.020702
0.022552
0.025975
0.02004
0.014468
0.018706
0.02091
0.015459
0.014612
0.041489
0.038234
0.016777
0.020103
0.026535
0.028151
0.027158
0.022946
0.026641
0.016281
0.021203
0.014546
0.015635
0.019546
0.014224
0.014893
0.019614
0.025089
0.01219
0.016588
0.010906
0.016003
0.010708
0.016772
0.017207
0.014031
0.016987
0.018136
0.017578
0.012967
0.017819
0.011706
0.017865
0.017437
0.017265
0.017386
0.015521
0.016833
0.015267
0.017065
0.022228
0.015405
0.014555
0.020974
0.020323
0.019176
0.015584
0.015874
0.015652
0.016424
0.016038
0.015382
0.017519
0.015593
0.017546
0.017242
0.019923
0.015243
0.017796
0.018867
0.015894
0.018064
0.014729
0.015423
0.012942
0.033838
0.033424
0.036473
0.03061
0.03277
0.036095
0.035326
0.033403
0.038529
0.033858
0.037351
0.037944
0.033904
0.030055
0.032171
0.022135
0.031897
0.034341
0.034215
0.02986
0.029959
0.027467
0.034789
0.035175
0.032391
0.028298
0.026071
0.033033
0.026569
0.031852
0.029416
0.02379
0.023622
0.022905
0.027621
0.027648
0.019418
0.032074
0.030071
0.028814
0.025123
0.023735
0.02321
0.026365
0.025033
0.017167
0.025638
0.026454
0.024582
0.017804
0.016861
0.023076
0.017458
0.024019
0.021267
0.019268
0.015986
0.017346
0.015611
0.026245
0.01366
0.020218
0.018033
0.016633
0.017439
0.017679
0.014417
0.014792
0.016952
0.018048
0.016016
0.017881
0.01425
0.017139
0.016961
0.015316
0.018922
0.017615
0.013657
0.015723
0.019968
0.019541
0.019399
0.019077
0.016903
0.010787
0.01988
0.016265
0.012351
0.018535
0.012192
0.041751
0.027549
0.025397
0.019828
0.019041
0.024789
0.020797
0.0097499
0.01816
0.01555
0.014435
0.01611
0.016998
0.013803
0.018268
0.015287
0.014872
0.014623
0.017837
0.016327
0.017714
0.017393
0.019018
0.014603
0.01543
0.017547
0.021024
0.017062
0.01729
0.015404
0.017662
0.012516
0.017481
0.015394
0.013189
0.016514
0.013154
0.018828
0.014791
0.015782
0.016659
0.018567
0.016107
0.016306
0.01899
0.013995
0.017931
0.013471
0.018349
0.01844
0.018964
0.014616
0.012198
0.016283
0.017276
0.022158
0.02072
0.026888
0.026618
0.023358
0.029304
0.024034
0.028263
0.025237
0.030217
0.018022
0.029239
0.023405
0.026039
0.020569
0.023009
0.01669
0.015726
0.023236
0.019433
0.019523
0.02627
0.015824
0.019641
0.020538
0.017876
0.024421
0.024089
0.019299
0.017315
0.019969
0.018166
0.018811
0.017592
0.019272
0.019074
0.033002
0.02341
0.031875
0.018787
0.02645
0.017085
0.011954
0.014274
0.028312
0.024761
0.022155
0.024663
0.017662
0.02098
0.019712
0.022931
0.018498
0.020167
0.019526
0.018244
0.018433
0.021803
0.017582
0.017551
0.017155
0.016472
0.015925
0.017141
0.017477
0.017954
0.019019
0.017349
0.020697
0.020357
0.019332
0.015053
0.012159
0.016748
0.017724
0.014176
0.016977
0.014444
0.018543
0.015848
0.016282
0.024076
0.022768
0.021809
0.021406
0.017242
0.020117
0.019512
0.022572
0.017477
0.01547
0.021809
0.017452
0.020976
0.019291
0.016329
0.021729
0.01304
0.016684
0.016984
0.018507
0.018268
0.017501
0.01969
0.016798
0.01429
0.021838
0.016812
0.016474
0.016697
0.019435
0.020311
0.017433
0.015266
0.024847
0.021827
0.020392
0.020685
0.017107
0.017698
0.014489
0.018151
0.015721
0.018942
0.017321
0.014378
0.012308
0.018978
0.015268
0.014838
0.013605
0.012375
0.018981
0.015533
0.012766
0.014061
0.012899
0.015671
0.013233
0.013435
0.015909
0.010972
0.014574
0.015768
0.014402
0.017965
0.040878
0.04215
0.040647
0.040751
0.041321
0.041732
0.042057
0.041202
0.037806
0.043749
0.039101
0.036161
0.042188
0.033017
0.038084
0.036024
0.038827
0.040134
0.038547
0.042693
0.039445
0.036326
0.036212
0.035358
0.033328
0.034179
0.034133
0.035485
0.035898
0.025607
0.027641
0.024897
0.020162
0.027236
0.036187
0.029561
0.020352
0.028033
0.027216
0.024045
0.01925
0.019095
0.022934
0.023341
0.019502
0.020091
0.016337
0.014719
0.014873
0.014551
0.0167
0.015875
0.034343
0.034456
0.031121
0.0328
0.033637
0.029922
0.028942
0.030261
0.028867
0.027461
0.018982
0.017218
0.022316
0.019799
0.01911
0.020447
0.015802
0.016917
0.016257
0.015871
0.017462
0.011931
0.01406
0.017061
0.01689
0.015916
0.038105
0.016828
0.023236
0.018858
0.018458
0.022347
0.010981
0.013628
0.014466
0.019662
0.02135
0.018797
0.02072
0.018156
0.020986
0.021097
0.017698
0.016793
0.047815
0.019091
0.013768
0.015116
0.016101
0.014442
0.019784
0.01794
0.017628
0.022309
0.01479
0.015919
0.014563
0.016756
0.021126
0.02071
0.026016
0.014934
0.015756
0.014042
0.022464
0.011243
0.014553
0.016691
0.016616
0.016639
0.015765
0.015512
0.013611
0.017018
0.012744
0.018949
0.021842
0.015233
0.017596
0.018792
0.017238
0.016681
0.020939
0.019199
0.019144
0.018645
0.017713
0.018744
0.016056
0.016493
0.017565
0.01534
0.017922
0.019264
0.019751
0.014311
0.01914
0.01724
0.016553
0.016744
0.018778
0.014433
0.016118
0.014662
0.014106
0.01684
0.015617
0.083378
0.074756
0.08356
0.074267
0.080854
0.076738
0.08533
0.065641
0.083909
0.061192
0.076429
0.086722
0.055249
0.054881
0.076089
0.0687
0.076995
0.082553
0.065297
0.075621
0.080108
0.054664
0.056945
0.054629
0.05006
0.063753
0.070887
0.066264
0.068574
0.069163
0.049302
0.063377
0.06325
0.055756
0.054447
0.063952
0.053647
0.061713
0.062493
0.043348
0.055095
0.046619
0.048116
0.044427
0.046686
0.03586
0.046876
0.036865
0.037383
0.039373
0.034293
0.036647
0.035605
0.037112
0.035394
0.033981
0.032093
0.032308
0.029011
0.030195
0.030728
0.028271
0.018969
0.019653
0.016926
0.021065
0.01942
0.017101
0.019415
0.018251
0.017296
0.017714
0.018373
0.013911
0.014597
0.020109
0.01969
0.020337
0.01705
0.021624
0.017184
0.013397
0.019089
0.016984
0.01788
0.014522
0.017633
0.017102
0.014886
0.01381
0.016063
0.013882
0.016778
0.015087
0.01656
0.013647
0.012637
0.013285
0.013289
0.018549
0.013288
0.01614
0.019687
0.013917
0.017757
0.017601
0.018473
0.01571
0.014658
0.021024
0.018375
0.020813
0.018643
0.019268
0.019776
0.019188
0.021743
0.016026
0.017326
0.018584
0.018338
0.019599
0.017975
0.018676
0.013542
0.021257
0.020403
0.016897
0.019199
0.019389
0.014798
0.016085
0.021532
0.016232
0.015269
0.017253
0.015549
0.022843
0.018107
0.015271
0.018006
0.021602
0.017944
0.019422
0.021287
0.0243
0.018499
0.016136
0.018613
0.016378
0.018612
0.015438
0.016895
0.018306
0.013818
0.016968
0.017827
0.016762
0.017664
0.021317
0.018931
0.018482
0.018655
0.018842
0.018735
0.018464
0.017856
0.017593
0.016959
0.012556
0.01468
0.0183
0.016183
0.015301
0.05769
0.068064
0.074522
0.062301
0.056018
0.052881
0.06284
0.063371
0.041437
0.047747
0.051419
0.043072
0.067776
0.043069
0.04411
0.043055
0.040625
0.036033
0.042105
0.03187
0.035982
0.027971
0.031502
0.03954
0.031166
0.035561
0.030676
0.041018
0.032185
0.029019
0.032167
0.03111
0.035014
0.029397
0.037365
0.033404
0.028604
0.032702
0.029377
0.04077
0.035572
0.03863
0.032315
0.033296
0.035863
0.032188
0.034452
0.032195
0.033703
0.033151
0.033602
0.032918
0.031537
0.033753
0.033537
0.034343
0.034043
0.028913
0.033475
0.033025
0.034687
0.030729
0.025731
0.029542
0.032707
0.03149
0.028927
0.031299
0.028234
0.029312
0.033751
0.026512
0.038677
0.025677
0.030871
0.030576
0.035098
0.026288
0.027517
0.02627
0.029354
0.025003
0.033636
0.030649
0.025956
0.026196
0.030029
0.023584
0.0228
0.027892
0.032869
0.026909
0.028271
0.025376
0.028748
0.031767
0.028904
0.027674
0.026684
0.027986
0.028074
0.023527
0.027623
0.023747
0.028526
0.023685
0.028151
0.023303
0.023637
0.025164
0.025393
0.025532
0.028035
0.023024
0.023954
0.027368
0.021846
0.024161
0.022544
0.027148
0.019713
0.020386
0.02285
0.024426
0.021979
0.025459
0.026694
0.028164
0.023631
0.027019
0.025232
0.024787
0.024995
0.020504
0.025501
0.022277
0.023751
0.024818
0.021813
0.023024
0.022265
0.023453
0.020174
0.019752
0.0204
0.022653
0.023309
0.023156
0.021517
0.023249
0.021968
0.022453
0.023844
0.027007
0.021288
0.017314
0.019469
0.019296
0.015763
0.020625
0.022887
0.025523
0.026877
0.028495
0.025709
0.026972
0.02839
0.02118
0.027379
0.029925
0.026157
0.026044
0.025923
0.023027
0.0273
0.028255
0.027921
0.024387
0.023911
0.017694
0.019699
0.024177
0.026194
0.023122
0.022634
0.023807
0.022845
0.024056
0.020939
0.019979
0.017799
0.020961
0.020672
0.017302
0.020733
0.021567
0.014023
0.019907
0.014494
0.024146
0.017437
0.016059
0.025043
0.03204
0.019114
0.026777
0.026753
0.025747
0.025866
0.0271
0.019702
0.018274
0.027302
0.019813
0.022477
0.025658
0.025116
0.018452
0.018718
0.019626
0.021872
0.023367
0.019178
0.017286
0.02205
0.019242
0.023032
0.01961
0.016676
0.020408
0.021605
0.027924
0.014842
0.018296
0.017422
0.013844
0.022346
0.019818
0.021254
0.021896
0.019746
0.020032
0.018177
0.015482
0.021153
0.020243
0.032801
0.019412
0.021545
0.021156
0.024672
0.021256
0.015962
0.016445
0.018595
0.014143
0.019998
0.021491
0.018417
0.016342
0.017014
0.021047
0.018827
0.016158
0.021717
0.017399
0.014788
0.017756
0.01962
0.020905
0.021476
0.018206
0.018077
0.016388
0.016094
0.017366
0.018108
0.014396
0.015671
0.012878
0.015225
0.015729
0.017229
0.01586
0.016759
0.019115
0.019118
0.017752
0.01915
0.018545
0.015808
0.018496
0.032392
0.031604
0.034122
0.034105
0.032517
0.029977
0.035033
0.030616
0.029968
0.029754
0.036941
0.029846
0.029525
0.032834
0.033178
0.031313
0.026398
0.026107
0.030428
0.024128
0.032083
0.031336
0.028672
0.030482
0.028433
0.034243
0.02436
0.026014
0.026404
0.03272
0.02823
0.027325
0.019063
0.017165
0.028613
0.027087
0.026855
0.029368
0.026366
0.029269
0.030312
0.030815
0.026595
0.030631
0.027785
0.025471
0.030293
0.027524
0.025165
0.02722
0.028964
0.022897
0.023064
0.02637
0.023411
0.021143
0.017711
0.022057
0.03003
0.026714
0.028395
0.023315
0.022156
0.023267
0.023129
0.023704
0.026408
0.020179
0.020139
0.021496
0.020805
0.02068
0.024578
0.023272
0.023132
0.023471
0.021553
0.022348
0.021407
0.022954
0.02274
0.025002
0.027638
0.021132
0.025941
0.026101
0.027307
0.027316
0.024452
0.023914
0.021507
0.023075
0.023468
0.027504
0.029539
0.027441
0.02446
0.024287
0.02282
0.031445
0.021207
0.025624
0.024961
0.021121
0.022611
0.021117
0.023249
0.021418
0.022122
0.022487
0.019939
0.020798
0.023224
0.018961
0.023047
0.023419
0.021661
0.025022
0.026219
0.019074
0.025848
0.01636
0.021437
0.020228
0.02442
0.019818
0.021426
0.022585
0.022778
0.016737
0.025325
0.022883
0.026444
0.02775
0.019656
0.017498
0.018837
0.016088
0.014579
0.016735
0.012089
0.020514
0.023514
0.020372
0.018771
0.017328
0.020189
0.017935
0.017026
0.014106
0.020787
0.014606
0.014144
0.017697
0.019214
0.015626
0.022172
0.018869
0.018825
0.021956
0.020211
0.023913
0.023178
0.016367
0.019481
0.016711
0.02074
0.019155
0.0198
0.019198
0.020297
0.018127
0.020171
0.020505
0.016494
0.016736
0.022247
0.018074
0.016244
0.019403
0.016859
0.018993
0.015108
0.017342
0.015467
0.016965
0.017078
0.021323
0.02307
0.016677
0.017342
0.019652
0.019407
0.019028
0.01711
0.014974
0.018293
0.027406
0.027459
0.028379
0.025561
0.031747
0.030015
0.024526
0.024493
0.034285
0.03596
0.030544
0.024657
0.034654
0.037931
0.029299
0.017893
0.031359
0.029817
0.030373
0.032364
0.0219
0.022911
0.029902
0.021396
0.031401
0.030396
0.029005
0.029284
0.030097
0.025724
0.018556
0.020875
0.030299
0.027093
0.024209
0.02207
0.027714
0.023875
0.02849
0.02798
0.025264
0.02271
0.022527
0.024175
0.026074
0.024068
0.020049
0.021074
0.021904
0.022742
0.026354
0.019951
0.018972
0.019484
0.016146
0.015959
0.022298
0.026509
0.022388
0.016788
0.020756
0.018549
0.019112
0.021223
0.020392
0.021773
0.020334
0.023751
0.019235
0.022729
0.019626
0.022787
0.020917
0.023264
0.021039
0.026879
0.022775
0.022543
0.02178
0.021805
0.02234
0.022069
0.020847
0.023037
0.018435
0.022518
0.028641
0.02417
0.020301
0.019432
0.021705
0.024292
0.019748
0.021571
0.023312
0.020862
0.022632
0.026163
0.026129
0.024708
0.015948
0.024144
0.023288
0.021993
0.023958
0.023705
0.024805
0.028219
0.022219
0.020052
0.021968
0.024283
0.01911
0.021016
0.018816
0.017568
0.021808
0.022146
0.02122
0.023607
0.016978
0.016476
0.019256
0.025097
0.020436
0.01798
0.021218
0.019793
0.020474
0.019209
0.018776
0.016272
0.020419
0.016776
0.023686
0.021218
0.018232
0.023557
0.018739
0.027299
0.024007
0.023422
0.020853
0.02027
0.022162
0.019947
0.021716
0.024123
0.025764
0.023825
0.014826
0.025134
0.026117
0.022023
0.026906
0.020979
0.028313
0.024187
0.024
0.022722
0.023226
0.025695
0.024497
0.024082
0.023747
0.023689
0.019545
0.020844
0.027757
0.016985
0.019399
0.033369
0.030482
0.032397
0.049053
0.038409
0.029948
0.030673
0.03677
0.051177
0.038693
0.036504
0.033845
0.036605
0.045132
0.037955
0.037517
0.053798
0.032455
0.037739
0.035202
0.039191
0.042569
0.045765
0.044894
0.036938
0.069604
0.06268
0.069942
0.050942
0.041829
0.070415
0.068664
0.060798
0.063157
0.056154
0.062559
0.032974
0.058803
0.068246
0.047728
0.059479
0.055239
0.066393
0.044174
0.04877
0.037223
0.045538
0.042642
0.034373
0.039302
0.031533
0.028396
0.038882
0.035046
0.035869
0.032969
0.030841
0.028024
0.031884
0.019329
0.023544
0.022298
0.03354
0.036364
0.040508
0.036397
0.037833
0.039522
0.039627
0.038926
0.039666
0.029908
0.035111
0.02516
0.041489
0.035218
0.042533
0.029894
0.031952
0.032771
0.041419
0.03543
0.034173
0.028785
0.034462
0.031551
0.029035
0.035055
0.027815
0.030007
0.035322
0.031324
0.041341
0.031148
0.028431
0.018671
0.024966
0.02544
0.023127
0.019592
0.022271
0.023484
0.017907
0.018666
0.022946
0.020337
0.041838
0.036622
0.035241
0.030413
0.036138
0.035667
0.041586
0.03917
0.041945
0.025633
0.045537
0.039407
0.03191
0.039787
0.039484
0.041258
0.04163
0.035765
0.01931
0.018775
0.031044
0.034702
0.030934
0.034573
0.031098
0.033046
0.030951
0.035509
0.033813
0.035906
0.037002
0.044422
0.036355
0.041347
0.023529
0.042615
0.039263
0.024093
0.019194
0.025128
0.022535
0.022818
0.042294
0.019894
0.038635
0.016708
0.020634
0.030033
0.038388
0.037311
0.034215
0.036871
0.025656
0.024301
0.032637
0.024309
0.0249
0.016853
0.023078
0.027493
0.021808
0.021126
0.024235
0.028212
0.023251
0.027988
0.028616
0.037912
0.02562
0.041719
0.023005
0.027538
0.023604
0.025496
0.02599
0.024978
0.0262
0.026238
0.026087
0.021541
0.026747
0.023529
0.022769
0.020781
0.022831
0.017143
0.020951
0.022068
0.023343
0.021319
0.020665
0.024807
0.023584
0.025359
0.021377
0.020859
0.022909
0.01807
0.020073
0.023574
0.020761
0.01911
0.024188
0.025991
0.020974
0.019187
0.020897
0.021126
0.022844
0.022467
0.016478
0.020374
0.021696
0.018096
0.021502
0.031345
0.022377
0.025954
0.02572
0.02341
0.023458
0.022412
0.02412
0.02573
0.02503
0.023448
0.022476
0.024373
0.02078
0.025554
0.025679
0.025556
0.026502
0.019242
0.022796
0.018627
0.020971
0.018922
0.018847
0.023277
0.024848
0.018923
0.022943
0.020566
0.023022
0.018694
0.018456
0.020251
0.019335
0.01917
0.021113
0.017709
0.021123
0.019832
0.021809
0.017167
0.022921
0.01981
0.022474
0.020483
0.026928
0.020233
0.021085
0.01727
0.020038
0.016317
0.020769
0.021226
0.017072
0.022156
0.020812
0.024031
0.022586
0.028766
0.023925
0.022956
0.026907
0.023346
0.030121
0.0286
0.030078
0.036294
0.038668
0.031852
0.034014
0.037992
0.033453
0.029691
0.037286
0.028732
0.029778
0.028177
0.028957
0.028354
0.026276
0.031222
0.028055
0.026298
0.036249
0.050527
0.031008
0.034295
0.030714
0.044333
0.037209
0.036875
0.031988
0.038356
0.037879
0.034905
0.037517
0.033898
0.038277
0.039123
0.03236
0.036297
0.031925
0.039585
0.036311
0.03921
0.036065
0.034287
0.034751
0.028816
0.026309
0.032173
0.032845
0.026529
0.026163
0.024898
0.021991
0.026636
0.026316
0.028269
0.031171
0.024944
0.024728
0.024754
0.030263
0.029725
0.023351
0.028017
0.025575
0.025521
0.031147
0.027998
0.032226
0.036361
0.027281
0.037283
0.036939
0.03897
0.039304
0.033387
0.030115
0.029957
0.033992
0.018825
0.02083
0.015795
0.01698
0.016494
0.022987
0.020998
0.028669
0.023025
0.021837
0.024696
0.022821
0.017396
0.017948
0.021899
0.017586
0.023611
0.021683
0.018614
0.019232
0.034809
0.033418
0.0299
0.030831
0.026352
0.029973
0.028577
0.029203
0.0208
0.026571
0.034721
0.024672
0.022742
0.016564
0.018955
0.018445
0.019159
0.02006
0.016158
0.022275
0.023733
0.028871
0.035583
0.020007
0.021352
0.02409
0.016298
0.022931
0.02544
0.015465
0.019272
0.034661
0.019826
0.016685
0.01845
0.023672
0.022518
0.020567
0.014922
0.017733
0.020853
0.018323
0.020306
0.019694
0.017538
0.020877
0.019714
0.021784
0.020116
0.018552
0.019822
0.021991
0.023523
0.015749
0.02055
0.022637
0.01998
0.024204
0.02022
0.022636
0.024236
0.025211
0.023539
0.019776
0.021895
0.022817
0.018081
0.017856
0.01988
0.024212
0.017999
0.018108
0.016668
0.01504
0.020571
0.017435
0.016671
0.020358
0.020224
0.019341
0.02592
0.019694
0.02206
0.025676
0.024406
0.022642
0.024081
0.02197
0.020282
0.021111
0.021328
0.020115
0.020123
0.048543
0.03817
0.046182
0.033004
0.037375
0.032091
0.019969
0.021275
0.02018
0.016826
0.024347
0.037136
0.026854
0.03517
0.053536
0.046318
0.041708
0.049376
0.035453
0.041973
0.038465
0.036288
0.045913
0.036786
0.042045
0.037678
0.056055
0.021481
0.024291
0.015019
0.018535
0.016252
0.021352
0.033059
0.029485
0.034581
