0.02195
0.026602
0.030538
0.034792
0.033147
0.023625
0.024023
0.02313
0.022321
0.028749
0.023539
0.021683
0.016823
0.025656
0.026716
0.026169
0.024413
0.020325
0.018767
0.019973
0.025705
0.025809
0.013102
0.0273
0.029394
0.028207
0.036885
0.035667
0.040315
0.026004
0.029594
0.039688
0.03142
0.029618
0.024637
0.022742
0.02069
0.026914
0.023464
0.026742
0.024026
0.026567
0.024202
0.028726
0.029521
0.030072
0.027973
0.033377
0.036697
0.02365
0.028211
0.031439
0.025266
0.030818
0.019596
0.023754
0.033258
0.023367
0.033695
0.037839
0.034163
0.033176
0.034936
0.042773
0.040312
0.031818
0.03894
0.041269
0.042501
0.037285
0.039245
0.041175
0.043934
0.038234
0.0417
0.043627
0.038337
0.04079
0.039357
0.017514
0.041503
0.040254
0.042443
0.04007
0.043262
0.025409
0.026467
0.029874
0.023426
0.029362
0.026514
0.03136
0.019465
0.029892
0.03634
0.035066
0.037244
0.034674
0.039224
0.034759
0.021169
0.03702
0.039199
0.035989
0.035374
0.039447
0.031803
0.039968
0.031082
0.031839
0.041749
0.03643
0.031414
0.023647
0.035455
0.039319
0.042342
0.045424
0.037521
0.038267
0.019895
0.035949
0.038396
0.039849
0.028997
0.043519
0.036462
0.022886
0.036284
0.044707
0.050393
0.041608
0.043127
0.045282
0.045078
0.042731
0.037874
0.041475
0.0416
0.050547
0.043454
0.023022
0.049454
0.017164
0.037581
0.044094
0.037472
0.025335
0.041387
0.035834
0.042686
0.03944
0.036051
0.035525
0.036172
0.051936
0.032496
0.029871
0.047062
0.035926
0.030021
0.042327
0.036603
0.039956
0.043626
0.047342
0.041532
0.040368
0.035812
0.039297
0.039862
0.040425
0.039182
0.042481
0.043795
0.04756
0.043132
0.043594
0.041386
0.033726
0.044872
0.04266
0.04254
0.033608
0.044552
0.038873
0.043381
0.043421
0.036745
0.040662
0.039956
0.041829
0.049908
0.036568
0.039029
0.034788
0.041985
0.050206
0.035775
0.032688
0.035341
0.039101
0.030147
0.041761
0.031135
0.041413
0.025397
0.023266
0.05286
0.035967
0.02826
0.020843
0.033258
0.03587
0.025791
0.024575
0.025744
0.031231
0.029909
0.029211
0.045477
0.038336
0.026192
0.027733
0.031535
0.037832
0.036573
0.017387
0.014022
0.039811
0.01814
0.038674
0.032518
0.032925
0.026862
0.01801
0.022324
0.027324
0.025822
0.025036
0.03829
0.02402
0.034328
0.028061
0.024821
0.024077
0.024515
0.024992
0.026914
0.029456
0.026128
0.025189
0.025741
0.023676
0.024455
0.023742
0.020003
0.023351
0.026846
0.025567
0.025542
0.019539
0.024529
0.018198
0.026537
0.026639
0.026984
0.02676
0.028323
0.024098
0.030297
0.026655
0.025431
0.02914
0.026031
0.025762
0.023977
0.017219
0.023671
0.023483
0.029252
0.023829
0.02234
0.027131
0.026714
0.025047
0.025464
0.025711
0.044737
0.044103
0.04429
0.04082
0.043095
0.044273
0.040562
0.035096
0.040837
0.04092
0.037103
0.043935
0.033335
0.037009
0.037133
0.04724
0.040021
0.036069
0.041852
0.036435
0.041156
0.039552
0.039153
0.034611
0.035221
0.032577
0.029046
0.029238
0.039935
0.045246
0.044137
0.040783
0.043624
0.044397
0.039925
0.018292
0.018311
0.015261
0.019664
0.020251
0.025356
0.018527
0.022995
0.015768
0.023546
0.025005
0.024976
0.020792
0.017417
0.025292
0.017667
0.020126
0.017074
0.034029
0.02827
0.027614
0.016233
0.034723
0.039441
0.033313
0.017383
0.01761
0.018757
0.031332
0.024372
0.021437
0.024202
0.028974
0.031734
0.035597
0.034046
0.029896
0.033499
0.034639
0.032982
0.028053
0.018552
0.031178
0.023862
0.037812
0.026642
0.031657
0.027403
0.022457
0.039882
0.042624
0.038856
0.040087
0.029715
0.028208
0.028222
0.027905
0.034679
0.031743
0.016536
0.032729
0.031
0.021381
0.03132
0.039471
0.028403
0.03747
0.039288
0.035501
0.037861
0.019933
0.025412
0.026145
0.019795
0.020278
0.018309
0.020128
0.017426
0.016755
0.0259
0.023597
0.026622
0.018849
0.0204
0.021561
0.019085
0.02242
0.025382
0.031137
0.021647
0.025285
0.024964
0.028214
0.030235
0.02639
0.028833
0.032852
0.03643
0.018908
0.018803
0.017641
0.018407
0.018922
0.019389
0.023471
0.019902
0.020295
0.024338
0.0317
0.023635
0.023509
0.024852
0.019725
0.021744
0.022551
0.021266
0.018565
0.020871
0.023794
0.018823
0.020723
0.028271
0.023162
0.022584
0.024476
0.033132
0.032183
0.033589
0.03433
0.035915
0.039014
0.040632
0.043342
0.037277
0.036131
0.03435
0.040192
0.044117
0.018225
0.037158
0.02112
0.041458
0.041867
0.045027
0.039621
0.048107
0.037226
0.04268
0.044467
0.040408
0.046471
0.029498
0.022305
0.035906
0.036487
0.036479
0.034526
0.035866
0.033022
0.038115
0.03585
0.04129
0.03397
0.035679
0.039018
0.03098
0.034909
0.025228
0.033766
0.025911
0.031735
0.025267
0.031819
0.042235
0.035321
0.02892
0.017045
0.021836
0.037365
0.034024
0.041738
0.032826
0.037963
0.03562
0.025496
0.027701
0.030528
0.025762
0.036478
0.027882
0.025938
0.020516
0.020034
0.036386
0.02633
0.031624
0.025041
0.025047
0.030294
0.027799
0.034172
0.034487
0.029532
0.032285
0.037491
0.038027
0.038579
0.020391
0.038482
0.038638
0.03403
0.03749
0.038187
0.039528
0.03442
0.036084
0.039991
0.036961
0.039827
0.038013
0.034603
0.037336
0.036494
0.029623
0.035278
0.031177
0.032204
0.019951
0.036627
0.029808
0.01704
0.032905
0.018114
0.038242
0.027679
0.027676
0.022748
0.027155
0.035941
0.022277
0.033175
0.035068
0.031742
0.033351
0.03692
0.035557
0.03563
0.03709
0.033961
0.039296
0.037977
0.039551
0.036705
0.041162
0.041015
0.037124
0.036327
0.044661
0.030518
0.047134
0.036127
0.045446
0.031454
0.038919
0.048636
0.027371
0.038012
0.044912
0.035396
0.01883
0.019518
0.019831
0.038929
0.041711
0.040405
0.036507
0.038846
0.018128
0.025552
0.020827
0.040365
0.037682
0.037597
0.021645
0.038093
0.036841
0.043973
0.039434
0.032793
0.040939
0.036368
0.022063
0.034211
0.035395
0.033017
0.023493
0.040675
0.037749
0.038195
0.022434
0.024027
0.025478
0.040648
0.034636
0.028778
0.034508
0.032362
0.027141
0.025303
0.024519
0.027927
0.028852
0.032172
0.034192
0.025883
0.036814
0.030605
0.028837
0.032124
0.026822
0.0245
0.031123
0.022911
0.026597
0.025343
0.037236
0.016559
0.034842
0.029407
0.02646
0.027962
0.02046
0.029266
0.03043
0.025236
0.022672
0.032641
0.026716
0.026959
0.024448
0.032021
0.028047
0.024439
0.028686
0.027074
0.027399
0.02868
0.027501
0.040482
0.040206
0.038106
0.024605
0.034481
0.033476
0.028725
0.033493
0.030307
0.03558
0.036447
0.023544
0.020111
0.023314
0.032492
0.028247
0.029105
0.025713
0.038468
0.028024
0.027402
0.02379
0.024203
0.028287
0.028046
0.027994
0.027573
0.024601
0.030557
0.031645
0.026062
0.022925
0.027981
0.021522
0.026478
0.022348
0.027259
0.026598
0.024005
0.023754
0.029422
0.02493
0.030316
0.030393
0.028574
0.033273
0.031405
0.027971
0.033364
0.028723
0.023961
0.027419
0.019739
0.018636
0.024322
0.032075
0.030571
0.023894
0.027918
0.021771
0.03207
0.04007
0.040116
0.034655
0.039527
0.031298
0.037618
0.019336
0.027175
0.017749
0.02967
0.026923
0.021102
0.029799
0.018455
0.019762
0.019226
0.016802
0.024463
0.027707
0.025863
0.03194
0.021531
0.031618
0.021293
0.029671
0.037003
0.02097
0.025103
0.032781
0.034719
0.032363
0.019095
0.019601
0.023616
0.025947
0.023352
0.014259
0.020727
0.023227
0.026155
0.031578
0.014248
0.022567
0.016852
0.020833
0.027173
0.025697
0.01568
0.017351
0.013184
0.014511
0.019198
0.016477
0.015756
0.018864
0.016268
0.029438
0.020144
0.021803
0.0282
0.025506
0.022886
0.019501
0.026239
0.027431
0.019483
0.023309
0.022283
0.020281
0.020619
0.018019
0.0224
0.018632
0.021508
0.021044
0.023651
0.023548
0.03252
0.023393
0.042858
0.031445
0.03375
0.042252
0.042441
0.040637
0.036998
0.035714
0.039634
0.040703
0.038373
0.038248
0.031788
0.027545
0.037495
0.030847
0.038509
0.02698
0.037534
0.0415
0.045626
0.036635
0.042058
0.047602
0.031564
0.030325
0.040745
0.044679
0.034761
0.026634
0.034264
0.021036
0.03601
0.024668
0.029935
0.020352
0.037554
0.019783
0.037269
0.021433
0.019059
0.013671
0.015612
0.01921
0.015912
0.013365
0.012576
0.01333
0.018113
0.022971
0.018357
0.025445
0.019743
0.0227
0.024018
0.024366
0.024985
0.017594
0.022507
0.027164
0.019284
0.020937
0.020972
0.029669
0.018417
0.030758
0.022018
0.024943
0.026255
0.036194
0.036982
0.035625
0.037706
0.025751
0.037903
0.038988
0.039659
0.019796
0.021711
0.026257
0.017224
0.019626
0.02368
0.021976
0.026404
0.017561
0.023166
0.026947
0.020096
0.021639
0.033166
0.027054
0.023888
0.020727
0.021363
0.028613
0.020029
0.025257
0.037032
0.038726
0.025113
0.039736
0.021641
0.020627
0.018187
0.021809
0.024409
0.039894
0.035705
0.031949
0.03257
0.036463
0.027645
0.033491
0.025977
0.029323
0.026425
0.022979
0.025736
0.019844
0.023457
0.033536
0.017593
0.030015
0.03355
0.030972
0.026119
0.024172
0.028302
0.023757
0.029402
0.032043
0.022411
0.021568
0.017915
0.020305
0.035717
0.028091
0.020913
0.019773
0.021591
0.018786
0.023068
0.018081
0.023489
0.022369
0.028274
0.027501
0.021044
0.023583
0.026841
0.024108
0.034959
0.035631
0.03178
0.034501
0.038904
0.044858
0.040816
0.040964
0.042466
0.025407
0.020529
0.018919
0.025743
0.017366
0.01749
0.018727
0.019982
0.015204
0.019012
0.017506
0.020377
0.01724
0.016323
0.018756
0.04421
0.042896
0.03587
0.042744
0.042919
0.037137
0.021517
0.022691
0.018635
0.022505
0.022284
0.019952
0.019159
0.01699
0.019574
0.022595
0.020016
0.018817
0.032054
0.020213
0.020789
0.027783
0.023386
0.035285
0.035768
0.019779
0.020495
0.021617
0.024427
0.028453
0.023166
0.025298
0.024399
0.023992
0.028684
0.021955
0.061277
0.022684
0.026277
0.029851
0.026711
0.04207
0.043672
0.04271
0.02365
0.021932
0.019066
0.015176
0.014014
0.019367
0.017414
0.016152
0.019189
0.013791
0.016839
0.015558
0.016408
0.015617
0.027235
0.018469
0.020895
0.020734
0.021267
0.026027
0.016511
0.027754
0.029097
0.026849
0.029954
0.031161
0.02728
0.028861
0.029135
0.033644
0.033268
0.015048
0.016997
0.024322
0.025517
0.028284
0.024542
0.022576
0.028512
0.023609
0.027813
0.028624
0.03241
0.030039
0.02801
0.017027
0.030396
0.031045
0.030804
0.0289
0.029661
0.028808
0.025328
0.026804
0.022529
0.025506
0.028012
0.026167
0.032959
0.026539
0.026043
0.02277
0.017295
0.021403
0.021757
0.020128
0.023732
0.022774
0.023007
0.022391
0.019117
0.01955
0.025116
0.024519
0.021435
0.021055
0.025036
0.023374
0.021778
0.023621
0.027603
0.024086
0.02471
0.024528
0.024116
0.022612
0.020469
0.024011
0.024777
0.021277
0.021165
0.019839
0.024512
0.030114
0.029914
0.026883
0.02714
0.026816
0.028932
0.022822
0.027299
0.030492
0.018431
0.032337
0.024428
0.029088
0.022359
0.022797
0.025904
0.024421
0.027768
0.024846
0.022348
0.024141
0.024054
0.025553
0.024612
0.023434
0.021917
0.028024
0.021532
0.025604
0.025212
0.020738
0.020455
0.019443
0.02193
0.024595
0.022428
0.018885
0.02401
0.026949
0.017156
0.020396
0.025299
0.019241
0.021436
0.012128
0.023307
0.023734
0.019378
0.018862
0.019886
0.023187
0.01788
0.022319
0.016074
0.022023
0.020968
0.023606
0.025419
0.017669
0.023466
0.024742
0.020918
0.020609
0.023744
0.024887
0.022762
0.021443
0.018761
0.020691
0.020898
0.019729
0.019226
0.023446
0.02042
0.021308
0.020597
0.016563
0.016838
0.021059
0.03013
0.029163
0.029425
0.0295
0.031217
0.025871
0.032349
0.03061
0.020768
0.01749
0.022758
0.015098
0.015688
0.023397
0.019802
0.018815
0.019167
0.017244
0.019164
0.019696
0.020433
0.021242
0.019736
0.020435
0.014001
0.018139
0.023069
0.018323
0.022118
0.019774
0.017174
0.015395
0.016945
0.020049
0.014715
0.016444
0.013036
0.016701
0.015101
0.021493
0.015449
0.01568
0.01623
0.015647
0.015256
0.015403
0.024906
0.021709
0.019797
0.023454
0.025941
0.018485
0.021949
0.028606
0.022875
0.017717
0.02086
0.02045
0.025479
0.026857
0.025433
0.028694
0.024269
0.025771
0.02931
0.024408
0.022164
0.022538
0.027529
0.025921
0.027237
0.029638
0.026143
0.028718
0.024163
0.029304
0.023245
0.023767
0.026563
0.02188
0.022415
0.0258
0.02254
0.022963
0.028703
0.026824
0.024477
0.015897
0.0152
0.016736
0.023384
0.022444
0.018323
0.022834
0.017762
0.030307
0.021723
0.018647
0.024456
0.026709
0.025426
0.022868
0.021954
0.019165
0.026143
0.02174
0.021279
0.026617
0.024335
0.02038
0.025125
0.025249
0.019827
0.023844
0.018512
0.023695
0.0265
0.022135
0.033976
0.02751
0.024011
0.021565
0.024617
0.027075
0.028697
0.027531
0.027396
0.02444
0.021462
0.02523
0.022756
0.015951
0.02245
0.01884
0.017869
0.019351
0.017744
0.029088
0.017722
0.018841
0.017966
0.035156
0.022412
0.034968
0.061042
0.02784
0.027566
0.020968
0.066399
0.020621
0.022718
0.02221
0.021244
0.016423
0.017483
0.019652
0.017344
0.01657
0.017689
0.029276
0.016518
0.014949
0.01966
0.017046
0.017694
0.016329
0.013579
0.030212
0.016863
0.019048
0.016945
0.020852
0.019521
0.019667
0.019719
0.020738
0.018464
0.021627
0.025872
0.024373
0.027223
0.021806
0.023021
0.02266
0.027706
0.027145
0.026522
0.023091
0.019771
0.021989
0.015885
0.019961
0.017551
0.015165
0.014738
0.013154
0.016681
0.020944
0.016847
0.023146
0.022568
0.024604
0.023325
0.021767
0.020707
0.022599
0.025929
0.025624
0.022584
0.027413
0.025282
0.024805
0.028439
0.024102
0.02648
0.024238
0.023
0.019504
0.017933
0.017574
0.020247
0.023552
0.021913
0.020701
0.023153
0.020472
0.021433
0.019919
0.021911
0.021867
0.020633
0.019666
0.021959
0.02518
0.020911
0.022026
0.023809
0.019557
0.025686
0.02227
0.021779
0.018507
0.019163
0.01909
0.024847
0.018057
0.018638
0.026234
0.025341
0.025677
0.024528
0.022777
0.025212
0.022097
0.023075
0.024029
0.023662
0.026571
0.02238
0.022878
0.025238
0.023702
0.025719
0.018279
0.022915
0.022418
0.020802
0.020751
0.023279
0.021319
0.019445
0.024621
0.021528
0.024374
0.022418
0.024276
0.020004
0.019546
0.023034
0.037841
0.02802
0.030542
0.025888
0.029735
0.027412
0.025481
0.025629
0.026839
0.030581
0.027703
0.028899
0.031908
0.032191
0.02433
0.031102
0.032373
0.025383
0.024531
0.026181
0.027158
0.030466
0.02462
0.023465
0.025935
0.026291
0.026469
0.026792
0.024933
0.029882
0.027401
0.029428
0.031911
0.031965
0.025985
0.031723
0.024077
0.027324
0.031081
0.026555
0.033376
0.034782
0.02507
0.026574
0.042726
0.033934
0.030516
0.033989
0.025793
0.028523
0.021247
0.033749
0.022761
0.029887
0.027836
0.032578
0.036092
0.028913
0.041679
0.023156
0.026456
0.024655
0.032504
0.024537
0.023921
0.020398
0.020517
0.024153
0.021102
0.024471
0.019704
0.021312
0.019835
0.022689
0.021923
0.019194
0.025389
0.025964
0.01936
0.020884
0.020918
0.022001
0.0273
0.032617
0.027806
0.023157
0.019841
0.025009
0.024966
0.019862
0.018826
0.033018
0.020156
0.018519
0.027319
0.021162
0.025397
0.025031
0.021808
0.022302
0.021998
0.024183
0.029178
0.022833
0.018079
0.028653
0.028616
0.026577
0.026195
0.023843
0.024637
0.013609
0.018326
0.018102
0.018993
0.021504
0.01847
0.021444
0.020396
0.020163
0.017812
0.018066
0.036751
0.017923
0.016675
0.019627
0.017633
0.017328
0.021156
0.017109
0.019289
0.015543
0.015114
0.020161
0.021488
0.020453
0.047308
0.03819
0.017423
0.021256
0.021652
0.0211
0.023852
0.02278
0.018686
0.019218
0.021028
0.022047
0.02514
0.025095
0.020289
0.02198
0.020674
0.022254
0.022659
0.024345
0.024365
0.027267
0.031361
0.025524
0.024565
0.0204
0.025042
0.024962
0.022938
0.021843
0.02631
0.020542
0.02526
0.022661
0.025882
0.026533
0.028837
0.025422
0.01908
0.017912
0.025166
0.024476
0.02527
0.044486
0.017898
0.015609
0.01899
0.017284
0.016261
0.029212
0.022135
0.019788
0.026723
0.020907
0.022503
0.021143
0.023425
0.02161
0.022571
0.020293
0.022991
0.021371
0.021203
0.022159
0.019768
0.022249
0.023603
0.020838
0.020225
0.040242
0.024582
0.021602
0.021518
0.02176
0.019392
0.019633
0.01835
0.014743
0.024423
0.022225
0.042131
0.020255
0.023892
0.024981
0.021414
0.022002
0.020214
0.022756
0.021674
0.025078
0.025431
0.024126
0.022718
0.026913
0.023814
0.025961
0.027143
0.027388
0.023427
0.02393
0.02464
0.023103
0.020026
0.025328
0.022287
0.024745
0.021669
0.020639
0.022452
0.020859
0.025064
0.025895
0.02578
0.042979
0.039722
0.04459
0.023785
0.01986
0.018457
0.016425
0.01892
0.023353
0.01945
0.052232
0.053379
0.020736
0.022253
0.025157
0.020673
0.026816
0.015831
0.018084
0.021528
0.020505
0.026191
0.023061
0.01789
0.022752
0.022803
0.021412
0.022905
0.022132
0.022659
0.024853
0.021901
0.023754
0.01945
0.021487
0.021263
0.022204
0.025383
0.022605
0.025174
0.021455
0.021758
0.020305
0.019655
0.021227
0.022569
0.020154
0.022468
0.024276
0.023636
0.025814
0.019021
0.021004
0.019736
0.023827
0.023449
0.019685
0.021195
0.021999
0.020153
0.019579
0.018065
0.019538
0.026274
0.021162
0.014896
0.015603
0.016628
0.014282
0.017462
0.014183
0.016265
0.020125
0.024853
0.019785
0.020222
0.019015
0.021989
0.0212
0.0228
0.027395
0.021062
0.021532
0.023208
0.022927
0.02244
0.020597
0.019432
0.022358
0.022646
0.021441
0.023815
0.024282
0.023205
0.025465
0.025034
0.02164
0.02628
0.025426
0.025551
0.026499
0.026242
0.028975
0.02501
0.025262
0.027031
0.024967
0.02625
0.02433
0.018664
0.021202
0.017281
0.015785
0.019214
0.01932
0.026866
0.022094
0.019227
0.022251
0.018919
0.027873
0.02957
0.018688
0.016608
0.016352
0.017664
0.020936
0.016721
0.026047
0.019339
0.024263
0.018726
0.018269
0.02095
0.018277
0.017183
0.021399
0.014248
0.020896
0.02004
0.020402
0.021182
0.018204
0.019525
0.022484
0.026042
0.01901
0.021864
0.01994
0.024912
0.019001
0.020351
0.021615
0.019309
0.022452
0.022035
0.021461
0.021011
0.020613
0.023181
0.023416
0.023049
0.022106
0.022903
0.02208
0.022977
0.019946
0.022286
0.019502
0.021296
0.02702
0.023221
0.01913
0.016804
0.02217
0.019249
0.02456
0.024364
0.023842
0.025116
0.023903
0.025393
0.02749
0.030701
0.031481
0.02757
0.026677
0.027529
0.025868
0.028865
0.018839
0.018662
0.018616
0.025085
0.026078
0.02054
0.023969
0.023768
0.02303
0.022551
0.02455
0.02778
0.019403
0.02394
0.018586
0.019345
0.053732
0.047398
0.046835
0.043875
0.04803
0.049197
0.047984
0.047347
0.044722
0.054661
0.043882
0.060065
0.053516
0.049778
0.047582
0.04274
0.037586
0.049391
0.041264
0.048581
0.035049
0.035739
0.0509
0.036036
0.047036
0.034517
0.029939
0.03561
0.029676
0.044725
0.033476
0.038245
0.033997
0.044452
0.033588
0.033712
0.036906
0.041378
0.034842
0.033944
0.036766
0.039698
0.039735
0.040434
0.036703
0.043912
0.03946
0.043052
0.035835
0.042188
0.045237
0.044051
0.044703
0.043783
0.043173
0.043707
0.045931
0.043583
0.042284
0.045334
0.042459
0.042431
0.037322
0.040685
0.037439
0.051937
0.051828
0.048005
0.049657
0.05225
0.043605
0.046371
0.048052
0.046583
0.046596
0.05032
0.037963
0.045832
0.046131
0.03911
0.046448
0.036427
0.046452
0.03911
0.034956
0.038477
0.045032
0.036201
0.036345
0.037968
0.038677
0.032412
0.03245
0.035555
0.036378
0.033113
0.034815
0.035553
0.034204
0.029993
0.029835
0.025279
0.025799
0.03145
0.028817
0.028314
0.031321
0.024142
0.037321
0.036656
0.027723
0.03211
0.033075
0.028099
0.030162
0.024465
0.03096
0.024699
0.029964
0.024868
0.026468
0.030762
0.027617
0.027872
0.027145
0.024383
0.039198
0.030424
0.037176
0.03388
0.03318
0.038139
0.039634
0.034288
0.038329
0.031767
0.03531
0.029277
0.038906
0.037696
0.031143
0.029937
0.03692
0.026639
0.02848
0.02716
0.025862
0.035569
0.023744
0.027229
0.030642
0.030125
0.021333
0.033032
0.02783
0.025119
0.018932
0.020445
0.024513
0.018633
0.033953
0.036367
0.039524
0.029347
0.032171
0.030686
0.019239
0.034944
0.032283
0.032506
0.032066
0.033126
0.030718
0.026105
0.028518
0.023158
0.026913
0.022418
0.03364
0.024534
0.03017
0.027583
0.025869
0.02205
0.026349
0.028081
0.021943
0.032796
0.023834
0.022216
0.034653
0.037613
0.032764
0.028894
0.032819
0.030095
0.028154
0.028332
0.024818
0.025898
0.022957
0.025116
0.024195
0.024016
0.021303
0.028981
0.026354
0.02435
0.020743
0.0224
0.01887
0.022742
0.02316
0.023412
0.021679
0.021847
0.020138
0.023272
0.030173
0.03454
0.029671
0.031205
0.044972
0.026071
0.018342
0.028993
0.019655
0.016134
0.023236
0.029806
0.029188
0.01823
0.020891
0.023472
0.017096
0.021224
0.021777
0.019826
0.022181
0.019997
0.021643
0.022466
0.021502
0.022843
0.019757
0.023978
0.013645
0.01646
0.024809
0.021364
0.022268
0.025226
0.01823
0.019482
0.0243
0.019007
0.023253
0.022382
0.020174
0.023753
0.024456
0.024038
0.022228
0.022426
0.024594
0.024251
0.027041
0.023668
0.019229
0.020836
0.01725
0.021924
0.023451
0.021602
0.021903
0.024667
0.019877
0.019132
0.021828
0.018563
0.027642
0.041786
0.0241
0.040029
0.020506
0.034532
0.018725
0.020806
0.026827
0.021703
0.028335
0.024111
0.017398
0.020186
0.018582
0.021679
0.023309
0.021549
0.023061
0.021643
0.016631
0.026094
0.021541
0.025306
0.024104
0.020122
0.022466
0.016126
0.016765
0.0096551
0.023444
0.026055
0.01771
0.020014
0.023575
0.040642
0.036033
0.030815
0.02486
0.020087
0.024567
0.023691
0.024634
0.02321
0.023494
0.018792
0.019655
0.018753
0.020827
0.025383
0.022268
0.02129
0.020981
0.017463
0.011559
0.013125
0.013404
0.015572
0.015126
0.020865
0.035589
0.017919
0.020282
0.022484
0.023308
0.021073
0.026115
0.024405
0.016772
0.024415
0.021041
0.022451
0.02302
0.020669
0.021614
0.026971
0.025115
0.025468
0.026745
0.028235
0.046419
0.016885
0.014563
0.019986
0.025027
0.021074
0.021021
0.018174
0.013896
0.019678
0.020501
0.015014
0.021026
0.02195
0.014919
0.017478
0.01898
0.018544
0.021634
0.021446
0.021699
0.02109
0.021488
0.021699
0.022181
0.021775
0.025665
0.024026
0.02467
0.027173
0.026526
0.023255
0.024526
0.023053
0.024479
0.027704
0.022849
0.026996
0.025834
0.027089
0.023477
0.026972
0.026501
0.027296
0.019441
0.020706
0.017526
0.019079
0.01608
0.016898
0.014288
0.020128
0.01523
0.018617
0.018233
0.017612
0.018799
0.014846
0.016705
0.017203
0.021075
0.018506
0.027226
0.021866
0.019329
0.016833
0.015663
0.016363
0.020992
0.019052
0.018207
0.015838
0.017649
0.014476
0.01811
0.016567
0.023353
0.021552
0.021031
0.020439
0.021037
0.023552
0.023345
0.027462
0.021503
0.022736
0.024349
0.019075
0.019615
0.046
0.046438
0.044375
0.04515
0.039452
0.040341
0.044572
0.042502
0.040539
0.036369
0.041746
0.033856
0.035678
0.044757
0.043199
0.038662
0.029141
0.028746
0.036589
0.044483
0.042919
0.025587
0.03739
0.025761
0.039148
0.021941
0.038688
0.030997
0.035975
0.033576
0.039723
0.028221
0.026153
0.024356
0.028272
0.026385
0.025208
0.032925
0.036065
0.03403
0.03179
0.039867
0.036113
0.037318
0.038686
0.036098
0.039536
0.039863
0.044372
0.041361
0.042657
0.036586
0.041084
0.041396
0.041721
0.044497
0.04475
0.040745
0.041857
0.037944
0.042319
0.039508
0.043382
0.043639
0.041629
0.030817
0.035858
0.037076
0.037858
0.038425
0.042127
0.039009
0.038911
0.04058
0.033989
0.033829
0.04959
0.042212
0.048608
0.046396
0.037171
0.036475
0.035922
0.02896
0.031651
0.030967
0.03495
0.028949
0.029595
0.029084
0.028221
0.029759
0.030667
0.031626
0.021951
0.028246
0.024882
0.038555
0.033379
0.028334
0.02891
0.026473
0.030736
0.030974
0.029731
0.037168
0.036926
0.035028
0.037279
0.027408
0.033395
0.035148
0.032025
0.034855
0.032036
0.030583
0.031086
0.029003
0.039909
0.032107
0.029614
0.031522
0.028345
0.03721
0.031507
0.035425
0.023028
0.036515
0.028893
0.027449
0.029608
0.029256
0.023066
0.027544
0.028931
0.037719
0.036158
0.026676
0.027543
0.027997
0.030975
0.035185
0.036481
0.035399
0.02648
0.03337
0.030436
0.033436
0.035131
0.036091
0.02927
0.050977
0.051697
0.050096
0.047596
0.048283
0.046016
0.046152
0.049204
0.047916
0.049905
0.0438
0.047066
0.048426
0.036253
0.043709
0.045314
0.042641
0.048221
0.043017
0.043544
0.039371
0.043088
0.043411
0.026849
0.029156
0.027597
0.029032
0.036368
0.032403
0.037172
0.046304
0.053273
0.050085
0.045806
0.03986
0.039508
0.037707
0.032725
0.030552
0.030559
0.032886
0.027553
0.028285
0.034707
0.025346
0.023808
0.023676
0.021909
0.022881
0.020156
0.023058
0.020409
0.020884
0.021406
0.022003
0.020206
0.017505
0.020287
0.021397
0.023899
0.017596
0.019388
0.027137
0.024344
0.023234
0.019701
0.016055
0.017951
0.01766
0.015359
0.022645
0.020558
0.020343
0.017762
0.021079
0.015996
0.017916
0.015926
0.016746
0.018085
0.020143
0.023968
0.021913
0.020701
0.018947
0.020078
0.054261
0.04628
0.045473
0.051402
0.048918
0.052376
0.030654
0.034962
0.034387
0.038018
0.032923
0.022842
0.022308
0.023463
0.020926
0.020062
0.016179
0.019692
0.023297
0.020333
0.020436
0.019091
0.023868
0.018465
0.020584
0.023551
0.021974
0.017285
0.021928
0.016038
0.023173
0.0186
0.02179
0.053106
0.055242
0.049163
0.053751
0.043782
0.047648
0.042953
0.039454
0.034455
0.050336
0.045595
0.047858
0.039969
0.03454
0.033534
0.037033
0.026424
0.038666
0.034121
0.022818
0.020984
0.019231
0.019277
0.019848
0.023233
0.023005
0.020249
0.019269
0.021018
0.022843
0.021836
0.022613
0.02322
0.022495
0.022824
0.018719
0.021685
0.019668
0.019093
0.015195
0.016433
0.01467
0.043443
0.040146
0.030888
0.036726
0.025879
0.031896
0.040332
0.029196
0.024696
0.028934
0.023267
0.026613
0.025608
0.026623
0.028609
0.025584
0.022698
0.023057
0.017699
0.039532
0.025312
0.019799
0.015551
0.014835
0.017607
0.017735
0.01162
0.016653
0.01526
0.016113
0.013872
0.016247
0.019315
0.017717
0.026559
0.036837
0.039125
0.028695
0.030919
0.029227
0.029405
0.029391
0.026135
0.024572
0.026239
0.026477
0.026199
0.026668
0.031455
0.028547
0.026909
0.030377
0.026527
0.025344
0.022877
0.025692
0.025717
0.022511
0.01682
0.022335
0.018305
0.023112
0.023964
0.021008
0.019431
0.023908
0.017709
0.013822
0.016416
0.018232
0.018078
0.01821
0.020162
0.016354
0.019928
0.019084
0.018027
0.017657
0.016902
0.018876
0.01866
0.020339
0.017611
0.018023
0.017005
0.018973
0.019132
0.018114
0.016325
0.017482
0.018936
0.01466
0.020005
0.020924
0.018483
0.019281
0.019108
0.017262
0.015108
0.015773
0.016456
0.016052
0.018051
0.011475
0.013199
0.015504
0.038616
0.03968
0.042424
0.040585
0.044651
0.036498
0.039029
0.040479
0.043853
0.039155
0.0295
0.040437
0.031469
0.032841
0.02885
0.037502
0.037886
0.034264
0.036662
0.034776
0.039373
0.028832
0.030369
0.028972
0.03025
0.036271
0.036895
0.032944
0.038226
0.03075
0.032947
0.026612
0.032035
0.026244
0.031114
0.040576
0.039732
0.041462
0.037724
0.030705
0.028688
0.034373
0.032047
0.0295
0.032051
0.037957
0.027692
0.034341
0.036188
0.031817
0.030946
0.037531
0.040201
0.038418
0.036718
0.038597
0.034714
0.032207
0.040243
0.0309
0.030582
0.032467
0.030296
0.029418
0.027525
0.042544
0.02856
0.02969
0.027927
0.032321
0.030334
0.030606
0.032996
0.030276
0.033457
0.027997
0.034892
0.053334
0.051719
0.054006
0.057047
0.053632
0.056677
0.051835
0.055936
0.045825
0.046046
0.028933
0.041263
0.035578
0.03168
0.029009
0.037064
0.024404
0.037466
0.036479
0.023132
0.029391
0.027224
0.032296
0.030529
0.027327
0.031301
0.029439
0.032485
0.026977
0.024758
0.04054
0.026708
0.027308
0.025166
0.027466
0.035626
0.043104
0.040763
0.040272
0.047532
0.040218
0.043413
0.042863
0.046571
0.037855
0.037169
0.036138
0.041943
0.041135
0.045088
0.038895
0.034368
0.035462
0.039134
0.037559
0.05273
0.041169
0.036146
0.035909
0.04775
0.038719
0.042918
0.038367
0.040262
0.040493
0.04277
0.034996
0.04065
0.043028
0.041611
0.045937
0.041582
0.042553
0.036721
0.042574
0.040926
0.044915
0.036574
0.041793
0.04441
0.040989
0.045011
0.043794
0.045417
0.045371
0.040016
0.040629
0.041902
0.036597
0.048856
0.047984
0.048588
0.046193
0.048295
0.053627
0.057978
0.050718
0.046991
0.044081
0.043666
0.046478
0.052631
0.047888
0.049074
0.043403
0.050814
0.042655
0.043887
0.043517
0.046903
0.04447
0.045288
0.041907
0.037457
0.039628
0.043284
0.039962
0.047792
0.041486
0.040313
0.040217
0.028952
0.02214
0.024012
0.02777
0.02335
0.027815
0.024757
0.025881
0.027955
0.02852
0.030508
0.028394
0.026117
0.025122
0.025042
0.03626
0.021218
0.025221
0.024324
0.025358
0.025031
0.026806
0.021692
0.027653
0.023398
0.025785
0.022482
0.027375
0.026078
0.025781
0.021454
0.024839
0.023142
0.024521
0.025857
0.026972
0.023273
0.060403
0.060207
0.048666
0.045802
0.052466
0.062177
0.057669
0.045498
0.047711
0.039704
0.045043
0.043925
0.040004
0.03982
0.035116
0.044224
0.042707
0.040383
0.042926
0.035423
0.04167
0.04132
0.023041
0.025218
0.023194
0.027682
0.025888
0.029032
0.022719
0.033696
0.025316
0.027557
0.024212
0.026264
0.023637
0.024027
0.025515
0.022616
0.024217
0.022757
0.023948
0.024924
0.026078
0.022345
0.021721
0.024341
0.021038
0.019938
0.021947
0.020285
0.020309
0.028141
0.021144
0.023828
0.017124
0.021658
0.019081
0.021631
0.019178
0.019714
0.018846
0.022283
0.016991
0.01744
0.017894
0.021426
0.025277
0.021843
0.019886
0.024946
0.01762
0.021358
0.046881
0.054681
0.046948
0.050593
0.063917
0.057499
0.051611
0.066957
0.06234
0.060451
0.064286
0.03407
0.066096
0.056568
0.05487
0.06428
0.03789
0.040503
0.037016
0.03833
0.036939
0.037931
0.038133
0.038034
0.033458
0.039337
0.024971
0.029434
0.036243
0.023592
0.028679
0.024765
0.023283
0.025148
0.025223
0.042719
0.02313
0.017537
0.018871
0.023382
0.0217
0.019945
0.021223
0.020278
0.021512
0.015508
0.023972
0.055287
0.054666
0.051213
0.051573
0.050319
0.056064
0.040697
0.044789
0.035897
0.045915
0.04161
0.042743
0.040629
0.042423
0.027531
0.026563
0.0264
0.019852
0.023657
0.023009
0.019221
0.020856
0.018545
0.018659
0.016881
0.018118
0.020179
0.014971
0.019649
0.019691
0.022597
0.019717
0.015523
0.053698
0.046184
0.048059
0.044207
0.049886
0.049188
0.043648
0.043381
0.039758
0.040912
0.035543
0.040201
0.03116
0.043131
0.039895
0.036217
0.049353
0.03966
0.032509
0.032161
0.034884
0.023892
0.026158
0.021112
0.023951
0.024632
0.019495
0.024895
0.022938
0.024861
0.02647
0.021757
0.016803
0.018058
0.01811
0.018794
0.017196
0.019857
0.018023
0.016633
0.016514
0.017088
0.017202
0.020541
0.035609
0.040584
0.029937
0.023438
0.020183
0.022475
0.023841
0.020236
0.018118
0.023889
0.018416
0.016142
0.01563
0.020159
0.020079
0.015052
0.020151
0.015572
0.019575
0.016227
0.016386
0.019846
0.021813
0.022727
0.017858
0.018694
0.020327
0.019481
0.019545
0.013962
0.015831
0.014753
0.018813
0.020281
0.020413
0.019033
0.017242
0.019475
0.021277
0.034192
0.030433
0.039439
0.033815
0.037128
0.032569
0.039159
0.038664
0.045864
0.033273
0.034883
0.027774
0.03495
0.035821
0.036635
0.036177
0.030087
0.040674
0.038347
0.038861
0.036645
0.037195
0.032469
0.034428
0.037826
0.035705
0.031741
0.03649
0.038129
0.04031
0.036505
0.040573
0.038345
0.034946
0.036189
0.036681
0.031502
0.031865
0.034981
0.025872
0.038405
0.033611
0.032643
0.035475
0.037713
0.039977
0.045219
0.030897
0.018991
0.036886
0.043739
0.03885
0.040636
0.040949
0.042389
0.024982
0.030094
0.025918
0.032424
0.029854
0.030512
0.024629
0.032533
0.027637
0.027271
0.034471
0.036789
0.041662
0.039189
0.03697
0.04253
0.035662
0.047681
0.035855
0.034668
0.036743
0.037907
0.03141
0.03395
0.03908
0.030058
0.035169
0.032335
0.034282
0.03377
0.033688
0.031182
0.03876
0.03464
0.042681
0.034378
0.03331
0.040287
0.040309
0.044312
0.033817
0.040567
0.035862
0.042288
0.042394
0.039444
0.047342
0.046391
0.038555
0.041565
0.047147
0.052139
0.035801
0.045363
0.048204
0.044321
0.051377
0.046542
0.038864
0.052457
0.051706
0.051061
0.033296
0.051483
0.052618
0.055844
0.052345
0.038979
0.047325
0.046106
0.041061
0.043698
0.041674
0.043701
0.040352
0.037264
0.034563
0.045444
0.0337
0.027624
0.031333
0.028773
0.026602
0.02392
0.032636
0.024454
0.023464
0.026237
0.026581
0.025806
0.04815
0.046297
0.041181
0.042263
0.040129
0.043001
0.038988
0.046194
0.045628
0.042569
0.046334
0.048636
0.048684
0.04893
0.043321
0.046569
0.046152
0.061739
0.051424
0.052181
0.052541
0.070003
0.05755
0.046219
0.056599
0.04623
0.04933
0.039431
0.054276
0.042089
0.048382
0.046295
0.044573
0.047418
0.047877
0.032674
0.039885
0.0319
0.036105
0.032193
0.033799
0.02688
0.028937
0.03036
0.023188
0.023073
0.023412
0.022404
0.023527
0.019328
0.071002
0.047403
0.065381
0.065084
0.073809
0.071883
0.069945
0.039885
0.041238
0.05346
0.054774
0.04564
0.051699
0.039481
0.061217
0.070856
0.064602
0.03271
0.035862
0.031941
0.031844
0.030136
0.028095
0.021475
0.024412
0.024195
0.040157
0.032053
0.027115
0.024483
0.017374
0.018276
0.02564
0.022815
0.067247
0.077689
0.062364
0.068045
0.065334
0.064388
0.049251
0.057266
0.050875
0.061689
0.062389
0.028329
0.027906
0.028494
0.026807
0.028759
0.027789
0.026442
0.012659
0.025366
0.03174
0.027561
0.016386
0.018208
0.029976
0.022064
0.061603
0.059409
0.05885
0.065066
0.057699
0.057273
0.058827
0.051214
0.058934
0.053946
0.070672
0.070345
0.053252
0.058568
0.056196
0.054867
0.057327
0.054189
0.054013
0.046025
0.05053
0.047889
0.023766
0.029359
0.026915
0.024345
0.021681
0.019213
0.024817
0.026034
0.020999
0.020113
0.026212
0.017565
0.022607
0.025866
0.021142
0.021742
0.025241
0.025007
0.020259
0.050702
0.051165
0.046214
0.048836
0.025475
0.019749
0.023719
0.024151
0.024516
0.025706
0.022997
0.018375
0.025632
0.021427
0.019439
0.017814
0.018782
0.022826
0.020823
0.024833
0.020933
0.018541
0.025115
0.022608
0.022658
0.020573
0.021344
0.019403
0.023729
0.02248
0.023947
0.020082
0.021285
0.023619
0.025293
0.020548
0.017527
0.02034
0.018788
0.017387
0.024868
0.019028
0.019718
0.016988
0.014314
0.033915
0.043349
0.032887
0.035231
0.032276
0.030965
0.031301
0.040773
0.034455
0.031267
0.029465
0.024814
0.02617
0.035968
0.027331
0.029749
0.042431
0.025223
0.022552
0.023336
0.02458
0.025488
0.020131
0.027318
0.027397
0.025998
0.025313
0.030674
0.036518
0.025955
0.022156
0.028786
0.028281
0.03789
0.02864
0.040919
0.040338
0.035778
0.034074
0.03683
0.032218
0.032551
0.032443
0.037818
0.031823
0.03941
0.03611
0.032781
0.03113
0.031719
0.028812
0.037585
0.034484
0.038822
0.040378
0.037074
0.039869
0.043524
0.045655
0.044015
0.037546
0.041453
0.042933
0.037787
0.038411
0.03747
0.046553
0.054769
0.056653
0.044272
0.050442
0.046658
0.041979
0.046427
0.041442
0.047215
0.042888
0.045126
0.04189
0.042736
0.045545
0.04126
0.038356
0.041773
0.040631
0.037032
0.039048
0.036189
0.044566
0.045006
0.036113
0.034533
0.038629
0.035325
0.029801
0.034446
0.033345
0.042755
0.043479
0.034713
0.040518
0.037311
0.036027
0.039786
0.036222
0.041859
0.035942
0.032018
0.030833
0.030857
0.033571
0.03201
0.043923
0.040593
0.042695
0.045865
0.04253
0.034902
0.039888
0.037301
0.041913
0.038962
0.037007
0.037061
0.029515
0.035621
0.037091
0.044527
0.038235
0.038789
0.038645
0.03139
0.031741
0.031701
0.031311
0.061954
0.042413
0.038812
0.039421
0.038658
0.040946
0.050511
0.05292
0.042468
0.049304
0.046504
0.045971
0.033744
0.035717
0.040779
0.041114
0.045065
0.038866
0.034403
0.041817
0.032016
0.029813
0.030721
0.031242
0.033774
0.029632
0.026029
0.026327
0.03139
0.032059
0.029933
0.0563
0.077403
0.08022
0.060027
0.077922
0.068426
0.067032
0.056134
0.048106
0.061155
0.063837
0.039881
0.026043
0.029296
0.023539
0.023829
0.030634
0.030259
0.035397
0.032277
0.025664
0.022664
0.02815
0.080366
0.063849
0.067174
0.063122
0.054634
0.065994
0.066353
0.066755
0.066944
0.065915
0.061695
0.060567
0.060247
0.061135
0.07011
0.060372
0.054981
0.029485
0.028394
0.026091
0.027392
0.03224
0.025544
0.025938
0.030982
0.027339
0.027146
0.025601
0.026347
0.064344
0.064778
0.064979
0.061848
0.035957
0.029162
0.032551
0.031464
0.026397
0.026991
0.023243
0.025498
0.028359
0.02325
0.025354
0.025557
0.02307
0.029412
0.024949
0.029209
0.029295
0.026511
0.026081
0.032856
0.024012
0.023394
0.021447
0.026119
0.029016
0.022068
0.028519
0.021384
0.022134
0.023366
0.027301
0.022774
0.023734
0.026396
0.024532
0.022587
0.027061
0.02237
0.024277
0.020949
0.023461
0.028891
0.027115
0.022195
0.020102
0.020923
0.025142
0.021328
0.028371
0.03075
0.029812
0.029599
0.029506
0.029082
0.030616
0.026086
0.028819
0.032653
0.028875
0.026783
0.034975
0.029585
0.035279
0.028643
0.025781
0.030557
0.035829
0.028472
0.030837
0.032155
0.038168
0.034188
0.038468
0.03606
0.041433
0.032273
0.030035
0.030716
0.058869
0.052961
0.03463
0.034452
0.034226
0.037412
0.052307
0.045393
0.033014
0.034096
0.038598
0.037365
0.028835
0.027641
0.028237
0.030899
0.02628
0.029815
0.033305
0.023911
0.024462
0.027852
0.027057
0.026588
0.030144
0.029216
0.023083
0.024989
0.026062
0.028993
0.028096
0.027307
0.02208
0.028549
0.025284
0.024582
0.036409
0.033008
0.037327
0.034977
0.031628
0.031652
0.037434
0.027685
0.041839
0.03389
0.040647
0.035613
0.034786
0.04141
0.024714
0.02641
0.027285
0.027389
0.023884
0.028122
0.023268
0.023344
0.02643
0.028313
0.028135
0.021874
0.02359
0.025626
0.024397
0.026814
0.027478
0.024588
0.029792
0.027832
0.022961
0.025724
0.028032
0.026922
0.025389
0.024429
0.037874
0.039606
0.041847
0.034548
0.041962
0.039876
0.024997
0.027053
0.024443
0.024828
0.028316
0.044401
0.045555
0.04861
0.041237
0.045555
0.025615
0.025646
0.027648
0.031711
0.032089
0.030514
0.02694
0.027886
0.02677
0.030741
0.028988
0.027061
0.032982
0.052233
0.044219
0.050972
0.04714
0.04256
0.047776
0.049804
0.049773
0.041487
0.048724
0.068879
0.068157
0.067249
0.066916
0.066957
0.071553
0.061633
0.067081
0.061744
0.062559
0.070329
0.067536
0.067387
0.059296
0.062648
0.057601
0.04677
0.02933
0.030376
0.031865
0.028217
0.033448
0.034044
0.033316
0.041452
0.041645
0.045013
0.040806
0.05075
0.047755
0.043223
0.045811
0.043585
0.042695
0.047853
0.041184
0.051211
0.046617
0.057912
0.063559
0.063642
0.056907
0.052798
0.05193
0.058227
0.052513
0.065118
0.063578
0.047754
0.039934
0.046543
0.044822
0.052457
0.052318
0.051473
0.059028
0.050804
0.051596
0.037164
0.035501
0.035117
0.035555
0.034553
0.038582
0.046354
0.048033
0.045189
0.046435
0.042084
0.045999
0.03638
0.03899
0.040048
0.040512
0.037062
0.038516
0.040697
0.036152
0.034731
0.033804
0.033463
0.034877
0.043824
0.036865
0.043212
0.04118
0.032681
0.046365
0.033112
0.056193
0.05179
0.051571
0.054681
0.040616
0.045509
0.036014
0.036947
0.037199
0.031404
0.037653
0.041464
0.034594
0.031715
0.03058
0.034609
0.035288
0.034528
0.029811
0.029289
0.031598
0.034059
0.027663
0.046961
0.046916
0.046717
0.05728
0.0478
0.051779
0.046731
0.053598
0.054874
0.048609
0.051535
0.037931
0.035429
0.036642
0.039217
0.023644
0.029531
0.029143
0.031853
0.027352
0.027046
0.027044
0.02521
0.043333
0.027541
0.035894
0.037644
0.025732
0.033574
0.043212
0.022903
0.042563
0.05535
0.04903
0.028151
0.021746
0.050006
0.060779
0.057452
0.055544
0.057729
0.050745
0.047671
0.046898
0.046519
0.049228
0.054965
0.04963
0.03977
0.05045
0.058369
0.039484
0.04175
0.03728
0.041261
0.036745
0.035849
0.037319
0.030691
0.020947
0.023011
0.025985
0.024413
0.02623
0.021032
0.025134
0.035041
0.027429
0.05847
0.057988
0.028753
0.03004
0.030514
0.035999
0.029463
0.034223
0.029298
0.031214
0.036367
0.026497
0.033449
0.035166
0.030754
0.027257
0.027844
0.026987
0.030179
0.031281
0.033077
0.03659
0.028752
0.031071
0.026886
0.031609
0.029839
0.028484
0.030779
0.028095
0.03129
0.026488
0.026303
0.026842
0.024142
0.021869
0.024641
0.029939
0.025746
0.024478
0.02677
0.025964
0.026018
0.026935
0.027169
0.021178
0.025259
0.025938
0.02965
0.023579
0.027124
0.025245
0.027009
0.026875
0.027323
0.025947
0.0268
0.024547
0.027191
0.024307
0.025557
0.025741
0.026887
0.026295
0.028607
0.028415
0.025997
0.026872
0.027638
0.027046
0.026403
0.0267
0.028644
0.02165
0.026028
0.032369
0.031733
0.038871
0.032651
0.031953
0.033153
0.025994
0.030963
0.02508
0.029233
0.031029
0.026801
0.026966
0.0381
0.02354
0.041807
0.03851
0.044406
0.041576
0.047508
0.05662
0.051332
0.044934
0.035355
0.041149
0.046874
0.047927
0.031445
0.031508
0.035336
0.051187
0.043769
0.036343
0.045078
0.043396
0.042624
0.043683
0.045545
0.041544
0.048614
0.046417
0.030603
0.026067
0.035973
0.022135
0.031148
0.026114
0.030744
0.02958
0.022187
0.027877
0.030902
0.024502
0.017864
0.039527
0.035434
0.028503
0.039401
0.043316
0.035739
0.038314
0.037624
0.041096
0.035661
0.045427
0.04212
0.032574
0.040305
0.054328
0.038355
0.02275
0.020985
0.028792
0.021013
0.025799
0.027394
0.031044
0.025189
0.023788
0.025618
0.040721
0.038873
0.030209
0.02119
0.030455
0.02812
0.049701
0.043738
0.054074
0.055724
0.04109
0.023385
0.023572
0.024846
0.025346
0.029881
0.031562
0.031609
0.027877
0.030495
0.025374
0.02667
0.029778
0.025231
0.030558
0.029014
0.049122
0.059333
0.049502
0.051241
0.05032
0.053842
0.053063
0.050685
0.065976
0.068138
0.068973
0.055866
0.043586
0.047947
0.043776
0.038538
0.039741
0.037353
0.053468
0.055491
0.043363
0.048753
0.038607
0.037889
0.036911
0.023124
0.030775
0.030495
0.043245
0.046524
0.045444
0.042627
0.034137
0.037024
0.06294
0.036181
0.050689
0.045844
0.0451
0.045398
0.048073
0.04928
0.027876
0.029384
0.039163
0.022843
0.028277
0.029933
0.024725
0.039238
0.02938
0.029607
0.032316
0.027954
0.037185
0.032067
0.028103
0.028762
0.033771
0.039789
0.037796
0.027327
0.034382
0.037241
0.040635
0.036704
0.033693
0.047149
0.028854
0.039634
0.03798
0.034087
0.03084
0.034833
0.033945
0.049154
0.047479
0.050287
0.046348
0.041242
0.050929
0.041419
0.038852
0.049222
0.043519
0.043146
0.041527
0.056627
0.05587
0.042388
0.046573
0.048056
0.045773
0.048695
0.048151
0.049887
0.055868
0.049497
0.035099
0.036635
0.030862
0.030651
0.035667
0.038966
0.04072
0.042893
0.032195
0.037802
0.033439
0.034035
0.031384
0.034518
0.046202
0.043157
0.041791
0.052551
0.049481
0.046594
0.053379
0.050592
0.044201
0.049804
0.054374
0.046008
0.046047
0.046553
0.046923
0.046396
0.046756
0.047115
0.044691
0.043146
0.045941
0.042522
0.038754
0.034843
0.034588
0.033516
0.035555
0.030531
0.033991
0.033524
0.030136
0.042127
0.038809
0.031416
0.041613
0.044784
0.040542
0.040402
0.041219
0.040088
0.033986
0.032536
0.035768
0.041374
0.036282
0.034073
0.029075
0.023749
0.031285
0.034521
0.02033
0.037496
0.03442
0.040299
0.03482
0.034702
0.031192
0.033912
0.031581
0.025709
0.039982
0.030466
0.030793
0.031535
0.028674
0.033218
0.035059
0.034207
0.035868
0.034305
0.033307
0.036491
0.031064
0.034151
0.029231
0.028206
0.035712
0.030641
0.032254
0.033333
0.031606
0.030145
0.026442
0.028445
0.032427
0.033869
0.02871
0.030059
0.029439
0.030428
0.030042
0.029634
0.028067
0.029323
0.026692
0.029831
0.030113
0.033682
0.028835
0.027724
0.029393
0.028525
0.028181
0.027574
0.028913
0.029459
0.039987
0.043104
0.028344
0.046906
0.042753
0.042214
0.03835
0.045318
0.042895
0.045008
0.048592
0.044631
0.03857
0.034056
0.031805
0.029507
0.030716
0.052067
0.042582
0.060418
0.057788
0.059903
0.057349
0.02815
0.027862
0.026761
0.029
0.025068
0.025625
0.02752
0.024096
0.059316
0.059499
0.056091
0.056917
0.025655
0.05946
0.15205
0.056198
0.026443
0.14689
0.058171
0.029532
0.026531
0.030593
0.025471
0.027145
0.14881
0.028175
0.027849
0.029463
0.024233
0.033147
0.026999
0.025639
0.021147
0.022894
0.02466
0.037986
0.021724
0.029267
0.14784
0.15025
0.034157
0.040357
0.1478
0.041331
0.048024
0.15193
0.040968
0.044611
0.046545
0.041868
0.042205
0.029561
0.035797
0.033496
0.034512
0.035496
0.043112
0.038352
0.038693
0.04048
0.042757
0.042033
0.042615
0.036867
0.038556
0.046747
0.030089
0.024853
0.029506
0.030058
0.030973
0.029016
0.03964
0.033244
0.046753
0.038877
0.04236
0.039988
0.037913
0.039891
0.042673
0.039667
0.035497
0.036886
0.039221
0.035799
0.036136
0.037496
0.047016
0.044669
0.04114
0.049361
0.044658
0.050933
0.045332
0.051285
0.048205
0.04857
0.048877
0.057213
0.057448
0.049113
0.04889
0.028074
0.034113
0.04027
0.033513
0.034929
0.034742
0.035745
0.034913
0.039924
0.04054
0.042051
0.039539
0.040892
0.034207
0.030989
0.03514
0.033736
0.03654
0.036571
0.035789
0.050799
0.044453
0.039867
0.030205
0.041202
0.039986
0.040202
0.038851
0.039362
0.040003
0.033984
0.038593
0.03419
0.033877
0.036975
0.033822
0.034649
0.037971
0.036845
0.030909
0.032623
0.029717
0.034549
0.040079
0.035839
0.037152
0.03649
0.034324
0.037839
0.031845
0.031793
0.03457
0.035096
0.029276
0.027074
0.030824
0.027902
0.025995
0.031444
0.037501
0.033456
0.03536
0.029408
0.030697
0.035608
0.039358
0.027818
0.032062
0.033288
0.030992
0.036428
0.035026
0.035878
0.038145
0.033732
0.035983
0.031342
0.035431
0.027231
0.026546
0.027263
0.037399
0.03596
0.037867
0.039214
0.035173
0.034823
0.039258
0.038367
0.028992
0.030323
0.035156
0.033202
0.033222
0.031632
0.01955
0.032942
0.031647
0.030879
0.034991
0.033659
0.033665
0.030153
0.030955
0.032315
0.02938
0.032305
0.031659
0.030572
0.032549
0.03083
0.031177
0.032658
0.031994
0.027021
0.027982
0.031201
0.023982
0.02242
0.02925
0.030024
0.031004
0.043582
0.042142
0.039437
0.044663
0.028622
0.026152
0.030253
0.033079
0.028314
0.033533
0.030676
0.039122
0.031861
0.037955
0.03192
0.028802
0.038427
0.040032
0.039162
0.040096
0.040224
0.038096
0.040053
0.039112
0.035291
0.034398
0.042359
0.035099
0.030667
0.035616
0.030768
0.029321
0.031495
0.028658
0.03414
0.029343
0.042167
0.037105
0.036941
0.037364
0.039898
0.038665
0.036758
0.036535
0.034747
0.035176
0.034587
0.030832
0.036044
0.033431
0.036437
0.033644
0.038328
0.035371
0.036855
0.034072
0.036873
0.036913
0.036062
0.03973
0.036225
0.036084
0.039553
0.038058
0.036626
0.034719
0.035282
0.033579
0.028483
0.032249
0.03087
0.033121
0.03638
0.035389
0.037575
0.03074
0.036833
0.035728
0.034564
0.036131
0.035542
0.03197
0.035894
0.027732
0.035707
0.036446
0.037744
0.036481
0.035937
0.035715
0.03634
0.034014
0.034632
0.034764
0.035334
0.032528
0.031745
0.031081
0.032235
0.030458
0.033269
0.030273
0.031964
0.032913
0.035888
0.034102
0.032356
0.031558
0.030704
0.03085
0.032109
0.032451
0.031114
0.031462
0.029081
0.033441
0.027643
0.032857
0.029624
0.037208
0.037105
0.042175
0.045483
0.033019
0.045679
0.043186
0.041515
0.032876
0.026663
0.034276
0.02561
0.026729
0.035464
0.026789
0.044318
0.03781
0.045885
0.038288
0.043713
0.053602
0.047378
0.036063
0.036806
