0.070989
0.069047
0.060503
0.062513
0.064298
0.065981
0.059223
0.064645
0.055875
0.074336
0.071352
0.070207
0.072725
0.067052
0.070772
0.074324
0.07321
0.067553
0.027706
0.027586
0.059702
0.066271
0.066692
0.063433
0.048968
0.058943
0.056929
0.050899
0.059673
0.053609
0.054292
0.053159
0.045279
0.029553
0.030996
0.049357
0.051822
0.045962
0.052821
0.045056
0.051805
0.044094
0.046396
0.045336
0.049989
0.042419
0.048269
0.047914
0.039075
0.048367
0.017302
0.047058
0.044772
0.037969
0.045801
0.035398
0.037543
0.042043
0.037172
0.032503
0.044999
0.034787
0.041078
0.038255
0.040758
0.012722
0.032477
0.047585
0.020298
0.044814
0.038369
0.035113
0.036939
0.039462
0.042572
0.038852
0.021495
0.027916
0.049296
0.046023
0.042691
0.043956
0.039098
0.045849
0.037915
0.036248
0.035738
0.036596
0.035614
0.037788
0.012873
0.045177
0.043975
0.03473
0.042792
0.043726
0.041186
0.043671
0.033097
0.036407
0.029907
0.031959
0.039176
0.041583
0.04528
0.040603
0.038181
0.041659
0.01679
0.040303
0.036558
0.036708
0.041228
0.035183
0.035653
0.034703
0.043288
0.033862
0.035475
0.035979
0.028423
0.040502
0.03548
0.034781
0.038742
0.041537
0.038964
0.041815
0.04064
0.027886
0.035806
0.038854
0.042705
0.037486
0.032581
0.034812
0.02978
0.023356
0.038297
0.025014
0.041115
0.048285
0.030969
0.036288
0.023942
0.015817
0.029139
0.033286
0.024008
0.03259
0.032299
0.031834
0.035801
0.037966
0.03676
0.029813
0.029822
0.032097
0.034266
0.029393
0.04549
0.036235
0.032059
0.026753
0.029752
0.02315
0.032907
0.040923
0.024806
0.067398
0.063384
0.065548
0.057245
0.046664
0.048833
0.04283
0.062547
0.042048
0.03657
0.035626
0.049849
0.03703
0.033729
0.038401
0.037151
0.063696
0.023166
0.033968
0.048678
0.018086
0.031164
0.028273
0.020499
0.02233
0.032809
0.011614
0.05547
0.043248
0.053403
0.047059
0.042561
0.039768
0.041601
0.040766
0.038866
0.040557
0.054575
0.015559
0.014262
0.036639
0.040014
0.019316
0.017799
0.025353
0.043569
0.041336
0.031641
0.01582
0.039383
0.037266
0.034527
0.042465
0.048806
0.044529
0.045651
0.047345
0.040173
0.043687
0.032749
0.043912
0.034913
0.026804
0.042169
0.048712
0.026703
0.038414
0.050593
0.038036
0.029925
0.044318
0.03926
0.026123
0.021182
0.049248
0.02779
0.042091
0.049661
0.046471
0.030506
0.018866
0.047409
0.04621
0.049955
0.046021
0.035863
0.038015
0.037027
0.03453
0.040716
0.032963
0.040654
0.038372
0.039315
0.0451
0.036657
0.04533
0.032679
0.015691
0.021406
0.019778
0.018116
0.027622
0.031002
0.022919
0.019033
0.022624
0.019927
0.016769
0.017962
0.025148
0.020377
0.020405
0.023478
0.021853
0.023571
0.016917
0.020709
0.019726
0.02229
0.019944
0.02419
0.024054
0.023961
0.026268
0.024607
0.022478
0.021243
0.021388
0.02908
0.030805
0.019869
0.017176
0.017659
0.020784
0.019531
0.017771
0.022441
0.019542
0.021305
0.026669
0.024879
0.022042
0.021872
0.026821
0.028075
0.023139
0.022106
0.022902
0.020784
0.025932
0.024905
0.026898
0.024444
0.025102
0.026261
0.027704
0.025637
0.026965
0.019514
0.03172
0.030923
0.030013
0.034067
0.028512
0.033434
0.026763
0.027319
0.029905
0.031224
0.032799
0.030583
0.034287
0.034729
0.035986
0.035963
0.037697
0.037281
0.030532
0.034822
0.026561
0.024037
0.025398
0.022911
0.03251
0.020353
0.024607
0.029636
0.026555
0.030431
0.025483
0.024876
0.032844
0.028952
0.026357
0.029083
0.029962
0.029786
0.033735
0.036615
0.035245
0.032664
0.035135
0.036766
0.037641
0.025756
0.026233
0.020217
0.019582
0.022843
0.024339
0.019761
0.020696
0.022879
0.02261
0.021
0.024056
0.021482
0.022192
0.028529
0.02197
0.022955
0.021326
0.033499
0.028739
0.033737
0.045077
0.027376
0.029886
0.025302
0.022634
0.029464
0.034414
0.023718
0.023529
0.03402
0.032974
0.021168
0.016966
0.020919
0.029171
0.030126
0.016689
0.025814
0.030182
0.018462
0.028925
0.030372
0.033571
0.020149
0.025151
0.030735
0.028685
0.030138
0.024615
0.023704
0.022158
0.018691
0.027754
0.023613
0.021494
0.031566
0.028989
0.026896
0.026959
0.024826
0.041224
0.026977
0.023121
0.023985
0.025218
0.022475
0.026996
0.020521
0.021805
0.024765
0.036895
0.032118
0.036469
0.036052
0.039156
0.039483
0.039389
0.037356
0.039403
0.045139
0.037081
0.039447
0.03722
0.03634
0.037602
0.037248
0.033418
0.036412
0.031974
0.033528
0.033157
0.031301
0.030375
0.032572
0.030744
0.034434
0.036004
0.036179
0.035502
0.038996
0.033745
0.033569
0.025922
0.024345
0.025677
0.030755
0.025875
0.029383
0.024166
0.024196
0.03113
0.027071
0.024197
0.02414
0.023327
0.024007
0.025816
0.022671
0.031986
0.025405
0.026524
0.025348
0.024594
0.025083
0.025682
0.019648
0.023477
0.023194
0.025185
0.021699
0.028412
0.025685
0.020261
0.021831
0.022098
0.018072
0.019874
0.01778
0.025468
0.028998
0.025522
0.018439
0.018838
0.022675
0.020326
0.025411
0.017861
0.023249
0.029748
0.027376
0.024511
0.02717
0.029519
0.033428
0.031168
0.032911
0.026895
0.034999
0.023092
0.030659
0.032188
0.029987
0.027167
0.034804
0.030988
0.036753
0.035658
0.034537
0.036787
0.033518
0.038296
0.036362
0.031475
0.028376
0.027241
0.019881
0.023201
0.01953
0.022583
0.021933
0.023298
0.028528
0.026275
0.016875
0.02805
0.030999
0.023437
0.022478
0.025148
0.029199
0.032732
0.027404
0.029592
0.025307
0.024396
0.024218
0.04262
0.037391
0.028961
0.026599
0.030025
0.030784
0.040214
0.032434
0.034066
0.037114
0.038885
0.037435
0.036239
0.021454
0.039436
0.043008
0.025974
0.024221
0.023661
0.038092
0.020719
0.017918
0.028608
0.022259
0.028854
0.035414
0.041539
0.036755
0.037637
0.035813
0.03587
0.035787
0.035098
0.032369
0.034129
0.038169
0.020556
0.018762
0.055936
0.046304
0.039843
0.048395
0.048444
0.043681
0.046068
0.048878
0.039328
0.029972
0.039754
0.027099
0.031064
0.031004
0.030964
0.032791
0.031122
0.043289
0.040974
0.035266
0.045076
0.041127
0.04576
0.044172
0.040884
0.026697
0.034955
0.027743
0.027363
0.030247
0.032236
0.023567
0.029774
0.026423
0.028101
0.032585
0.031122
0.029549
0.032685
0.031717
0.032106
0.026743
0.0321
0.029909
0.031348
0.027286
0.027524
0.025822
0.016014
0.014817
0.016713
0.015934
0.016111
0.02043
0.016549
0.016268
0.018386
0.016961
0.019966
0.018129
0.016437
0.016933
0.015713
0.01545
0.016875
0.018496
0.016762
0.015556
0.016981
0.018629
0.015939
0.017488
0.018666
0.015217
0.02112
0.020861
0.019288
0.017385
0.022699
0.018399
0.016794
0.022481
0.022784
0.018152
0.018482
0.020311
0.01512
0.016227
0.01548
0.013553
0.016189
0.017068
0.015664
0.014631
0.017742
0.019032
0.019067
0.017572
0.016269
0.017873
0.019449
0.018782
0.016102
0.017013
0.016947
0.020415
0.017081
0.018907
0.021916
0.01977
0.01795
0.02945
0.018737
0.020035
0.018188
0.017605
0.017354
0.017579
0.017678
0.015002
0.016607
0.015879
0.014732
0.015339
0.018765
0.015617
0.018074
0.016182
0.019969
0.016179
0.020605
0.015185
0.02058
0.022224
0.020424
0.016042
0.023582
0.018233
0.01987
0.01118
0.021908
0.018991
0.021069
0.01989
0.01514
0.020149
0.022148
0.021693
0.019723
0.019194
0.02444
0.024899
0.027297
0.03169
0.031807
0.028056
0.02796
0.02496
0.028287
0.01925
0.017327
0.017184
0.018412
0.019088
0.020039
0.016963
0.022125
0.017053
0.018856
0.017642
0.016256
0.016574
0.019119
0.019752
0.02303
0.017108
0.022299
0.015136
0.026426
0.014892
0.015847
0.016932
0.016372
0.015962
0.021257
0.016802
0.014847
0.017658
0.016813
0.035016
0.024763
0.029211
0.028532
0.025561
0.019431
0.03893
0.027166
0.027898
0.030266
0.028956
0.032513
0.03958
0.033721
0.028461
0.039893
0.035451
0.022694
0.03551
0.036092
0.036065
0.032506
0.036555
0.035328
0.037461
0.040254
0.037526
0.024626
0.03615
0.036407
0.041432
0.030549
0.043623
0.037551
0.018126
0.02172
0.026384
0.016305
0.018026
0.026602
0.024977
0.019756
0.028336
0.02779
0.01471
0.038164
0.03871
0.019188
0.02326
0.017542
0.020943
0.01867
0.019006
0.020293
0.019744
0.016138
0.019291
0.02005
0.017449
0.017751
0.014042
0.016554
0.021263
0.020478
0.020232
0.024215
0.02063
0.019754
0.019793
0.017359
0.030045
0.028714
0.025361
0.01857
0.020788
0.021615
0.013438
0.01419
0.015968
0.014701
0.013174
0.015262
0.016136
0.034808
0.038475
0.02729
0.034503
0.036616
0.029152
0.025899
0.031347
0.030228
0.024527
0.030335
0.028024
0.030447
0.023797
0.028305
0.029609
0.025798
0.023403
0.024863
0.025677
0.029063
0.023927
0.037505
0.041881
0.045116
0.026236
0.020554
0.021716
0.019192
0.021564
0.018901
0.021471
0.031464
0.022608
0.030474
0.026321
0.022598
0.024677
0.021659
0.023443
0.024795
0.021832
0.022986
0.021209
0.018679
0.022066
0.015785
0.023018
0.019075
0.021044
0.035485
0.041936
0.015989
0.019671
0.035681
0.023674
0.019545
0.016851
0.01924
0.027808
0.032448
0.031062
0.031256
0.030561
0.026548
0.026924
0.026297
0.023831
0.030417
0.031874
0.024951
0.027389
0.030124
0.027476
0.025602
0.027334
0.030633
0.021997
0.019939
0.023067
0.025379
0.012713
0.027723
0.036683
0.032557
0.028719
0.029863
0.025388
0.02847
0.016861
0.021285
0.023387
0.021055
0.020968
0.020397
0.034527
0.027815
0.028614
0.026128
0.025845
0.026184
0.03114
0.029945
0.027903
0.021133
0.020396
0.025316
0.026508
0.025304
0.0245
0.024439
0.021702
0.018341
0.02274
0.021728
0.020257
0.023473
0.024215
0.022228
0.024477
0.0268
0.025001
0.032328
0.02944
0.027151
0.024531
0.028599
0.027308
0.024954
0.024046
0.027062
0.025981
0.027355
0.023328
0.030474
0.022139
0.039005
0.030647
0.03147
0.030468
0.026481
0.032192
0.030617
0.025389
0.025965
0.033926
0.024231
0.029739
0.037333
0.027015
0.024319
0.030921
0.032182
0.03297
0.037148
0.0356
0.024732
0.0253
0.029282
0.026335
0.030153
0.030883
0.031246
0.033296
0.043793
0.032118
0.028186
0.025926
0.030084
0.040905
0.042389
0.043722
0.041471
0.03243
0.041448
0.043795
0.041341
0.043526
0.039927
0.045153
0.042316
0.026535
0.024186
0.030563
0.023954
0.016337
0.022285
0.039453
0.040195
0.041469
0.039854
0.042371
0.03816
0.038828
0.037516
0.040309
0.045421
0.041585
0.029016
0.024617
0.027787
0.03354
0.029659
0.044968
0.039975
0.036432
0.034996
0.036338
0.032204
0.033525
0.032292
0.031724
0.022089
0.022229
0.022535
0.023657
0.021766
0.026554
0.026582
0.025577
0.023089
0.029098
0.023516
0.024457
0.024906
0.027503
0.029423
0.027672
0.021764
0.021589
0.03223
0.020249
0.020699
0.016655
0.018717
0.018075
0.016426
0.018385
0.016834
0.017319
0.016325
0.016549
0.020159
0.014738
0.017359
0.019235
0.016232
0.014863
0.017801
0.015523
0.014843
0.017624
0.013881
0.018869
0.017928
0.017526
0.014152
0.018982
0.016542
0.017182
0.014264
0.016816
0.017536
0.017302
0.023542
0.018175
0.017488
0.019841
0.020416
0.017589
0.017597
0.024511
0.019718
0.015258
0.023496
0.020785
0.024282
0.023198
0.021896
0.018843
0.01946
0.019103
0.019057
0.020622
0.02173
0.020041
0.01746
0.013228
0.022056
0.020884
0.028617
0.021121
0.015132
0.022541
0.018359
0.016161
0.018349
0.02025
0.018149
0.024741
0.01774
0.018491
0.014822
0.044059
0.04125
0.047054
0.036508
0.034118
0.037621
0.037609
0.018173
0.018735
0.017444
0.01401
0.012711
0.017554
0.0143
0.013038
0.016251
0.016368
0.013946
0.01294
0.016811
0.01412
0.014026
0.017915
0.013866
0.012099
0.017937
0.014933
0.014826
0.014848
0.016052
0.017126
0.016999
0.01999
0.016782
0.012752
0.01212
0.013651
0.01575
0.015579
0.016232
0.017757
0.016809
0.015935
0.015195
0.014325
0.015525
0.013753
0.01033
0.016969
0.017408
0.014997
0.013917
0.0197
0.018126
0.015011
0.013535
0.014966
0.018076
0.016512
0.018651
0.029597
0.019374
0.01835
0.027787
0.029351
0.023037
0.026035
0.023273
0.029364
0.027558
0.03302
0.03039
0.036303
0.035569
0.032753
0.033403
0.031113
0.034085
0.01996
0.030754
0.028876
0.017325
0.02069
0.022393
0.018623
0.015878
0.016529
0.012175
0.012201
0.011881
0.016525
0.013773
0.01752
0.01664
0.015575
0.013548
0.01855
0.013095
0.017873
0.017252
0.014309
0.01443
0.013866
0.012715
0.013307
0.014896
0.010373
0.015722
0.01327
0.018403
0.016471
0.014355
0.017545
0.01508
0.016668
0.012759
0.016034
0.037225
0.014098
0.017227
0.021448
0.016396
0.019151
0.015972
0.015875
0.027113
0.029082
0.026869
0.031969
0.034813
0.035578
0.037051
0.031157
0.032567
0.032998
0.026977
0.030487
0.030018
0.031163
0.038534
0.03065
0.022116
0.032426
0.037872
0.034315
0.036948
0.034949
0.046241
0.045274
0.01456
0.014732
0.013088
0.019007
0.015366
0.013589
0.016621
0.017744
0.017491
0.016822
0.014468
0.013133
0.011822
0.015325
0.012068
0.011687
0.014939
0.013361
0.013389
0.014373
0.0099901
0.012318
0.013786
0.011774
0.010753
0.011234
0.016906
0.013189
0.0094148
0.013732
0.012607
0.012992
0.01183
0.022464
0.018507
0.014997
0.038463
0.023505
0.020819
0.014098
0.012827
0.01476
0.014617
0.014926
0.018768
0.030587
0.028834
0.031225
0.047846
0.042067
0.039631
0.036431
0.025889
0.030583
0.041659
0.041495
0.026111
0.026384
0.02342
0.026776
0.011894
0.013184
0.010025
0.010844
0.022498
0.016217
0.0184
0.016664
0.017284
0.01619
0.0098783
0.012034
0.01516
0.012029
0.012568
0.023604
0.024525
0.024646
0.022478
0.024273
0.025797
0.026626
0.025268
0.017509
0.013546
0.015759
0.013171
0.012282
0.014803
0.015915
0.014839
0.016268
0.014815
0.016068
0.015943
0.01377
0.015128
0.01031
0.013563
0.01974
0.017814
0.022688
0.021018
0.02006
0.018033
0.017878
0.017212
0.01976
0.015555
0.016404
0.01892
0.01501
0.016199
0.014768
0.014408
0.015635
0.017109
0.016104
0.014277
0.018155
0.015893
0.013642
0.017791
0.015757
0.012965
0.01532
0.011712
0.014227
0.015516
0.012368
0.012284
0.016391
0.03037
0.01376
0.012087
0.014793
0.015097
0.015388
0.013853
0.013865
0.031903
0.033001
0.038063
0.039359
0.034461
0.036691
0.036291
0.033063
0.032625
0.038863
0.037286
0.028536
0.028712
0.023922
0.024577
0.029776
0.022143
0.030875
0.030853
0.039072
0.035391
0.031996
0.022472
0.027083
0.033932
0.023718
0.024375
0.032209
0.030152
0.025114
0.050293
0.022343
0.028849
0.039132
0.029244
0.029373
0.022924
0.02708
0.028196
0.029557
0.023126
0.02516
0.030104
0.029351
0.029912
0.02432
0.024865
0.048038
0.032608
0.024881
0.025969
0.029349
0.026562
0.032097
0.020015
0.026517
0.027034
0.023608
0.021492
0.022789
0.02106
0.027814
0.03056
0.025608
0.023281
0.026609
0.024821
0.026586
0.025007
0.022619
0.024144
0.032159
0.028024
0.029345
0.023604
0.02548
0.024881
0.028256
0.029602
0.035991
0.034664
0.029045
0.024937
0.025107
0.030241
0.031797
0.03292
0.022469
0.028837
0.025853
0.030324
0.030254
0.030834
0.034059
0.03416
0.030906
0.040112
0.036236
0.029695
0.032942
0.032477
0.038073
0.035841
0.034574
0.035051
0.030332
0.029088
0.021485
0.028321
0.034499
0.04193
0.035705
0.042291
0.036122
0.042983
0.033261
0.034167
0.037283
0.035936
0.037558
0.03696
0.03816
0.041857
0.041077
0.04227
0.042583
0.028861
0.028889
0.026026
0.02489
0.022234
0.02815
0.023146
0.028203
0.028538
0.024027
0.021284
0.02921
0.034219
0.032014
0.037087
0.034004
0.039521
0.034147
0.03941
0.040888
0.035528
0.036958
0.044221
0.041591
0.046165
0.041634
0.04417
0.047357
0.048973
0.052822
0.023442
0.027256
0.026585
0.022146
0.024518
0.023754
0.026052
0.024334
0.045382
0.032466
0.037661
0.034556
0.040978
0.037457
0.036814
0.039943
0.014301
0.038112
0.027022
0.025419
0.025331
0.023118
0.027357
0.024438
0.026492
0.022813
0.022019
0.0236
0.023457
0.0232
0.023906
0.021382
0.027742
0.022302
0.020353
0.024226
0.018756
0.022033
0.019067
0.02532
0.019859
0.020679
0.021742
0.021311
0.019148
0.020341
0.021767
0.020687
0.022751
0.018975
0.026549
0.017418
0.019715
0.02112
0.022456
0.023342
0.027505
0.024183
0.031415
0.027468
0.027993
0.024002
0.025091
0.027487
0.026613
0.024849
0.029627
0.029826
0.032829
0.027728
0.022411
0.023757
0.026291
0.029701
0.026758
0.025439
0.026923
0.027937
0.029278
0.025912
0.027004
0.026389
0.026726
0.035896
0.032678
0.033549
0.031431
0.03415
0.039034
0.025171
0.019481
0.019283
0.025085
0.021116
0.019864
0.022504
0.020717
0.021846
0.022107
0.017985
0.02271
0.016828
0.020885
0.015547
0.018125
0.02356
0.012479
0.013249
0.020662
0.020862
0.02138
0.019203
0.018238
0.019186
0.022034
0.023058
0.026906
0.018485
0.022552
0.022908
0.018828
0.029617
0.023823
0.019346
0.033274
0.030319
0.030531
0.037649
0.038885
0.034843
0.030851
0.036205
0.031671
0.0334
0.030537
0.027423
0.031527
0.030968
0.024333
0.033496
0.031427
0.029476
0.028257
0.02766
0.034162
0.036107
0.033883
0.024547
0.025345
0.032642
0.026214
0.022934
0.027244
0.02348
0.021728
0.026702
0.031074
0.020096
0.037878
0.01918
0.018765
0.022451
0.020085
0.034062
0.014699
0.01376
0.014583
0.015593
0.017262
0.015948
0.017747
0.018996
0.015476
0.023051
0.019984
0.021892
0.01999
0.019137
0.027715
0.027137
0.027245
0.025922
0.025522
0.026911
0.022994
0.02273
0.02298
0.032468
0.023354
0.025661
0.020897
0.028758
0.031889
0.03034
0.02889
0.030383
0.01897
0.027981
0.029155
0.031188
0.033379
0.027997
0.033068
0.030934
0.028751
0.030098
0.03113
0.032538
0.021935
0.021376
0.021728
0.021135
0.019905
0.017055
0.011715
0.017865
0.013762
0.015633
0.016287
0.013715
0.019236
0.01736
0.02065
0.021353
0.022317
0.01689
0.019112
0.01445
0.018037
0.018207
0.020885
0.023432
0.027341
0.03303
0.026369
0.025863
0.022272
0.0302
0.030327
0.032132
0.028863
0.033726
0.03084
0.032021
0.033165
0.03623
0.034246
0.034843
0.033221
0.033953
0.032244
0.034026
0.03654
0.03623
0.033393
0.03436
0.03902
0.035892
0.035675
0.01806
0.018289
0.015318
0.013873
0.015481
0.015686
0.018508
0.018506
0.01312
0.019289
0.016158
0.013219
0.010068
0.012977
0.013475
0.013416
0.014541
0.012922
0.014987
0.013964
0.017613
0.017059
0.01525
0.012332
0.017579
0.015505
0.02033
0.017608
0.022034
0.021215
0.018948
0.011814
0.02587
0.027514
0.023935
0.026313
0.024876
0.018702
0.016072
0.011678
0.012559
0.016491
0.015025
0.011814
0.012545
0.014015
0.012295
0.012503
0.014417
0.015749
0.011974
0.0094975
0.013908
0.0133
0.0093504
0.011169
0.011496
0.014424
0.011569
0.020273
0.01317
0.017456
0.011906
0.018848
0.015381
0.015955
0.014244
0.010548
0.012862
0.018667
0.015291
0.013724
0.019185
0.021388
0.01664
0.021804
0.018526
0.011121
0.018775
0.016214
0.020262
0.021745
0.023991
0.022459
0.023572
0.019239
0.02053
0.02045
0.011498
0.011231
0.011754
0.010916
0.015268
0.015117
0.020013
0.011254
0.012611
0.013475
0.015454
0.015498
0.015316
0.017699
0.012745
0.015375
0.012734
0.013508
0.01553
0.015015
0.017298
0.011333
0.018265
0.018377
0.018312
0.019204
0.020143
0.016854
0.013757
0.017619
0.019451
0.01806
0.018646
0.014524
0.015844
0.019469
0.017044
0.015655
0.01734
0.017331
0.017858
0.014313
0.016614
0.015355
0.015223
0.015369
0.016653
0.016273
0.011934
0.014829
0.015234
0.017375
0.011368
0.016212
0.014124
0.016495
0.016544
0.015067
0.014773
0.013133
0.010549
0.012592
0.015206
0.015433
0.013059
0.013082
0.01531
0.012959
0.015333
0.014843
0.015626
0.015609
0.013275
0.015041
0.014663
0.012901
0.01457
0.011161
0.014271
0.013849
0.014748
0.015289
0.014306
0.014748
0.013048
0.013014
0.034161
0.036481
0.037157
0.036837
0.039479
0.043423
0.039602
0.036336
0.033549
0.036874
0.032794
0.036083
0.031802
0.031561
0.022824
0.028048
0.023532
0.029022
0.024747
0.025182
0.025564
0.024007
0.029682
0.023686
0.022553
0.018649
0.019146
0.022145
0.025514
0.027951
0.023573
0.030939
0.025138
0.027118
0.027113
0.031604
0.027854
0.040542
0.033468
0.031229
0.034929
0.031999
0.034378
0.039509
0.028561
0.026318
0.032346
0.031208
0.033245
0.033921
0.0387
0.030159
0.034811
0.041787
0.042864
0.041015
0.037672
0.044769
0.045718
0.048032
0.041741
0.049811
0.047394
0.035447
0.039619
0.043148
0.044876
0.036188
0.034352
0.032263
0.036152
0.040336
0.027696
0.028955
0.029333
0.026831
0.028925
0.029134
0.031049
0.024656
0.032391
0.032613
0.029188
0.031087
0.030139
0.030931
0.031891
0.031484
0.030451
0.027387
0.03071
0.029226
0.035965
0.029156
0.028083
0.028532
0.042422
0.044531
0.039313
0.038907
0.039503
0.042907
0.032769
0.036361
0.036915
0.037763
0.032703
0.033806
0.038445
0.044287
0.044398
0.043601
0.025472
0.021408
0.021587
0.021227
0.019587
0.016628
0.0213
0.020158
0.013244
0.018593
0.025258
0.024743
0.026081
0.026767
0.027948
0.023019
0.026195
0.02301
0.020937
0.021245
0.020838
0.022591
0.032093
0.026762
0.026421
0.029809
0.027182
0.032226
0.025254
0.026609
0.022042
0.021192
0.030116
0.02552
0.022422
0.029346
0.028236
0.032726
0.028904
0.037305
0.033145
0.041659
0.027343
0.035725
0.046542
0.032688
0.03696
0.03417
0.034414
0.032392
0.043353
0.039905
0.03943
0.04085
0.021906
0.020527
0.019611
0.018437
0.022442
0.017513
0.018374
0.019612
0.020005
0.018945
0.021752
0.019184
0.019531
0.018389
0.019727
0.019927
0.019012
0.019354
0.020287
0.021713
0.023177
0.017807
0.020377
0.025401
0.018957
0.01915
0.020604
0.018286
0.019725
0.018465
0.020458
0.021825
0.021299
0.023738
0.020768
0.026249
0.027932
0.02045
0.018436
0.021434
0.028516
0.022532
0.026658
0.024925
0.021521
0.020062
0.022753
0.025623
0.031488
0.032144
0.035742
0.034448
0.03236
0.029113
0.024972
0.030804
0.028689
0.026378
0.025789
0.034069
0.031874
0.037946
0.055733
0.026571
0.034601
0.051973
0.030864
0.019956
0.032267
0.021314
0.022541
0.02607
0.024605
0.026878
0.02266
0.022949
0.023363
0.026368
0.021184
0.025282
0.02325
0.026753
0.025857
0.019348
0.020462
0.021681
0.01676
0.01814
0.027295
0.022601
0.018451
0.023305
0.018869
0.018261
0.021508
0.022077
0.024302
0.023416
0.026279
0.025295
0.022425
0.025565
0.022685
0.02189
0.025591
0.024831
0.023946
0.024168
0.028339
0.023472
0.022106
0.026189
0.018832
0.019747
0.017438
0.022459
0.020342
0.019346
0.017406
0.019346
0.022335
0.019242
0.016545
0.021082
0.020933
0.021481
0.024418
0.020786
0.024034
0.023299
0.018169
0.02152
0.023424
0.018686
0.023458
0.024222
0.019667
0.020952
0.022613
0.023588
0.024115
0.025263
0.025515
0.021537
0.02255
0.028166
0.025358
0.024883
0.027425
0.028322
0.024949
0.023874
0.028032
0.028033
0.031701
0.024231
0.026423
0.028739
0.021513
0.027996
0.024657
0.023257
0.025892
0.026248
0.027784
0.025074
0.025472
0.020762
0.028232
0.026351
0.022609
0.027753
0.025986
0.024742
0.025421
0.023256
0.029447
0.023008
0.021311
0.023973
0.026762
0.024572
0.021768
0.022731
0.022442
0.01967
0.022784
0.018664
0.016939
0.015472
0.014343
0.017377
0.014274
0.017128
0.013202
0.015608
0.018608
0.014114
0.016783
0.019737
0.016159
0.016807
0.017348
0.015237
0.016804
0.014296
0.018522
0.021584
0.021057
0.020427
0.024374
0.027554
0.025625
0.017485
0.020711
0.028752
0.026044
0.027596
0.023808
0.018702
0.023754
0.015947
0.024952
0.021007
0.019903
0.030015
0.026267
0.026741
0.023425
0.021304
0.020232
0.020534
0.026852
0.022959
0.022969
0.027381
0.023866
0.018841
0.026742
0.017259
0.016908
0.011483
0.017385
0.015878
0.011292
0.015764
0.016715
0.017555
0.019503
0.022691
0.017562
0.024033
0.021644
0.020158
0.021598
0.021642
0.024252
0.025759
0.023522
0.022418
0.021428
0.020626
0.021921
0.0227
0.022836
0.023355
0.024399
0.023685
0.020518
0.021207
0.017418
0.0278
0.024079
0.024843
0.025542
0.024467
0.029846
0.026451
0.027312
0.025039
0.022429
0.02634
0.014905
0.015343
0.016074
0.020645
0.017989
0.0098838
0.014263
0.01203
0.011418
0.016831
0.016091
0.016416
0.016481
0.019357
0.018445
0.025211
0.020696
0.019913
0.019705
0.015803
0.01479
0.021155
0.022917
0.019649
0.025213
0.018661
0.019597
0.020307
0.020191
0.022375
0.020411
0.019981
0.019016
0.019614
0.015499
0.019891
0.017885
0.025998
0.022487
0.018753
0.017921
0.020136
0.023157
0.021931
0.017877
0.014234
0.017544
0.012223
0.01549
0.013401
0.017081
0.01329
0.014964
0.012716
0.015476
0.014424
0.016223
0.014953
0.013999
0.011684
0.012787
0.013927
0.014174
0.016411
0.016766
0.017038
0.016414
0.019117
0.014076
0.017185
0.016914
0.013098
0.013961
0.017106
0.017525
0.01901
0.020571
0.018127
0.021505
0.02038
0.015309
0.017273
0.014979
0.018713
0.020047
0.016066
0.017322
0.019977
0.016807
0.016945
0.019525
0.016881
0.019514
0.017835
0.019422
0.018392
0.015754
0.024566
0.018088
0.017061
0.020422
0.013455
0.01348
0.012408
0.015969
0.010528
0.015938
0.01468
0.011616
0.015452
0.011865
0.015326
0.016233
0.012436
0.013798
0.012521
0.013225
0.012709
0.014504
0.014438
0.01546
0.013874
0.015235
0.013281
0.013335
0.012573
0.018414
0.016327
0.013824
0.013689
0.014438
0.016366
0.017444
0.014987
0.016988
0.015182
0.017589
0.015432
0.015995
0.017316
0.011251
0.016885
0.016128
0.013785
0.016723
0.012159
0.016981
0.013826
0.020743
0.014562
0.01373
0.014445
0.013881
0.014927
0.01346
0.016105
0.013467
0.016494
0.01747
0.015316
0.011245
0.014522
0.018497
0.014626
0.012284
0.014741
0.013637
0.013209
0.013754
0.017624
0.019709
0.020951
0.01951
0.018373
0.021223
0.015123
0.014968
0.01883
0.017025
0.016365
0.014364
0.017394
0.017554
0.014897
0.014388
0.016195
0.017341
0.014634
0.015852
0.013691
0.015651
0.015836
0.012735
0.012587
0.013498
0.0149
0.015421
0.014153
0.017378
0.014884
0.01167
0.018159
0.012989
0.015235
0.015231
0.010389
0.011683
0.014332
0.014099
0.016538
0.020197
0.01913
0.01698
0.016915
0.035169
0.04023
0.044912
0.045399
0.045357
0.051272
0.048604
0.045005
0.043461
0.046904
0.057838
0.054075
0.046527
0.049969
0.047657
0.0426
0.048
0.041446
0.041628
0.039111
0.042213
0.042222
0.04448
0.054366
0.053558
0.053939
0.054746
0.054751
0.042321
0.047332
0.055035
0.052761
0.047138
0.051468
0.041694
0.04826
0.051295
0.052572
0.044278
0.047576
0.050939
0.041246
0.043979
0.044973
0.055597
0.045369
0.042889
0.049176
0.038389
0.046069
0.036134
0.033688
0.039297
0.042275
0.035811
0.02932
0.03935
0.03583
0.051262
0.045023
0.044781
0.046324
0.048444
0.053737
0.046763
0.043633
0.04158
0.042651
0.04263
0.044134
0.022042
0.025559
0.022973
0.01936
0.024789
0.024216
0.018555
0.01791
0.016333
0.019008
0.019872
0.021666
0.023506
0.021586
0.018381
0.018275
0.023275
0.023506
0.017617
0.019566
0.020168
0.021536
0.020163
0.022769
0.021633
0.020617
0.017589
0.024223
0.0212
0.023288
0.022222
0.019776
0.019985
0.019223
0.023529
0.02483
0.035269
0.036887
0.034222
0.040925
0.035196
0.038749
0.042427
0.031859
0.037704
0.036032
0.037377
0.035799
0.03858
0.027619
0.034847
0.03903
0.039013
0.031276
0.040463
0.045509
0.03754
0.041633
0.035222
0.038287
0.019445
0.01982
0.018148
0.018385
0.017547
0.021405
0.018047
0.023061
0.019607
0.017771
0.01726
0.017765
0.02233
0.028111
0.025749
0.026665
0.029245
0.022558
0.027878
0.024836
0.021502
0.026677
0.025914
0.027245
0.028688
0.024641
0.02417
0.020522
0.020472
0.023245
0.025803
0.019434
0.024872
0.025573
0.031883
0.030247
0.031731
0.028883
0.030845
0.028775
0.033592
0.037015
0.030317
0.033016
0.038258
0.034085
0.043858
0.036381
0.030424
0.035302
0.038724
0.033624
0.035542
0.028801
0.033805
0.034659
0.034967
0.033292
0.024313
0.035268
0.027315
0.028648
0.016607
0.017709
0.021458
0.017305
0.023645
0.017753
0.019797
0.022924
0.023484
0.022243
0.017784
0.021897
0.027149
0.026411
0.018842
0.023509
0.022826
0.021223
0.019355
0.0234
0.017747
0.025345
0.017013
0.016463
0.014176
0.018429
0.023319
0.027225
0.024365
0.02405
0.025084
0.029162
0.029261
0.033152
0.031086
0.023812
0.030308
0.033762
0.033029
0.031154
0.036303
0.029768
0.037408
0.029435
0.030709
0.03463
0.031554
0.03225
0.025551
0.037072
0.028367
0.022695
0.026362
0.032402
0.029749
0.033834
0.024088
0.022327
0.023964
0.024257
0.019431
0.020171
0.019847
0.020796
0.015304
0.023919
0.01266
0.021098
0.013775
0.013286
0.016089
0.012397
0.015288
0.019723
0.021846
0.024449
0.024781
0.029931
0.024672
0.02906
0.026561
0.02637
0.027074
0.021872
0.025688
0.026443
0.030392
0.030475
0.03139
0.028547
0.028868
0.02792
0.0258
0.02433
0.023015
0.027347
0.026947
0.027664
0.026067
0.020851
0.027934
0.029698
0.025247
0.025356
0.02141
0.020904
0.018453
0.019659
0.016956
0.020604
0.018759
0.017953
0.014573
0.017026
0.011772
0.015253
0.013204
0.0165
0.016115
0.013628
0.018253
0.016939
0.024674
0.023756
0.020886
0.025068
0.020948
0.024174
0.02597
0.027102
0.020773
0.026308
0.024529
0.02245
0.024522
0.023551
0.020557
0.022332
0.018955
0.02054
0.025317
0.024828
0.027435
0.021846
0.025038
0.026053
0.025372
0.025493
0.028959
0.022716
0.025662
0.020777
0.024496
0.022946
0.018538
0.020874
0.016512
0.014852
0.013215
0.018262
0.015702
0.020694
0.019627
0.015375
0.016767
0.018094
0.017174
0.014743
0.017586
0.017888
0.016081
0.019943
0.019519
0.01596
0.017931
0.013477
0.020925
0.01802
0.018499
0.016446
0.018521
0.016476
0.014401
0.013248
0.01509
0.021219
0.018189
0.020786
0.023052
0.016346
0.01954
0.019677
0.017807
0.01556
0.01538
0.015889
0.020281
0.017122
0.017157
0.017166
0.017845
0.018467
0.019177
0.017883
0.018332
0.01519
0.016034
0.018415
0.017793
0.016608
0.020909
0.01911
0.019112
0.023622
0.018972
0.014146
0.018313
0.020552
0.020347
0.046753
0.047996
0.04791
0.047763
0.050999
0.048456
0.04917
0.046842
0.049075
0.049062
0.050266
0.03058
0.027537
0.024633
0.030109
0.026195
0.029018
0.027926
0.026864
0.023857
0.02706
0.028226
0.022269
0.025089
0.028916
0.021611
0.022885
0.024927
0.03306
0.035394
0.030601
0.032485
0.031189
0.027736
0.028747
0.03556
0.035464
0.030949
0.027749
0.02897
0.025204
0.033179
0.030415
0.028336
0.0234
0.021429
0.029316
0.023792
0.020297
0.019126
0.019839
0.047243
0.048331
0.04995
0.04716
0.045923
0.041232
0.043218
0.048218
0.04335
0.050124
0.049745
0.04454
0.050795
0.050229
0.041378
0.040035
0.045227
0.048987
0.052175
0.046253
0.043559
0.043567
0.041103
0.041963
0.0401
0.045623
0.04993
0.048659
0.049868
0.019708
0.01865
0.016705
0.022068
0.019785
0.018056
0.01882
0.026362
0.018645
0.022396
0.01454
0.019865
0.020053
0.018072
0.017903
0.020114
0.015567
0.019423
0.016668
0.021901
0.041527
0.018019
0.032867
0.02029
0.019315
0.017018
0.02009
0.016697
0.018447
0.019439
0.019276
0.020511
0.021186
0.015326
0.020618
0.022229
0.016104
0.019254
0.015362
0.015255
0.02258
0.018221
0.018313
0.017754
0.021936
0.019939
0.020208
0.038702
0.040324
0.043914
0.037913
0.041458
0.040692
0.046995
0.041783
0.039878
0.043076
0.021334
0.042987
0.044397
0.040912
0.042675
0.04114
0.045958
0.047285
0.042444
0.038194
0.043318
0.040245
0.038226
0.039603
0.039006
0.039113
0.041893
0.044142
0.016328
0.018066
0.037038
0.020505
0.037816
0.037375
0.019424
0.041618
0.016727
0.019682
0.015559
0.020246
0.018693
0.021283
0.014971
0.021025
0.019319
0.016663
0.020105
0.018265
0.02189
0.016122
0.016452
0.019684
0.016789
0.020291
0.019682
0.019834
0.043831
0.040851
0.037679
0.039433
0.041335
0.043903
0.048053
0.039707
0.034699
0.044561
0.045091
0.039492
0.04455
0.034079
0.033182
0.039368
0.041255
0.031471
0.040821
0.036317
0.038011
0.04063
0.041494
0.03801
0.01774
0.017133
0.016423
0.025204
0.020265
0.022364
0.017601
0.018362
0.040813
0.019373
0.020911
0.028507
0.017437
0.019463
0.019517
0.040217
0.039938
0.040045
0.038094
0.043335
0.03867
0.03548
0.039309
0.032631
0.038047
0.033681
0.035335
0.037562
0.03361
0.039816
0.029367
0.033802
0.039222
0.035093
0.035532
0.042792
0.042417
0.039483
0.03732
0.040214
0.04194
0.015597
0.018549
0.017077
0.014854
0.022594
0.012139
0.016545
0.016383
0.017909
0.015906
0.014641
0.017394
0.014019
0.016125
0.014381
0.017077
0.018784
0.030905
0.033318
0.030112
0.030424
0.028377
0.030839
0.029734
0.025561
0.029418
0.035955
0.035554
0.032034
0.033946
0.028272
0.026867
0.027364
0.026082
0.03204
0.034761
0.035552
0.033116
0.017473
0.018112
0.020757
0.018518
0.015838
0.018288
0.014875
0.013171
0.015762
0.015307
0.01595
0.017559
0.016241
0.012689
0.014245
0.016706
0.013237
0.018509
0.017407
0.016506
0.01616
0.015146
0.017803
0.014433
0.015916
0.018658
0.01415
0.014379
0.015346
0.014914
0.013199
0.013328
0.015185
0.018199
0.017018
0.016521
0.013781
0.013964
0.012373
0.014858
0.015126
0.016959
0.019199
0.019123
0.017307
0.016374
0.043374
0.043161
0.036841
0.040136
0.038039
0.045797
0.041827
0.040824
0.043563
0.043845
0.041525
0.036265
0.037149
0.033264
0.044343
0.037745
0.037621
0.044605
0.031406
0.024041
0.032224
0.034637
0.028063
0.037096
0.036956
0.037543
0.031081
0.036633
0.034286
0.025782
0.036193
0.031117
0.035288
0.032707
0.028899
0.027945
0.030235
0.033791
0.030305
0.029772
0.029368
0.027404
0.024734
0.034034
0.028813
0.029924
0.028347
0.03313
0.033677
0.038036
0.031075
0.02715
0.033697
0.032652
0.031861
0.032168
0.036639
0.032876
0.037438
0.034874
0.030352
0.03386
0.033423
0.034004
0.036575
0.033534
0.034009
0.032137
0.027071
0.027152
0.031358
0.026456
0.02319
0.026061
0.03061
0.030611
0.017927
0.029376
0.02265
0.019411
0.019414
0.021548
0.021694
0.023381
0.025164
0.024232
0.021065
0.020152
0.019058
0.013997
0.022052
0.018554
0.021951
0.020264
0.017764
0.018134
0.019748
0.020828
0.020273
0.021979
0.018638
0.019637
0.017855
0.018658
0.013746
0.02345
0.023046
0.020335
0.017356
0.012664
0.020368
0.014291
0.016891
0.018536
0.02961
0.020407
0.014454
0.015254
0.016138
0.01569
0.020353
0.014795
0.015584
0.0181
0.016172
0.017115
0.016747
0.01871
0.018015
0.01419
0.015988
0.030443
0.01793
0.015775
0.030783
0.019083
0.028245
0.016159
0.01539
0.017159
0.023864
0.019457
0.019857
0.018758
0.016388
0.019895
0.01844
0.017439
0.018004
0.016764
0.049422
0.050309
0.048907
0.047905
0.045545
0.038837
0.017608
0.017314
0.010035
0.0162
0.012913
0.015779
0.016879
0.018476
0.019343
0.016583
0.014383
0.018129
0.017158
0.018169
0.017613
0.013749
0.018984
0.014062
0.018488
0.013865
0.016476
0.016841
0.018447
0.016369
0.019652
0.018199
0.018441
0.016963
0.018846
0.014312
0.018006
0.017455
0.014677
0.017983
0.016878
0.016904
0.017528
0.019542
0.015174
0.018089
0.015615
0.039446
0.040239
0.044146
0.020223
0.041154
0.038785
0.040496
0.040725
0.042287
0.038629
0.035245
0.018544
0.018672
0.016857
0.017726
0.019704
0.012401
0.013125
0.019798
0.016488
0.019605
0.0165
0.018902
0.015566
0.019703
0.029076
0.0149
0.041387
0.01787
0.039693
0.017068
0.046786
0.042569
0.042162
0.044191
0.041054
0.039869
0.041053
0.041013
0.043353
0.04396
0.049295
0.038541
0.016133
0.01829
0.019271
0.013051
0.015377
0.014075
0.020563
0.021898
0.014969
0.019339
0.016246
0.019645
0.018645
0.015996
0.033843
0.045912
0.042367
0.046446
0.043447
0.041022
0.042422
0.040844
0.04211
0.039717
0.036953
0.014589
0.020091
0.025298
0.012773
0.020051
0.019643
0.019254
0.016063
0.017262
0.017113
0.0096587
0.016452
0.01488
0.016187
0.012829
0.014725
0.019894
0.018872
0.018179
0.015408
0.016162
0.016241
0.016683
0.017487
0.01532
0.015304
0.01324
0.017212
0.014302
0.017456
0.012491
0.016899
0.016215
0.018145
0.017479
0.014569
0.018818
0.015992
0.016033
0.01609
0.016993
0.014752
0.013191
0.013296
0.056388
0.054358
0.047958
0.05289
0.05483
0.05032
0.043659
0.046686
0.038386
0.037863
0.041694
0.048811
0.046552
0.035761
0.033545
0.044011
0.040242
0.035025
0.036858
0.030666
0.034725
0.029172
0.026948
0.047356
0.024513
0.038
0.03348
0.031881
0.029315
0.026037
0.028767
0.027541
0.026538
0.02763
0.031639
0.025296
0.02989
0.025333
0.026527
0.022611
0.034362
0.031286
0.029213
0.025383
0.030467
0.0272
0.030262
0.032792
0.03217
0.025396
0.027596
0.029903
0.029835
0.02797
0.028923
0.036628
0.030756
0.032819
0.034041
0.031863
0.032962
0.032788
0.017775
0.032965
0.029221
0.03159
0.030872
0.019805
0.023726
0.033752
0.027786
0.030587
0.028107
0.025291
0.022958
0.021099
0.022118
0.027423
0.02908
0.023851
0.022054
0.022118
0.021424
0.027276
0.019763
0.021097
0.022744
0.024227
0.018123
0.01966
0.024701
0.020946
0.021247
0.019733
0.025238
0.022762
0.019376
0.026998
0.021137
0.025864
0.023162
0.022147
0.025365
0.0219
0.025589
0.018091
0.02353
0.022039
0.020873
0.018235
0.01657
0.01829
0.02102
0.028466
0.022241
0.023732
0.024743
0.024975
0.025875
0.024797
0.027377
0.020595
0.022964
0.022044
0.014451
0.024901
0.021749
0.022453
0.0153
0.014075
0.018447
0.018518
0.017068
0.016053
0.017724
0.017589
0.016062
0.020428
0.017721
0.017152
0.023941
0.022682
0.016965
0.023625
0.018437
0.021646
0.017878
0.017299
0.01632
0.021421
0.019381
0.017511
0.018437
0.017972
0.016623
0.015564
0.017639
0.02128
0.01851
0.018125
0.016572
0.020058
0.018014
0.020677
0.017568
0.018035
0.017665
0.019855
0.015058
0.017479
0.018939
0.018729
0.019102
0.015573
0.016255
0.015154
0.016158
0.019774
0.014836
0.022488
0.017197
0.014688
0.014533
0.014618
0.022876
0.018521
0.017063
0.018387
0.016327
0.020148
0.016314
0.012811
0.012829
0.020993
0.021084
0.020644
0.016095
0.016319
0.017732
0.017848
0.014708
0.013725
0.019088
0.018867
0.015058
0.01705
0.013145
0.016517
0.018105
0.013817
0.019288
0.018181
0.018407
0.01157
0.016966
0.016725
0.015528
0.018484
0.016005
0.014246
0.017649
0.018705
0.012798
0.019445
0.017702
0.019205
0.015031
0.018901
0.01762
0.01189
0.015155
0.016401
0.015616
0.015993
0.016979
0.015209
0.014756
0.017367
0.017426
0.019547
0.018116
0.031775
0.033951
0.03611
0.027833
0.029379
0.029981
0.027463
0.027475
0.025689
0.028106
0.022185
0.026316
0.027349
0.022031
0.02093
0.027313
0.026197
0.027948
0.0287
0.027119
0.028735
0.031399
0.027546
0.029319
0.026336
0.027209
0.028947
0.029392
0.023882
0.021607
0.028957
0.028488
0.021821
0.022691
0.030048
0.028419
0.027807
0.027267
0.029763
0.025973
0.028362
0.025768
0.029631
0.024256
0.028042
0.021143
0.023706
0.022927
0.022476
0.021548
0.025115
0.022813
0.024126
0.019662
0.025523
0.022317
0.019324
0.02349
0.021089
0.019614
0.020714
0.025669
0.027835
0.025974
0.022346
0.028776
0.022922
0.020412
0.017421
0.018276
0.023381
0.021756
0.025328
0.021033
0.021777
0.021516
0.022874
0.018595
0.02082
0.026642
0.018185
0.023413
0.018701
0.023537
0.019667
0.023925
0.022653
0.020172
0.026107
0.023077
0.021492
0.030534
0.021445
0.021391
0.020866
0.019088
0.021735
0.022404
0.018712
0.021116
0.021173
0.023441
0.024641
0.021713
0.021874
0.017944
0.019114
0.018266
0.025413
0.022515
0.022544
0.02174
0.024642
0.021835
0.021038
0.021527
0.022652
0.020083
0.012444
0.024782
0.019579
0.022837
0.016541
0.022138
0.020632
0.021586
0.019112
0.018091
0.019668
0.021712
0.018739
0.020034
0.017482
0.020878
0.021233
0.018824
0.021972
0.022918
0.01908
0.023686
0.021306
0.02031
0.017542
0.019792
0.016068
0.01606
0.01594
0.02341
0.017779
0.018389
0.014553
0.012199
0.019176
0.018701
0.021335
0.020626
0.021676
0.017804
0.018408
0.019299
0.016471
0.019339
0.015564
0.019719
0.018202
0.020718
0.019026
0.021056
0.021304
0.020401
0.015556
0.014222
0.016311
0.016447
0.014246
0.018695
0.01461
0.020642
0.016295
0.018126
0.01927
0.020454
0.016693
0.018128
0.019358
0.017368
0.01438
0.014015
0.028662
0.028867
0.028748
0.02977
0.026447
0.022652
0.028719
0.027472
0.024261
0.024726
0.02633
0.027311
0.02679
0.034056
0.031343
0.024558
0.038976
0.030996
0.023936
0.03148
0.026873
0.044151
0.025892
0.0249
0.031784
0.033621
0.018146
0.015566
0.028166
0.015067
0.025029
0.014509
0.01933
0.014962
0.018962
0.016921
0.016768
0.014374
0.024683
0.031989
0.019542
0.031735
0.023223
0.020835
0.027035
0.031154
0.03252
0.025792
0.02888
0.026712
0.027913
0.026585
0.02735
0.027306
0.034655
0.021083
0.015441
0.017076
0.024035
0.021784
0.01627
0.022626
0.02446
0.026436
0.022728
0.019255
0.020292
0.02286
0.022831
0.031224
0.031875
0.029327
0.030892
0.032973
0.029837
0.027809
0.028854
0.02334
0.026748
0.019661
0.021263
0.028991
0.02568
0.029093
0.029407
0.026171
0.026967
0.025682
0.025919
0.026663
0.024943
0.026171
0.026478
0.028986
0.023474
0.023372
0.018185
0.02127
0.014532
0.024486
0.023695
0.025419
0.024349
0.025837
0.020664
0.022585
0.023943
0.024266
0.026237
0.023827
0.025273
0.027347
0.025563
0.023825
0.022078
0.023974
0.027623
0.02728
0.026327
0.025811
0.027289
0.023881
0.020708
0.02279
0.025392
0.026004
0.024697
0.022065
0.026673
0.021117
0.019819
0.020917
0.026878
0.017359
0.018479
0.023038
0.022217
0.023359
0.020366
0.01976
0.020378
0.028425
0.021584
0.025468
0.025546
0.019668
0.020948
0.019149
0.015137
0.017828
0.021224
0.025229
0.025368
0.015557
0.02214
0.016918
0.018992
0.025929
0.020536
0.020546
0.016945
0.016501
0.019532
0.02303
0.020645
0.030409
0.024514
0.023804
0.022276
0.017406
0.026497
0.018277
0.02111
0.025808
0.019976
0.020276
0.021487
0.020483
0.019235
0.018453
0.019797
0.019458
0.018712
0.024095
0.019384
0.020942
0.019175
0.02031
0.021257
0.019124
0.021003
0.016616
0.018307
0.021885
0.023037
0.050478
0.023183
0.022801
0.020276
0.025821
0.025449
0.023665
0.025736
0.026204
0.0274
0.022014
0.019056
0.016749
0.022806
0.021489
0.02129
0.017205
0.026138
0.02586
0.020315
0.019904
0.020744
0.020541
0.023341
0.020256
0.021674
0.016606
0.018194
0.014936
0.017614
0.019828
0.019857
0.018077
0.018375
0.015281
0.018137
0.018498
0.019562
0.01774
0.016168
0.017684
0.014526
0.015397
0.017686
0.015089
0.014642
0.016459
0.016445
0.017978
0.01899
0.016627
0.020924
0.013478
0.014025
0.025216
0.025377
0.02746
0.030563
0.025009
0.025284
0.02516
0.026958
0.026491
0.026979
0.029152
0.025292
0.026322
0.026475
0.030833
0.023037
0.026339
0.02448
0.02907
0.021947
0.02475
0.024777
0.025953
0.025277
0.022495
0.029871
0.022645
0.026595
0.023049
0.025171
0.020903
0.021867
0.026714
0.025727
0.02253
0.033271
0.032955
0.042457
0.041749
0.042789
0.035192
0.043756
0.029724
0.041519
0.030462
0.040284
0.029513
0.040815
0.032365
0.042907
0.026173
0.024427
0.026736
0.027883
0.023486
0.020374
0.022449
0.025818
0.021474
0.017648
0.022499
0.021512
0.019212
0.015709
0.020569
0.017875
0.017596
0.028732
0.026801
0.030869
0.023719
0.021636
0.025594
0.027441
0.024398
0.026638
0.025704
0.028042
0.015933
0.014274
0.015447
0.015869
0.016013
0.016696
0.012398
0.01961
0.016149
0.016607
0.025325
0.024775
0.0235
0.02293
0.026739
0.024453
0.018793
0.020683
0.020034
0.018871
0.022881
0.022631
0.019609
0.020904
0.015277
0.018461
0.024931
0.024567
0.024474
0.020573
0.020638
0.019548
0.019082
0.024099
0.01979
0.017996
0.019759
0.022607
0.020766
0.020231
0.018432
0.016456
0.019609
0.021133
0.022475
0.020913
0.02268
0.022187
0.020241
0.018818
0.018952
0.023548
0.018894
0.025134
0.019881
0.014602
0.022034
0.020395
0.02077
0.019762
0.019695
0.02501
0.022115
0.022372
0.020149
0.021786
0.022111
0.021015
0.020687
0.020622
0.018726
0.023924
0.020575
0.023297
0.022011
0.019365
0.021218
0.026515
0.017138
0.021035
0.021983
0.023913
0.019156
0.024402
0.024863
0.025008
0.023348
0.030935
0.023144
0.022584
0.022667
0.021884
0.020789
0.017248
0.016768
0.024595
0.020752
0.022992
0.018705
0.026442
0.023419
0.021501
0.021687
0.026375
0.018329
0.019814
0.021081
0.019682
0.023407
0.019078
0.020963
0.016834
0.023918
0.022228
0.021815
0.02381
0.020372
0.025206
0.021756
0.01939
0.022476
0.019295
0.02313
0.021004
0.020352
0.015199
0.021681
0.022873
0.017941
0.016897
0.015791
0.023945
0.019842
0.021066
0.022687
0.02544
0.021082
0.018897
0.020113
0.018854
0.016501
0.017735
0.017672
0.017126
0.017859
0.018544
0.018788
0.021003
0.016838
0.018634
0.018526
0.017077
0.018719
0.017301
0.022484
0.019231
0.019065
0.02605
0.022641
0.02542
0.024273
0.027088
0.026265
0.021132
0.022847
0.023239
0.024596
0.025246
0.024542
0.018633
0.021285
0.022037
0.020502
0.021244
0.019456
0.022946
0.020196
0.020815
0.016773
0.017418
0.014779
0.016291
0.023823
0.021324
0.026245
0.020348
0.021031
0.023678
0.021827
0.019887
0.019875
0.02449
0.022203
0.024991
0.015629
0.01868
0.01483
0.016676
0.016811
0.019173
0.019547
0.018272
0.02262
0.021737
0.019933
0.017875
0.015278
0.019105
0.023109
0.022873
0.019271
0.034829
0.018349
0.021027
0.012716
0.019555
0.015795
0.017096
0.013394
0.014627
0.016472
0.036739
0.015306
0.016312
0.014652
0.024219
0.036129
0.015924
0.01516
0.037594
0.016167
0.025868
0.015306
0.016402
0.015629
0.015248
0.015395
0.016498
0.016026
0.013784
0.012114
0.015194
0.013843
0.018543
0.036857
0.017382
0.019648
0.017342
0.016645
0.020002
0.017736
0.018637
0.027923
0.025907
0.021435
0.018302
0.018996
0.020544
0.016562
0.022114
0.017754
0.019241
0.017862
0.022385
0.019908
0.017034
0.019394
0.018895
0.018745
0.018376
0.020956
0.019218
0.021939
0.019766
0.019183
0.020947
0.021863
0.025193
0.025515
0.018675
0.01903
0.022641
0.023943
0.024044
0.022229
0.023056
0.025901
0.023457
0.019688
0.022014
0.026185
0.024369
0.023498
0.021318
0.021054
0.023155
0.023567
0.021322
0.018818
0.021766
0.01849
0.022794
0.025507
0.019722
0.026319
0.024256
0.022375
0.022355
0.021061
0.020983
0.029193
0.02334
0.023942
0.019552
0.022372
0.022547
0.019107
0.021315
0.020211
0.021762
0.019251
0.019514
0.019478
0.018529
0.019246
0.02267
0.019836
0.020535
0.021609
0.021868
0.022752
0.023162
0.022776
0.020383
0.018259
0.022446
0.018753
0.020103
0.021582
0.020389
0.021977
0.02097
0.019418
0.020379
0.02122
0.019446
0.018797
0.02011
0.020256
0.01939
0.018461
0.01987
0.024427
0.013482
0.017935
0.017756
0.013844
0.017191
0.018951
0.015627
0.019038
0.020378
0.019099
0.021379
0.019158
0.022341
0.01842
0.019597
0.020344
0.018837
0.020936
0.017926
0.019277
0.016133
0.017965
0.017345
0.020444
0.01712
0.018872
0.017724
0.0206
0.016506
0.015103
0.024392
0.018879
0.018509
0.021207
0.02022
0.0173
0.019297
0.015227
0.018239
0.020945
0.017125
0.020299
0.02145
0.018331
0.023526
0.018282
0.018937
0.017731
0.019058
0.018752
0.02078
0.018531
0.018786
0.021046
0.020807
0.017722
0.020283
0.021036
0.02001
0.025279
0.021543
0.019013
0.01853
0.016904
0.022033
0.022397
0.020385
0.020857
0.021174
0.0212
0.022615
0.020467
0.021019
0.023427
0.023557
0.024548
0.020295
0.02022
0.018812
0.021648
0.023632
0.023701
0.022447
0.023485
0.018479
0.021831
0.022105
0.018434
0.024275
0.02161
0.020923
0.021962
0.022832
0.019312
0.021307
0.019137
0.017269
0.018542
0.019311
0.017842
0.02145
0.019044
0.02128
0.022344
0.021304
0.021586
0.042001
0.045286
0.026645
0.018111
0.015802
0.026656
0.017134
0.033882
0.020674
