0.030567
0.026464
0.030321
0.03185
0.034416
0.035395
0.018962
0.02624
0.019841
0.022748
0.021139
0.023814
0.025688
0.026966
0.026271
0.022835
0.027948
0.026392
0.017735
0.023829
0.026625
0.024699
0.022518
0.029558
0.024405
0.028714
0.024961
0.021188
0.024043
0.028341
0.025623
0.035012
0.031931
0.032704
0.031381
0.028254
0.042107
0.04759
0.048335
0.056391
0.054881
0.052637
0.053857
0.045948
0.044767
0.051345
0.044606
0.043311
0.051703
0.050419
0.05038
0.043109
0.052212
0.056005
0.050525
0.051721
0.050147
0.049453
0.046863
0.044978
0.049229
0.05189
0.034737
0.031866
0.038188
0.041819
0.037375
0.047812
0.037305
0.029461
0.045469
0.034579
0.03249
0.044222
0.043782
0.044685
0.049096
0.03682
0.039999
0.043153
0.03758
0.047411
0.037289
0.032817
0.046118
0.041637
0.048521
0.038673
0.040263
0.035306
0.046572
0.043587
0.041969
0.037833
0.036623
0.039119
0.041186
0.040503
0.041106
0.036668
0.032735
0.027378
0.03631
0.032605
0.034222
0.035465
0.032001
0.03682
0.025098
0.032163
0.027572
0.029638
0.027141
0.025203
0.028385
0.031409
0.028136
0.025772
0.021845
0.025936
0.028264
0.026214
0.025411
0.028479
0.03144
0.02623
0.026316
0.028049
0.027304
0.028459
0.027359
0.025946
0.038674
0.027211
0.027015
0.029312
0.016368
0.030414
0.02678
0.030358
0.027623
0.030573
0.02694
0.029565
0.0397
0.041867
0.045629
0.048503
0.045214
0.04487
0.038592
0.047073
0.036702
0.033718
0.032255
0.025827
0.037785
0.029887
0.034649
0.026623
0.034089
0.031893
0.031016
0.031335
0.02466
0.022091
0.029898
0.028469
0.023079
0.023539
0.024838
0.01958
0.03363
0.027479
0.015221
0.015401
0.019907
0.024231
0.025721
0.025436
0.023061
0.022571
0.021364
0.02463
0.023963
0.022365
0.021794
0.022357
0.020733
0.021276
0.024352
0.024479
0.023739
0.02544
0.024283
0.024056
0.023818
0.024958
0.025311
0.021811
0.023539
0.02527
0.025668
0.025673
0.022905
0.022879
0.023661
0.029594
0.02139
0.020832
0.020298
0.017557
0.020784
0.019088
0.020092
0.018132
0.020917
0.020178
0.020107
0.01865
0.021967
0.018362
0.017485
0.017469
0.019584
0.024366
0.026104
0.026227
0.027266
0.027059
0.027937
0.028459
0.028075
0.017336
0.029362
0.024855
0.027628
0.028614
0.02353
0.021635
0.020921
0.02565
0.029471
0.028831
0.023125
0.028347
0.028452
0.025677
0.026224
0.028722
0.027787
0.032697
0.02767
0.024364
0.03375
0.017875
0.018031
0.031658
0.026142
0.030786
0.036777
0.029776
0.036574
0.027072
0.02803
0.023725
0.01804
0.034631
0.038969
0.035938
0.038311
0.036423
0.037802
0.038401
0.039494
0.037653
0.040938
0.037145
0.03459
0.037465
0.035953
0.034245
0.037473
0.03079
0.04138
0.0384
0.034798
0.0366
0.039873
0.034176
0.03876
0.032827
0.039724
0.037658
0.034678
0.035633
0.036402
0.035692
0.038834
0.038384
0.040778
0.041048
0.041162
0.037447
0.037236
0.039107
0.037372
0.043201
0.04018
0.04261
0.041962
0.040378
0.039207
0.043065
0.027247
0.03776
0.036505
0.039714
0.033257
0.046675
0.034983
0.034801
0.031229
0.029766
0.03129
0.031941
0.034942
0.033438
0.032611
0.03911
0.035823
0.029734
0.025497
0.033338
0.027208
0.024441
0.041471
0.02668
0.024197
0.025529
0.033031
0.03041
0.026739
0.025237
0.026958
0.028486
0.024908
0.028237
0.023409
0.031822
0.023004
0.025798
0.022226
0.018769
0.024162
0.02486
0.023962
0.022943
0.024382
0.024042
0.020801
0.020795
0.027455
0.033332
0.029615
0.034609
0.0241
0.031087
0.029273
0.029655
0.026189
0.022618
0.031802
0.026149
0.020631
0.030986
0.021115
0.026831
0.024284
0.029043
0.025982
0.023574
0.019739
0.017703
0.02147
0.037714
0.038247
0.039902
0.036477
0.037287
0.042031
0.038551
0.038716
0.036854
0.033713
0.037231
0.036468
0.030725
0.037403
0.03681
0.032859
0.034002
0.033676
0.028517
0.030717
0.039275
0.038094
0.041915
0.034846
0.039301
0.032381
0.038478
0.034842
0.032006
0.029057
0.033102
0.025589
0.025268
0.030106
0.030182
0.026449
0.020276
0.028614
0.028953
0.029506
0.037315
0.037552
0.030517
0.039488
0.040289
0.029353
0.033756
0.031722
0.031111
0.043443
0.042386
0.035029
0.042312
0.032414
0.041038
0.044828
0.044671
0.044615
0.043045
0.038984
0.041205
0.027816
0.031306
0.033041
0.02809
0.025972
0.028197
0.028521
0.027495
0.031001
0.024423
0.022466
0.024545
0.028436
0.023349
0.026385
0.032666
0.025601
0.028563
0.023089
0.021987
0.025636
0.018071
0.024747
0.0243
0.02238
0.021534
0.020131
0.02013
0.022684
0.021068
0.021091
0.025341
0.025952
0.023816
0.022863
0.021559
0.01821
0.016791
0.023512
0.019095
0.02049
0.021022
0.031354
0.025901
0.030192
0.033762
0.025026
0.023728
0.030362
0.023466
0.026968
0.026161
0.02642
0.035847
0.027252
0.035142
0.042632
0.031026
0.038709
0.040314
0.034132
0.039308
0.034953
0.032673
0.032202
0.035499
0.03007
0.016531
0.033076
0.026547
0.030493
0.031872
0.027876
0.027287
0.034635
0.031185
0.032113
0.03147
0.019798
0.017435
0.018973
0.022958
0.022041
0.023345
0.021778
0.022205
0.022995
0.019081
0.016913
0.017541
0.020145
0.017602
0.020088
0.025981
0.018838
0.021338
0.019914
0.018495
0.016673
0.018609
0.023763
0.025619
0.020011
0.024307
0.020224
0.0166
0.025275
0.024866
0.02377
0.018623
0.023273
0.025364
0.024933
0.025538
0.022804
0.021377
0.018964
0.021302
0.023081
0.023069
0.024144
0.020778
0.025942
0.016783
0.022881
0.030701
0.021132
0.025073
0.027261
0.026211
0.024082
0.02271
0.02889
0.025946
0.024904
0.027412
0.027226
0.025407
0.024303
0.025315
0.025415
0.024402
0.025773
0.023323
0.030448
0.029999
0.029761
0.032571
0.029508
0.030318
0.031767
0.02937
0.031653
0.029029
0.030507
0.031383
0.027757
0.020183
0.019745
0.018701
0.02214
0.021976
0.020311
0.025575
0.021379
0.025578
0.018174
0.025387
0.024047
0.025908
0.021509
0.02116
0.01808
0.025093
0.02558
0.026136
0.019042
0.022981
0.023474
0.016245
0.01575
0.02354
0.023676
0.02371
0.028335
0.024506
0.020815
0.025741
0.026173
0.017133
0.021026
0.02027
0.016258
0.019869
0.020469
0.019263
0.021204
0.021435
0.028084
0.02335
0.026187
0.018071
0.021958
0.017489
0.027612
0.01731
0.020048
0.018639
0.019294
0.018314
0.029872
0.026942
0.029798
0.028225
0.033994
0.027102
0.028078
0.031611
0.031634
0.030633
0.030479
0.025801
0.03609
0.030066
0.033215
0.032231
0.032976
0.036376
0.033868
0.034533
0.036895
0.03117
0.034994
0.038469
0.038124
0.039552
0.034848
0.019856
0.039167
0.036625
0.036124
0.039158
0.041019
0.043489
0.039798
0.039024
0.036997
0.041327
0.039829
0.038383
0.040607
0.037283
0.030031
0.036833
0.031346
0.024001
0.034756
0.039146
0.032005
0.027125
0.033578
0.031437
0.035331
0.035679
0.027892
0.03338
0.037372
0.03265
0.027802
0.025439
0.029713
0.033283
0.028181
0.037255
0.042707
0.039389
0.042846
0.042487
0.041411
0.032397
0.033388
0.025631
0.028675
0.026976
0.031088
0.018201
0.01932
0.022976
0.020449
0.020738
0.021964
0.017069
0.020241
0.018262
0.022628
0.019232
0.019096
0.022269
0.012866
0.018536
0.022422
0.01705
0.018394
0.019029
0.038249
0.03657
0.038873
0.035093
0.035823
0.040844
0.036906
0.037422
0.039497
0.037579
0.03657
0.038463
0.024032
0.032902
0.027913
0.024007
0.031702
0.033371
0.037895
0.02891
0.023346
0.025027
0.033007
0.026924
0.025709
0.026597
0.025455
0.022799
0.024445
0.028198
0.028179
0.028053
0.024312
0.021669
0.035537
0.022679
0.036921
0.023613
0.024717
0.019053
0.019904
0.028374
0.042117
0.020437
0.02201
0.041463
0.028298
0.040901
0.038826
0.0424
0.04131
0.042011
0.025753
0.042914
0.038451
0.026873
0.027088
0.018169
0.01575
0.015992
0.020028
0.017895
0.028262
0.019536
0.019764
0.01939
0.019617
0.025754
0.018448
0.024601
0.017554
0.021771
0.023737
0.01525
0.026396
0.026906
0.024886
0.020956
0.028614
0.033992
0.030631
0.02763
0.027181
0.033081
0.029749
0.025433
0.02765
0.02472
0.03529
0.02665
0.024101
0.029898
0.038427
0.039771
0.035901
0.039128
0.02997
0.035207
0.030824
0.02494
0.030757
0.026132
0.027881
0.023137
0.024186
0.023794
0.025805
0.017569
0.01746
0.022571
0.024102
0.022163
0.023021
0.01882
0.012643
0.015609
0.019983
0.018478
0.035556
0.030429
0.023184
0.021285
0.024531
0.02299
0.02825
0.032829
0.020693
0.023986
0.021508
0.019259
0.021948
0.019415
0.024491
0.017182
0.018154
0.017952
0.02356
0.020123
0.019436
0.021551
0.020079
0.019347
0.019442
0.02056
0.016693
0.017286
0.018618
0.018619
0.020446
0.022476
0.018693
0.018958
0.017763
0.01933
0.026635
0.02353
0.025929
0.021831
0.024839
0.019909
0.025369
0.024011
0.020333
0.019562
0.020235
0.02453
0.018126
0.021159
0.02651
0.019339
0.019251
0.024367
0.025483
0.025324
0.020619
0.021448
0.014575
0.021161
0.023115
0.019729
0.018814
0.018729
0.021587
0.016517
0.018526
0.018323
0.017391
0.019721
0.025331
0.02947
0.01462
0.016654
0.018167
0.019419
0.015529
0.019069
0.016934
0.019738
0.025788
0.024338
0.025876
0.018058
0.021529
0.025547
0.024347
0.026085
0.021959
0.022996
0.021735
0.026393
0.02262
0.021432
0.023211
0.017524
0.019724
0.019886
0.020133
0.026784
0.025546
0.022139
0.027739
0.026575
0.023814
0.011538
0.027891
0.030301
0.026492
0.023733
0.02022
0.024703
0.028242
0.028631
0.027515
0.026557
0.024098
0.023992
0.022932
0.021097
0.024517
0.016471
0.013207
0.018573
0.014505
0.017038
0.013067
0.014562
0.010811
0.015243
0.0090182
0.02146
0.023292
0.023464
0.016919
0.021738
0.016882
0.019083
0.019364
0.017592
0.022961
0.027073
0.027125
0.028418
0.026897
0.026513
0.025573
0.026029
0.030912
0.024499
0.028333
0.030533
0.031285
0.027549
0.033532
0.024557
0.025852
0.02657
0.032601
0.010878
0.02541
0.021756
0.02677
0.029975
0.021144
0.021342
0.025594
0.025866
0.024816
0.017479
0.021656
0.024404
0.01668
0.014172
0.014147
0.016346
0.022885
0.015904
0.012136
0.014652
0.014977
0.013777
0.018737
0.018305
0.021045
0.018121
0.016438
0.016879
0.032424
0.034975
0.024598
0.033652
0.026168
0.02696
0.030982
0.022889
0.022126
0.018848
0.023352
0.023279
0.017578
0.016614
0.01782
0.01628
0.01569
0.021771
0.019464
0.015322
0.017506
0.028702
0.018699
0.017758
0.021177
0.016377
0.014792
0.028498
0.018878
0.017069
0.039233
0.01892
0.019617
0.018497
0.017014
0.016037
0.0172
0.017753
0.015114
0.016304
0.018506
0.016172
0.014502
0.017969
0.015795
0.017995
0.011751
0.017415
0.018867
0.020896
0.018564
0.01795
0.015812
0.02697
0.024854
0.02903
0.033995
0.022336
0.024704
0.022183
0.014936
0.016078
0.016896
0.015673
0.010784
0.013731
0.0161
0.01578
0.015278
0.015699
0.022688
0.014986
0.019579
0.015093
0.011927
0.016428
0.015906
0.015689
0.020988
0.020383
0.022354
0.024297
0.018931
0.022203
0.020402
0.018166
0.016121
0.015227
0.015349
0.017394
0.01691
0.020748
0.016619
0.014211
0.012457
0.016808
0.014678
0.014612
0.012787
0.014269
0.017334
0.02522
0.020036
0.024212
0.027167
0.017221
0.017153
0.01965
0.019424
0.018084
0.018423
0.020682
0.020189
0.018108
0.021886
0.02037
0.017933
0.019666
0.017312
0.01769
0.020152
0.018274
0.020053
0.017907
0.016375
0.018294
0.020013
0.016942
0.017743
0.018065
0.018044
0.018776
0.018276
0.015605
0.017179
0.015691
0.037885
0.03227
0.032712
0.036794
0.033102
0.033034
0.031115
0.027024
0.029015
0.022777
0.025197
0.023327
0.022998
0.01871
0.024509
0.02063
0.021644
0.020336
0.027619
0.032647
0.03214
0.03631
0.037824
0.028667
0.035741
0.030128
0.033046
0.030799
0.032809
0.023586
0.033336
0.028417
0.02723
0.024132
0.022678
0.027929
0.024296
0.023321
0.026457
0.020518
0.030145
0.024218
0.020367
0.016925
0.018166
0.017547
0.019669
0.019514
0.025942
0.022475
0.024688
0.029645
0.020347
0.022505
0.018769
0.018314
0.017076
0.017383
0.011528
0.027327
0.022675
0.02696
0.018504
0.015618
0.018689
0.016968
0.027653
0.026264
0.016512
0.017953
0.016844
0.014461
0.016355
0.018762
0.02049
0.015962
0.016362
0.01646
0.013967
0.011938
0.014256
0.013426
0.021683
0.013608
0.014234
0.015259
0.017667
0.01335
0.022734
0.022043
0.022586
0.02563
0.02472
0.021661
0.023547
0.024536
0.026559
0.021937
0.025041
0.023783
0.025201
0.023964
0.02446
0.025964
0.028122
0.023081
0.026103
0.018893
0.024382
0.027895
0.027689
0.021688
0.021933
0.021498
0.021544
0.024179
0.022822
0.020712
0.018773
0.020712
0.019965
0.0218
0.021138
0.021655
0.021194
0.02073
0.020464
0.020609
0.022069
0.011921
0.015131
0.016222
0.015186
0.016045
0.018758
0.014249
0.014592
0.026534
0.026948
0.026931
0.026114
0.02868
0.030083
0.02301
0.023569
0.025576
0.028738
0.027557
0.024538
0.024692
0.028681
0.022807
0.024011
0.02305
0.025394
0.023343
0.018036
0.024093
0.018447
0.020556
0.031402
0.033564
0.02152
0.017446
0.025955
0.029613
0.027071
0.023505
0.022801
0.020671
0.015073
0.016777
0.017078
0.013729
0.020098
0.0175
0.019086
0.016167
0.017638
0.015624
0.012682
0.016254
0.010116
0.019829
0.015167
0.015588
0.016167
0.013892
0.012728
0.025779
0.025251
0.021514
0.021917
0.0215
0.024247
0.028725
0.01837
0.013156
0.01836
0.012475
0.016043
0.017876
0.011419
0.016891
0.017373
0.014303
0.020925
0.015677
0.017117
0.011497
0.017579
0.017515
0.013771
0.0147
0.017531
0.013324
0.014145
0.015066
0.015708
0.014576
0.018588
0.019222
0.021128
0.019997
0.01949
0.014098
0.014971
0.016965
0.0177
0.019619
0.019315
0.017017
0.016792
0.016556
0.015506
0.015537
0.012473
0.015196
0.016426
0.014793
0.010616
0.010489
0.015129
0.011561
0.018529
0.011422
0.014949
0.017038
0.012045
0.016594
0.013968
0.010921
0.012484
0.012237
0.012555
0.011722
0.013988
0.011413
0.012783
0.01474
0.019121
0.016001
0.017257
0.01749
0.017347
0.017187
0.011717
0.011023
0.012935
0.014692
0.014838
0.015409
0.014431
0.020853
0.019981
0.021168
0.020311
0.021943
0.020807
0.020424
0.018626
0.019973
0.019132
0.020607
0.016854
0.015994
0.016145
0.016718
0.020793
0.019402
0.018734
0.013967
0.017614
0.015078
0.014037
0.015656
0.012404
0.016311
0.014322
0.013983
0.016129
0.0147
0.015194
0.016895
0.017081
0.016312
0.014439
0.014751
0.018403
0.017647
0.018684
0.012688
0.012424
0.014159
0.013348
0.015458
0.012996
0.015204
0.015908
0.014202
0.013805
0.016343
0.016542
0.013894
0.01512
0.014045
0.014525
0.016771
0.014962
0.018269
0.014631
0.016289
0.015513
0.01591
0.012444
0.010975
0.015004
0.015526
0.017854
0.016179
0.013548
0.016669
0.01694
0.017266
0.017643
0.012988
0.013751
0.013516
0.01734
0.015497
0.015703
0.012832
0.013679
0.016252
0.014393
0.01364
0.018397
0.02354
0.020334
0.014198
0.016625
0.020037
0.023026
0.019409
0.020224
0.018281
0.020539
0.022617
0.022415
0.018817
0.018206
0.018942
0.017743
0.018654
0.018574
0.017974
0.017517
0.02148
0.018627
0.021373
0.016629
0.020919
0.01997
0.018061
0.016654
0.019617
0.018684
0.017994
0.016593
0.019521
0.018478
0.016638
0.018272
0.016562
0.017923
0.018016
0.014173
0.017798
0.016916
0.016785
0.018769
0.017766
0.014439
0.016238
0.014244
0.015948
0.014726
0.018936
0.015679
0.015756
0.017325
0.013789
0.017439
0.017631
0.015603
0.017375
0.016704
0.013827
0.015308
0.043243
0.053363
0.054903
0.05136
0.051896
0.052626
0.047466
0.05096
0.052428
0.042745
0.036146
0.043319
0.036947
0.037634
0.035589
0.038475
0.034681
0.032247
0.035153
0.038982
0.032174
0.03364
0.035415
0.038837
0.029151
0.030925
0.03744
0.029639
0.027811
0.025494
0.027131
0.034492
0.031916
0.031578
0.031198
0.033974
0.029025
0.025823
0.022997
0.022045
0.026088
0.022796
0.020563
0.017432
0.015991
0.015054
0.017566
0.020648
0.022381
0.017948
0.013734
0.020821
0.01602
0.01703
0.01812
0.016799
0.028667
0.026533
0.028448
0.01595
0.016253
0.017525
0.018594
0.018078
0.018255
0.018935
0.019217
0.018245
0.016968
0.015081
0.014412
0.017011
0.014297
0.01158
0.02093
0.019528
0.021546
0.021707
0.019064
0.024903
0.020955
0.023599
0.02761
0.018695
0.024161
0.023466
0.019355
0.018536
0.023494
0.019831
0.022514
0.018485
0.020458
0.01701
0.02021
0.027287
0.019307
0.01798
0.020125
0.025004
0.023248
0.017168
0.016732
0.012957
0.014462
0.015086
0.014897
0.013325
0.017044
0.013892
0.014068
0.015957
0.013732
0.01198
0.019565
0.01623
0.014677
0.0097012
0.021366
0.022915
0.020712
0.016724
0.019231
0.019393
0.020371
0.017945
0.021761
0.02335
0.022669
0.024061
0.021353
0.022172
0.024002
0.024273
0.02213
0.022913
0.024105
0.027083
0.025686
0.025809
0.023392
0.023707
0.024032
0.022783
0.021339
0.021138
0.021774
0.022083
0.023532
0.021317
0.020734
0.019453
0.021127
0.018663
0.017847
0.018197
0.017869
0.020417
0.018994
0.015788
0.015848
0.017846
0.018347
0.026641
0.016991
0.016676
0.020564
0.019507
0.02591
0.021387
0.019902
0.023725
0.020808
0.022231
0.023
0.020494
0.02528
0.022448
0.022442
0.024892
0.017695
0.018938
0.019134
0.017899
0.018458
0.015088
0.010645
0.014487
0.013778
0.014917
0.015164
0.010018
0.010446
0.01905
0.019444
0.020344
0.022425
0.024571
0.020888
0.009339
0.018152
0.014215
0.016753
0.016175
0.016112
0.014504
0.013023
0.01752
0.012196
0.014293
0.013016
0.01222
0.012453
0.017703
0.016676
0.017085
0.01609
0.019976
0.020238
0.016137
0.013846
0.013853
0.020215
0.015547
0.017633
0.016025
0.01828
0.0176
0.016242
0.015632
0.015266
0.015778
0.017428
0.017524
0.017004
0.015922
0.014918
0.016915
0.016524
0.01676
0.018678
0.016341
0.018383
0.01433
0.0154
0.014013
0.014893
0.014045
0.015892
0.011984
0.017691
0.016263
0.017727
0.016288
0.014557
0.018112
0.01629
0.01865
0.017242
0.016715
0.016266
0.017164
0.01717
0.013501
0.019166
0.019008
0.014676
0.023965
0.015561
0.015599
0.016531
0.020707
0.020249
0.01776
0.017475
0.018173
0.015662
0.017466
0.021285
0.020121
0.021389
0.015737
0.015813
0.012836
0.017184
0.015681
0.012484
0.017566
0.019391
0.019104
0.015357
0.011716
0.015696
0.015478
0.01535
0.015542
0.017032
0.017741
0.013095
0.01892
0.019402
0.018428
0.020134
0.014705
0.01774
0.017749
0.014778
0.013448
0.019216
0.018712
0.022363
0.016802
0.020976
0.01967
0.017941
0.021808
0.021367
0.045037
0.051348
0.048073
0.046645
0.044396
0.042325
0.039227
0.044339
0.044698
0.051706
0.046308
0.04035
0.042084
0.037825
0.043392
0.04588
0.044251
0.045609
0.049384
0.041309
0.032963
0.039304
0.039025
0.036713
0.032139
0.031925
0.034524
0.031783
0.029585
0.032628
0.041653
0.040809
0.038239
0.038916
0.043354
0.032164
0.035339
0.030299
0.027976
0.029632
0.029707
0.027016
0.028276
0.027525
0.027887
0.026772
0.028403
0.031197
0.029268
0.026702
0.033604
0.02726
0.027294
0.028832
0.035768
0.031957
0.03578
0.030791
0.029813
0.029126
0.027702
0.030239
0.030124
0.03243
0.031616
0.032972
0.029429
0.03098
0.034517
0.03355
0.030726
0.032374
0.034995
0.034498
0.030484
0.034161
0.033964
0.03556
0.045036
0.043145
0.041026
0.051214
0.043044
0.045626
0.05159
0.045513
0.043924
0.042636
0.041881
0.044966
0.035754
0.032266
0.037567
0.038759
0.028097
0.045716
0.045674
0.047507
0.039942
0.03726
0.039589
0.043618
0.030768
0.038066
0.041071
0.025144
0.03684
0.031533
0.024963
0.034623
0.024405
0.029138
0.02843
0.032548
0.027657
0.020722
0.02661
0.027669
0.021837
0.019682
0.017807
0.015432
0.033117
0.033733
0.031588
0.031949
0.029723
0.032753
0.028517
0.029294
0.028918
0.032463
0.027905
0.026401
0.029518
0.02994
0.031111
0.026422
0.022449
0.030237
0.030173
0.030895
0.027233
0.018327
0.01543
0.013999
0.013059
0.028231
0.014794
0.029537
0.01396
0.031164
0.029487
0.029966
0.025872
0.026755
0.033141
0.027518
0.028454
0.03229
0.030955
0.027894
0.031999
0.024787
0.028811
0.029239
0.027855
0.031596
0.029712
0.029663
0.022836
0.021608
0.023371
0.028958
0.020293
0.026866
0.027256
0.017901
0.018636
0.019263
0.015385
0.018486
0.018628
0.017162
0.028393
0.029413
0.027298
0.028068
0.028225
0.028031
0.029243
0.025184
0.022723
0.021322
0.021971
0.020851
0.020881
0.023229
0.022669
0.024493
0.022892
0.028043
0.020467
0.018456
0.021532
0.034424
0.029388
0.026697
0.0305
0.017668
0.030443
0.019824
0.026274
0.020656
0.018963
0.028457
0.028872
0.026239
0.016587
0.015504
0.024428
0.03167
0.01233
0.017442
0.019066
0.020587
0.017727
0.021353
0.028646
0.030453
0.02614
0.021542
0.026241
0.017911
0.032571
0.016443
0.029123
0.03017
0.033142
0.034081
0.019028
0.015398
0.019981
0.016192
0.020603
0.014956
0.014792
0.016911
0.018626
0.013695
0.029619
0.025777
0.027332
0.027274
0.028254
0.025806
0.028095
0.029214
0.027211
0.02891
0.026256
0.02803
0.026404
0.025895
0.030669
0.028715
0.028258
0.027616
0.019693
0.02626
0.024439
0.023074
0.022958
0.025298
0.027912
0.026637
0.02406
0.02337
0.018764
0.023
0.026144
0.015463
0.014574
0.018996
0.019404
0.021522
0.015273
0.022231
0.014312
0.01475
0.022289
0.014388
0.021085
0.02664
0.022625
0.022617
0.020838
0.031269
0.01618
0.022458
0.022707
0.021405
0.018787
0.020612
0.01914
0.021625
0.017738
0.017813
0.020789
0.019694
0.017934
0.018515
0.020673
0.020353
0.018628
0.018914
0.019852
0.021113
0.017129
0.019949
0.021548
0.014966
0.018762
0.019057
0.018459
0.019205
0.017516
0.015116
0.018414
0.021835
0.015861
0.021128
0.015572
0.021001
0.019125
0.017395
0.016199
0.019082
0.022752
0.015088
0.016623
0.017317
0.014817
0.018722
0.013524
0.015714
0.011057
0.018289
0.015899
0.018231
0.030184
0.034645
0.016616
0.011674
0.013344
0.012519
0.017527
0.018568
0.012453
0.015195
0.012614
0.013813
0.028424
0.023906
0.029658
0.015025
0.014261
0.021085
0.018456
0.019657
0.016557
0.018877
0.017082
0.015657
0.018576
0.021607
0.016003
0.013158
0.013174
0.015827
0.018956
0.017254
0.012321
0.013277
0.017135
0.013926
0.017475
0.012864
0.01366
0.015029
0.014393
0.01795
0.014649
0.015465
0.015092
0.014982
0.015357
0.015025
0.021376
0.017986
0.014657
0.015233
0.01599
0.015252
0.01035
0.014353
0.012085
0.014515
0.015965
0.010178
0.013448
0.014991
0.015742
0.012934
0.015069
0.018524
0.014715
0.015518
0.014436
0.016363
0.013425
0.012656
0.016437
0.014907
0.013709
0.016417
0.016382
0.016091
0.017821
0.015604
0.017091
0.014301
0.019101
0.016383
0.015826
0.014301
0.015753
0.017217
0.018058
0.016935
0.016532
0.0156
0.021037
0.016351
0.013109
0.015161
0.015082
0.01789
0.017947
0.016774
0.014494
0.018184
0.017736
0.014081
0.016712
0.015244
0.0162
0.017654
0.018738
0.01767
0.017631
0.017536
0.013037
0.019209
0.015822
0.019004
0.019048
0.017668
0.016362
0.020687
0.019184
0.037887
0.037278
0.028503
0.029751
0.025441
0.02947
0.030874
0.031736
0.031647
0.037713
0.036491
0.037362
0.034023
0.027684
0.036675
0.039699
0.029256
0.031732
0.032213
0.026624
0.026642
0.027151
0.039272
0.026633
0.033377
0.031498
0.033249
0.037433
0.031186
0.029101
0.028287
0.029323
0.027876
0.025522
0.029096
0.026333
0.030818
0.029386
0.029705
0.030996
0.03004
0.025821
0.033941
0.025446
0.030452
0.030476
0.024433
0.024807
0.027012
0.025714
0.022299
0.02946
0.024782
0.02403
0.024325
0.028546
0.028337
0.028632
0.02896
0.026595
0.027429
0.037801
0.027308
0.030405
0.027341
0.029163
0.028586
0.02444
0.02696
0.030541
0.027328
0.029883
0.032315
0.03025
0.031803
0.027157
0.021195
0.019607
0.023758
0.026703
0.023371
0.023634
0.02491
0.016564
0.027218
0.03168
0.022106
0.034044
0.030164
0.025694
0.028951
0.032435
0.028151
0.026647
0.025548
0.026527
0.027165
0.032136
0.022335
0.019626
0.020006
0.014675
0.020256
0.018884
0.01293
0.019019
0.016908
0.018152
0.017972
0.019518
0.017253
0.01974
0.018734
0.020594
0.019607
0.01702
0.015317
0.017601
0.016447
0.013274
0.01518
0.019238
0.019762
0.01844
0.017262
0.025578
0.028425
0.027189
0.025746
0.018827
0.022913
0.027558
0.021666
0.024155
0.027205
0.022635
0.018761
0.018404
0.020767
0.01938
0.017649
0.021406
0.018504
0.019481
0.01811
0.022732
0.023692
0.025386
0.024594
0.030588
0.024372
0.02208
0.029559
0.022753
0.029608
0.030983
0.024359
0.0238
0.021991
0.01741
0.018203
0.018015
0.020789
0.019959
0.01758
0.020037
0.022015
0.0178
0.019511
0.028326
0.028941
0.017717
0.014629
0.019784
0.014876
0.015982
0.019206
0.019286
0.024208
0.024691
0.016512
0.021065
0.021282
0.025005
0.018222
0.02019
0.025399
0.021014
0.01287
0.018097
0.022506
0.0185
0.019939
0.029753
0.027401
0.026466
0.023549
0.033226
0.024276
0.026928
0.032802
0.024064
0.025463
0.033985
0.021163
0.032083
0.031922
0.02356
0.022261
0.023391
0.023003
0.02841
0.03325
0.031172
0.033131
0.018775
0.013881
0.017554
0.019401
0.022438
0.01413
0.01642
0.014192
0.014071
0.014658
0.016957
0.015281
0.01411
0.013235
0.015087
0.012445
0.016493
0.014764
0.01563
0.025533
0.022142
0.020214
0.019926
0.016159
0.021891
0.019619
0.020179
0.026801
0.020032
0.02289
0.01825
0.019537
0.018784
0.019666
0.017791
0.023543
0.023472
0.020452
0.023281
0.021192
0.018683
0.017521
0.022679
0.018534
0.019681
0.014094
0.014604
0.016149
0.015692
0.016866
0.014293
0.018178
0.012368
0.014702
0.010729
0.015427
0.014732
0.012695
0.014821
0.015084
0.012815
0.015038
0.0264
0.022478
0.016874
0.023465
0.01888
0.020194
0.020873
0.014186
0.016222
0.017445
0.016696
0.018659
0.014709
0.012939
0.016949
0.017234
0.017345
0.01568
0.015363
0.016169
0.012376
0.015416
0.019935
0.018819
0.016985
0.019428
0.019762
0.021339
0.019913
0.013933
0.017929
0.015432
0.013765
0.018206
0.015332
0.018197
0.015163
0.013114
0.018064
0.01125
0.015857
0.013275
0.014985
0.013394
0.013746
0.012484
0.015113
0.017723
0.016985
0.019013
0.024325
0.024807
0.022089
0.026094
0.021658
0.021632
0.018145
0.02094
0.018889
0.023018
0.01384
0.014589
0.016928
0.018057
0.01356
0.018449
0.015117
0.015685
0.018705
0.020004
0.02131
0.018913
0.016268
0.015544
0.015797
0.015491
0.013654
0.015043
0.014244
0.017389
0.014879
0.019402
0.016688
0.016613
0.016068
0.018423
0.013689
0.018971
0.015275
0.016103
0.020187
0.012088
0.019468
0.014829
0.011979
0.014341
0.01211
0.018501
0.023948
0.012972
0.016735
0.018047
0.016681
0.017288
0.013424
0.016227
0.014986
0.014426
0.014043
0.016352
0.018054
0.017113
0.018439
0.014134
0.017752
0.016052
0.016084
0.016349
0.017564
0.013489
0.017243
0.015008
0.013616
0.015651
0.019163
0.014176
0.018889
0.015555
0.017961
0.01847
0.015292
0.017692
0.016753
0.012854
0.017269
0.017661
0.016437
0.020494
0.026853
0.026455
0.023467
0.027789
0.027381
0.025714
0.02286
0.022776
0.025405
0.031743
0.025117
0.025411
0.025005
0.021465
0.024851
0.026174
0.024854
0.02945
0.027339
0.023194
0.024873
0.029952
0.023794
0.029887
0.025
0.024194
0.033273
0.027662
0.030032
0.02635
0.025285
0.028058
0.025756
0.02237
0.02373
0.021125
0.02456
0.023161
0.029646
0.024406
0.021241
0.022381
0.026474
0.025936
0.022667
0.024534
0.022433
0.036548
0.035192
0.039511
0.035445
0.029625
0.032074
0.029835
0.035045
0.032431
0.035491
0.031195
0.033955
0.03537
0.027504
0.022735
0.022263
0.020917
0.021566
0.021618
0.023536
0.023663
0.022777
0.022327
0.021999
0.023803
0.019682
0.017513
0.021306
0.019566
0.026004
0.024781
0.020249
0.026213
0.023526
0.02395
0.03512
0.041225
0.027348
0.03021
0.028539
0.037304
0.033454
0.031746
0.033348
0.028832
0.026171
0.029431
0.03039
0.028487
0.030166
0.030812
0.020652
0.022544
0.027688
0.030652
0.02698
0.02028
0.02692
0.021992
0.022234
0.025429
0.020446
0.027253
0.021425
0.023586
0.019694
0.02087
0.027122
0.025283
0.028936
0.029977
0.026019
0.020789
0.025138
0.022911
0.023409
0.021154
0.020514
0.021483
0.021333
0.022643
0.01988
0.016482
0.015201
0.017297
0.016183
0.01826
0.01595
0.017761
0.015244
0.016743
0.026854
0.023959
0.019652
0.022255
0.020695
0.022109
0.023744
0.023362
0.017188
0.02143
0.021615
0.021889
0.021813
0.021364
0.020767
0.01982
0.017872
0.020421
0.020635
0.020391
0.017508
0.016976
0.020724
0.014739
0.017787
0.017221
0.015139
0.015429
0.016766
0.018912
0.019514
0.018628
0.017584
0.016247
0.020392
0.019284
0.016345
0.01785
0.021994
0.024068
0.024709
0.024477
0.022107
0.021862
0.01975
0.024578
0.0246
0.022699
0.02157
0.017916
0.021083
0.020303
0.023197
0.023312
0.021524
0.018174
0.017353
0.017921
0.017308
0.022118
0.01957
0.020745
0.019777
0.018247
0.020545
0.018868
0.020566
0.019757
0.023706
0.021259
0.018074
0.020606
0.022851
0.020789
0.021163
0.017353
0.02172
0.020626
0.022077
0.024423
0.018778
0.021333
0.017616
0.019281
0.019891
0.016614
0.022966
0.025364
0.026086
0.025112
0.021255
0.021816
0.027268
0.018354
0.022967
0.022355
0.022225
0.018355
0.013062
0.017019
0.01622
0.015314
0.019121
0.02039
0.017984
0.019877
0.021716
0.017699
0.016395
0.01893
0.016425
0.016911
0.014057
0.014251
0.022896
0.026028
0.024093
0.028726
0.028145
0.030976
0.027412
0.025301
0.021795
0.018156
0.02241
0.017485
0.01427
0.014825
0.014698
0.012986
0.013476
0.012875
0.013551
0.019474
0.012759
0.015138
0.013202
0.017305
0.021731
0.031397
0.022757
0.02158
0.022041
0.022608
0.020149
0.02094
0.022411
0.02594
0.02681
0.018996
0.020309
0.017404
0.019824
0.014086
0.018191
0.02245
0.021367
0.023001
0.012542
0.018477
0.015665
0.015027
0.016115
0.017238
0.015224
0.01402
0.01816
0.015731
0.013231
0.017375
0.009456
0.015134
0.012876
0.013773
0.013715
0.017512
0.018271
0.015864
0.018674
0.01751
0.01569
0.014722
0.014687
0.017587
0.018559
0.018211
0.018314
0.015849
0.016691
0.015418
0.019685
0.020041
0.015492
0.015156
0.022821
0.016727
0.017108
0.018696
0.014491
0.016446
0.01353
0.014611
0.017159
0.029764
0.025624
0.022209
0.031505
0.035221
0.023498
0.024756
0.022304
0.02971
0.028971
0.037459
0.036968
0.03582
0.033867
0.037845
0.038158
0.03271
0.033091
0.033694
0.027567
0.025668
0.022187
0.024748
0.022047
0.027545
0.024806
0.021317
0.02354
0.020982
0.021876
0.022478
0.023792
0.023393
0.035189
0.032876
0.033081
0.030493
0.027031
0.031427
0.030635
0.030087
0.030291
0.024178
0.030357
0.025328
0.026088
0.020323
0.021132
0.023408
0.022997
0.022473
0.024257
0.028559
0.025182
0.026187
0.026034
0.023899
0.023073
0.023531
0.025513
0.024558
0.023286
0.018948
0.025345
0.021346
0.022085
0.022221
0.022431
0.025948
0.02415
0.025872
0.024627
0.023219
0.024398
0.020092
0.028615
0.02555
0.026844
0.019396
0.021675
0.024842
0.022124
0.027834
0.025534
0.024412
0.025323
0.024947
0.025864
0.028912
0.02989
0.029165
0.027823
0.020058
0.028209
0.02774
0.027037
0.033242
0.025206
0.036134
0.021577
0.028047
0.024123
0.027957
0.025189
0.021065
0.026276
0.02621
0.030391
0.027461
0.023737
0.039209
0.035176
0.038222
0.031238
0.033611
0.037987
0.034376
0.037064
0.035588
0.031084
0.026262
0.02214
0.022938
0.0259
0.02741
0.024141
0.026021
0.026941
0.028035
0.024231
0.016198
0.021781
0.028756
0.02995
0.029858
0.031811
0.032613
0.036275
0.022162
0.022749
0.030978
0.027075
0.029576
0.02408
0.022836
0.026329
0.024654
0.020201
0.023105
0.024924
0.028984
0.021404
0.024148
0.021562
0.024106
0.02344
0.020914
0.022841
0.020241
0.022826
0.024946
0.022719
0.025688
0.020646
0.025691
0.027697
0.025781
0.021975
0.020003
0.024526
0.024409
0.019131
0.019636
0.01662
0.024806
0.019617
0.017053
0.015421
0.01713
0.016206
0.023395
0.019086
0.015067
0.021737
0.022306
0.021717
0.023979
0.020516
0.020411
0.021833
0.021624
0.020528
0.021765
0.022646
0.027651
0.021078
0.018721
0.022906
0.02182
0.016517
0.017996
0.017072
0.020702
0.022162
0.016531
0.016325
0.025593
0.022109
0.020331
0.02627
0.025975
0.021339
0.023168
0.025787
0.026605
0.022634
0.029515
0.02874
0.029336
0.023811
0.025219
0.026774
0.021852
0.016605
0.017922
0.018417
0.014933
0.014456
0.018914
0.019691
0.016492
0.023583
0.020989
0.025599
0.02592
0.028505
0.027436
0.02543
0.029321
0.032163
0.026611
0.021374
0.02443
0.015886
0.024091
0.014326
0.016762
0.022006
0.019888
0.020783
0.02077
0.020834
0.018548
0.028227
0.027706
0.028264
0.03144
0.026419
0.026526
0.02959
0.031899
0.020634
0.027434
0.025905
0.028449
0.018254
0.021421
0.016429
0.017637
0.015145
0.014217
0.021857
0.018148
0.026862
0.015366
0.023975
0.011245
0.020009
0.028218
0.027371
0.024821
0.026905
0.027099
0.022983
0.026922
0.022661
0.024983
0.022095
0.017783
0.020193
0.021507
0.017694
0.016436
0.013168
0.014497
0.020539
0.015698
0.016245
0.015445
0.0161
0.014218
0.011803
0.016126
0.01635
0.015991
0.015811
0.016667
0.017537
0.023417
0.017143
0.018269
0.013486
0.017768
0.01625
0.016716
0.01582
0.014439
0.015782
0.015071
0.012445
0.014549
0.015388
0.019872
0.019675
0.018305
0.015729
0.041859
0.040743
0.044562
0.039704
0.043062
0.046401
0.047063
0.040654
0.044924
0.046208
0.041351
0.046855
0.017594
0.024657
0.018214
0.025612
0.027604
0.031533
0.031092
0.033113
0.031452
0.03772
0.032233
0.017635
0.026941
0.026934
0.03836
0.023225
0.024132
0.024187
0.035383
0.029177
0.035067
0.026452
0.029957
0.0396
0.038189
0.024341
0.033758
0.042449
0.036147
0.026483
0.018917
0.028444
0.025425
0.027068
0.016029
0.01993
0.016981
0.021093
0.021414
0.029649
0.01688
0.029937
0.021713
0.024639
0.026427
0.025289
0.030416
0.033806
0.036772
0.030698
0.036619
0.030964
0.035387
0.031149
0.035848
0.038633
0.035202
0.027729
0.0311
0.032145
0.029474
0.035406
0.035608
0.034106
0.03121
0.032836
0.033512
0.031641
0.036731
0.038592
0.024768
0.031377
0.027934
0.029869
0.023634
0.031819
0.028435
0.025378
0.021708
0.021795
0.025288
0.020764
0.02294
0.026747
0.024728
0.021147
0.022246
0.021622
0.031164
0.032244
0.031278
0.031372
0.030294
0.033362
0.031886
0.028256
0.026812
0.028654
0.028726
0.026163
0.021048
0.020232
0.018792
0.026121
0.024003
0.023814
0.027034
0.029514
0.025303
0.025676
0.027965
0.024458
0.0289
0.022743
0.026162
0.025234
0.023983
0.026843
0.026735
0.019766
0.027446
0.023953
0.039559
0.037095
0.036669
0.050029
0.046622
0.033539
0.021108
0.020711
0.023039
0.020557
0.022213
0.021128
0.019515
0.028317
0.025202
0.027463
0.032789
0.024138
0.025613
0.024392
0.025651
0.021916
0.025545
0.028967
0.026723
0.030494
0.036996
0.028651
0.029987
0.031609
0.036472
0.037238
0.028815
0.02871
0.026777
0.028606
0.029502
0.027336
0.027414
0.040811
0.029843
0.040196
0.027003
0.031132
0.022049
0.031221
0.025762
0.04201
0.044565
0.038688
0.034743
0.042624
0.038899
0.023467
0.017928
0.026881
0.027152
0.027374
0.027002
0.031418
0.027763
0.02096
0.020992
0.023568
0.022535
0.02766
0.031495
0.023888
0.022599
0.029416
0.032212
0.030415
0.030391
0.028524
0.030256
0.028982
0.029068
0.025262
0.028054
0.028732
0.031252
0.021933
0.022257
0.025778
0.0211
0.025392
0.023126
0.026181
0.024977
0.025691
0.025828
0.023742
0.024208
0.025481
0.021612
0.023811
0.022043
0.030465
0.023085
0.027512
0.027441
0.029551
0.02786
0.028471
0.028508
0.020083
0.028027
0.028936
0.023708
0.024289
0.027307
0.026576
0.027076
0.02626
0.027398
0.02619
0.028359
0.030174
0.031674
0.026452
0.023754
0.029904
0.026679
0.028536
0.026685
0.027152
0.031183
0.021733
0.023249
0.018721
0.026451
0.028727
0.027292
0.029327
0.026476
0.021272
0.023059
0.024932
0.033873
0.037615
0.037481
0.028838
0.032902
0.03493
0.026312
0.021968
0.031113
0.024808
0.027312
0.031457
0.034681
0.022684
0.026394
0.022883
0.029157
0.027065
0.025294
0.02579
0.024884
0.024398
0.032227
0.026758
0.028891
0.020185
0.027923
0.025887
0.026084
0.029401
0.027235
0.033377
0.024391
0.025531
0.033041
0.02175
0.024549
0.022377
0.015088
0.021348
0.023841
0.022973
0.022179
0.020047
0.026864
0.034977
0.028703
0.021405
0.01714
0.022131
0.01956
0.020981
0.023154
0.024287
0.022957
0.023351
0.027758
0.021811
0.034937
0.022749
0.02806
0.028525
0.023262
0.02105
0.031191
0.036162
0.020028
0.024532
0.024447
0.020335
0.023845
0.02822
0.025776
0.024522
0.031326
0.027149
0.024543
0.029363
0.024162
0.029639
0.040588
0.02725
0.026354
0.025189
0.020999
0.022367
0.01619
0.016982
0.023095
0.023357
0.021538
0.018449
0.016149
0.013536
0.014894
0.029197
0.026311
0.025786
0.03002
0.025745
0.022463
0.02599
0.029598
0.015931
0.019831
0.03131
0.025239
0.02407
0.022993
0.032952
0.033322
0.022299
0.022173
0.018426
0.017178
0.017381
0.021477
0.019654
0.016615
0.015775
0.02344
0.017927
0.016851
0.017987
0.034121
0.032694
0.025813
0.034539
0.02916
0.032039
0.030192
0.028623
0.030351
0.027464
0.033295
0.029362
0.025679
0.029652
0.020538
0.015625
0.017727
0.013376
0.019191
0.016941
0.020769
0.021651
0.021886
0.019504
0.016871
0.019908
0.022836
0.018451
0.017876
0.015958
0.012697
0.033129
0.02886
0.028459
0.029572
0.029883
0.024014
0.028458
0.024984
0.026922
0.027544
0.028245
0.035698
0.016813
0.01804
0.01801
0.018212
0.017676
0.019008
0.013318
0.015499
0.016017
0.01519
0.016461
0.018066
0.021637
0.020143
0.018117
0.019771
0.019095
0.014288
0.019577
0.012035
0.022386
0.032075
0.032625
0.032346
0.032404
0.028337
0.031337
0.02669
0.032481
0.031162
0.029282
0.029108
0.030344
0.029486
0.024728
0.028015
0.029339
0.01607
0.016003
0.018143
0.017958
0.021629
0.019464
0.017661
0.019352
0.021746
0.019497
0.021909
0.020996
0.019137
0.015209
0.016352
0.019667
0.013928
0.017985
0.023487
0.016528
0.017831
0.018412
0.016915
0.012954
0.017301
0.019758
0.014832
0.019743
0.016768
0.017284
0.01546
0.01473
0.016927
0.016829
0.014678
0.017476
0.015545
0.01279
0.017029
0.017789
0.014793
0.010936
0.016828
0.035453
0.014178
0.01628
0.012405
0.0168
0.012413
0.039767
0.043283
0.04487
0.043827
0.04225
0.040556
0.037008
0.036821
0.037815
0.028331
0.034501
0.038526
0.027088
0.038276
0.027012
0.033932
0.030158
0.027514
0.023779
0.020041
0.027001
0.028404
0.026932
0.024649
0.03088
0.022949
0.030642
0.030732
0.026798
0.030741
0.021741
0.028042
0.030138
0.025857
0.02568
0.025927
0.021698
0.027386
0.024301
0.023434
0.022866
0.023728
0.023953
0.021236
0.024937
0.022425
0.022489
0.027115
0.023891
0.022267
0.022516
0.03142
0.026827
0.030483
0.022921
0.040424
0.027079
0.022609
0.03375
0.021384
0.027654
0.022528
0.02209
0.025333
0.022975
0.028053
0.024763
0.023826
0.022065
0.026098
0.02458
0.025414
0.01731
0.026953
0.025105
0.022542
0.02303
0.025
0.028737
0.038416
0.031759
0.042731
0.034784
0.032522
0.03646
0.026556
0.025149
0.029114
0.026478
0.029715
0.032544
0.032241
0.048424
0.030477
0.033122
0.025833
0.035611
0.040601
0.046155
0.035435
0.039566
0.040548
0.040126
0.041935
0.039284
0.048621
0.046845
0.033637
0.023856
0.018663
0.016913
0.020098
0.025245
0.025708
0.023506
0.02236
0.024244
0.026153
0.027087
0.02799
0.028831
0.02528
0.029139
0.025819
0.031036
0.026256
0.032268
0.025166
0.02909
0.028173
0.024738
0.026042
0.027103
0.032642
0.0295
0.03376
0.033165
0.034128
0.032209
0.034525
0.029723
0.028696
0.029755
0.031448
0.037387
0.048349
0.047762
0.031063
0.032186
0.042564
0.03455
0.028767
0.039429
0.037925
0.037298
0.034537
0.037113
0.038171
0.037874
0.034702
0.02337
0.021276
0.021549
0.02014
0.023703
0.02711
0.029906
0.023915
0.028108
0.02923
0.02788
0.030648
0.031199
0.029343
0.030326
0.031539
0.033147
0.031228
0.032703
0.025498
0.026283
0.023686
0.027297
0.023459
0.026183
0.023714
0.025272
0.037694
0.037474
0.027467
0.027582
0.041528
0.032394
0.029373
0.031162
0.048008
0.032532
0.034105
0.037743
0.047353
0.042998
0.031107
0.043182
0.042766
0.027411
0.037739
0.040358
0.033455
0.043624
0.032094
0.027692
0.029505
0.029131
0.027782
0.024432
0.025049
0.02556
0.027681
0.02843
0.035992
0.024062
0.022256
0.025733
0.03204
0.027699
0.024632
0.024188
0.024522
0.023514
0.022134
0.024876
0.025756
0.027262
0.02052
0.02529
0.02432
0.025008
0.022293
0.028518
0.018784
0.019837
0.021665
0.022617
0.021423
0.023878
0.019639
0.023162
0.025868
0.024334
0.020407
0.022066
0.019113
0.027931
0.042094
0.024191
0.032952
0.021007
0.025678
0.025808
0.027269
0.021519
0.032289
0.031353
0.031494
0.028085
0.032249
0.034119
0.031666
0.028645
0.03099
0.035757
0.026652
0.036166
0.039037
0.038546
0.034858
0.036271
0.025498
0.023172
0.022103
0.025389
0.016381
0.02217
0.019901
0.019183
0.0191
0.021396
0.024147
0.020409
0.023936
0.016867
0.024537
0.021461
0.016311
0.018835
0.02007
0.019941
0.019534
0.020008
0.017662
0.019806
0.020006
0.022768
0.01795
0.018811
0.018424
0.019777
0.020824
0.020104
0.017091
0.023407
0.023024
0.021396
0.023481
0.030378
0.030313
0.033452
0.035696
0.030222
0.041353
0.03135
0.035024
0.027102
0.035482
0.037703
0.028724
0.020662
0.01816
0.018771
0.023605
0.021562
0.019402
0.011679
0.017349
0.021133
0.017397
0.019763
0.018267
0.018009
0.015957
0.016296
0.014366
0.015472
0.016891
0.013946
0.011798
0.013575
0.016855
0.0153
0.038182
0.031702
0.039549
0.035213
0.029966
0.033446
0.035674
0.039148
0.036349
0.033942
0.034777
0.035853
0.03685
0.035632
0.030893
0.019378
0.021167
0.018486
0.013709
0.014671
0.017603
0.015186
0.017032
0.016285
0.017391
0.017273
0.017755
0.016117
0.014673
0.016484
0.034633
0.03637
0.03145
0.034265
0.033649
0.036293
0.031524
0.036322
0.032368
0.035411
0.022802
0.020608
0.015653
0.017246
0.017088
0.017831
0.015662
0.017623
0.022801
0.017726
0.018477
0.022012
0.018777
0.01914
0.034767
0.02758
0.041221
0.038158
0.033828
0.033706
0.039188
0.034119
0.042526
0.038319
0.029041
0.037387
0.039651
0.032263
0.034936
0.023377
0.021865
0.019633
0.024214
0.018104
0.01602
0.014912
0.017316
0.01985
0.019743
0.017952
0.018716
0.017412
0.038215
0.036492
0.036279
0.037883
0.037428
0.041129
0.042249
0.041979
0.042716
0.034498
0.023531
0.021191
0.022894
0.020743
0.019225
0.022369
0.021811
0.022232
0.01792
0.019491
0.015868
0.022531
0.021412
0.013833
0.01869
0.019702
0.016439
0.020421
0.015579
0.015374
0.018906
0.022741
0.018241
0.01678
0.016277
0.016421
0.016926
0.015696
0.017049
0.017258
0.015951
0.017244
0.016695
0.016764
0.016541
0.024675
0.022734
0.033861
0.032477
0.034149
0.030571
0.03443
0.031572
0.044131
0.022806
0.02262
0.023797
0.021507
0.019025
0.024366
0.028574
0.024988
0.023153
0.026559
0.030345
0.035941
0.037865
0.034868
0.035102
0.032851
0.039524
0.038099
0.036869
0.049141
0.033128
0.039186
0.037305
0.034213
0.032929
0.025786
0.028626
0.034788
0.037012
0.024264
0.025299
0.02439
0.02938
0.025806
0.02545
0.030571
0.029764
0.027761
0.029131
0.032346
0.030305
0.02618
0.027694
0.028031
0.028921
0.03038
0.030475
0.029708
0.036804
0.044232
0.038205
0.033218
0.035861
0.033856
0.032615
0.031777
0.037311
0.028364
0.034861
0.029683
0.027146
0.02996
0.025643
0.022048
0.027692
0.026966
0.036201
0.028778
0.034628
0.036183
0.031566
0.034909
0.034858
0.033472
0.033198
0.038253
0.036417
0.037233
0.034337
0.033937
0.034815
0.036301
0.036137
0.029205
0.026103
0.023651
0.026456
0.025577
0.02204
0.017905
0.02059
0.023468
0.025538
0.025192
0.018424
0.021707
0.022811
0.018803
0.024642
0.022607
0.020569
0.021901
0.021927
0.0178
0.032364
0.012874
0.028768
0.026171
0.030081
0.035131
0.039459
0.040934
0.03552
0.040479
0.038691
0.042569
0.03826
0.033379
0.040174
0.04115
0.040357
0.038876
0.041213
0.040861
0.014162
0.015108
0.013987
0.013967
0.01818
0.013781
0.014368
0.017959
0.017047
0.017904
0.01422
0.018645
0.015721
0.026416
0.023632
0.031715
0.014812
0.015151
0.025253
0.016294
0.035616
0.017983
0.018057
0.039803
0.042683
0.037458
0.037958
0.037815
0.040424
0.035728
0.041033
0.036169
0.041542
0.038745
0.034616
0.035536
0.042216
0.039647
0.040391
0.03658
0.024651
0.012899
0.02168
0.015881
0.021896
0.020935
0.019905
0.019141
0.019458
0.014641
0.020206
0.016146
0.017454
0.016419
0.01641
0.014022
0.022805
0.022522
0.019188
0.02254
0.015729
0.021826
0.020339
0.016161
0.020743
0.020384
0.017533
0.016983
0.039236
0.0385
0.040947
0.038218
0.037083
0.039078
0.041557
0.040927
0.038527
0.036904
0.039248
0.036242
0.039551
0.03709
0.038649
0.039147
0.037049
0.038344
0.035764
0.036815
0.03848
0.013683
0.020902
0.021545
0.020468
0.019238
0.017693
0.020182
0.015398
0.017066
0.020388
0.020776
0.015077
0.015964
0.015682
0.018232
0.018477
0.03608
0.036168
0.038672
0.034143
0.03646
0.036926
0.037949
0.03989
0.031266
0.036061
0.039762
0.037256
0.037521
0.040101
0.035127
0.040588
0.033398
0.04047
0.041629
0.041729
0.039875
0.042161
0.041597
0.039098
0.041874
0.039354
0.034872
0.018926
0.016074
0.020408
0.020265
0.01605
0.019284
0.018494
0.019939
0.024919
0.016884
0.020416
0.022586
0.018817
0.025303
0.021259
0.019081
0.036887
0.037868
0.040353
0.043236
0.03299
0.038925
0.038304
0.040604
0.03808
0.039517
0.037041
0.03705
0.042004
0.039397
0.040358
0.038354
0.043688
0.037674
0.020769
0.015907
0.015636
0.015868
0.02464
0.021275
0.019844
0.019032
0.019602
0.017373
0.020101
0.017246
0.017545
0.020587
0.016237
0.043444
0.019675
0.016993
0.016679
0.015608
0.019662
0.017505
0.020974
0.015208
0.017455
0.014617
0.021175
0.01722
0.017548
0.018443
0.017395
0.022721
0.017678
0.019717
0.018143
0.020355
0.018134
0.016116
0.018275
0.016122
0.019907
0.018514
0.018829
0.017245
0.015308
0.018799
0.014555
0.018869
0.016742
0.014881
0.037316
0.037987
0.034233
0.032409
0.035733
0.034873
0.034621
0.03441
0.036362
0.035084
0.039164
0.036681
0.03449
0.038126
0.039697
0.036842
0.036483
0.041765
0.041215
0.038102
0.038334
0.041621
0.038696
0.040919
0.013269
0.01726
0.019023
0.012744
0.037768
0.038683
0.038659
0.036123
0.034058
0.040864
0.041223
0.035813
0.036225
0.038599
0.036466
0.014509
0.019325
0.019721
0.021053
0.022137
0.014488
0.014908
0.015706
0.018786
0.01526
0.021996
0.018976
0.016776
0.016563
0.016726
0.016863
0.021084
0.024344
0.020605
0.019898
0.020589
0.016695
0.040431
0.035519
0.03467
0.037313
0.033856
0.03483
0.036363
0.036037
0.033259
0.036872
0.036164
0.017611
0.018841
0.015463
0.015812
0.017314
0.015182
0.015016
0.013011
0.015279
0.015293
0.017728
0.020406
0.020878
0.019215
0.017724
0.018568
0.019571
0.015145
0.015279
0.015902
0.016558
0.017865
0.015024
0.018441
0.015842
0.016752
0.038092
0.036993
0.039035
0.036619
0.016237
0.017841
0.017649
0.015336
0.016626
0.014785
0.01469
0.013392
0.016172
0.015661
0.016074
0.019541
0.018906
0.018837
0.017316
0.017376
0.016228
0.017641
0.015936
0.01563
0.01598
0.01624
0.01434
0.017641
0.017577
0.01735
0.016732
0.016552
0.015948
0.019461
0.016797
0.020255
0.019794
0.01904
0.018076
0.019628
0.018439
0.018138
0.018861
0.016584
0.014608
0.018
0.016194
0.015864
0.017901
0.015906
0.01745
0.015345
0.01478
0.013425
0.017835
0.015962
0.016409
0.016475
0.016672
0.017983
0.021425
0.021101
0.018883
0.023295
0.035999
0.043643
0.039725
0.025428
0.014958
0.023211
0.028753
